[35m[1mConsolidate compiler generated dependencies of target robot_interfaces__rosidl_generator_c[0m
[  2%] Built target robot_interfaces__cpp
[ 12%] Built target robot_interfaces__rosidl_generator_c
[35m[1mConsolidate compiler generated dependencies of target robot_interfaces__rosidl_typesupport_fastrtps_cpp[0m
[ 12%] Built target ament_cmake_python_copy_robot_interfaces
[35m[1mConsolidate compiler generated dependencies of target robot_interfaces__rosidl_typesupport_c[0m
[35m[1mConsolidate compiler generated dependencies of target robot_interfaces__rosidl_typesupport_introspection_cpp[0m
[35m[1mConsolidate compiler generated dependencies of target robot_interfaces__rosidl_typesupport_fastrtps_c[0m
[35m[1mConsolidate compiler generated dependencies of target robot_interfaces__rosidl_typesupport_introspection_c[0m
[35m[1mConsolidate compiler generated dependencies of target robot_interfaces__rosidl_typesupport_cpp[0m
[ 23%] Built target robot_interfaces__rosidl_typesupport_c
[ 33%] Built target robot_interfaces__rosidl_typesupport_introspection_c
[ 46%] Built target robot_interfaces__rosidl_typesupport_fastrtps_cpp
[ 56%] Built target robot_interfaces__rosidl_typesupport_cpp
[ 64%] Built target robot_interfaces__rosidl_typesupport_introspection_cpp
[ 74%] Built target robot_interfaces__rosidl_typesupport_fastrtps_c
[ 74%] Built target robot_interfaces
[ 76%] Built target robot_interfaces__py
[35m[1mConsolidate compiler generated dependencies of target robot_interfaces__rosidl_generator_py[0m
[ 84%] Built target robot_interfaces__rosidl_generator_py
[35m[1mConsolidate compiler generated dependencies of target robot_interfaces__rosidl_typesupport_fastrtps_c__pyext[0m
[35m[1mConsolidate compiler generated dependencies of target robot_interfaces__rosidl_typesupport_introspection_c__pyext[0m
[35m[1mConsolidate compiler generated dependencies of target robot_interfaces__rosidl_typesupport_c__pyext[0m
[ 94%] Built target robot_interfaces__rosidl_typesupport_introspection_c__pyext
[ 94%] Built target robot_interfaces__rosidl_typesupport_fastrtps_c__pyext
[100%] Built target robot_interfaces__rosidl_typesupport_c__pyext
running egg_info
writing robot_interfaces.egg-info/PKG-INFO
writing dependency_links to robot_interfaces.egg-info/dependency_links.txt
writing top-level names to robot_interfaces.egg-info/top_level.txt
reading manifest file 'robot_interfaces.egg-info/SOURCES.txt'
writing manifest file 'robot_interfaces.egg-info/SOURCES.txt'
[100%] Built target ament_cmake_python_build_robot_interfaces_egg
-- Install configuration: ""
-- Installing: /ulstu/ros2_ws/src/install/robot_interfaces/share/ament_index/resource_index/rosidl_interfaces/robot_interfaces
-- Installing: /ulstu/ros2_ws/src/install/robot_interfaces/include/robot_interfaces/robot_interfaces
-- Installing: /ulstu/ros2_ws/src/install/robot_interfaces/include/robot_interfaces/robot_interfaces/srv
-- Installing: /ulstu/ros2_ws/src/install/robot_interfaces/include/robot_interfaces/robot_interfaces/srv/pose_service.h
-- Installing: /ulstu/ros2_ws/src/install/robot_interfaces/include/robot_interfaces/robot_interfaces/srv/detail
-- Installing: /ulstu/ros2_ws/src/install/robot_interfaces/include/robot_interfaces/robot_interfaces/srv/detail/pose_service__type_support.h
-- Installing: /ulstu/ros2_ws/src/install/robot_interfaces/include/robot_interfaces/robot_interfaces/srv/detail/pose_service__struct.h
-- Installing: /ulstu/ros2_ws/src/install/robot_interfaces/include/robot_interfaces/robot_interfaces/srv/detail/pose_service__functions.h
-- Installing: /ulstu/ros2_ws/src/install/robot_interfaces/include/robot_interfaces/robot_interfaces/srv/detail/pose_service__functions.c
-- Installing: /ulstu/ros2_ws/src/install/robot_interfaces/include/robot_interfaces/robot_interfaces/msg
-- Installing: /ulstu/ros2_ws/src/install/robot_interfaces/include/robot_interfaces/robot_interfaces/msg/detail
-- Installing: /ulstu/ros2_ws/src/install/robot_interfaces/include/robot_interfaces/robot_interfaces/msg/detail/ego_pose__functions.c
-- Installing: /ulstu/ros2_ws/src/install/robot_interfaces/include/robot_interfaces/robot_interfaces/msg/detail/ego_pose__type_support.h
-- Installing: /ulstu/ros2_ws/src/install/robot_interfaces/include/robot_interfaces/robot_interfaces/msg/detail/ego_pose__functions.h
-- Installing: /ulstu/ros2_ws/src/install/robot_interfaces/include/robot_interfaces/robot_interfaces/msg/detail/ego_pose__struct.h
-- Installing: /ulstu/ros2_ws/src/install/robot_interfaces/include/robot_interfaces/robot_interfaces/msg/ego_pose.h
-- Installing: /ulstu/ros2_ws/src/install/robot_interfaces/include/robot_interfaces/robot_interfaces/msg/rosidl_generator_c__visibility_control.h
-- Installing: /ulstu/ros2_ws/src/install/robot_interfaces/share/robot_interfaces/environment/library_path.sh
-- Installing: /ulstu/ros2_ws/src/install/robot_interfaces/share/robot_interfaces/environment/library_path.dsv
-- Installing: /ulstu/ros2_ws/src/install/robot_interfaces/lib/librobot_interfaces__rosidl_generator_c.so
-- Set runtime path of "/ulstu/ros2_ws/src/install/robot_interfaces/lib/librobot_interfaces__rosidl_generator_c.so" to ""
-- Up-to-date: /ulstu/ros2_ws/src/install/robot_interfaces/include/robot_interfaces/robot_interfaces
-- Up-to-date: /ulstu/ros2_ws/src/install/robot_interfaces/include/robot_interfaces/robot_interfaces/srv
-- Up-to-date: /ulstu/ros2_ws/src/install/robot_interfaces/include/robot_interfaces/robot_interfaces/srv/detail
-- Installing: /ulstu/ros2_ws/src/install/robot_interfaces/include/robot_interfaces/robot_interfaces/srv/detail/pose_service__rosidl_typesupport_fastrtps_c.h
-- Up-to-date: /ulstu/ros2_ws/src/install/robot_interfaces/include/robot_interfaces/robot_interfaces/msg
-- Up-to-date: /ulstu/ros2_ws/src/install/robot_interfaces/include/robot_interfaces/robot_interfaces/msg/detail
-- Installing: /ulstu/ros2_ws/src/install/robot_interfaces/include/robot_interfaces/robot_interfaces/msg/detail/ego_pose__rosidl_typesupport_fastrtps_c.h
-- Installing: /ulstu/ros2_ws/src/install/robot_interfaces/include/robot_interfaces/robot_interfaces/msg/rosidl_typesupport_fastrtps_c__visibility_control.h
-- Installing: /ulstu/ros2_ws/src/install/robot_interfaces/lib/librobot_interfaces__rosidl_typesupport_fastrtps_c.so
-- Set runtime path of "/ulstu/ros2_ws/src/install/robot_interfaces/lib/librobot_interfaces__rosidl_typesupport_fastrtps_c.so" to ""
-- Up-to-date: /ulstu/ros2_ws/src/install/robot_interfaces/include/robot_interfaces/robot_interfaces
-- Up-to-date: /ulstu/ros2_ws/src/install/robot_interfaces/include/robot_interfaces/robot_interfaces/srv
-- Up-to-date: /ulstu/ros2_ws/src/install/robot_interfaces/include/robot_interfaces/robot_interfaces/srv/detail
-- Installing: /ulstu/ros2_ws/src/install/robot_interfaces/include/robot_interfaces/robot_interfaces/srv/detail/pose_service__struct.hpp
-- Installing: /ulstu/ros2_ws/src/install/robot_interfaces/include/robot_interfaces/robot_interfaces/srv/detail/pose_service__builder.hpp
-- Installing: /ulstu/ros2_ws/src/install/robot_interfaces/include/robot_interfaces/robot_interfaces/srv/detail/pose_service__traits.hpp
-- Installing: /ulstu/ros2_ws/src/install/robot_interfaces/include/robot_interfaces/robot_interfaces/srv/pose_service.hpp
-- Up-to-date: /ulstu/ros2_ws/src/install/robot_interfaces/include/robot_interfaces/robot_interfaces/msg
-- Installing: /ulstu/ros2_ws/src/install/robot_interfaces/include/robot_interfaces/robot_interfaces/msg/ego_pose.hpp
-- Up-to-date: /ulstu/ros2_ws/src/install/robot_interfaces/include/robot_interfaces/robot_interfaces/msg/detail
-- Installing: /ulstu/ros2_ws/src/install/robot_interfaces/include/robot_interfaces/robot_interfaces/msg/detail/ego_pose__struct.hpp
-- Installing: /ulstu/ros2_ws/src/install/robot_interfaces/include/robot_interfaces/robot_interfaces/msg/detail/ego_pose__builder.hpp
-- Installing: /ulstu/ros2_ws/src/install/robot_interfaces/include/robot_interfaces/robot_interfaces/msg/detail/ego_pose__traits.hpp
-- Up-to-date: /ulstu/ros2_ws/src/install/robot_interfaces/include/robot_interfaces/robot_interfaces
-- Up-to-date: /ulstu/ros2_ws/src/install/robot_interfaces/include/robot_interfaces/robot_interfaces/srv
-- Up-to-date: /ulstu/ros2_ws/src/install/robot_interfaces/include/robot_interfaces/robot_interfaces/srv/detail
-- Installing: /ulstu/ros2_ws/src/install/robot_interfaces/include/robot_interfaces/robot_interfaces/srv/detail/dds_fastrtps
-- Installing: /ulstu/ros2_ws/src/install/robot_interfaces/include/robot_interfaces/robot_interfaces/srv/detail/pose_service__rosidl_typesupport_fastrtps_cpp.hpp
-- Up-to-date: /ulstu/ros2_ws/src/install/robot_interfaces/include/robot_interfaces/robot_interfaces/msg
-- Installing: /ulstu/ros2_ws/src/install/robot_interfaces/include/robot_interfaces/robot_interfaces/msg/rosidl_typesupport_fastrtps_cpp__visibility_control.h
-- Up-to-date: /ulstu/ros2_ws/src/install/robot_interfaces/include/robot_interfaces/robot_interfaces/msg/detail
-- Installing: /ulstu/ros2_ws/src/install/robot_interfaces/include/robot_interfaces/robot_interfaces/msg/detail/ego_pose__rosidl_typesupport_fastrtps_cpp.hpp
-- Installing: /ulstu/ros2_ws/src/install/robot_interfaces/include/robot_interfaces/robot_interfaces/msg/detail/dds_fastrtps
-- Installing: /ulstu/ros2_ws/src/install/robot_interfaces/lib/librobot_interfaces__rosidl_typesupport_fastrtps_cpp.so
-- Set runtime path of "/ulstu/ros2_ws/src/install/robot_interfaces/lib/librobot_interfaces__rosidl_typesupport_fastrtps_cpp.so" to ""
-- Up-to-date: /ulstu/ros2_ws/src/install/robot_interfaces/include/robot_interfaces/robot_interfaces
-- Up-to-date: /ulstu/ros2_ws/src/install/robot_interfaces/include/robot_interfaces/robot_interfaces/srv
-- Up-to-date: /ulstu/ros2_ws/src/install/robot_interfaces/include/robot_interfaces/robot_interfaces/srv/detail
-- Installing: /ulstu/ros2_ws/src/install/robot_interfaces/include/robot_interfaces/robot_interfaces/srv/detail/pose_service__rosidl_typesupport_introspection_c.h
-- Installing: /ulstu/ros2_ws/src/install/robot_interfaces/include/robot_interfaces/robot_interfaces/srv/detail/pose_service__type_support.c
-- Up-to-date: /ulstu/ros2_ws/src/install/robot_interfaces/include/robot_interfaces/robot_interfaces/msg
-- Installing: /ulstu/ros2_ws/src/install/robot_interfaces/include/robot_interfaces/robot_interfaces/msg/rosidl_typesupport_introspection_c__visibility_control.h
-- Up-to-date: /ulstu/ros2_ws/src/install/robot_interfaces/include/robot_interfaces/robot_interfaces/msg/detail
-- Installing: /ulstu/ros2_ws/src/install/robot_interfaces/include/robot_interfaces/robot_interfaces/msg/detail/ego_pose__type_support.c
-- Installing: /ulstu/ros2_ws/src/install/robot_interfaces/include/robot_interfaces/robot_interfaces/msg/detail/ego_pose__rosidl_typesupport_introspection_c.h
-- Installing: /ulstu/ros2_ws/src/install/robot_interfaces/lib/librobot_interfaces__rosidl_typesupport_introspection_c.so
-- Set runtime path of "/ulstu/ros2_ws/src/install/robot_interfaces/lib/librobot_interfaces__rosidl_typesupport_introspection_c.so" to ""
-- Installing: /ulstu/ros2_ws/src/install/robot_interfaces/lib/librobot_interfaces__rosidl_typesupport_c.so
-- Set runtime path of "/ulstu/ros2_ws/src/install/robot_interfaces/lib/librobot_interfaces__rosidl_typesupport_c.so" to ""
-- Up-to-date: /ulstu/ros2_ws/src/install/robot_interfaces/include/robot_interfaces/robot_interfaces
-- Up-to-date: /ulstu/ros2_ws/src/install/robot_interfaces/include/robot_interfaces/robot_interfaces/srv
-- Up-to-date: /ulstu/ros2_ws/src/install/robot_interfaces/include/robot_interfaces/robot_interfaces/srv/detail
-- Installing: /ulstu/ros2_ws/src/install/robot_interfaces/include/robot_interfaces/robot_interfaces/srv/detail/pose_service__rosidl_typesupport_introspection_cpp.hpp
-- Installing: /ulstu/ros2_ws/src/install/robot_interfaces/include/robot_interfaces/robot_interfaces/srv/detail/pose_service__type_support.cpp
-- Up-to-date: /ulstu/ros2_ws/src/install/robot_interfaces/include/robot_interfaces/robot_interfaces/msg
-- Up-to-date: /ulstu/ros2_ws/src/install/robot_interfaces/include/robot_interfaces/robot_interfaces/msg/detail
-- Installing: /ulstu/ros2_ws/src/install/robot_interfaces/include/robot_interfaces/robot_interfaces/msg/detail/ego_pose__type_support.cpp
-- Installing: /ulstu/ros2_ws/src/install/robot_interfaces/include/robot_interfaces/robot_interfaces/msg/detail/ego_pose__rosidl_typesupport_introspection_cpp.hpp
-- Installing: /ulstu/ros2_ws/src/install/robot_interfaces/lib/librobot_interfaces__rosidl_typesupport_introspection_cpp.so
-- Set runtime path of "/ulstu/ros2_ws/src/install/robot_interfaces/lib/librobot_interfaces__rosidl_typesupport_introspection_cpp.so" to ""
-- Installing: /ulstu/ros2_ws/src/install/robot_interfaces/lib/librobot_interfaces__rosidl_typesupport_cpp.so
-- Set runtime path of "/ulstu/ros2_ws/src/install/robot_interfaces/lib/librobot_interfaces__rosidl_typesupport_cpp.so" to ""
-- Installing: /ulstu/ros2_ws/src/install/robot_interfaces/share/robot_interfaces/environment/pythonpath.sh
-- Installing: /ulstu/ros2_ws/src/install/robot_interfaces/share/robot_interfaces/environment/pythonpath.dsv
-- Installing: /ulstu/ros2_ws/src/install/robot_interfaces/local/lib/python3.10/dist-packages/robot_interfaces-0.0.0-py3.10.egg-info
-- Installing: /ulstu/ros2_ws/src/install/robot_interfaces/local/lib/python3.10/dist-packages/robot_interfaces-0.0.0-py3.10.egg-info/SOURCES.txt
-- Installing: /ulstu/ros2_ws/src/install/robot_interfaces/local/lib/python3.10/dist-packages/robot_interfaces-0.0.0-py3.10.egg-info/dependency_links.txt
-- Installing: /ulstu/ros2_ws/src/install/robot_interfaces/local/lib/python3.10/dist-packages/robot_interfaces-0.0.0-py3.10.egg-info/top_level.txt
-- Installing: /ulstu/ros2_ws/src/install/robot_interfaces/local/lib/python3.10/dist-packages/robot_interfaces-0.0.0-py3.10.egg-info/PKG-INFO
-- Installing: /ulstu/ros2_ws/src/install/robot_interfaces/local/lib/python3.10/dist-packages/robot_interfaces
-- Installing: /ulstu/ros2_ws/src/install/robot_interfaces/local/lib/python3.10/dist-packages/robot_interfaces/__init__.py
-- Installing: /ulstu/ros2_ws/src/install/robot_interfaces/local/lib/python3.10/dist-packages/robot_interfaces/_robot_interfaces_s.ep.rosidl_typesupport_c.c
-- Installing: /ulstu/ros2_ws/src/install/robot_interfaces/local/lib/python3.10/dist-packages/robot_interfaces/srv
-- Installing: /ulstu/ros2_ws/src/install/robot_interfaces/local/lib/python3.10/dist-packages/robot_interfaces/srv/__init__.py
-- Installing: /ulstu/ros2_ws/src/install/robot_interfaces/local/lib/python3.10/dist-packages/robot_interfaces/srv/_pose_service.py
-- Installing: /ulstu/ros2_ws/src/install/robot_interfaces/local/lib/python3.10/dist-packages/robot_interfaces/srv/_pose_service_s.c
-- Installing: /ulstu/ros2_ws/src/install/robot_interfaces/local/lib/python3.10/dist-packages/robot_interfaces/robot_interfaces_s__rosidl_typesupport_introspection_c.cpython-310-x86_64-linux-gnu.so
-- Installing: /ulstu/ros2_ws/src/install/robot_interfaces/local/lib/python3.10/dist-packages/robot_interfaces/robot_interfaces_s__rosidl_typesupport_fastrtps_c.cpython-310-x86_64-linux-gnu.so
-- Installing: /ulstu/ros2_ws/src/install/robot_interfaces/local/lib/python3.10/dist-packages/robot_interfaces/msg
-- Installing: /ulstu/ros2_ws/src/install/robot_interfaces/local/lib/python3.10/dist-packages/robot_interfaces/msg/__init__.py
-- Installing: /ulstu/ros2_ws/src/install/robot_interfaces/local/lib/python3.10/dist-packages/robot_interfaces/msg/_ego_pose.py
-- Installing: /ulstu/ros2_ws/src/install/robot_interfaces/local/lib/python3.10/dist-packages/robot_interfaces/msg/_ego_pose_s.c
-- Installing: /ulstu/ros2_ws/src/install/robot_interfaces/local/lib/python3.10/dist-packages/robot_interfaces/librobot_interfaces__rosidl_generator_py.so
-- Installing: /ulstu/ros2_ws/src/install/robot_interfaces/local/lib/python3.10/dist-packages/robot_interfaces/_robot_interfaces_s.ep.rosidl_typesupport_introspection_c.c
-- Installing: /ulstu/ros2_ws/src/install/robot_interfaces/local/lib/python3.10/dist-packages/robot_interfaces/_robot_interfaces_s.ep.rosidl_typesupport_fastrtps_c.c
-- Installing: /ulstu/ros2_ws/src/install/robot_interfaces/local/lib/python3.10/dist-packages/robot_interfaces/robot_interfaces_s__rosidl_typesupport_c.cpython-310-x86_64-linux-gnu.so
Listing '/ulstu/ros2_ws/src/install/robot_interfaces/local/lib/python3.10/dist-packages/robot_interfaces'...
Compiling '/ulstu/ros2_ws/src/install/robot_interfaces/local/lib/python3.10/dist-packages/robot_interfaces/__init__.py'...
Listing '/ulstu/ros2_ws/src/install/robot_interfaces/local/lib/python3.10/dist-packages/robot_interfaces/msg'...
Compiling '/ulstu/ros2_ws/src/install/robot_interfaces/local/lib/python3.10/dist-packages/robot_interfaces/msg/__init__.py'...
Compiling '/ulstu/ros2_ws/src/install/robot_interfaces/local/lib/python3.10/dist-packages/robot_interfaces/msg/_ego_pose.py'...
Listing '/ulstu/ros2_ws/src/install/robot_interfaces/local/lib/python3.10/dist-packages/robot_interfaces/srv'...
Compiling '/ulstu/ros2_ws/src/install/robot_interfaces/local/lib/python3.10/dist-packages/robot_interfaces/srv/__init__.py'...
Compiling '/ulstu/ros2_ws/src/install/robot_interfaces/local/lib/python3.10/dist-packages/robot_interfaces/srv/_pose_service.py'...
-- Installing: /ulstu/ros2_ws/src/install/robot_interfaces/local/lib/python3.10/dist-packages/robot_interfaces/robot_interfaces_s__rosidl_typesupport_fastrtps_c.cpython-310-x86_64-linux-gnu.so
-- Set runtime path of "/ulstu/ros2_ws/src/install/robot_interfaces/local/lib/python3.10/dist-packages/robot_interfaces/robot_interfaces_s__rosidl_typesupport_fastrtps_c.cpython-310-x86_64-linux-gnu.so" to ""
-- Installing: /ulstu/ros2_ws/src/install/robot_interfaces/local/lib/python3.10/dist-packages/robot_interfaces/robot_interfaces_s__rosidl_typesupport_introspection_c.cpython-310-x86_64-linux-gnu.so
-- Set runtime path of "/ulstu/ros2_ws/src/install/robot_interfaces/local/lib/python3.10/dist-packages/robot_interfaces/robot_interfaces_s__rosidl_typesupport_introspection_c.cpython-310-x86_64-linux-gnu.so" to ""
-- Installing: /ulstu/ros2_ws/src/install/robot_interfaces/local/lib/python3.10/dist-packages/robot_interfaces/robot_interfaces_s__rosidl_typesupport_c.cpython-310-x86_64-linux-gnu.so
-- Set runtime path of "/ulstu/ros2_ws/src/install/robot_interfaces/local/lib/python3.10/dist-packages/robot_interfaces/robot_interfaces_s__rosidl_typesupport_c.cpython-310-x86_64-linux-gnu.so" to ""
-- Installing: /ulstu/ros2_ws/src/install/robot_interfaces/lib/librobot_interfaces__rosidl_generator_py.so
-- Set runtime path of "/ulstu/ros2_ws/src/install/robot_interfaces/lib/librobot_interfaces__rosidl_generator_py.so" to ""
-- Installing: /ulstu/ros2_ws/src/install/robot_interfaces/share/robot_interfaces/msg/EgoPose.idl
-- Installing: /ulstu/ros2_ws/src/install/robot_interfaces/share/robot_interfaces/srv/PoseService.idl
-- Installing: /ulstu/ros2_ws/src/install/robot_interfaces/share/robot_interfaces/msg/EgoPose.msg
-- Installing: /ulstu/ros2_ws/src/install/robot_interfaces/share/robot_interfaces/srv/PoseService.srv
-- Installing: /ulstu/ros2_ws/src/install/robot_interfaces/share/robot_interfaces/srv/PoseService_Request.msg
-- Installing: /ulstu/ros2_ws/src/install/robot_interfaces/share/robot_interfaces/srv/PoseService_Response.msg
-- Installing: /ulstu/ros2_ws/src/install/robot_interfaces/share/ament_index/resource_index/package_run_dependencies/robot_interfaces
-- Installing: /ulstu/ros2_ws/src/install/robot_interfaces/share/ament_index/resource_index/parent_prefix_path/robot_interfaces
-- Installing: /ulstu/ros2_ws/src/install/robot_interfaces/share/robot_interfaces/environment/ament_prefix_path.sh
-- Installing: /ulstu/ros2_ws/src/install/robot_interfaces/share/robot_interfaces/environment/ament_prefix_path.dsv
-- Installing: /ulstu/ros2_ws/src/install/robot_interfaces/share/robot_interfaces/environment/path.sh
-- Installing: /ulstu/ros2_ws/src/install/robot_interfaces/share/robot_interfaces/environment/path.dsv
-- Installing: /ulstu/ros2_ws/src/install/robot_interfaces/share/robot_interfaces/local_setup.bash
-- Installing: /ulstu/ros2_ws/src/install/robot_interfaces/share/robot_interfaces/local_setup.sh
-- Installing: /ulstu/ros2_ws/src/install/robot_interfaces/share/robot_interfaces/local_setup.zsh
-- Installing: /ulstu/ros2_ws/src/install/robot_interfaces/share/robot_interfaces/local_setup.dsv
-- Installing: /ulstu/ros2_ws/src/install/robot_interfaces/share/robot_interfaces/package.dsv
-- Installing: /ulstu/ros2_ws/src/install/robot_interfaces/share/ament_index/resource_index/packages/robot_interfaces
-- Installing: /ulstu/ros2_ws/src/install/robot_interfaces/share/robot_interfaces/cmake/export_robot_interfaces__rosidl_generator_cExport.cmake
-- Installing: /ulstu/ros2_ws/src/install/robot_interfaces/share/robot_interfaces/cmake/export_robot_interfaces__rosidl_generator_cExport-noconfig.cmake
-- Installing: /ulstu/ros2_ws/src/install/robot_interfaces/share/robot_interfaces/cmake/export_robot_interfaces__rosidl_typesupport_fastrtps_cExport.cmake
-- Installing: /ulstu/ros2_ws/src/install/robot_interfaces/share/robot_interfaces/cmake/export_robot_interfaces__rosidl_typesupport_fastrtps_cExport-noconfig.cmake
-- Installing: /ulstu/ros2_ws/src/install/robot_interfaces/share/robot_interfaces/cmake/export_robot_interfaces__rosidl_generator_cppExport.cmake
-- Installing: /ulstu/ros2_ws/src/install/robot_interfaces/share/robot_interfaces/cmake/export_robot_interfaces__rosidl_typesupport_fastrtps_cppExport.cmake
-- Installing: /ulstu/ros2_ws/src/install/robot_interfaces/share/robot_interfaces/cmake/export_robot_interfaces__rosidl_typesupport_fastrtps_cppExport-noconfig.cmake
-- Installing: /ulstu/ros2_ws/src/install/robot_interfaces/share/robot_interfaces/cmake/robot_interfaces__rosidl_typesupport_introspection_cExport.cmake
-- Installing: /ulstu/ros2_ws/src/install/robot_interfaces/share/robot_interfaces/cmake/robot_interfaces__rosidl_typesupport_introspection_cExport-noconfig.cmake
-- Installing: /ulstu/ros2_ws/src/install/robot_interfaces/share/robot_interfaces/cmake/robot_interfaces__rosidl_typesupport_cExport.cmake
-- Installing: /ulstu/ros2_ws/src/install/robot_interfaces/share/robot_interfaces/cmake/robot_interfaces__rosidl_typesupport_cExport-noconfig.cmake
-- Installing: /ulstu/ros2_ws/src/install/robot_interfaces/share/robot_interfaces/cmake/robot_interfaces__rosidl_typesupport_introspection_cppExport.cmake
-- Installing: /ulstu/ros2_ws/src/install/robot_interfaces/share/robot_interfaces/cmake/robot_interfaces__rosidl_typesupport_introspection_cppExport-noconfig.cmake
-- Installing: /ulstu/ros2_ws/src/install/robot_interfaces/share/robot_interfaces/cmake/robot_interfaces__rosidl_typesupport_cppExport.cmake
-- Installing: /ulstu/ros2_ws/src/install/robot_interfaces/share/robot_interfaces/cmake/robot_interfaces__rosidl_typesupport_cppExport-noconfig.cmake
-- Installing: /ulstu/ros2_ws/src/install/robot_interfaces/share/robot_interfaces/cmake/export_robot_interfaces__rosidl_generator_pyExport.cmake
-- Installing: /ulstu/ros2_ws/src/install/robot_interfaces/share/robot_interfaces/cmake/export_robot_interfaces__rosidl_generator_pyExport-noconfig.cmake
-- Installing: /ulstu/ros2_ws/src/install/robot_interfaces/share/robot_interfaces/cmake/rosidl_cmake-extras.cmake
-- Installing: /ulstu/ros2_ws/src/install/robot_interfaces/share/robot_interfaces/cmake/ament_cmake_export_dependencies-extras.cmake
-- Installing: /ulstu/ros2_ws/src/install/robot_interfaces/share/robot_interfaces/cmake/ament_cmake_export_include_directories-extras.cmake
-- Installing: /ulstu/ros2_ws/src/install/robot_interfaces/share/robot_interfaces/cmake/ament_cmake_export_libraries-extras.cmake
-- Installing: /ulstu/ros2_ws/src/install/robot_interfaces/share/robot_interfaces/cmake/ament_cmake_export_targets-extras.cmake
-- Installing: /ulstu/ros2_ws/src/install/robot_interfaces/share/robot_interfaces/cmake/rosidl_cmake_export_typesupport_targets-extras.cmake
-- Installing: /ulstu/ros2_ws/src/install/robot_interfaces/share/robot_interfaces/cmake/rosidl_cmake_export_typesupport_libraries-extras.cmake
-- Installing: /ulstu/ros2_ws/src/install/robot_interfaces/share/robot_interfaces/cmake/robot_interfacesConfig.cmake
-- Installing: /ulstu/ros2_ws/src/install/robot_interfaces/share/robot_interfaces/cmake/robot_interfacesConfig-version.cmake
-- Installing: /ulstu/ros2_ws/src/install/robot_interfaces/share/robot_interfaces/package.xml
