[0.542s] Invoking command in '/ulstu/ros2_ws/src/webots_ros2_suv': PYTHONPATH=/ulstu/ros2_ws/build/webots_ros2_suv/prefix_override:/usr/lib/python3/dist-packages/colcon_core/task/python/colcon_distutils_commands:/ulstu/ros2_ws/install/webots_ros2_suv/lib/python3.10/site-packages:${PYTHONPATH} /usr/bin/python3 -W ignore:setup.py install is deprecated setup.py egg_info --egg-base ../../ros2_ws/build/webots_ros2_suv build --build-base /ulstu/ros2_ws/build/webots_ros2_suv/build install --record /ulstu/ros2_ws/build/webots_ros2_suv/install.log --single-version-externally-managed install_data
[0.740s] running egg_info
[0.740s] writing ../../ros2_ws/build/webots_ros2_suv/webots_ros2_suv.egg-info/PKG-INFO
[0.740s] writing dependency_links to ../../ros2_ws/build/webots_ros2_suv/webots_ros2_suv.egg-info/dependency_links.txt
[0.740s] writing entry points to ../../ros2_ws/build/webots_ros2_suv/webots_ros2_suv.egg-info/entry_points.txt
[0.740s] writing requirements to ../../ros2_ws/build/webots_ros2_suv/webots_ros2_suv.egg-info/requires.txt
[0.741s] writing top-level names to ../../ros2_ws/build/webots_ros2_suv/webots_ros2_suv.egg-info/top_level.txt
[0.744s] reading manifest file '../../ros2_ws/build/webots_ros2_suv/webots_ros2_suv.egg-info/SOURCES.txt'
[0.747s] writing manifest file '../../ros2_ws/build/webots_ros2_suv/webots_ros2_suv.egg-info/SOURCES.txt'
[0.747s] running build
[0.747s] running build_py
[0.748s] copying webots_ros2_suv/node_ego_controller.py -> /ulstu/ros2_ws/build/webots_ros2_suv/build/lib/webots_ros2_suv
[0.748s] running install
[0.749s] running install_lib
[0.749s] copying /ulstu/ros2_ws/build/webots_ros2_suv/build/lib/webots_ros2_suv/node_ego_controller.py -> /ulstu/ros2_ws/install/webots_ros2_suv/lib/python3.10/site-packages/webots_ros2_suv
[0.750s] byte-compiling /ulstu/ros2_ws/install/webots_ros2_suv/lib/python3.10/site-packages/webots_ros2_suv/node_ego_controller.py to node_ego_controller.cpython-310.pyc
[0.751s] running install_data
[0.757s] running install_egg_info
[0.758s] removing '/ulstu/ros2_ws/install/webots_ros2_suv/lib/python3.10/site-packages/webots_ros2_suv-2023.0.1-py3.10.egg-info' (and everything under it)
[0.758s] Copying ../../ros2_ws/build/webots_ros2_suv/webots_ros2_suv.egg-info to /ulstu/ros2_ws/install/webots_ros2_suv/lib/python3.10/site-packages/webots_ros2_suv-2023.0.1-py3.10.egg-info
[0.760s] running install_scripts
[0.775s] Installing node_ego_controller script to /ulstu/ros2_ws/install/webots_ros2_suv/lib/webots_ros2_suv
[0.775s] Installing node_sensors_webots script to /ulstu/ros2_ws/install/webots_ros2_suv/lib/webots_ros2_suv
[0.776s] writing list of installed files to '/ulstu/ros2_ws/build/webots_ros2_suv/install.log'
[0.793s] Invoked command in '/ulstu/ros2_ws/src/webots_ros2_suv' returned '0': PYTHONPATH=/ulstu/ros2_ws/build/webots_ros2_suv/prefix_override:/usr/lib/python3/dist-packages/colcon_core/task/python/colcon_distutils_commands:/ulstu/ros2_ws/install/webots_ros2_suv/lib/python3.10/site-packages:${PYTHONPATH} /usr/bin/python3 -W ignore:setup.py install is deprecated setup.py egg_info --egg-base ../../ros2_ws/build/webots_ros2_suv build --build-base /ulstu/ros2_ws/build/webots_ros2_suv/build install --record /ulstu/ros2_ws/build/webots_ros2_suv/install.log --single-version-externally-managed install_data
