-- The C compiler identification is GNU 11.4.0
-- The CXX compiler identification is GNU 11.4.0
-- Detecting C compiler ABI info
-- Detecting C compiler ABI info - done
-- Check for working C compiler: /usr/bin/cc - skipped
-- Detecting C compile features
-- Detecting C compile features - done
-- Detecting CXX compiler ABI info
-- Detecting CXX compiler ABI info - done
-- Check for working CXX compiler: /usr/bin/c++ - skipped
-- Detecting CXX compile features
-- Detecting CXX compile features - done
-- Found ament_cmake: 1.3.10 (/opt/ros/humble/share/ament_cmake/cmake)
-- Found Python3: /usr/bin/python3 (found version "3.10.12") found components: Interpreter 
-- Found ament_lint_auto: 0.12.11 (/opt/ros/humble/share/ament_lint_auto/cmake)
-- Found rclpy: 3.3.14 (/opt/ros/humble/share/rclpy/cmake)
-- Found std_msgs: 4.2.4 (/opt/ros/humble/share/std_msgs/cmake)
-- Found rosidl_generator_c: 3.1.5 (/opt/ros/humble/share/rosidl_generator_c/cmake)
-- Found rosidl_adapter: 3.1.5 (/opt/ros/humble/share/rosidl_adapter/cmake)
-- Found rosidl_generator_cpp: 3.1.5 (/opt/ros/humble/share/rosidl_generator_cpp/cmake)
-- Using all available rosidl_typesupport_c: rosidl_typesupport_fastrtps_c;rosidl_typesupport_introspection_c
-- Using all available rosidl_typesupport_cpp: rosidl_typesupport_fastrtps_cpp;rosidl_typesupport_introspection_cpp
-- Found rosidl_default_generators: 1.2.0 (/opt/ros/humble/share/rosidl_default_generators/cmake)
-- Found ament_cmake_ros: 0.10.0 (/opt/ros/humble/share/ament_cmake_ros/cmake)
-- Using all available rosidl_typesupport_c: rosidl_typesupport_fastrtps_c;rosidl_typesupport_introspection_c
-- Using all available rosidl_typesupport_cpp: rosidl_typesupport_fastrtps_cpp;rosidl_typesupport_introspection_cpp
-- Found PythonInterp: /usr/bin/python3 (found suitable version "3.10.12", minimum required is "3.6") 
-- Found python_cmake_module: 0.10.0 (/opt/ros/humble/share/python_cmake_module/cmake)
-- Found PythonLibs: /usr/lib/x86_64-linux-gnu/libpython3.10.so (found suitable version "3.10.12", minimum required is "3.5") 
-- Using PYTHON_EXECUTABLE: /usr/bin/python3
-- Using PYTHON_INCLUDE_DIRS: /usr/include/python3.10
-- Using PYTHON_LIBRARIES: /usr/lib/x86_64-linux-gnu/libpython3.10.so
-- Found PythonExtra: .so  
-- Added test 'flake8' to check Python code syntax and style conventions
-- Added test 'lint_cmake' to check CMake code style
-- Added test 'pep257' to check Python code against some of the docstring style conventions in PEP 257
-- Added test 'xmllint' to check XML markup files
-- Configuring done
-- Generating done
-- Build files have been written to: /ulstu/ros2_ws/build/robot_interfaces
[  2%] [34m[1mGenerating C code for ROS interfaces[0m
[  5%] [34m[1mGenerating C++ code for ROS interfaces[0m
[  5%] Built target ament_cmake_python_copy_robot_interfaces
running egg_info
creating robot_interfaces.egg-info
writing robot_interfaces.egg-info/PKG-INFO
writing dependency_links to robot_interfaces.egg-info/dependency_links.txt
writing top-level names to robot_interfaces.egg-info/top_level.txt
writing manifest file 'robot_interfaces.egg-info/SOURCES.txt'
reading manifest file 'robot_interfaces.egg-info/SOURCES.txt'
writing manifest file 'robot_interfaces.egg-info/SOURCES.txt'
[  5%] Built target ament_cmake_python_build_robot_interfaces_egg
[  5%] Built target robot_interfaces__cpp
[ 12%] [34m[1mGenerating C++ type support dispatch for ROS interfaces[0m
[ 12%] [34m[1mGenerating C++ introspection for ROS interfaces[0m
[ 12%] [34m[1mGenerating C++ type support for eProsima Fast-RTPS[0m
[ 17%] [32mBuilding C object CMakeFiles/robot_interfaces__rosidl_generator_c.dir/rosidl_generator_c/robot_interfaces/msg/detail/ego_pose__functions.c.o[0m
[ 17%] [32mBuilding C object CMakeFiles/robot_interfaces__rosidl_generator_c.dir/rosidl_generator_c/robot_interfaces/srv/detail/pose_service__functions.c.o[0m
[ 20%] [32m[1mLinking C shared library librobot_interfaces__rosidl_generator_c.so[0m
[ 20%] Built target robot_interfaces__rosidl_generator_c
[ 28%] [34m[1mGenerating C introspection for ROS interfaces[0m
[ 28%] [34m[1mGenerating C type support for eProsima Fast-RTPS[0m
[ 28%] [34m[1mGenerating C type support dispatch for ROS interfaces[0m
[ 33%] [32mBuilding CXX object CMakeFiles/robot_interfaces__rosidl_typesupport_cpp.dir/rosidl_typesupport_cpp/robot_interfaces/msg/ego_pose__type_support.cpp.o[0m
[ 33%] [32mBuilding CXX object CMakeFiles/robot_interfaces__rosidl_typesupport_cpp.dir/rosidl_typesupport_cpp/robot_interfaces/srv/pose_service__type_support.cpp.o[0m
[ 35%] [32mBuilding CXX object CMakeFiles/robot_interfaces__rosidl_typesupport_introspection_cpp.dir/rosidl_typesupport_introspection_cpp/robot_interfaces/msg/detail/ego_pose__type_support.cpp.o[0m
[ 38%] [32mBuilding CXX object CMakeFiles/robot_interfaces__rosidl_typesupport_introspection_cpp.dir/rosidl_typesupport_introspection_cpp/robot_interfaces/srv/detail/pose_service__type_support.cpp.o[0m
[ 43%] [32mBuilding CXX object CMakeFiles/robot_interfaces__rosidl_typesupport_fastrtps_cpp.dir/rosidl_typesupport_fastrtps_cpp/robot_interfaces/srv/detail/dds_fastrtps/pose_service__type_support.cpp.o[0m
[ 43%] [32mBuilding CXX object CMakeFiles/robot_interfaces__rosidl_typesupport_fastrtps_cpp.dir/rosidl_typesupport_fastrtps_cpp/robot_interfaces/msg/detail/dds_fastrtps/ego_pose__type_support.cpp.o[0m
[ 48%] [32mBuilding CXX object CMakeFiles/robot_interfaces__rosidl_typesupport_c.dir/rosidl_typesupport_c/robot_interfaces/srv/pose_service__type_support.cpp.o[0m
[ 48%] [32mBuilding CXX object CMakeFiles/robot_interfaces__rosidl_typesupport_c.dir/rosidl_typesupport_c/robot_interfaces/msg/ego_pose__type_support.cpp.o[0m
[ 51%] [32mBuilding CXX object CMakeFiles/robot_interfaces__rosidl_typesupport_fastrtps_c.dir/rosidl_typesupport_fastrtps_c/robot_interfaces/msg/detail/ego_pose__type_support_c.cpp.o[0m
[ 53%] [32mBuilding CXX object CMakeFiles/robot_interfaces__rosidl_typesupport_fastrtps_c.dir/rosidl_typesupport_fastrtps_c/robot_interfaces/srv/detail/pose_service__type_support_c.cpp.o[0m
[ 58%] [32mBuilding C object CMakeFiles/robot_interfaces__rosidl_typesupport_introspection_c.dir/rosidl_typesupport_introspection_c/robot_interfaces/msg/detail/ego_pose__type_support.c.o[0m
[ 58%] [32m[1mLinking CXX shared library librobot_interfaces__rosidl_typesupport_c.so[0m
[ 61%] [32mBuilding C object CMakeFiles/robot_interfaces__rosidl_typesupport_introspection_c.dir/rosidl_typesupport_introspection_c/robot_interfaces/srv/detail/pose_service__type_support.c.o[0m
[ 64%] [32m[1mLinking C shared library librobot_interfaces__rosidl_typesupport_introspection_c.so[0m
[ 64%] Built target robot_interfaces__rosidl_typesupport_c
[ 66%] [32m[1mLinking CXX shared library librobot_interfaces__rosidl_typesupport_cpp.so[0m
[ 66%] Built target robot_interfaces__rosidl_typesupport_introspection_c
[ 66%] Built target robot_interfaces__rosidl_typesupport_cpp
[ 69%] [32m[1mLinking CXX shared library librobot_interfaces__rosidl_typesupport_fastrtps_cpp.so[0m
[ 71%] [32m[1mLinking CXX shared library librobot_interfaces__rosidl_typesupport_introspection_cpp.so[0m
[ 71%] Built target robot_interfaces__rosidl_typesupport_introspection_cpp
[ 71%] Built target robot_interfaces__rosidl_typesupport_fastrtps_cpp
[ 74%] [32m[1mLinking CXX shared library librobot_interfaces__rosidl_typesupport_fastrtps_c.so[0m
[ 74%] Built target robot_interfaces__rosidl_typesupport_fastrtps_c
[ 74%] Built target robot_interfaces
[ 76%] [34m[1mGenerating Python code for ROS interfaces[0m
[ 76%] Built target robot_interfaces__py
[ 79%] [32mBuilding C object CMakeFiles/robot_interfaces__rosidl_generator_py.dir/rosidl_generator_py/robot_interfaces/msg/_ego_pose_s.c.o[0m
[ 82%] [32mBuilding C object CMakeFiles/robot_interfaces__rosidl_generator_py.dir/rosidl_generator_py/robot_interfaces/srv/_pose_service_s.c.o[0m
[ 84%] [32m[1mLinking C shared library rosidl_generator_py/robot_interfaces/librobot_interfaces__rosidl_generator_py.so[0m
[ 84%] Built target robot_interfaces__rosidl_generator_py
[ 89%] [32mBuilding C object CMakeFiles/robot_interfaces__rosidl_typesupport_introspection_c__pyext.dir/rosidl_generator_py/robot_interfaces/_robot_interfaces_s.ep.rosidl_typesupport_introspection_c.c.o[0m
[ 89%] [32mBuilding C object CMakeFiles/robot_interfaces__rosidl_typesupport_c__pyext.dir/rosidl_generator_py/robot_interfaces/_robot_interfaces_s.ep.rosidl_typesupport_c.c.o[0m
[ 92%] [32mBuilding C object CMakeFiles/robot_interfaces__rosidl_typesupport_fastrtps_c__pyext.dir/rosidl_generator_py/robot_interfaces/_robot_interfaces_s.ep.rosidl_typesupport_fastrtps_c.c.o[0m
[ 94%] [32m[1mLinking C shared library rosidl_generator_py/robot_interfaces/robot_interfaces_s__rosidl_typesupport_fastrtps_c.cpython-310-x86_64-linux-gnu.so[0m
[ 97%] [32m[1mLinking C shared library rosidl_generator_py/robot_interfaces/robot_interfaces_s__rosidl_typesupport_c.cpython-310-x86_64-linux-gnu.so[0m
[100%] [32m[1mLinking C shared library rosidl_generator_py/robot_interfaces/robot_interfaces_s__rosidl_typesupport_introspection_c.cpython-310-x86_64-linux-gnu.so[0m
[100%] Built target robot_interfaces__rosidl_typesupport_fastrtps_c__pyext
[100%] Built target robot_interfaces__rosidl_typesupport_c__pyext
[100%] Built target robot_interfaces__rosidl_typesupport_introspection_c__pyext
-- Install configuration: ""
-- Installing: /ulstu/ros2_ws/install/robot_interfaces/share/ament_index/resource_index/rosidl_interfaces/robot_interfaces
-- Installing: /ulstu/ros2_ws/install/robot_interfaces/include/robot_interfaces/robot_interfaces
-- Installing: /ulstu/ros2_ws/install/robot_interfaces/include/robot_interfaces/robot_interfaces/srv
-- Installing: /ulstu/ros2_ws/install/robot_interfaces/include/robot_interfaces/robot_interfaces/srv/pose_service.h
-- Installing: /ulstu/ros2_ws/install/robot_interfaces/include/robot_interfaces/robot_interfaces/srv/detail
-- Installing: /ulstu/ros2_ws/install/robot_interfaces/include/robot_interfaces/robot_interfaces/srv/detail/pose_service__type_support.h
-- Installing: /ulstu/ros2_ws/install/robot_interfaces/include/robot_interfaces/robot_interfaces/srv/detail/pose_service__struct.h
-- Installing: /ulstu/ros2_ws/install/robot_interfaces/include/robot_interfaces/robot_interfaces/srv/detail/pose_service__functions.h
-- Installing: /ulstu/ros2_ws/install/robot_interfaces/include/robot_interfaces/robot_interfaces/srv/detail/pose_service__functions.c
-- Installing: /ulstu/ros2_ws/install/robot_interfaces/include/robot_interfaces/robot_interfaces/msg
-- Installing: /ulstu/ros2_ws/install/robot_interfaces/include/robot_interfaces/robot_interfaces/msg/detail
-- Installing: /ulstu/ros2_ws/install/robot_interfaces/include/robot_interfaces/robot_interfaces/msg/detail/ego_pose__functions.c
-- Installing: /ulstu/ros2_ws/install/robot_interfaces/include/robot_interfaces/robot_interfaces/msg/detail/ego_pose__type_support.h
-- Installing: /ulstu/ros2_ws/install/robot_interfaces/include/robot_interfaces/robot_interfaces/msg/detail/ego_pose__functions.h
-- Installing: /ulstu/ros2_ws/install/robot_interfaces/include/robot_interfaces/robot_interfaces/msg/detail/ego_pose__struct.h
-- Installing: /ulstu/ros2_ws/install/robot_interfaces/include/robot_interfaces/robot_interfaces/msg/ego_pose.h
-- Installing: /ulstu/ros2_ws/install/robot_interfaces/include/robot_interfaces/robot_interfaces/msg/rosidl_generator_c__visibility_control.h
-- Installing: /ulstu/ros2_ws/install/robot_interfaces/share/robot_interfaces/environment/library_path.sh
-- Installing: /ulstu/ros2_ws/install/robot_interfaces/share/robot_interfaces/environment/library_path.dsv
-- Installing: /ulstu/ros2_ws/install/robot_interfaces/lib/librobot_interfaces__rosidl_generator_c.so
-- Set runtime path of "/ulstu/ros2_ws/install/robot_interfaces/lib/librobot_interfaces__rosidl_generator_c.so" to ""
-- Up-to-date: /ulstu/ros2_ws/install/robot_interfaces/include/robot_interfaces/robot_interfaces
-- Up-to-date: /ulstu/ros2_ws/install/robot_interfaces/include/robot_interfaces/robot_interfaces/srv
-- Up-to-date: /ulstu/ros2_ws/install/robot_interfaces/include/robot_interfaces/robot_interfaces/srv/detail
-- Installing: /ulstu/ros2_ws/install/robot_interfaces/include/robot_interfaces/robot_interfaces/srv/detail/pose_service__rosidl_typesupport_fastrtps_c.h
-- Up-to-date: /ulstu/ros2_ws/install/robot_interfaces/include/robot_interfaces/robot_interfaces/msg
-- Up-to-date: /ulstu/ros2_ws/install/robot_interfaces/include/robot_interfaces/robot_interfaces/msg/detail
-- Installing: /ulstu/ros2_ws/install/robot_interfaces/include/robot_interfaces/robot_interfaces/msg/detail/ego_pose__rosidl_typesupport_fastrtps_c.h
-- Installing: /ulstu/ros2_ws/install/robot_interfaces/include/robot_interfaces/robot_interfaces/msg/rosidl_typesupport_fastrtps_c__visibility_control.h
-- Installing: /ulstu/ros2_ws/install/robot_interfaces/lib/librobot_interfaces__rosidl_typesupport_fastrtps_c.so
-- Set runtime path of "/ulstu/ros2_ws/install/robot_interfaces/lib/librobot_interfaces__rosidl_typesupport_fastrtps_c.so" to ""
-- Up-to-date: /ulstu/ros2_ws/install/robot_interfaces/include/robot_interfaces/robot_interfaces
-- Up-to-date: /ulstu/ros2_ws/install/robot_interfaces/include/robot_interfaces/robot_interfaces/srv
-- Up-to-date: /ulstu/ros2_ws/install/robot_interfaces/include/robot_interfaces/robot_interfaces/srv/detail
-- Installing: /ulstu/ros2_ws/install/robot_interfaces/include/robot_interfaces/robot_interfaces/srv/detail/pose_service__struct.hpp
-- Installing: /ulstu/ros2_ws/install/robot_interfaces/include/robot_interfaces/robot_interfaces/srv/detail/pose_service__builder.hpp
-- Installing: /ulstu/ros2_ws/install/robot_interfaces/include/robot_interfaces/robot_interfaces/srv/detail/pose_service__traits.hpp
-- Installing: /ulstu/ros2_ws/install/robot_interfaces/include/robot_interfaces/robot_interfaces/srv/pose_service.hpp
-- Up-to-date: /ulstu/ros2_ws/install/robot_interfaces/include/robot_interfaces/robot_interfaces/msg
-- Installing: /ulstu/ros2_ws/install/robot_interfaces/include/robot_interfaces/robot_interfaces/msg/ego_pose.hpp
-- Up-to-date: /ulstu/ros2_ws/install/robot_interfaces/include/robot_interfaces/robot_interfaces/msg/detail
-- Installing: /ulstu/ros2_ws/install/robot_interfaces/include/robot_interfaces/robot_interfaces/msg/detail/ego_pose__struct.hpp
-- Installing: /ulstu/ros2_ws/install/robot_interfaces/include/robot_interfaces/robot_interfaces/msg/detail/ego_pose__builder.hpp
-- Installing: /ulstu/ros2_ws/install/robot_interfaces/include/robot_interfaces/robot_interfaces/msg/detail/ego_pose__traits.hpp
-- Up-to-date: /ulstu/ros2_ws/install/robot_interfaces/include/robot_interfaces/robot_interfaces
-- Up-to-date: /ulstu/ros2_ws/install/robot_interfaces/include/robot_interfaces/robot_interfaces/srv
-- Up-to-date: /ulstu/ros2_ws/install/robot_interfaces/include/robot_interfaces/robot_interfaces/srv/detail
-- Installing: /ulstu/ros2_ws/install/robot_interfaces/include/robot_interfaces/robot_interfaces/srv/detail/dds_fastrtps
-- Installing: /ulstu/ros2_ws/install/robot_interfaces/include/robot_interfaces/robot_interfaces/srv/detail/pose_service__rosidl_typesupport_fastrtps_cpp.hpp
-- Up-to-date: /ulstu/ros2_ws/install/robot_interfaces/include/robot_interfaces/robot_interfaces/msg
-- Installing: /ulstu/ros2_ws/install/robot_interfaces/include/robot_interfaces/robot_interfaces/msg/rosidl_typesupport_fastrtps_cpp__visibility_control.h
-- Up-to-date: /ulstu/ros2_ws/install/robot_interfaces/include/robot_interfaces/robot_interfaces/msg/detail
-- Installing: /ulstu/ros2_ws/install/robot_interfaces/include/robot_interfaces/robot_interfaces/msg/detail/ego_pose__rosidl_typesupport_fastrtps_cpp.hpp
-- Installing: /ulstu/ros2_ws/install/robot_interfaces/include/robot_interfaces/robot_interfaces/msg/detail/dds_fastrtps
-- Installing: /ulstu/ros2_ws/install/robot_interfaces/lib/librobot_interfaces__rosidl_typesupport_fastrtps_cpp.so
-- Set runtime path of "/ulstu/ros2_ws/install/robot_interfaces/lib/librobot_interfaces__rosidl_typesupport_fastrtps_cpp.so" to ""
-- Up-to-date: /ulstu/ros2_ws/install/robot_interfaces/include/robot_interfaces/robot_interfaces
-- Up-to-date: /ulstu/ros2_ws/install/robot_interfaces/include/robot_interfaces/robot_interfaces/srv
-- Up-to-date: /ulstu/ros2_ws/install/robot_interfaces/include/robot_interfaces/robot_interfaces/srv/detail
-- Installing: /ulstu/ros2_ws/install/robot_interfaces/include/robot_interfaces/robot_interfaces/srv/detail/pose_service__rosidl_typesupport_introspection_c.h
-- Installing: /ulstu/ros2_ws/install/robot_interfaces/include/robot_interfaces/robot_interfaces/srv/detail/pose_service__type_support.c
-- Up-to-date: /ulstu/ros2_ws/install/robot_interfaces/include/robot_interfaces/robot_interfaces/msg
-- Installing: /ulstu/ros2_ws/install/robot_interfaces/include/robot_interfaces/robot_interfaces/msg/rosidl_typesupport_introspection_c__visibility_control.h
-- Up-to-date: /ulstu/ros2_ws/install/robot_interfaces/include/robot_interfaces/robot_interfaces/msg/detail
-- Installing: /ulstu/ros2_ws/install/robot_interfaces/include/robot_interfaces/robot_interfaces/msg/detail/ego_pose__type_support.c
-- Installing: /ulstu/ros2_ws/install/robot_interfaces/include/robot_interfaces/robot_interfaces/msg/detail/ego_pose__rosidl_typesupport_introspection_c.h
-- Installing: /ulstu/ros2_ws/install/robot_interfaces/lib/librobot_interfaces__rosidl_typesupport_introspection_c.so
-- Set runtime path of "/ulstu/ros2_ws/install/robot_interfaces/lib/librobot_interfaces__rosidl_typesupport_introspection_c.so" to ""
-- Installing: /ulstu/ros2_ws/install/robot_interfaces/lib/librobot_interfaces__rosidl_typesupport_c.so
-- Set runtime path of "/ulstu/ros2_ws/install/robot_interfaces/lib/librobot_interfaces__rosidl_typesupport_c.so" to ""
-- Up-to-date: /ulstu/ros2_ws/install/robot_interfaces/include/robot_interfaces/robot_interfaces
-- Up-to-date: /ulstu/ros2_ws/install/robot_interfaces/include/robot_interfaces/robot_interfaces/srv
-- Up-to-date: /ulstu/ros2_ws/install/robot_interfaces/include/robot_interfaces/robot_interfaces/srv/detail
-- Installing: /ulstu/ros2_ws/install/robot_interfaces/include/robot_interfaces/robot_interfaces/srv/detail/pose_service__rosidl_typesupport_introspection_cpp.hpp
-- Installing: /ulstu/ros2_ws/install/robot_interfaces/include/robot_interfaces/robot_interfaces/srv/detail/pose_service__type_support.cpp
-- Up-to-date: /ulstu/ros2_ws/install/robot_interfaces/include/robot_interfaces/robot_interfaces/msg
-- Up-to-date: /ulstu/ros2_ws/install/robot_interfaces/include/robot_interfaces/robot_interfaces/msg/detail
-- Installing: /ulstu/ros2_ws/install/robot_interfaces/include/robot_interfaces/robot_interfaces/msg/detail/ego_pose__type_support.cpp
-- Installing: /ulstu/ros2_ws/install/robot_interfaces/include/robot_interfaces/robot_interfaces/msg/detail/ego_pose__rosidl_typesupport_introspection_cpp.hpp
-- Installing: /ulstu/ros2_ws/install/robot_interfaces/lib/librobot_interfaces__rosidl_typesupport_introspection_cpp.so
-- Set runtime path of "/ulstu/ros2_ws/install/robot_interfaces/lib/librobot_interfaces__rosidl_typesupport_introspection_cpp.so" to ""
-- Installing: /ulstu/ros2_ws/install/robot_interfaces/lib/librobot_interfaces__rosidl_typesupport_cpp.so
-- Set runtime path of "/ulstu/ros2_ws/install/robot_interfaces/lib/librobot_interfaces__rosidl_typesupport_cpp.so" to ""
-- Installing: /ulstu/ros2_ws/install/robot_interfaces/share/robot_interfaces/environment/pythonpath.sh
-- Installing: /ulstu/ros2_ws/install/robot_interfaces/share/robot_interfaces/environment/pythonpath.dsv
-- Installing: /ulstu/ros2_ws/install/robot_interfaces/local/lib/python3.10/dist-packages/robot_interfaces-0.0.0-py3.10.egg-info
-- Installing: /ulstu/ros2_ws/install/robot_interfaces/local/lib/python3.10/dist-packages/robot_interfaces-0.0.0-py3.10.egg-info/SOURCES.txt
-- Installing: /ulstu/ros2_ws/install/robot_interfaces/local/lib/python3.10/dist-packages/robot_interfaces-0.0.0-py3.10.egg-info/dependency_links.txt
-- Installing: /ulstu/ros2_ws/install/robot_interfaces/local/lib/python3.10/dist-packages/robot_interfaces-0.0.0-py3.10.egg-info/top_level.txt
-- Installing: /ulstu/ros2_ws/install/robot_interfaces/local/lib/python3.10/dist-packages/robot_interfaces-0.0.0-py3.10.egg-info/PKG-INFO
-- Installing: /ulstu/ros2_ws/install/robot_interfaces/local/lib/python3.10/dist-packages/robot_interfaces
-- Installing: /ulstu/ros2_ws/install/robot_interfaces/local/lib/python3.10/dist-packages/robot_interfaces/__init__.py
-- Installing: /ulstu/ros2_ws/install/robot_interfaces/local/lib/python3.10/dist-packages/robot_interfaces/_robot_interfaces_s.ep.rosidl_typesupport_c.c
-- Installing: /ulstu/ros2_ws/install/robot_interfaces/local/lib/python3.10/dist-packages/robot_interfaces/srv
-- Installing: /ulstu/ros2_ws/install/robot_interfaces/local/lib/python3.10/dist-packages/robot_interfaces/srv/__init__.py
-- Installing: /ulstu/ros2_ws/install/robot_interfaces/local/lib/python3.10/dist-packages/robot_interfaces/srv/_pose_service.py
-- Installing: /ulstu/ros2_ws/install/robot_interfaces/local/lib/python3.10/dist-packages/robot_interfaces/srv/_pose_service_s.c
-- Installing: /ulstu/ros2_ws/install/robot_interfaces/local/lib/python3.10/dist-packages/robot_interfaces/robot_interfaces_s__rosidl_typesupport_introspection_c.cpython-310-x86_64-linux-gnu.so
-- Installing: /ulstu/ros2_ws/install/robot_interfaces/local/lib/python3.10/dist-packages/robot_interfaces/robot_interfaces_s__rosidl_typesupport_fastrtps_c.cpython-310-x86_64-linux-gnu.so
-- Installing: /ulstu/ros2_ws/install/robot_interfaces/local/lib/python3.10/dist-packages/robot_interfaces/msg
-- Installing: /ulstu/ros2_ws/install/robot_interfaces/local/lib/python3.10/dist-packages/robot_interfaces/msg/__init__.py
-- Installing: /ulstu/ros2_ws/install/robot_interfaces/local/lib/python3.10/dist-packages/robot_interfaces/msg/_ego_pose.py
-- Installing: /ulstu/ros2_ws/install/robot_interfaces/local/lib/python3.10/dist-packages/robot_interfaces/msg/_ego_pose_s.c
-- Installing: /ulstu/ros2_ws/install/robot_interfaces/local/lib/python3.10/dist-packages/robot_interfaces/librobot_interfaces__rosidl_generator_py.so
-- Installing: /ulstu/ros2_ws/install/robot_interfaces/local/lib/python3.10/dist-packages/robot_interfaces/_robot_interfaces_s.ep.rosidl_typesupport_introspection_c.c
-- Installing: /ulstu/ros2_ws/install/robot_interfaces/local/lib/python3.10/dist-packages/robot_interfaces/_robot_interfaces_s.ep.rosidl_typesupport_fastrtps_c.c
-- Installing: /ulstu/ros2_ws/install/robot_interfaces/local/lib/python3.10/dist-packages/robot_interfaces/robot_interfaces_s__rosidl_typesupport_c.cpython-310-x86_64-linux-gnu.so
Listing '/ulstu/ros2_ws/install/robot_interfaces/local/lib/python3.10/dist-packages/robot_interfaces'...
Compiling '/ulstu/ros2_ws/install/robot_interfaces/local/lib/python3.10/dist-packages/robot_interfaces/__init__.py'...
Listing '/ulstu/ros2_ws/install/robot_interfaces/local/lib/python3.10/dist-packages/robot_interfaces/msg'...
Compiling '/ulstu/ros2_ws/install/robot_interfaces/local/lib/python3.10/dist-packages/robot_interfaces/msg/__init__.py'...
Compiling '/ulstu/ros2_ws/install/robot_interfaces/local/lib/python3.10/dist-packages/robot_interfaces/msg/_ego_pose.py'...
Listing '/ulstu/ros2_ws/install/robot_interfaces/local/lib/python3.10/dist-packages/robot_interfaces/srv'...
Compiling '/ulstu/ros2_ws/install/robot_interfaces/local/lib/python3.10/dist-packages/robot_interfaces/srv/__init__.py'...
Compiling '/ulstu/ros2_ws/install/robot_interfaces/local/lib/python3.10/dist-packages/robot_interfaces/srv/_pose_service.py'...
-- Installing: /ulstu/ros2_ws/install/robot_interfaces/local/lib/python3.10/dist-packages/robot_interfaces/robot_interfaces_s__rosidl_typesupport_fastrtps_c.cpython-310-x86_64-linux-gnu.so
-- Set runtime path of "/ulstu/ros2_ws/install/robot_interfaces/local/lib/python3.10/dist-packages/robot_interfaces/robot_interfaces_s__rosidl_typesupport_fastrtps_c.cpython-310-x86_64-linux-gnu.so" to ""
-- Installing: /ulstu/ros2_ws/install/robot_interfaces/local/lib/python3.10/dist-packages/robot_interfaces/robot_interfaces_s__rosidl_typesupport_introspection_c.cpython-310-x86_64-linux-gnu.so
-- Set runtime path of "/ulstu/ros2_ws/install/robot_interfaces/local/lib/python3.10/dist-packages/robot_interfaces/robot_interfaces_s__rosidl_typesupport_introspection_c.cpython-310-x86_64-linux-gnu.so" to ""
-- Installing: /ulstu/ros2_ws/install/robot_interfaces/local/lib/python3.10/dist-packages/robot_interfaces/robot_interfaces_s__rosidl_typesupport_c.cpython-310-x86_64-linux-gnu.so
-- Set runtime path of "/ulstu/ros2_ws/install/robot_interfaces/local/lib/python3.10/dist-packages/robot_interfaces/robot_interfaces_s__rosidl_typesupport_c.cpython-310-x86_64-linux-gnu.so" to ""
-- Installing: /ulstu/ros2_ws/install/robot_interfaces/lib/librobot_interfaces__rosidl_generator_py.so
-- Set runtime path of "/ulstu/ros2_ws/install/robot_interfaces/lib/librobot_interfaces__rosidl_generator_py.so" to ""
-- Installing: /ulstu/ros2_ws/install/robot_interfaces/share/robot_interfaces/msg/EgoPose.idl
-- Installing: /ulstu/ros2_ws/install/robot_interfaces/share/robot_interfaces/srv/PoseService.idl
-- Installing: /ulstu/ros2_ws/install/robot_interfaces/share/robot_interfaces/msg/EgoPose.msg
-- Installing: /ulstu/ros2_ws/install/robot_interfaces/share/robot_interfaces/srv/PoseService.srv
-- Installing: /ulstu/ros2_ws/install/robot_interfaces/share/robot_interfaces/srv/PoseService_Request.msg
-- Installing: /ulstu/ros2_ws/install/robot_interfaces/share/robot_interfaces/srv/PoseService_Response.msg
-- Installing: /ulstu/ros2_ws/install/robot_interfaces/share/ament_index/resource_index/package_run_dependencies/robot_interfaces
-- Installing: /ulstu/ros2_ws/install/robot_interfaces/share/ament_index/resource_index/parent_prefix_path/robot_interfaces
-- Installing: /ulstu/ros2_ws/install/robot_interfaces/share/robot_interfaces/environment/ament_prefix_path.sh
-- Installing: /ulstu/ros2_ws/install/robot_interfaces/share/robot_interfaces/environment/ament_prefix_path.dsv
-- Installing: /ulstu/ros2_ws/install/robot_interfaces/share/robot_interfaces/environment/path.sh
-- Installing: /ulstu/ros2_ws/install/robot_interfaces/share/robot_interfaces/environment/path.dsv
-- Installing: /ulstu/ros2_ws/install/robot_interfaces/share/robot_interfaces/local_setup.bash
-- Installing: /ulstu/ros2_ws/install/robot_interfaces/share/robot_interfaces/local_setup.sh
-- Installing: /ulstu/ros2_ws/install/robot_interfaces/share/robot_interfaces/local_setup.zsh
-- Installing: /ulstu/ros2_ws/install/robot_interfaces/share/robot_interfaces/local_setup.dsv
-- Installing: /ulstu/ros2_ws/install/robot_interfaces/share/robot_interfaces/package.dsv
-- Installing: /ulstu/ros2_ws/install/robot_interfaces/share/ament_index/resource_index/packages/robot_interfaces
-- Installing: /ulstu/ros2_ws/install/robot_interfaces/share/robot_interfaces/cmake/export_robot_interfaces__rosidl_generator_cExport.cmake
-- Installing: /ulstu/ros2_ws/install/robot_interfaces/share/robot_interfaces/cmake/export_robot_interfaces__rosidl_generator_cExport-noconfig.cmake
-- Installing: /ulstu/ros2_ws/install/robot_interfaces/share/robot_interfaces/cmake/export_robot_interfaces__rosidl_typesupport_fastrtps_cExport.cmake
-- Installing: /ulstu/ros2_ws/install/robot_interfaces/share/robot_interfaces/cmake/export_robot_interfaces__rosidl_typesupport_fastrtps_cExport-noconfig.cmake
-- Installing: /ulstu/ros2_ws/install/robot_interfaces/share/robot_interfaces/cmake/export_robot_interfaces__rosidl_generator_cppExport.cmake
-- Installing: /ulstu/ros2_ws/install/robot_interfaces/share/robot_interfaces/cmake/export_robot_interfaces__rosidl_typesupport_fastrtps_cppExport.cmake
-- Installing: /ulstu/ros2_ws/install/robot_interfaces/share/robot_interfaces/cmake/export_robot_interfaces__rosidl_typesupport_fastrtps_cppExport-noconfig.cmake
-- Installing: /ulstu/ros2_ws/install/robot_interfaces/share/robot_interfaces/cmake/robot_interfaces__rosidl_typesupport_introspection_cExport.cmake
-- Installing: /ulstu/ros2_ws/install/robot_interfaces/share/robot_interfaces/cmake/robot_interfaces__rosidl_typesupport_introspection_cExport-noconfig.cmake
-- Installing: /ulstu/ros2_ws/install/robot_interfaces/share/robot_interfaces/cmake/robot_interfaces__rosidl_typesupport_cExport.cmake
-- Installing: /ulstu/ros2_ws/install/robot_interfaces/share/robot_interfaces/cmake/robot_interfaces__rosidl_typesupport_cExport-noconfig.cmake
-- Installing: /ulstu/ros2_ws/install/robot_interfaces/share/robot_interfaces/cmake/robot_interfaces__rosidl_typesupport_introspection_cppExport.cmake
-- Installing: /ulstu/ros2_ws/install/robot_interfaces/share/robot_interfaces/cmake/robot_interfaces__rosidl_typesupport_introspection_cppExport-noconfig.cmake
-- Installing: /ulstu/ros2_ws/install/robot_interfaces/share/robot_interfaces/cmake/robot_interfaces__rosidl_typesupport_cppExport.cmake
-- Installing: /ulstu/ros2_ws/install/robot_interfaces/share/robot_interfaces/cmake/robot_interfaces__rosidl_typesupport_cppExport-noconfig.cmake
-- Installing: /ulstu/ros2_ws/install/robot_interfaces/share/robot_interfaces/cmake/export_robot_interfaces__rosidl_generator_pyExport.cmake
-- Installing: /ulstu/ros2_ws/install/robot_interfaces/share/robot_interfaces/cmake/export_robot_interfaces__rosidl_generator_pyExport-noconfig.cmake
-- Installing: /ulstu/ros2_ws/install/robot_interfaces/share/robot_interfaces/cmake/rosidl_cmake-extras.cmake
-- Installing: /ulstu/ros2_ws/install/robot_interfaces/share/robot_interfaces/cmake/ament_cmake_export_dependencies-extras.cmake
-- Installing: /ulstu/ros2_ws/install/robot_interfaces/share/robot_interfaces/cmake/ament_cmake_export_include_directories-extras.cmake
-- Installing: /ulstu/ros2_ws/install/robot_interfaces/share/robot_interfaces/cmake/ament_cmake_export_libraries-extras.cmake
-- Installing: /ulstu/ros2_ws/install/robot_interfaces/share/robot_interfaces/cmake/ament_cmake_export_targets-extras.cmake
-- Installing: /ulstu/ros2_ws/install/robot_interfaces/share/robot_interfaces/cmake/rosidl_cmake_export_typesupport_targets-extras.cmake
-- Installing: /ulstu/ros2_ws/install/robot_interfaces/share/robot_interfaces/cmake/rosidl_cmake_export_typesupport_libraries-extras.cmake
-- Installing: /ulstu/ros2_ws/install/robot_interfaces/share/robot_interfaces/cmake/robot_interfacesConfig.cmake
-- Installing: /ulstu/ros2_ws/install/robot_interfaces/share/robot_interfaces/cmake/robot_interfacesConfig-version.cmake
-- Installing: /ulstu/ros2_ws/install/robot_interfaces/share/robot_interfaces/package.xml
