[0.016s] Invoking command in '/ulstu/ros2_ws/build/robot_interfaces': CMAKE_PREFIX_PATH=/opt/ros/humble /usr/bin/cmake /ulstu/ros2_ws/src/robot_interfaces -DCMAKE_INSTALL_PREFIX=/ulstu/ros2_ws/install/robot_interfaces
[0.070s] -- The C compiler identification is GNU 11.4.0
[0.121s] -- The CXX compiler identification is GNU 11.4.0
[0.132s] -- Detecting C compiler ABI info
[0.199s] -- Detecting C compiler ABI info - done
[0.211s] -- Check for working C compiler: /usr/bin/cc - skipped
[0.212s] -- Detecting C compile features
[0.213s] -- Detecting C compile features - done
[0.218s] -- Detecting CXX compiler ABI info
[0.296s] -- Detecting CXX compiler ABI info - done
[0.309s] -- Check for working CXX compiler: /usr/bin/c++ - skipped
[0.310s] -- Detecting CXX compile features
[0.311s] -- Detecting CXX compile features - done
[0.318s] -- Found ament_cmake: 1.3.10 (/opt/ros/humble/share/ament_cmake/cmake)
[0.464s] -- Found Python3: /usr/bin/python3 (found version "3.10.12") found components: Interpreter 
[0.586s] -- Found ament_lint_auto: 0.12.11 (/opt/ros/humble/share/ament_lint_auto/cmake)
[0.669s] -- Found rclpy: 3.3.14 (/opt/ros/humble/share/rclpy/cmake)
[0.672s] -- Found std_msgs: 4.2.4 (/opt/ros/humble/share/std_msgs/cmake)
[0.715s] -- Found rosidl_generator_c: 3.1.5 (/opt/ros/humble/share/rosidl_generator_c/cmake)
[0.721s] -- Found rosidl_adapter: 3.1.5 (/opt/ros/humble/share/rosidl_adapter/cmake)
[0.731s] -- Found rosidl_generator_cpp: 3.1.5 (/opt/ros/humble/share/rosidl_generator_cpp/cmake)
[0.744s] -- Using all available rosidl_typesupport_c: rosidl_typesupport_fastrtps_c;rosidl_typesupport_introspection_c
[0.762s] -- Using all available rosidl_typesupport_cpp: rosidl_typesupport_fastrtps_cpp;rosidl_typesupport_introspection_cpp
[0.788s] -- Found rosidl_default_generators: 1.2.0 (/opt/ros/humble/share/rosidl_default_generators/cmake)
[0.984s] -- Found ament_cmake_ros: 0.10.0 (/opt/ros/humble/share/ament_cmake_ros/cmake)
[1.388s] -- Using all available rosidl_typesupport_c: rosidl_typesupport_fastrtps_c;rosidl_typesupport_introspection_c
[1.550s] -- Using all available rosidl_typesupport_cpp: rosidl_typesupport_fastrtps_cpp;rosidl_typesupport_introspection_cpp
[1.574s] -- Found PythonInterp: /usr/bin/python3 (found suitable version "3.10.12", minimum required is "3.6") 
[1.579s] -- Found python_cmake_module: 0.10.0 (/opt/ros/humble/share/python_cmake_module/cmake)
[1.607s] -- Found PythonLibs: /usr/lib/x86_64-linux-gnu/libpython3.10.so (found suitable version "3.10.12", minimum required is "3.5") 
[1.607s] -- Using PYTHON_EXECUTABLE: /usr/bin/python3
[1.607s] -- Using PYTHON_INCLUDE_DIRS: /usr/include/python3.10
[1.607s] -- Using PYTHON_LIBRARIES: /usr/lib/x86_64-linux-gnu/libpython3.10.so
[1.627s] -- Found PythonExtra: .so  
[1.691s] -- Added test 'flake8' to check Python code syntax and style conventions
[1.692s] -- Added test 'lint_cmake' to check CMake code style
[1.693s] -- Added test 'pep257' to check Python code against some of the docstring style conventions in PEP 257
[1.695s] -- Added test 'xmllint' to check XML markup files
[1.704s] -- Configuring done
[1.744s] -- Generating done
[1.746s] -- Build files have been written to: /ulstu/ros2_ws/build/robot_interfaces
[1.753s] Invoked command in '/ulstu/ros2_ws/build/robot_interfaces' returned '0': CMAKE_PREFIX_PATH=/opt/ros/humble /usr/bin/cmake /ulstu/ros2_ws/src/robot_interfaces -DCMAKE_INSTALL_PREFIX=/ulstu/ros2_ws/install/robot_interfaces
[1.754s] Invoking command in '/ulstu/ros2_ws/build/robot_interfaces': CMAKE_PREFIX_PATH=/opt/ros/humble /usr/bin/cmake --build /ulstu/ros2_ws/build/robot_interfaces -- -j12 -l12
[1.794s] [  2%] [34m[1mGenerating C code for ROS interfaces[0m
[1.802s] [  5%] [34m[1mGenerating C++ code for ROS interfaces[0m
[1.809s] [  5%] Built target ament_cmake_python_copy_robot_interfaces
[2.007s] running egg_info
[2.008s] creating robot_interfaces.egg-info
[2.008s] writing robot_interfaces.egg-info/PKG-INFO
[2.008s] writing dependency_links to robot_interfaces.egg-info/dependency_links.txt
[2.008s] writing top-level names to robot_interfaces.egg-info/top_level.txt
[2.008s] writing manifest file 'robot_interfaces.egg-info/SOURCES.txt'
[2.010s] reading manifest file 'robot_interfaces.egg-info/SOURCES.txt'
[2.010s] writing manifest file 'robot_interfaces.egg-info/SOURCES.txt'
[2.035s] [  5%] Built target ament_cmake_python_build_robot_interfaces_egg
[2.046s] [  5%] Built target robot_interfaces__cpp
[2.056s] [ 12%] [34m[1mGenerating C++ type support dispatch for ROS interfaces[0m
[2.056s] [ 12%] [34m[1mGenerating C++ introspection for ROS interfaces[0m
[2.057s] [ 12%] [34m[1mGenerating C++ type support for eProsima Fast-RTPS[0m
[2.057s] [ 17%] [32mBuilding C object CMakeFiles/robot_interfaces__rosidl_generator_c.dir/rosidl_generator_c/robot_interfaces/msg/detail/ego_pose__functions.c.o[0m
[2.057s] [ 17%] [32mBuilding C object CMakeFiles/robot_interfaces__rosidl_generator_c.dir/rosidl_generator_c/robot_interfaces/srv/detail/pose_service__functions.c.o[0m
[2.110s] [ 20%] [32m[1mLinking C shared library librobot_interfaces__rosidl_generator_c.so[0m
[2.144s] [ 20%] Built target robot_interfaces__rosidl_generator_c
[2.153s] [ 28%] [34m[1mGenerating C introspection for ROS interfaces[0m
[2.153s] [ 28%] [34m[1mGenerating C type support for eProsima Fast-RTPS[0m
[2.153s] [ 28%] [34m[1mGenerating C type support dispatch for ROS interfaces[0m
[2.266s] [ 33%] [32mBuilding CXX object CMakeFiles/robot_interfaces__rosidl_typesupport_cpp.dir/rosidl_typesupport_cpp/robot_interfaces/msg/ego_pose__type_support.cpp.o[0m
[2.266s] [ 33%] [32mBuilding CXX object CMakeFiles/robot_interfaces__rosidl_typesupport_cpp.dir/rosidl_typesupport_cpp/robot_interfaces/srv/pose_service__type_support.cpp.o[0m
[2.286s] [ 35%] [32mBuilding CXX object CMakeFiles/robot_interfaces__rosidl_typesupport_introspection_cpp.dir/rosidl_typesupport_introspection_cpp/robot_interfaces/msg/detail/ego_pose__type_support.cpp.o[0m
[2.287s] [ 38%] [32mBuilding CXX object CMakeFiles/robot_interfaces__rosidl_typesupport_introspection_cpp.dir/rosidl_typesupport_introspection_cpp/robot_interfaces/srv/detail/pose_service__type_support.cpp.o[0m
[2.314s] [ 43%] [32mBuilding CXX object CMakeFiles/robot_interfaces__rosidl_typesupport_fastrtps_cpp.dir/rosidl_typesupport_fastrtps_cpp/robot_interfaces/srv/detail/dds_fastrtps/pose_service__type_support.cpp.o[0m
[2.315s] [ 43%] [32mBuilding CXX object CMakeFiles/robot_interfaces__rosidl_typesupport_fastrtps_cpp.dir/rosidl_typesupport_fastrtps_cpp/robot_interfaces/msg/detail/dds_fastrtps/ego_pose__type_support.cpp.o[0m
[2.382s] [ 48%] [32mBuilding CXX object CMakeFiles/robot_interfaces__rosidl_typesupport_c.dir/rosidl_typesupport_c/robot_interfaces/srv/pose_service__type_support.cpp.o[0m
[2.383s] [ 48%] [32mBuilding CXX object CMakeFiles/robot_interfaces__rosidl_typesupport_c.dir/rosidl_typesupport_c/robot_interfaces/msg/ego_pose__type_support.cpp.o[0m
[2.403s] [ 51%] [32mBuilding CXX object CMakeFiles/robot_interfaces__rosidl_typesupport_fastrtps_c.dir/rosidl_typesupport_fastrtps_c/robot_interfaces/msg/detail/ego_pose__type_support_c.cpp.o[0m
[2.412s] [ 53%] [32mBuilding CXX object CMakeFiles/robot_interfaces__rosidl_typesupport_fastrtps_c.dir/rosidl_typesupport_fastrtps_c/robot_interfaces/srv/detail/pose_service__type_support_c.cpp.o[0m
[2.429s] [ 58%] [32mBuilding C object CMakeFiles/robot_interfaces__rosidl_typesupport_introspection_c.dir/rosidl_typesupport_introspection_c/robot_interfaces/msg/detail/ego_pose__type_support.c.o[0m
[2.429s] [ 58%] [32m[1mLinking CXX shared library librobot_interfaces__rosidl_typesupport_c.so[0m
[2.429s] [ 61%] [32mBuilding C object CMakeFiles/robot_interfaces__rosidl_typesupport_introspection_c.dir/rosidl_typesupport_introspection_c/robot_interfaces/srv/detail/pose_service__type_support.c.o[0m
[2.486s] [ 64%] [32m[1mLinking C shared library librobot_interfaces__rosidl_typesupport_introspection_c.so[0m
[2.487s] [ 64%] Built target robot_interfaces__rosidl_typesupport_c
[2.518s] [ 66%] [32m[1mLinking CXX shared library librobot_interfaces__rosidl_typesupport_cpp.so[0m
[2.523s] [ 66%] Built target robot_interfaces__rosidl_typesupport_introspection_c
[2.556s] [ 66%] Built target robot_interfaces__rosidl_typesupport_cpp
[2.670s] [ 69%] [32m[1mLinking CXX shared library librobot_interfaces__rosidl_typesupport_fastrtps_cpp.so[0m
[2.676s] [ 71%] [32m[1mLinking CXX shared library librobot_interfaces__rosidl_typesupport_introspection_cpp.so[0m
[2.735s] [ 71%] Built target robot_interfaces__rosidl_typesupport_introspection_cpp
[2.737s] [ 71%] Built target robot_interfaces__rosidl_typesupport_fastrtps_cpp
[2.766s] [ 74%] [32m[1mLinking CXX shared library librobot_interfaces__rosidl_typesupport_fastrtps_c.so[0m
[2.828s] [ 74%] Built target robot_interfaces__rosidl_typesupport_fastrtps_c
[2.846s] [ 74%] Built target robot_interfaces
[2.865s] [ 76%] [34m[1mGenerating Python code for ROS interfaces[0m
[3.193s] [ 76%] Built target robot_interfaces__py
[3.214s] [ 79%] [32mBuilding C object CMakeFiles/robot_interfaces__rosidl_generator_py.dir/rosidl_generator_py/robot_interfaces/msg/_ego_pose_s.c.o[0m
[3.214s] [ 82%] [32mBuilding C object CMakeFiles/robot_interfaces__rosidl_generator_py.dir/rosidl_generator_py/robot_interfaces/srv/_pose_service_s.c.o[0m
[3.308s] [ 84%] [32m[1mLinking C shared library rosidl_generator_py/robot_interfaces/librobot_interfaces__rosidl_generator_py.so[0m
[3.351s] [ 84%] Built target robot_interfaces__rosidl_generator_py
[3.371s] [ 89%] [32mBuilding C object CMakeFiles/robot_interfaces__rosidl_typesupport_introspection_c__pyext.dir/rosidl_generator_py/robot_interfaces/_robot_interfaces_s.ep.rosidl_typesupport_introspection_c.c.o[0m
[3.371s] [ 89%] [32mBuilding C object CMakeFiles/robot_interfaces__rosidl_typesupport_c__pyext.dir/rosidl_generator_py/robot_interfaces/_robot_interfaces_s.ep.rosidl_typesupport_c.c.o[0m
[3.371s] [ 92%] [32mBuilding C object CMakeFiles/robot_interfaces__rosidl_typesupport_fastrtps_c__pyext.dir/rosidl_generator_py/robot_interfaces/_robot_interfaces_s.ep.rosidl_typesupport_fastrtps_c.c.o[0m
[3.473s] [ 94%] [32m[1mLinking C shared library rosidl_generator_py/robot_interfaces/robot_interfaces_s__rosidl_typesupport_fastrtps_c.cpython-310-x86_64-linux-gnu.so[0m
[3.474s] [ 97%] [32m[1mLinking C shared library rosidl_generator_py/robot_interfaces/robot_interfaces_s__rosidl_typesupport_c.cpython-310-x86_64-linux-gnu.so[0m
[3.475s] [100%] [32m[1mLinking C shared library rosidl_generator_py/robot_interfaces/robot_interfaces_s__rosidl_typesupport_introspection_c.cpython-310-x86_64-linux-gnu.so[0m
[3.509s] [100%] Built target robot_interfaces__rosidl_typesupport_fastrtps_c__pyext
[3.510s] [100%] Built target robot_interfaces__rosidl_typesupport_c__pyext
[3.514s] [100%] Built target robot_interfaces__rosidl_typesupport_introspection_c__pyext
[3.525s] Invoked command in '/ulstu/ros2_ws/build/robot_interfaces' returned '0': CMAKE_PREFIX_PATH=/opt/ros/humble /usr/bin/cmake --build /ulstu/ros2_ws/build/robot_interfaces -- -j12 -l12
[3.607s] Invoking command in '/ulstu/ros2_ws/build/robot_interfaces': CMAKE_PREFIX_PATH=/opt/ros/humble /usr/bin/cmake --install /ulstu/ros2_ws/build/robot_interfaces
[3.616s] -- Install configuration: ""
[3.617s] -- Installing: /ulstu/ros2_ws/install/robot_interfaces/share/ament_index/resource_index/rosidl_interfaces/robot_interfaces
[3.617s] -- Installing: /ulstu/ros2_ws/install/robot_interfaces/include/robot_interfaces/robot_interfaces
[3.617s] -- Installing: /ulstu/ros2_ws/install/robot_interfaces/include/robot_interfaces/robot_interfaces/srv
[3.617s] -- Installing: /ulstu/ros2_ws/install/robot_interfaces/include/robot_interfaces/robot_interfaces/srv/pose_service.h
[3.617s] -- Installing: /ulstu/ros2_ws/install/robot_interfaces/include/robot_interfaces/robot_interfaces/srv/detail
[3.618s] -- Installing: /ulstu/ros2_ws/install/robot_interfaces/include/robot_interfaces/robot_interfaces/srv/detail/pose_service__type_support.h
[3.618s] -- Installing: /ulstu/ros2_ws/install/robot_interfaces/include/robot_interfaces/robot_interfaces/srv/detail/pose_service__struct.h
[3.618s] -- Installing: /ulstu/ros2_ws/install/robot_interfaces/include/robot_interfaces/robot_interfaces/srv/detail/pose_service__functions.h
[3.618s] -- Installing: /ulstu/ros2_ws/install/robot_interfaces/include/robot_interfaces/robot_interfaces/srv/detail/pose_service__functions.c
[3.618s] -- Installing: /ulstu/ros2_ws/install/robot_interfaces/include/robot_interfaces/robot_interfaces/msg
[3.618s] -- Installing: /ulstu/ros2_ws/install/robot_interfaces/include/robot_interfaces/robot_interfaces/msg/detail
[3.619s] -- Installing: /ulstu/ros2_ws/install/robot_interfaces/include/robot_interfaces/robot_interfaces/msg/detail/ego_pose__functions.c
[3.619s] -- Installing: /ulstu/ros2_ws/install/robot_interfaces/include/robot_interfaces/robot_interfaces/msg/detail/ego_pose__type_support.h
[3.619s] -- Installing: /ulstu/ros2_ws/install/robot_interfaces/include/robot_interfaces/robot_interfaces/msg/detail/ego_pose__functions.h
[3.619s] -- Installing: /ulstu/ros2_ws/install/robot_interfaces/include/robot_interfaces/robot_interfaces/msg/detail/ego_pose__struct.h
[3.619s] -- Installing: /ulstu/ros2_ws/install/robot_interfaces/include/robot_interfaces/robot_interfaces/msg/ego_pose.h
[3.619s] -- Installing: /ulstu/ros2_ws/install/robot_interfaces/include/robot_interfaces/robot_interfaces/msg/rosidl_generator_c__visibility_control.h
[3.620s] -- Installing: /ulstu/ros2_ws/install/robot_interfaces/share/robot_interfaces/environment/library_path.sh
[3.620s] -- Installing: /ulstu/ros2_ws/install/robot_interfaces/share/robot_interfaces/environment/library_path.dsv
[3.620s] -- Installing: /ulstu/ros2_ws/install/robot_interfaces/lib/librobot_interfaces__rosidl_generator_c.so
[3.621s] -- Set runtime path of "/ulstu/ros2_ws/install/robot_interfaces/lib/librobot_interfaces__rosidl_generator_c.so" to ""
[3.621s] -- Up-to-date: /ulstu/ros2_ws/install/robot_interfaces/include/robot_interfaces/robot_interfaces
[3.621s] -- Up-to-date: /ulstu/ros2_ws/install/robot_interfaces/include/robot_interfaces/robot_interfaces/srv
[3.621s] -- Up-to-date: /ulstu/ros2_ws/install/robot_interfaces/include/robot_interfaces/robot_interfaces/srv/detail
[3.621s] -- Installing: /ulstu/ros2_ws/install/robot_interfaces/include/robot_interfaces/robot_interfaces/srv/detail/pose_service__rosidl_typesupport_fastrtps_c.h
[3.621s] -- Up-to-date: /ulstu/ros2_ws/install/robot_interfaces/include/robot_interfaces/robot_interfaces/msg
[3.621s] -- Up-to-date: /ulstu/ros2_ws/install/robot_interfaces/include/robot_interfaces/robot_interfaces/msg/detail
[3.621s] -- Installing: /ulstu/ros2_ws/install/robot_interfaces/include/robot_interfaces/robot_interfaces/msg/detail/ego_pose__rosidl_typesupport_fastrtps_c.h
[3.621s] -- Installing: /ulstu/ros2_ws/install/robot_interfaces/include/robot_interfaces/robot_interfaces/msg/rosidl_typesupport_fastrtps_c__visibility_control.h
[3.622s] -- Installing: /ulstu/ros2_ws/install/robot_interfaces/lib/librobot_interfaces__rosidl_typesupport_fastrtps_c.so
[3.622s] -- Set runtime path of "/ulstu/ros2_ws/install/robot_interfaces/lib/librobot_interfaces__rosidl_typesupport_fastrtps_c.so" to ""
[3.622s] -- Up-to-date: /ulstu/ros2_ws/install/robot_interfaces/include/robot_interfaces/robot_interfaces
[3.622s] -- Up-to-date: /ulstu/ros2_ws/install/robot_interfaces/include/robot_interfaces/robot_interfaces/srv
[3.622s] -- Up-to-date: /ulstu/ros2_ws/install/robot_interfaces/include/robot_interfaces/robot_interfaces/srv/detail
[3.622s] -- Installing: /ulstu/ros2_ws/install/robot_interfaces/include/robot_interfaces/robot_interfaces/srv/detail/pose_service__struct.hpp
[3.622s] -- Installing: /ulstu/ros2_ws/install/robot_interfaces/include/robot_interfaces/robot_interfaces/srv/detail/pose_service__builder.hpp
[3.623s] -- Installing: /ulstu/ros2_ws/install/robot_interfaces/include/robot_interfaces/robot_interfaces/srv/detail/pose_service__traits.hpp
[3.623s] -- Installing: /ulstu/ros2_ws/install/robot_interfaces/include/robot_interfaces/robot_interfaces/srv/pose_service.hpp
[3.623s] -- Up-to-date: /ulstu/ros2_ws/install/robot_interfaces/include/robot_interfaces/robot_interfaces/msg
[3.623s] -- Installing: /ulstu/ros2_ws/install/robot_interfaces/include/robot_interfaces/robot_interfaces/msg/ego_pose.hpp
[3.623s] -- Up-to-date: /ulstu/ros2_ws/install/robot_interfaces/include/robot_interfaces/robot_interfaces/msg/detail
[3.623s] -- Installing: /ulstu/ros2_ws/install/robot_interfaces/include/robot_interfaces/robot_interfaces/msg/detail/ego_pose__struct.hpp
[3.624s] -- Installing: /ulstu/ros2_ws/install/robot_interfaces/include/robot_interfaces/robot_interfaces/msg/detail/ego_pose__builder.hpp
[3.624s] -- Installing: /ulstu/ros2_ws/install/robot_interfaces/include/robot_interfaces/robot_interfaces/msg/detail/ego_pose__traits.hpp
[3.624s] -- Up-to-date: /ulstu/ros2_ws/install/robot_interfaces/include/robot_interfaces/robot_interfaces
[3.624s] -- Up-to-date: /ulstu/ros2_ws/install/robot_interfaces/include/robot_interfaces/robot_interfaces/srv
[3.624s] -- Up-to-date: /ulstu/ros2_ws/install/robot_interfaces/include/robot_interfaces/robot_interfaces/srv/detail
[3.624s] -- Installing: /ulstu/ros2_ws/install/robot_interfaces/include/robot_interfaces/robot_interfaces/srv/detail/dds_fastrtps
[3.624s] -- Installing: /ulstu/ros2_ws/install/robot_interfaces/include/robot_interfaces/robot_interfaces/srv/detail/pose_service__rosidl_typesupport_fastrtps_cpp.hpp
[3.624s] -- Up-to-date: /ulstu/ros2_ws/install/robot_interfaces/include/robot_interfaces/robot_interfaces/msg
[3.624s] -- Installing: /ulstu/ros2_ws/install/robot_interfaces/include/robot_interfaces/robot_interfaces/msg/rosidl_typesupport_fastrtps_cpp__visibility_control.h
[3.625s] -- Up-to-date: /ulstu/ros2_ws/install/robot_interfaces/include/robot_interfaces/robot_interfaces/msg/detail
[3.625s] -- Installing: /ulstu/ros2_ws/install/robot_interfaces/include/robot_interfaces/robot_interfaces/msg/detail/ego_pose__rosidl_typesupport_fastrtps_cpp.hpp
[3.625s] -- Installing: /ulstu/ros2_ws/install/robot_interfaces/include/robot_interfaces/robot_interfaces/msg/detail/dds_fastrtps
[3.625s] -- Installing: /ulstu/ros2_ws/install/robot_interfaces/lib/librobot_interfaces__rosidl_typesupport_fastrtps_cpp.so
[3.626s] -- Set runtime path of "/ulstu/ros2_ws/install/robot_interfaces/lib/librobot_interfaces__rosidl_typesupport_fastrtps_cpp.so" to ""
[3.626s] -- Up-to-date: /ulstu/ros2_ws/install/robot_interfaces/include/robot_interfaces/robot_interfaces
[3.626s] -- Up-to-date: /ulstu/ros2_ws/install/robot_interfaces/include/robot_interfaces/robot_interfaces/srv
[3.626s] -- Up-to-date: /ulstu/ros2_ws/install/robot_interfaces/include/robot_interfaces/robot_interfaces/srv/detail
[3.626s] -- Installing: /ulstu/ros2_ws/install/robot_interfaces/include/robot_interfaces/robot_interfaces/srv/detail/pose_service__rosidl_typesupport_introspection_c.h
[3.626s] -- Installing: /ulstu/ros2_ws/install/robot_interfaces/include/robot_interfaces/robot_interfaces/srv/detail/pose_service__type_support.c
[3.626s] -- Up-to-date: /ulstu/ros2_ws/install/robot_interfaces/include/robot_interfaces/robot_interfaces/msg
[3.626s] -- Installing: /ulstu/ros2_ws/install/robot_interfaces/include/robot_interfaces/robot_interfaces/msg/rosidl_typesupport_introspection_c__visibility_control.h
[3.626s] -- Up-to-date: /ulstu/ros2_ws/install/robot_interfaces/include/robot_interfaces/robot_interfaces/msg/detail
[3.626s] -- Installing: /ulstu/ros2_ws/install/robot_interfaces/include/robot_interfaces/robot_interfaces/msg/detail/ego_pose__type_support.c
[3.627s] -- Installing: /ulstu/ros2_ws/install/robot_interfaces/include/robot_interfaces/robot_interfaces/msg/detail/ego_pose__rosidl_typesupport_introspection_c.h
[3.627s] -- Installing: /ulstu/ros2_ws/install/robot_interfaces/lib/librobot_interfaces__rosidl_typesupport_introspection_c.so
[3.627s] -- Set runtime path of "/ulstu/ros2_ws/install/robot_interfaces/lib/librobot_interfaces__rosidl_typesupport_introspection_c.so" to ""
[3.627s] -- Installing: /ulstu/ros2_ws/install/robot_interfaces/lib/librobot_interfaces__rosidl_typesupport_c.so
[3.628s] -- Set runtime path of "/ulstu/ros2_ws/install/robot_interfaces/lib/librobot_interfaces__rosidl_typesupport_c.so" to ""
[3.628s] -- Up-to-date: /ulstu/ros2_ws/install/robot_interfaces/include/robot_interfaces/robot_interfaces
[3.628s] -- Up-to-date: /ulstu/ros2_ws/install/robot_interfaces/include/robot_interfaces/robot_interfaces/srv
[3.628s] -- Up-to-date: /ulstu/ros2_ws/install/robot_interfaces/include/robot_interfaces/robot_interfaces/srv/detail
[3.628s] -- Installing: /ulstu/ros2_ws/install/robot_interfaces/include/robot_interfaces/robot_interfaces/srv/detail/pose_service__rosidl_typesupport_introspection_cpp.hpp
[3.628s] -- Installing: /ulstu/ros2_ws/install/robot_interfaces/include/robot_interfaces/robot_interfaces/srv/detail/pose_service__type_support.cpp
[3.628s] -- Up-to-date: /ulstu/ros2_ws/install/robot_interfaces/include/robot_interfaces/robot_interfaces/msg
[3.628s] -- Up-to-date: /ulstu/ros2_ws/install/robot_interfaces/include/robot_interfaces/robot_interfaces/msg/detail
[3.629s] -- Installing: /ulstu/ros2_ws/install/robot_interfaces/include/robot_interfaces/robot_interfaces/msg/detail/ego_pose__type_support.cpp
[3.629s] -- Installing: /ulstu/ros2_ws/install/robot_interfaces/include/robot_interfaces/robot_interfaces/msg/detail/ego_pose__rosidl_typesupport_introspection_cpp.hpp
[3.629s] -- Installing: /ulstu/ros2_ws/install/robot_interfaces/lib/librobot_interfaces__rosidl_typesupport_introspection_cpp.so
[3.629s] -- Set runtime path of "/ulstu/ros2_ws/install/robot_interfaces/lib/librobot_interfaces__rosidl_typesupport_introspection_cpp.so" to ""
[3.629s] -- Installing: /ulstu/ros2_ws/install/robot_interfaces/lib/librobot_interfaces__rosidl_typesupport_cpp.so
[3.630s] -- Set runtime path of "/ulstu/ros2_ws/install/robot_interfaces/lib/librobot_interfaces__rosidl_typesupport_cpp.so" to ""
[3.630s] -- Installing: /ulstu/ros2_ws/install/robot_interfaces/share/robot_interfaces/environment/pythonpath.sh
[3.630s] -- Installing: /ulstu/ros2_ws/install/robot_interfaces/share/robot_interfaces/environment/pythonpath.dsv
[3.630s] -- Installing: /ulstu/ros2_ws/install/robot_interfaces/local/lib/python3.10/dist-packages/robot_interfaces-0.0.0-py3.10.egg-info
[3.631s] -- Installing: /ulstu/ros2_ws/install/robot_interfaces/local/lib/python3.10/dist-packages/robot_interfaces-0.0.0-py3.10.egg-info/SOURCES.txt
[3.631s] -- Installing: /ulstu/ros2_ws/install/robot_interfaces/local/lib/python3.10/dist-packages/robot_interfaces-0.0.0-py3.10.egg-info/dependency_links.txt
[3.631s] -- Installing: /ulstu/ros2_ws/install/robot_interfaces/local/lib/python3.10/dist-packages/robot_interfaces-0.0.0-py3.10.egg-info/top_level.txt
[3.631s] -- Installing: /ulstu/ros2_ws/install/robot_interfaces/local/lib/python3.10/dist-packages/robot_interfaces-0.0.0-py3.10.egg-info/PKG-INFO
[3.631s] -- Installing: /ulstu/ros2_ws/install/robot_interfaces/local/lib/python3.10/dist-packages/robot_interfaces
[3.631s] -- Installing: /ulstu/ros2_ws/install/robot_interfaces/local/lib/python3.10/dist-packages/robot_interfaces/__init__.py
[3.632s] -- Installing: /ulstu/ros2_ws/install/robot_interfaces/local/lib/python3.10/dist-packages/robot_interfaces/_robot_interfaces_s.ep.rosidl_typesupport_c.c
[3.632s] -- Installing: /ulstu/ros2_ws/install/robot_interfaces/local/lib/python3.10/dist-packages/robot_interfaces/srv
[3.632s] -- Installing: /ulstu/ros2_ws/install/robot_interfaces/local/lib/python3.10/dist-packages/robot_interfaces/srv/__init__.py
[3.632s] -- Installing: /ulstu/ros2_ws/install/robot_interfaces/local/lib/python3.10/dist-packages/robot_interfaces/srv/_pose_service.py
[3.632s] -- Installing: /ulstu/ros2_ws/install/robot_interfaces/local/lib/python3.10/dist-packages/robot_interfaces/srv/_pose_service_s.c
[3.632s] -- Installing: /ulstu/ros2_ws/install/robot_interfaces/local/lib/python3.10/dist-packages/robot_interfaces/robot_interfaces_s__rosidl_typesupport_introspection_c.cpython-310-x86_64-linux-gnu.so
[3.633s] -- Installing: /ulstu/ros2_ws/install/robot_interfaces/local/lib/python3.10/dist-packages/robot_interfaces/robot_interfaces_s__rosidl_typesupport_fastrtps_c.cpython-310-x86_64-linux-gnu.so
[3.633s] -- Installing: /ulstu/ros2_ws/install/robot_interfaces/local/lib/python3.10/dist-packages/robot_interfaces/msg
[3.633s] -- Installing: /ulstu/ros2_ws/install/robot_interfaces/local/lib/python3.10/dist-packages/robot_interfaces/msg/__init__.py
[3.633s] -- Installing: /ulstu/ros2_ws/install/robot_interfaces/local/lib/python3.10/dist-packages/robot_interfaces/msg/_ego_pose.py
[3.633s] -- Installing: /ulstu/ros2_ws/install/robot_interfaces/local/lib/python3.10/dist-packages/robot_interfaces/msg/_ego_pose_s.c
[3.634s] -- Installing: /ulstu/ros2_ws/install/robot_interfaces/local/lib/python3.10/dist-packages/robot_interfaces/librobot_interfaces__rosidl_generator_py.so
[3.634s] -- Installing: /ulstu/ros2_ws/install/robot_interfaces/local/lib/python3.10/dist-packages/robot_interfaces/_robot_interfaces_s.ep.rosidl_typesupport_introspection_c.c
[3.634s] -- Installing: /ulstu/ros2_ws/install/robot_interfaces/local/lib/python3.10/dist-packages/robot_interfaces/_robot_interfaces_s.ep.rosidl_typesupport_fastrtps_c.c
[3.634s] -- Installing: /ulstu/ros2_ws/install/robot_interfaces/local/lib/python3.10/dist-packages/robot_interfaces/robot_interfaces_s__rosidl_typesupport_c.cpython-310-x86_64-linux-gnu.so
[3.662s] Listing '/ulstu/ros2_ws/install/robot_interfaces/local/lib/python3.10/dist-packages/robot_interfaces'...
[3.662s] Compiling '/ulstu/ros2_ws/install/robot_interfaces/local/lib/python3.10/dist-packages/robot_interfaces/__init__.py'...
[3.662s] Listing '/ulstu/ros2_ws/install/robot_interfaces/local/lib/python3.10/dist-packages/robot_interfaces/msg'...
[3.662s] Compiling '/ulstu/ros2_ws/install/robot_interfaces/local/lib/python3.10/dist-packages/robot_interfaces/msg/__init__.py'...
[3.662s] Compiling '/ulstu/ros2_ws/install/robot_interfaces/local/lib/python3.10/dist-packages/robot_interfaces/msg/_ego_pose.py'...
[3.662s] Listing '/ulstu/ros2_ws/install/robot_interfaces/local/lib/python3.10/dist-packages/robot_interfaces/srv'...
[3.662s] Compiling '/ulstu/ros2_ws/install/robot_interfaces/local/lib/python3.10/dist-packages/robot_interfaces/srv/__init__.py'...
[3.662s] Compiling '/ulstu/ros2_ws/install/robot_interfaces/local/lib/python3.10/dist-packages/robot_interfaces/srv/_pose_service.py'...
[3.665s] -- Installing: /ulstu/ros2_ws/install/robot_interfaces/local/lib/python3.10/dist-packages/robot_interfaces/robot_interfaces_s__rosidl_typesupport_fastrtps_c.cpython-310-x86_64-linux-gnu.so
[3.666s] -- Set runtime path of "/ulstu/ros2_ws/install/robot_interfaces/local/lib/python3.10/dist-packages/robot_interfaces/robot_interfaces_s__rosidl_typesupport_fastrtps_c.cpython-310-x86_64-linux-gnu.so" to ""
[3.666s] -- Installing: /ulstu/ros2_ws/install/robot_interfaces/local/lib/python3.10/dist-packages/robot_interfaces/robot_interfaces_s__rosidl_typesupport_introspection_c.cpython-310-x86_64-linux-gnu.so
[3.666s] -- Set runtime path of "/ulstu/ros2_ws/install/robot_interfaces/local/lib/python3.10/dist-packages/robot_interfaces/robot_interfaces_s__rosidl_typesupport_introspection_c.cpython-310-x86_64-linux-gnu.so" to ""
[3.666s] -- Installing: /ulstu/ros2_ws/install/robot_interfaces/local/lib/python3.10/dist-packages/robot_interfaces/robot_interfaces_s__rosidl_typesupport_c.cpython-310-x86_64-linux-gnu.so
[3.667s] -- Set runtime path of "/ulstu/ros2_ws/install/robot_interfaces/local/lib/python3.10/dist-packages/robot_interfaces/robot_interfaces_s__rosidl_typesupport_c.cpython-310-x86_64-linux-gnu.so" to ""
[3.667s] -- Installing: /ulstu/ros2_ws/install/robot_interfaces/lib/librobot_interfaces__rosidl_generator_py.so
[3.667s] -- Set runtime path of "/ulstu/ros2_ws/install/robot_interfaces/lib/librobot_interfaces__rosidl_generator_py.so" to ""
[3.668s] -- Installing: /ulstu/ros2_ws/install/robot_interfaces/share/robot_interfaces/msg/EgoPose.idl
[3.668s] -- Installing: /ulstu/ros2_ws/install/robot_interfaces/share/robot_interfaces/srv/PoseService.idl
[3.668s] -- Installing: /ulstu/ros2_ws/install/robot_interfaces/share/robot_interfaces/msg/EgoPose.msg
[3.668s] -- Installing: /ulstu/ros2_ws/install/robot_interfaces/share/robot_interfaces/srv/PoseService.srv
[3.668s] -- Installing: /ulstu/ros2_ws/install/robot_interfaces/share/robot_interfaces/srv/PoseService_Request.msg
[3.669s] -- Installing: /ulstu/ros2_ws/install/robot_interfaces/share/robot_interfaces/srv/PoseService_Response.msg
[3.669s] -- Installing: /ulstu/ros2_ws/install/robot_interfaces/share/ament_index/resource_index/package_run_dependencies/robot_interfaces
[3.669s] -- Installing: /ulstu/ros2_ws/install/robot_interfaces/share/ament_index/resource_index/parent_prefix_path/robot_interfaces
[3.669s] -- Installing: /ulstu/ros2_ws/install/robot_interfaces/share/robot_interfaces/environment/ament_prefix_path.sh
[3.670s] -- Installing: /ulstu/ros2_ws/install/robot_interfaces/share/robot_interfaces/environment/ament_prefix_path.dsv
[3.670s] -- Installing: /ulstu/ros2_ws/install/robot_interfaces/share/robot_interfaces/environment/path.sh
[3.670s] -- Installing: /ulstu/ros2_ws/install/robot_interfaces/share/robot_interfaces/environment/path.dsv
[3.670s] -- Installing: /ulstu/ros2_ws/install/robot_interfaces/share/robot_interfaces/local_setup.bash
[3.670s] -- Installing: /ulstu/ros2_ws/install/robot_interfaces/share/robot_interfaces/local_setup.sh
[3.671s] -- Installing: /ulstu/ros2_ws/install/robot_interfaces/share/robot_interfaces/local_setup.zsh
[3.671s] -- Installing: /ulstu/ros2_ws/install/robot_interfaces/share/robot_interfaces/local_setup.dsv
[3.671s] -- Installing: /ulstu/ros2_ws/install/robot_interfaces/share/robot_interfaces/package.dsv
[3.671s] -- Installing: /ulstu/ros2_ws/install/robot_interfaces/share/ament_index/resource_index/packages/robot_interfaces
[3.672s] -- Installing: /ulstu/ros2_ws/install/robot_interfaces/share/robot_interfaces/cmake/export_robot_interfaces__rosidl_generator_cExport.cmake
[3.672s] -- Installing: /ulstu/ros2_ws/install/robot_interfaces/share/robot_interfaces/cmake/export_robot_interfaces__rosidl_generator_cExport-noconfig.cmake
[3.672s] -- Installing: /ulstu/ros2_ws/install/robot_interfaces/share/robot_interfaces/cmake/export_robot_interfaces__rosidl_typesupport_fastrtps_cExport.cmake
[3.672s] -- Installing: /ulstu/ros2_ws/install/robot_interfaces/share/robot_interfaces/cmake/export_robot_interfaces__rosidl_typesupport_fastrtps_cExport-noconfig.cmake
[3.672s] -- Installing: /ulstu/ros2_ws/install/robot_interfaces/share/robot_interfaces/cmake/export_robot_interfaces__rosidl_generator_cppExport.cmake
[3.673s] -- Installing: /ulstu/ros2_ws/install/robot_interfaces/share/robot_interfaces/cmake/export_robot_interfaces__rosidl_typesupport_fastrtps_cppExport.cmake
[3.673s] -- Installing: /ulstu/ros2_ws/install/robot_interfaces/share/robot_interfaces/cmake/export_robot_interfaces__rosidl_typesupport_fastrtps_cppExport-noconfig.cmake
[3.673s] -- Installing: /ulstu/ros2_ws/install/robot_interfaces/share/robot_interfaces/cmake/robot_interfaces__rosidl_typesupport_introspection_cExport.cmake
[3.673s] -- Installing: /ulstu/ros2_ws/install/robot_interfaces/share/robot_interfaces/cmake/robot_interfaces__rosidl_typesupport_introspection_cExport-noconfig.cmake
[3.674s] -- Installing: /ulstu/ros2_ws/install/robot_interfaces/share/robot_interfaces/cmake/robot_interfaces__rosidl_typesupport_cExport.cmake
[3.674s] -- Installing: /ulstu/ros2_ws/install/robot_interfaces/share/robot_interfaces/cmake/robot_interfaces__rosidl_typesupport_cExport-noconfig.cmake
[3.674s] -- Installing: /ulstu/ros2_ws/install/robot_interfaces/share/robot_interfaces/cmake/robot_interfaces__rosidl_typesupport_introspection_cppExport.cmake
[3.674s] -- Installing: /ulstu/ros2_ws/install/robot_interfaces/share/robot_interfaces/cmake/robot_interfaces__rosidl_typesupport_introspection_cppExport-noconfig.cmake
[3.674s] -- Installing: /ulstu/ros2_ws/install/robot_interfaces/share/robot_interfaces/cmake/robot_interfaces__rosidl_typesupport_cppExport.cmake
[3.675s] -- Installing: /ulstu/ros2_ws/install/robot_interfaces/share/robot_interfaces/cmake/robot_interfaces__rosidl_typesupport_cppExport-noconfig.cmake
[3.675s] -- Installing: /ulstu/ros2_ws/install/robot_interfaces/share/robot_interfaces/cmake/export_robot_interfaces__rosidl_generator_pyExport.cmake
[3.675s] -- Installing: /ulstu/ros2_ws/install/robot_interfaces/share/robot_interfaces/cmake/export_robot_interfaces__rosidl_generator_pyExport-noconfig.cmake
[3.675s] -- Installing: /ulstu/ros2_ws/install/robot_interfaces/share/robot_interfaces/cmake/rosidl_cmake-extras.cmake
[3.675s] -- Installing: /ulstu/ros2_ws/install/robot_interfaces/share/robot_interfaces/cmake/ament_cmake_export_dependencies-extras.cmake
[3.676s] -- Installing: /ulstu/ros2_ws/install/robot_interfaces/share/robot_interfaces/cmake/ament_cmake_export_include_directories-extras.cmake
[3.676s] -- Installing: /ulstu/ros2_ws/install/robot_interfaces/share/robot_interfaces/cmake/ament_cmake_export_libraries-extras.cmake
[3.676s] -- Installing: /ulstu/ros2_ws/install/robot_interfaces/share/robot_interfaces/cmake/ament_cmake_export_targets-extras.cmake
[3.676s] -- Installing: /ulstu/ros2_ws/install/robot_interfaces/share/robot_interfaces/cmake/rosidl_cmake_export_typesupport_targets-extras.cmake
[3.676s] -- Installing: /ulstu/ros2_ws/install/robot_interfaces/share/robot_interfaces/cmake/rosidl_cmake_export_typesupport_libraries-extras.cmake
[3.677s] -- Installing: /ulstu/ros2_ws/install/robot_interfaces/share/robot_interfaces/cmake/robot_interfacesConfig.cmake
[3.677s] -- Installing: /ulstu/ros2_ws/install/robot_interfaces/share/robot_interfaces/cmake/robot_interfacesConfig-version.cmake
[3.677s] -- Installing: /ulstu/ros2_ws/install/robot_interfaces/share/robot_interfaces/package.xml
[3.680s] Invoked command in '/ulstu/ros2_ws/build/robot_interfaces' returned '0': CMAKE_PREFIX_PATH=/opt/ros/humble /usr/bin/cmake --install /ulstu/ros2_ws/build/robot_interfaces
