[0.011s] Invoking command in '/ulstu/ros2_ws/src/build/pcl_tutorial': CMAKE_PREFIX_PATH=${CMAKE_PREFIX_PATH}:/ulstu/ros2_ws/install/webots_ros2_suv:/opt/ros/humble /usr/bin/cmake /ulstu/ros2_ws/src/pcl_tutorial/pcl_tutorial -DCMAKE_INSTALL_PREFIX=/ulstu/ros2_ws/src/install/pcl_tutorial
[0.022s] -- Found ament_cmake: 1.3.10 (/opt/ros/humble/share/ament_cmake/cmake)
[0.134s] -- Found rclcpp: 16.0.10 (/opt/ros/humble/share/rclcpp/cmake)
[0.178s] -- Found rosidl_generator_c: 3.1.5 (/opt/ros/humble/share/rosidl_generator_c/cmake)
[0.180s] -- Found rosidl_adapter: 3.1.5 (/opt/ros/humble/share/rosidl_adapter/cmake)
[0.185s] -- Found rosidl_generator_cpp: 3.1.5 (/opt/ros/humble/share/rosidl_generator_cpp/cmake)
[0.194s] -- Using all available rosidl_typesupport_c: rosidl_typesupport_fastrtps_c;rosidl_typesupport_introspection_c
[0.205s] -- Using all available rosidl_typesupport_cpp: rosidl_typesupport_fastrtps_cpp;rosidl_typesupport_introspection_cpp
[0.234s] -- Found rmw_implementation_cmake: 6.1.2 (/opt/ros/humble/share/rmw_implementation_cmake/cmake)
[0.235s] -- Found rmw_cyclonedds_cpp: 1.3.4 (/opt/ros/humble/share/rmw_cyclonedds_cpp/cmake)
[0.251s] -- Using RMW implementation 'rmw_cyclonedds_cpp' as default
[0.298s] -- Found sensor_msgs: 4.2.4 (/opt/ros/humble/share/sensor_msgs/cmake)
[0.326s] -- Found visualization_msgs: 4.2.4 (/opt/ros/humble/share/visualization_msgs/cmake)
[0.344s] -- Found vision_msgs: 4.1.1 (/opt/ros/humble/share/vision_msgs/cmake)
[0.357s] -- Found tf2_ros: 0.25.7 (/opt/ros/humble/share/tf2_ros/cmake)
[0.453s] [31mCMake Error at CMakeLists.txt:27 (find_package):
[0.453s]   By not providing "Findpcl_ros.cmake" in CMAKE_MODULE_PATH this project has
[0.453s]   asked CMake to find a package configuration file provided by "pcl_ros", but
[0.453s]   CMake did not find one.
[0.453s] 
[0.453s]   Could not find a package configuration file provided by "pcl_ros" with any
[0.453s]   of the following names:
[0.454s] 
[0.454s]     pcl_rosConfig.cmake
[0.454s]     pcl_ros-config.cmake
[0.454s] 
[0.454s]   Add the installation prefix of "pcl_ros" to CMAKE_PREFIX_PATH or set
[0.454s]   "pcl_ros_DIR" to a directory containing one of the above files.  If
[0.454s]   "pcl_ros" provides a separate development package or SDK, be sure it has
[0.454s]   been installed.
[0.454s] 
[0.454s] [0m
[0.454s] -- Configuring incomplete, errors occurred!
[0.455s] See also "/ulstu/ros2_ws/src/build/pcl_tutorial/CMakeFiles/CMakeOutput.log".
[0.459s] Invoked command in '/ulstu/ros2_ws/src/build/pcl_tutorial' returned '1': CMAKE_PREFIX_PATH=${CMAKE_PREFIX_PATH}:/ulstu/ros2_ws/install/webots_ros2_suv:/opt/ros/humble /usr/bin/cmake /ulstu/ros2_ws/src/pcl_tutorial/pcl_tutorial -DCMAKE_INSTALL_PREFIX=/ulstu/ros2_ws/src/install/pcl_tutorial
