[24/Dec/2024:18:40:06] ENGINE Bus STARTING
[24/Dec/2024:18:40:06] ENGINE Started monitor thread 'Autoreloader'.
[24/Dec/2024:18:40:07] ENGINE Serving on http://0.0.0.0:8008
[24/Dec/2024:18:40:07] ENGINE Bus STARTED
[24/Dec/2024:18:41:48] ENGINE Bus STARTING
[24/Dec/2024:18:41:48] ENGINE Started monitor thread 'Autoreloader'.
[24/Dec/2024:18:41:48] ENGINE Serving on http://0.0.0.0:8008
[24/Dec/2024:18:41:48] ENGINE Bus STARTED
[24/Dec/2024:18:53:00] ENGINE Bus STARTING
[24/Dec/2024:18:53:00] ENGINE Started monitor thread 'Autoreloader'.
[24/Dec/2024:18:53:00] ENGINE Serving on http://0.0.0.0:8008
[24/Dec/2024:18:53:00] ENGINE Bus STARTED
[24/Dec/2024:18:58:38] ENGINE Bus STARTING
[24/Dec/2024:18:58:38] ENGINE Started monitor thread 'Autoreloader'.
[24/Dec/2024:18:58:39] ENGINE Serving on http://0.0.0.0:8008
[24/Dec/2024:18:58:39] ENGINE Bus STARTED
[24/Dec/2024:19:51:55] ENGINE Bus STARTING
[24/Dec/2024:19:51:55] ENGINE Started monitor thread 'Autoreloader'.
[24/Dec/2024:19:51:55] ENGINE Serving on http://0.0.0.0:8008
[24/Dec/2024:19:51:55] ENGINE Bus STARTED
[24/Dec/2024:19:52:59] ENGINE Bus STOPPING
[24/Dec/2024:19:53:00] ENGINE HTTP Server cherrypy._cpwsgi_server.CPWSGIServer(('0.0.0.0', 8008)) shut down
[24/Dec/2024:19:53:00] ENGINE Stopped thread 'Autoreloader'.
[24/Dec/2024:19:53:00] ENGINE Bus STOPPED
[24/Dec/2024:19:53:00] ENGINE Bus EXITING
[24/Dec/2024:19:53:00] ENGINE Bus EXITED
[24/Dec/2024:19:53:05] ENGINE Bus STARTING
[24/Dec/2024:19:53:05] ENGINE Started monitor thread 'Autoreloader'.
[24/Dec/2024:19:53:05] ENGINE Serving on http://0.0.0.0:8008
[24/Dec/2024:19:53:05] ENGINE Bus STARTED
[24/Dec/2024:19:54:23] ENGINE Bus STARTING
[24/Dec/2024:19:54:23] ENGINE Started monitor thread 'Autoreloader'.
[24/Dec/2024:19:54:23] ENGINE Serving on http://0.0.0.0:8008
[24/Dec/2024:19:54:23] ENGINE Bus STARTED
[24/Dec/2024:21:48:20] HTTP 
Traceback (most recent call last):
  File "/usr/local/lib/python3.10/dist-packages/cherrypy/_cprequest.py", line 659, in respond
    self._do_respond(path_info)
  File "/usr/local/lib/python3.10/dist-packages/cherrypy/_cprequest.py", line 718, in _do_respond
    response.body = self.handler()
  File "/usr/local/lib/python3.10/dist-packages/cherrypy/lib/encoding.py", line 223, in __call__
    self.body = self.oldhandler(*args, **kwargs)
  File "/usr/local/lib/python3.10/dist-packages/cherrypy/lib/jsontools.py", line 59, in json_handler
    value = cherrypy.serving.request._json_inner_handler(*args, **kwargs)
  File "/usr/local/lib/python3.10/dist-packages/cherrypy/_cpdispatch.py", line 54, in __call__
    return self.callable(*self.args, **self.kwargs)
  File "/ulstu/ros2_ws/install/webots_ros2_suv/lib/python3.10/site-packages/webots_ros2_suv/lib/map_server.py", line 134, in get_params
    if self.world_model.params is None:
AttributeError: 'WorldModel' object has no attribute 'params'
[24/Dec/2024:21:48:20] HTTP 
Request Headers:
  Remote-Addr: 172.17.0.1
  HOST: localhost:8008
  USER-AGENT: Mozilla/5.0 (X11; Ubuntu; Linux x86_64; rv:109.0) Gecko/20100101 Firefox/110.0
  ACCEPT: application/json, text/javascript, */*; q=0.01
  ACCEPT-LANGUAGE: en-US,en;q=0.5
  ACCEPT-ENCODING: gzip, deflate, br
  X-REQUESTED-WITH: XMLHttpRequest
  DNT: 1
  CONNECTION: keep-alive
  REFERER: http://localhost:8008/static/index.html
  SEC-FETCH-DEST: empty
  SEC-FETCH-MODE: cors
  SEC-FETCH-SITE: same-origin
[24/Dec/2024:21:48:20] HTTP 
Traceback (most recent call last):
  File "/usr/local/lib/python3.10/dist-packages/cherrypy/_cprequest.py", line 659, in respond
    self._do_respond(path_info)
  File "/usr/local/lib/python3.10/dist-packages/cherrypy/_cprequest.py", line 718, in _do_respond
    response.body = self.handler()
  File "/usr/local/lib/python3.10/dist-packages/cherrypy/lib/encoding.py", line 223, in __call__
    self.body = self.oldhandler(*args, **kwargs)
  File "/usr/local/lib/python3.10/dist-packages/cherrypy/lib/jsontools.py", line 59, in json_handler
    value = cherrypy.serving.request._json_inner_handler(*args, **kwargs)
  File "/usr/local/lib/python3.10/dist-packages/cherrypy/_cpdispatch.py", line 54, in __call__
    return self.callable(*self.args, **self.kwargs)
  File "/ulstu/ros2_ws/install/webots_ros2_suv/lib/python3.10/site-packages/webots_ros2_suv/lib/map_server.py", line 134, in get_params
    if self.world_model.params is None:
AttributeError: 'WorldModel' object has no attribute 'params'
[24/Dec/2024:21:48:20] HTTP 
Request Headers:
  Remote-Addr: 172.17.0.1
  HOST: localhost:8008
  USER-AGENT: Mozilla/5.0 (X11; Ubuntu; Linux x86_64; rv:109.0) Gecko/20100101 Firefox/110.0
  ACCEPT: application/json, text/javascript, */*; q=0.01
  ACCEPT-LANGUAGE: en-US,en;q=0.5
  ACCEPT-ENCODING: gzip, deflate, br
  X-REQUESTED-WITH: XMLHttpRequest
  DNT: 1
  CONNECTION: keep-alive
  REFERER: http://localhost:8008/static/index.html
  SEC-FETCH-DEST: empty
  SEC-FETCH-MODE: cors
  SEC-FETCH-SITE: same-origin
[24/Dec/2024:21:48:21] HTTP 
Traceback (most recent call last):
  File "/usr/local/lib/python3.10/dist-packages/cherrypy/_cprequest.py", line 659, in respond
    self._do_respond(path_info)
  File "/usr/local/lib/python3.10/dist-packages/cherrypy/_cprequest.py", line 718, in _do_respond
    response.body = self.handler()
  File "/usr/local/lib/python3.10/dist-packages/cherrypy/lib/encoding.py", line 223, in __call__
    self.body = self.oldhandler(*args, **kwargs)
  File "/usr/local/lib/python3.10/dist-packages/cherrypy/lib/jsontools.py", line 59, in json_handler
    value = cherrypy.serving.request._json_inner_handler(*args, **kwargs)
  File "/usr/local/lib/python3.10/dist-packages/cherrypy/_cpdispatch.py", line 54, in __call__
    return self.callable(*self.args, **self.kwargs)
  File "/ulstu/ros2_ws/install/webots_ros2_suv/lib/python3.10/site-packages/webots_ros2_suv/lib/map_server.py", line 134, in get_params
    if self.world_model.params is None:
AttributeError: 'WorldModel' object has no attribute 'params'
[24/Dec/2024:21:48:21] HTTP 
Request Headers:
  Remote-Addr: 172.17.0.1
  HOST: localhost:8008
  USER-AGENT: Mozilla/5.0 (X11; Ubuntu; Linux x86_64; rv:109.0) Gecko/20100101 Firefox/110.0
  ACCEPT: application/json, text/javascript, */*; q=0.01
  ACCEPT-LANGUAGE: en-US,en;q=0.5
  ACCEPT-ENCODING: gzip, deflate, br
  X-REQUESTED-WITH: XMLHttpRequest
  DNT: 1
  CONNECTION: keep-alive
  REFERER: http://localhost:8008/static/index.html
  SEC-FETCH-DEST: empty
  SEC-FETCH-MODE: cors
  SEC-FETCH-SITE: same-origin
[24/Dec/2024:21:48:22] HTTP 
Traceback (most recent call last):
  File "/usr/local/lib/python3.10/dist-packages/cherrypy/_cprequest.py", line 659, in respond
    self._do_respond(path_info)
  File "/usr/local/lib/python3.10/dist-packages/cherrypy/_cprequest.py", line 718, in _do_respond
    response.body = self.handler()
  File "/usr/local/lib/python3.10/dist-packages/cherrypy/lib/encoding.py", line 223, in __call__
    self.body = self.oldhandler(*args, **kwargs)
  File "/usr/local/lib/python3.10/dist-packages/cherrypy/lib/jsontools.py", line 59, in json_handler
    value = cherrypy.serving.request._json_inner_handler(*args, **kwargs)
  File "/usr/local/lib/python3.10/dist-packages/cherrypy/_cpdispatch.py", line 54, in __call__
    return self.callable(*self.args, **self.kwargs)
  File "/ulstu/ros2_ws/install/webots_ros2_suv/lib/python3.10/site-packages/webots_ros2_suv/lib/map_server.py", line 134, in get_params
    if self.world_model.params is None:
AttributeError: 'WorldModel' object has no attribute 'params'
[24/Dec/2024:21:48:22] HTTP 
Request Headers:
  Remote-Addr: 172.17.0.1
  HOST: localhost:8008
  USER-AGENT: Mozilla/5.0 (X11; Ubuntu; Linux x86_64; rv:109.0) Gecko/20100101 Firefox/110.0
  ACCEPT: application/json, text/javascript, */*; q=0.01
  ACCEPT-LANGUAGE: en-US,en;q=0.5
  ACCEPT-ENCODING: gzip, deflate, br
  X-REQUESTED-WITH: XMLHttpRequest
  DNT: 1
  CONNECTION: keep-alive
  REFERER: http://localhost:8008/static/index.html
  SEC-FETCH-DEST: empty
  SEC-FETCH-MODE: cors
  SEC-FETCH-SITE: same-origin
[24/Dec/2024:21:48:22] HTTP 
Traceback (most recent call last):
  File "/usr/local/lib/python3.10/dist-packages/cherrypy/_cprequest.py", line 659, in respond
    self._do_respond(path_info)
  File "/usr/local/lib/python3.10/dist-packages/cherrypy/_cprequest.py", line 718, in _do_respond
    response.body = self.handler()
  File "/usr/local/lib/python3.10/dist-packages/cherrypy/lib/encoding.py", line 223, in __call__
    self.body = self.oldhandler(*args, **kwargs)
  File "/usr/local/lib/python3.10/dist-packages/cherrypy/lib/jsontools.py", line 59, in json_handler
    value = cherrypy.serving.request._json_inner_handler(*args, **kwargs)
  File "/usr/local/lib/python3.10/dist-packages/cherrypy/_cpdispatch.py", line 54, in __call__
    return self.callable(*self.args, **self.kwargs)
  File "/ulstu/ros2_ws/install/webots_ros2_suv/lib/python3.10/site-packages/webots_ros2_suv/lib/map_server.py", line 134, in get_params
    if self.world_model.params is None:
AttributeError: 'WorldModel' object has no attribute 'params'
[24/Dec/2024:21:48:22] HTTP 
Request Headers:
  Remote-Addr: 172.17.0.1
  HOST: localhost:8008
  USER-AGENT: Mozilla/5.0 (X11; Ubuntu; Linux x86_64; rv:109.0) Gecko/20100101 Firefox/110.0
  ACCEPT: application/json, text/javascript, */*; q=0.01
  ACCEPT-LANGUAGE: en-US,en;q=0.5
  ACCEPT-ENCODING: gzip, deflate, br
  X-REQUESTED-WITH: XMLHttpRequest
  DNT: 1
  CONNECTION: keep-alive
  REFERER: http://localhost:8008/static/index.html
  SEC-FETCH-DEST: empty
  SEC-FETCH-MODE: cors
  SEC-FETCH-SITE: same-origin
[24/Dec/2024:21:48:23] HTTP 
Traceback (most recent call last):
  File "/usr/local/lib/python3.10/dist-packages/cherrypy/_cprequest.py", line 659, in respond
    self._do_respond(path_info)
  File "/usr/local/lib/python3.10/dist-packages/cherrypy/_cprequest.py", line 718, in _do_respond
    response.body = self.handler()
  File "/usr/local/lib/python3.10/dist-packages/cherrypy/lib/encoding.py", line 223, in __call__
    self.body = self.oldhandler(*args, **kwargs)
  File "/usr/local/lib/python3.10/dist-packages/cherrypy/lib/jsontools.py", line 59, in json_handler
    value = cherrypy.serving.request._json_inner_handler(*args, **kwargs)
  File "/usr/local/lib/python3.10/dist-packages/cherrypy/_cpdispatch.py", line 54, in __call__
    return self.callable(*self.args, **self.kwargs)
  File "/ulstu/ros2_ws/install/webots_ros2_suv/lib/python3.10/site-packages/webots_ros2_suv/lib/map_server.py", line 134, in get_params
    if self.world_model.params is None:
AttributeError: 'WorldModel' object has no attribute 'params'
[24/Dec/2024:21:48:23] HTTP 
Request Headers:
  Remote-Addr: 172.17.0.1
  HOST: localhost:8008
  USER-AGENT: Mozilla/5.0 (X11; Ubuntu; Linux x86_64; rv:109.0) Gecko/20100101 Firefox/110.0
  ACCEPT: application/json, text/javascript, */*; q=0.01
  ACCEPT-LANGUAGE: en-US,en;q=0.5
  ACCEPT-ENCODING: gzip, deflate, br
  X-REQUESTED-WITH: XMLHttpRequest
  DNT: 1
  CONNECTION: keep-alive
  REFERER: http://localhost:8008/static/index.html
  SEC-FETCH-DEST: empty
  SEC-FETCH-MODE: cors
  SEC-FETCH-SITE: same-origin
[24/Dec/2024:21:48:24] HTTP 
Traceback (most recent call last):
  File "/usr/local/lib/python3.10/dist-packages/cherrypy/_cprequest.py", line 659, in respond
    self._do_respond(path_info)
  File "/usr/local/lib/python3.10/dist-packages/cherrypy/_cprequest.py", line 718, in _do_respond
    response.body = self.handler()
  File "/usr/local/lib/python3.10/dist-packages/cherrypy/lib/encoding.py", line 223, in __call__
    self.body = self.oldhandler(*args, **kwargs)
  File "/usr/local/lib/python3.10/dist-packages/cherrypy/lib/jsontools.py", line 59, in json_handler
    value = cherrypy.serving.request._json_inner_handler(*args, **kwargs)
  File "/usr/local/lib/python3.10/dist-packages/cherrypy/_cpdispatch.py", line 54, in __call__
    return self.callable(*self.args, **self.kwargs)
  File "/ulstu/ros2_ws/install/webots_ros2_suv/lib/python3.10/site-packages/webots_ros2_suv/lib/map_server.py", line 134, in get_params
    if self.world_model.params is None:
AttributeError: 'WorldModel' object has no attribute 'params'
[24/Dec/2024:21:48:24] HTTP 
Request Headers:
  Remote-Addr: 172.17.0.1
  HOST: localhost:8008
  USER-AGENT: Mozilla/5.0 (X11; Ubuntu; Linux x86_64; rv:109.0) Gecko/20100101 Firefox/110.0
  ACCEPT: application/json, text/javascript, */*; q=0.01
  ACCEPT-LANGUAGE: en-US,en;q=0.5
  ACCEPT-ENCODING: gzip, deflate, br
  X-REQUESTED-WITH: XMLHttpRequest
  DNT: 1
  CONNECTION: keep-alive
  REFERER: http://localhost:8008/static/index.html
  SEC-FETCH-DEST: empty
  SEC-FETCH-MODE: cors
  SEC-FETCH-SITE: same-origin
[24/Dec/2024:21:48:25] HTTP 
Traceback (most recent call last):
  File "/usr/local/lib/python3.10/dist-packages/cherrypy/_cprequest.py", line 659, in respond
    self._do_respond(path_info)
  File "/usr/local/lib/python3.10/dist-packages/cherrypy/_cprequest.py", line 718, in _do_respond
    response.body = self.handler()
  File "/usr/local/lib/python3.10/dist-packages/cherrypy/lib/encoding.py", line 223, in __call__
    self.body = self.oldhandler(*args, **kwargs)
  File "/usr/local/lib/python3.10/dist-packages/cherrypy/lib/jsontools.py", line 59, in json_handler
    value = cherrypy.serving.request._json_inner_handler(*args, **kwargs)
  File "/usr/local/lib/python3.10/dist-packages/cherrypy/_cpdispatch.py", line 54, in __call__
    return self.callable(*self.args, **self.kwargs)
  File "/ulstu/ros2_ws/install/webots_ros2_suv/lib/python3.10/site-packages/webots_ros2_suv/lib/map_server.py", line 134, in get_params
    if self.world_model.params is None:
AttributeError: 'WorldModel' object has no attribute 'params'
[24/Dec/2024:21:48:25] HTTP 
Request Headers:
  Remote-Addr: 172.17.0.1
  HOST: localhost:8008
  USER-AGENT: Mozilla/5.0 (X11; Ubuntu; Linux x86_64; rv:109.0) Gecko/20100101 Firefox/110.0
  ACCEPT: application/json, text/javascript, */*; q=0.01
  ACCEPT-LANGUAGE: en-US,en;q=0.5
  ACCEPT-ENCODING: gzip, deflate, br
  X-REQUESTED-WITH: XMLHttpRequest
  DNT: 1
  CONNECTION: keep-alive
  REFERER: http://localhost:8008/static/index.html
  SEC-FETCH-DEST: empty
  SEC-FETCH-MODE: cors
  SEC-FETCH-SITE: same-origin
[24/Dec/2024:21:48:25] HTTP 
Traceback (most recent call last):
  File "/usr/local/lib/python3.10/dist-packages/cherrypy/_cprequest.py", line 659, in respond
    self._do_respond(path_info)
  File "/usr/local/lib/python3.10/dist-packages/cherrypy/_cprequest.py", line 718, in _do_respond
    response.body = self.handler()
  File "/usr/local/lib/python3.10/dist-packages/cherrypy/lib/encoding.py", line 223, in __call__
    self.body = self.oldhandler(*args, **kwargs)
  File "/usr/local/lib/python3.10/dist-packages/cherrypy/lib/jsontools.py", line 59, in json_handler
    value = cherrypy.serving.request._json_inner_handler(*args, **kwargs)
  File "/usr/local/lib/python3.10/dist-packages/cherrypy/_cpdispatch.py", line 54, in __call__
    return self.callable(*self.args, **self.kwargs)
  File "/ulstu/ros2_ws/install/webots_ros2_suv/lib/python3.10/site-packages/webots_ros2_suv/lib/map_server.py", line 134, in get_params
    if self.world_model.params is None:
AttributeError: 'WorldModel' object has no attribute 'params'
[24/Dec/2024:21:48:25] HTTP 
Request Headers:
  Remote-Addr: 172.17.0.1
  HOST: localhost:8008
  USER-AGENT: Mozilla/5.0 (X11; Ubuntu; Linux x86_64; rv:109.0) Gecko/20100101 Firefox/110.0
  ACCEPT: application/json, text/javascript, */*; q=0.01
  ACCEPT-LANGUAGE: en-US,en;q=0.5
  ACCEPT-ENCODING: gzip, deflate, br
  X-REQUESTED-WITH: XMLHttpRequest
  DNT: 1
  CONNECTION: keep-alive
  REFERER: http://localhost:8008/static/index.html
  SEC-FETCH-DEST: empty
  SEC-FETCH-MODE: cors
  SEC-FETCH-SITE: same-origin
[24/Dec/2024:21:48:26] HTTP 
Traceback (most recent call last):
  File "/usr/local/lib/python3.10/dist-packages/cherrypy/_cprequest.py", line 659, in respond
    self._do_respond(path_info)
  File "/usr/local/lib/python3.10/dist-packages/cherrypy/_cprequest.py", line 718, in _do_respond
    response.body = self.handler()
  File "/usr/local/lib/python3.10/dist-packages/cherrypy/lib/encoding.py", line 223, in __call__
    self.body = self.oldhandler(*args, **kwargs)
  File "/usr/local/lib/python3.10/dist-packages/cherrypy/lib/jsontools.py", line 59, in json_handler
    value = cherrypy.serving.request._json_inner_handler(*args, **kwargs)
  File "/usr/local/lib/python3.10/dist-packages/cherrypy/_cpdispatch.py", line 54, in __call__
    return self.callable(*self.args, **self.kwargs)
  File "/ulstu/ros2_ws/install/webots_ros2_suv/lib/python3.10/site-packages/webots_ros2_suv/lib/map_server.py", line 134, in get_params
    if self.world_model.params is None:
AttributeError: 'WorldModel' object has no attribute 'params'
[24/Dec/2024:21:48:26] HTTP 
Request Headers:
  Remote-Addr: 172.17.0.1
  HOST: localhost:8008
  USER-AGENT: Mozilla/5.0 (X11; Ubuntu; Linux x86_64; rv:109.0) Gecko/20100101 Firefox/110.0
  ACCEPT: application/json, text/javascript, */*; q=0.01
  ACCEPT-LANGUAGE: en-US,en;q=0.5
  ACCEPT-ENCODING: gzip, deflate, br
  X-REQUESTED-WITH: XMLHttpRequest
  DNT: 1
  CONNECTION: keep-alive
  REFERER: http://localhost:8008/static/index.html
  SEC-FETCH-DEST: empty
  SEC-FETCH-MODE: cors
  SEC-FETCH-SITE: same-origin
[24/Dec/2024:21:48:27] HTTP 
Traceback (most recent call last):
  File "/usr/local/lib/python3.10/dist-packages/cherrypy/_cprequest.py", line 659, in respond
    self._do_respond(path_info)
  File "/usr/local/lib/python3.10/dist-packages/cherrypy/_cprequest.py", line 718, in _do_respond
    response.body = self.handler()
  File "/usr/local/lib/python3.10/dist-packages/cherrypy/lib/encoding.py", line 223, in __call__
    self.body = self.oldhandler(*args, **kwargs)
  File "/usr/local/lib/python3.10/dist-packages/cherrypy/lib/jsontools.py", line 59, in json_handler
    value = cherrypy.serving.request._json_inner_handler(*args, **kwargs)
  File "/usr/local/lib/python3.10/dist-packages/cherrypy/_cpdispatch.py", line 54, in __call__
    return self.callable(*self.args, **self.kwargs)
  File "/ulstu/ros2_ws/install/webots_ros2_suv/lib/python3.10/site-packages/webots_ros2_suv/lib/map_server.py", line 134, in get_params
    if self.world_model.params is None:
AttributeError: 'WorldModel' object has no attribute 'params'
[24/Dec/2024:21:48:27] HTTP 
Request Headers:
  Remote-Addr: 172.17.0.1
  HOST: localhost:8008
  USER-AGENT: Mozilla/5.0 (X11; Ubuntu; Linux x86_64; rv:109.0) Gecko/20100101 Firefox/110.0
  ACCEPT: application/json, text/javascript, */*; q=0.01
  ACCEPT-LANGUAGE: en-US,en;q=0.5
  ACCEPT-ENCODING: gzip, deflate, br
  X-REQUESTED-WITH: XMLHttpRequest
  DNT: 1
  CONNECTION: keep-alive
  REFERER: http://localhost:8008/static/index.html
  SEC-FETCH-DEST: empty
  SEC-FETCH-MODE: cors
  SEC-FETCH-SITE: same-origin
[24/Dec/2024:21:48:27] HTTP 
Traceback (most recent call last):
  File "/usr/local/lib/python3.10/dist-packages/cherrypy/_cprequest.py", line 659, in respond
    self._do_respond(path_info)
  File "/usr/local/lib/python3.10/dist-packages/cherrypy/_cprequest.py", line 718, in _do_respond
    response.body = self.handler()
  File "/usr/local/lib/python3.10/dist-packages/cherrypy/lib/encoding.py", line 223, in __call__
    self.body = self.oldhandler(*args, **kwargs)
  File "/usr/local/lib/python3.10/dist-packages/cherrypy/lib/jsontools.py", line 59, in json_handler
    value = cherrypy.serving.request._json_inner_handler(*args, **kwargs)
  File "/usr/local/lib/python3.10/dist-packages/cherrypy/_cpdispatch.py", line 54, in __call__
    return self.callable(*self.args, **self.kwargs)
  File "/ulstu/ros2_ws/install/webots_ros2_suv/lib/python3.10/site-packages/webots_ros2_suv/lib/map_server.py", line 134, in get_params
    if self.world_model.params is None:
AttributeError: 'WorldModel' object has no attribute 'params'
[24/Dec/2024:21:48:27] HTTP 
Request Headers:
  Remote-Addr: 172.17.0.1
  HOST: localhost:8008
  USER-AGENT: Mozilla/5.0 (X11; Ubuntu; Linux x86_64; rv:109.0) Gecko/20100101 Firefox/110.0
  ACCEPT: application/json, text/javascript, */*; q=0.01
  ACCEPT-LANGUAGE: en-US,en;q=0.5
  ACCEPT-ENCODING: gzip, deflate, br
  X-REQUESTED-WITH: XMLHttpRequest
  DNT: 1
  CONNECTION: keep-alive
  REFERER: http://localhost:8008/static/index.html
  SEC-FETCH-DEST: empty
  SEC-FETCH-MODE: cors
  SEC-FETCH-SITE: same-origin
[24/Dec/2024:21:48:28] HTTP 
Traceback (most recent call last):
  File "/usr/local/lib/python3.10/dist-packages/cherrypy/_cprequest.py", line 659, in respond
    self._do_respond(path_info)
  File "/usr/local/lib/python3.10/dist-packages/cherrypy/_cprequest.py", line 718, in _do_respond
    response.body = self.handler()
  File "/usr/local/lib/python3.10/dist-packages/cherrypy/lib/encoding.py", line 223, in __call__
    self.body = self.oldhandler(*args, **kwargs)
  File "/usr/local/lib/python3.10/dist-packages/cherrypy/lib/jsontools.py", line 59, in json_handler
    value = cherrypy.serving.request._json_inner_handler(*args, **kwargs)
  File "/usr/local/lib/python3.10/dist-packages/cherrypy/_cpdispatch.py", line 54, in __call__
    return self.callable(*self.args, **self.kwargs)
  File "/ulstu/ros2_ws/install/webots_ros2_suv/lib/python3.10/site-packages/webots_ros2_suv/lib/map_server.py", line 134, in get_params
    if self.world_model.params is None:
AttributeError: 'WorldModel' object has no attribute 'params'
[24/Dec/2024:21:48:28] HTTP 
Request Headers:
  Remote-Addr: 172.17.0.1
  HOST: localhost:8008
  USER-AGENT: Mozilla/5.0 (X11; Ubuntu; Linux x86_64; rv:109.0) Gecko/20100101 Firefox/110.0
  ACCEPT: application/json, text/javascript, */*; q=0.01
  ACCEPT-LANGUAGE: en-US,en;q=0.5
  ACCEPT-ENCODING: gzip, deflate, br
  X-REQUESTED-WITH: XMLHttpRequest
  DNT: 1
  CONNECTION: keep-alive
  REFERER: http://localhost:8008/static/index.html
  SEC-FETCH-DEST: empty
  SEC-FETCH-MODE: cors
  SEC-FETCH-SITE: same-origin
[24/Dec/2024:21:58:56] ENGINE Restarting because /ulstu/ros2_ws/install/webots_ros2_suv/lib/webots_ros2_suv/node_ego_controller changed.
[24/Dec/2024:21:58:56] ENGINE Stopped thread 'Autoreloader'.
[24/Dec/2024:21:58:56] ENGINE Bus STOPPING
[24/Dec/2024:21:58:56] ENGINE HTTP Server cherrypy._cpwsgi_server.CPWSGIServer(('0.0.0.0', 8008)) shut down
[24/Dec/2024:21:58:56] ENGINE Bus STOPPED
[24/Dec/2024:21:58:56] ENGINE Bus EXITING
[24/Dec/2024:21:58:56] ENGINE Bus EXITED
[24/Dec/2024:21:58:56] ENGINE Waiting for child threads to terminate...
[24/Dec/2024:21:58:56] ENGINE Re-spawning /usr/bin/python3 /ulstu/ros2_ws/install/webots_ros2_suv/lib/webots_ros2_suv/node_ego_controller --ros-args -r __node:=node_ego_controller --params-file /tmp/launch_params_aqpdup2t
[24/Dec/2024:21:58:58] ENGINE Bus STARTING
[24/Dec/2024:21:58:58] ENGINE Started monitor thread 'Autoreloader'.
[24/Dec/2024:21:58:58] ENGINE Serving on http://0.0.0.0:8008
[24/Dec/2024:21:58:58] ENGINE Bus STARTED
[24/Dec/2024:22:16:22] ENGINE Bus STARTING
[24/Dec/2024:22:16:22] ENGINE Started monitor thread 'Autoreloader'.
[24/Dec/2024:22:16:22] ENGINE Serving on http://0.0.0.0:8008
[24/Dec/2024:22:16:22] ENGINE Bus STARTED
[24/Dec/2024:22:29:48] ENGINE Bus STOPPING
[24/Dec/2024:22:29:48] ENGINE HTTP Server cherrypy._cpwsgi_server.CPWSGIServer(('0.0.0.0', 8008)) shut down
[24/Dec/2024:22:29:48] ENGINE Stopped thread 'Autoreloader'.
[24/Dec/2024:22:29:48] ENGINE Bus STOPPED
[24/Dec/2024:22:29:48] ENGINE Bus EXITING
[24/Dec/2024:22:29:48] ENGINE Bus EXITED
[24/Dec/2024:22:30:20] ENGINE Bus STARTING
[24/Dec/2024:22:30:20] ENGINE Started monitor thread 'Autoreloader'.
[24/Dec/2024:22:30:20] ENGINE Serving on http://0.0.0.0:8008
[24/Dec/2024:22:30:20] ENGINE Bus STARTED
[24/Dec/2024:22:36:00] ENGINE Bus STARTING
[24/Dec/2024:22:36:00] ENGINE Started monitor thread 'Autoreloader'.
[24/Dec/2024:22:36:01] ENGINE Serving on http://0.0.0.0:8008
[24/Dec/2024:22:36:01] ENGINE Bus STARTED
[24/Dec/2024:22:50:08] ENGINE Bus STARTING
[24/Dec/2024:22:50:08] ENGINE Started monitor thread 'Autoreloader'.
[24/Dec/2024:22:50:08] ENGINE Serving on http://0.0.0.0:8008
[24/Dec/2024:22:50:08] ENGINE Bus STARTED
[24/Dec/2024:22:58:56] ENGINE Bus STARTING
[24/Dec/2024:22:58:56] ENGINE Started monitor thread 'Autoreloader'.
[24/Dec/2024:22:58:57] ENGINE Serving on http://0.0.0.0:8008
[24/Dec/2024:22:58:57] ENGINE Bus STARTED
[24/Dec/2024:23:04:00] ENGINE Bus STARTING
[24/Dec/2024:23:04:00] ENGINE Started monitor thread 'Autoreloader'.
[24/Dec/2024:23:04:00] ENGINE Serving on http://0.0.0.0:8008
[24/Dec/2024:23:04:00] ENGINE Bus STARTED
[24/Dec/2024:23:04:35] ENGINE Bus STOPPING
[24/Dec/2024:23:04:35] ENGINE HTTP Server cherrypy._cpwsgi_server.CPWSGIServer(('0.0.0.0', 8008)) shut down
[24/Dec/2024:23:04:35] ENGINE Stopped thread 'Autoreloader'.
[24/Dec/2024:23:04:35] ENGINE Bus STOPPED
[24/Dec/2024:23:04:35] ENGINE Bus EXITING
[24/Dec/2024:23:04:35] ENGINE Bus EXITED
[24/Dec/2024:23:04:40] ENGINE Bus STARTING
[24/Dec/2024:23:04:40] ENGINE Started monitor thread 'Autoreloader'.
[24/Dec/2024:23:04:40] ENGINE Serving on http://0.0.0.0:8008
[24/Dec/2024:23:04:40] ENGINE Bus STARTED
[24/Dec/2024:23:04:52] ENGINE Bus STOPPING
[24/Dec/2024:23:04:52] ENGINE HTTP Server cherrypy._cpwsgi_server.CPWSGIServer(('0.0.0.0', 8008)) shut down
[24/Dec/2024:23:04:52] ENGINE Stopped thread 'Autoreloader'.
[24/Dec/2024:23:04:52] ENGINE Bus STOPPED
[24/Dec/2024:23:04:52] ENGINE Bus EXITING
[24/Dec/2024:23:04:52] ENGINE Bus EXITED
[24/Dec/2024:23:05:26] ENGINE Bus STARTING
[24/Dec/2024:23:05:26] ENGINE Started monitor thread 'Autoreloader'.
[24/Dec/2024:23:05:26] ENGINE Serving on http://0.0.0.0:8008
[24/Dec/2024:23:05:26] ENGINE Bus STARTED
[24/Dec/2024:23:07:30] ENGINE Bus STOPPING
[24/Dec/2024:23:07:30] ENGINE HTTP Server cherrypy._cpwsgi_server.CPWSGIServer(('0.0.0.0', 8008)) shut down
[24/Dec/2024:23:07:30] ENGINE Stopped thread 'Autoreloader'.
[24/Dec/2024:23:07:30] ENGINE Bus STOPPED
[24/Dec/2024:23:07:30] ENGINE Bus EXITING
[24/Dec/2024:23:07:30] ENGINE Bus EXITED
[24/Dec/2024:23:07:35] ENGINE Bus STARTING
[24/Dec/2024:23:07:35] ENGINE Started monitor thread 'Autoreloader'.
[24/Dec/2024:23:07:35] ENGINE Serving on http://0.0.0.0:8008
[24/Dec/2024:23:07:35] ENGINE Bus STARTED
[24/Dec/2024:23:08:14] ENGINE Bus STOPPING
[24/Dec/2024:23:08:14] ENGINE HTTP Server cherrypy._cpwsgi_server.CPWSGIServer(('0.0.0.0', 8008)) shut down
[24/Dec/2024:23:08:14] ENGINE Stopped thread 'Autoreloader'.
[24/Dec/2024:23:08:14] ENGINE Bus STOPPED
[24/Dec/2024:23:08:14] ENGINE Bus EXITING
[24/Dec/2024:23:08:14] ENGINE Bus EXITED
[25/Dec/2024:09:32:04] ENGINE Bus STARTING
[25/Dec/2024:09:32:04] ENGINE Started monitor thread 'Autoreloader'.
[25/Dec/2024:09:32:04] ENGINE Serving on http://0.0.0.0:8008
[25/Dec/2024:09:32:04] ENGINE Bus STARTED
[25/Dec/2024:09:34:21] ENGINE Bus STOPPING
[25/Dec/2024:09:34:22] ENGINE HTTP Server cherrypy._cpwsgi_server.CPWSGIServer(('0.0.0.0', 8008)) shut down
[25/Dec/2024:09:34:22] ENGINE Stopped thread 'Autoreloader'.
[25/Dec/2024:09:34:22] ENGINE Bus STOPPED
[25/Dec/2024:09:34:22] ENGINE Bus EXITING
[25/Dec/2024:09:34:22] ENGINE Bus EXITED
[25/Dec/2024:09:34:27] ENGINE Bus STARTING
[25/Dec/2024:09:34:27] ENGINE Started monitor thread 'Autoreloader'.
[25/Dec/2024:09:34:27] ENGINE Serving on http://0.0.0.0:8008
[25/Dec/2024:09:34:27] ENGINE Bus STARTED
[25/Dec/2024:09:36:10] ENGINE Bus STARTING
[25/Dec/2024:09:36:10] ENGINE Started monitor thread 'Autoreloader'.
[25/Dec/2024:09:36:10] ENGINE Serving on http://0.0.0.0:8008
[25/Dec/2024:09:36:10] ENGINE Bus STARTED
[25/Dec/2024:09:37:07] ENGINE Bus STOPPING
[25/Dec/2024:09:37:07] ENGINE HTTP Server cherrypy._cpwsgi_server.CPWSGIServer(('0.0.0.0', 8008)) shut down
[25/Dec/2024:09:37:07] ENGINE Stopped thread 'Autoreloader'.
[25/Dec/2024:09:37:07] ENGINE Bus STOPPED
[25/Dec/2024:09:37:07] ENGINE Bus EXITING
[25/Dec/2024:09:37:07] ENGINE Bus EXITED
[25/Dec/2024:09:37:13] ENGINE Bus STARTING
[25/Dec/2024:09:37:13] ENGINE Started monitor thread 'Autoreloader'.
[25/Dec/2024:09:37:13] ENGINE Serving on http://0.0.0.0:8008
[25/Dec/2024:09:37:13] ENGINE Bus STARTED
[25/Dec/2024:09:40:55] ENGINE Bus STARTING
[25/Dec/2024:09:40:55] ENGINE Started monitor thread 'Autoreloader'.
[25/Dec/2024:09:40:55] ENGINE Serving on http://0.0.0.0:8008
[25/Dec/2024:09:40:55] ENGINE Bus STARTED
[25/Dec/2024:09:49:34] ENGINE Bus STARTING
[25/Dec/2024:09:49:34] ENGINE Started monitor thread 'Autoreloader'.
[25/Dec/2024:09:49:34] ENGINE Serving on http://0.0.0.0:8008
[25/Dec/2024:09:49:34] ENGINE Bus STARTED
[25/Dec/2024:09:50:58] ENGINE Bus STOPPING
[25/Dec/2024:09:50:58] ENGINE HTTP Server cherrypy._cpwsgi_server.CPWSGIServer(('0.0.0.0', 8008)) shut down
[25/Dec/2024:09:50:58] ENGINE Stopped thread 'Autoreloader'.
[25/Dec/2024:09:50:58] ENGINE Bus STOPPED
[25/Dec/2024:09:50:58] ENGINE Bus EXITING
[25/Dec/2024:09:50:58] ENGINE Bus EXITED
[25/Dec/2024:09:51:04] ENGINE Bus STARTING
[25/Dec/2024:09:51:04] ENGINE Started monitor thread 'Autoreloader'.
[25/Dec/2024:09:51:04] ENGINE Serving on http://0.0.0.0:8008
[25/Dec/2024:09:51:04] ENGINE Bus STARTED
[25/Dec/2024:09:52:12] ENGINE Bus STOPPING
[25/Dec/2024:09:52:13] ENGINE HTTP Server cherrypy._cpwsgi_server.CPWSGIServer(('0.0.0.0', 8008)) shut down
[25/Dec/2024:09:52:13] ENGINE Stopped thread 'Autoreloader'.
[25/Dec/2024:09:52:13] ENGINE Bus STOPPED
[25/Dec/2024:09:52:13] ENGINE Bus EXITING
[25/Dec/2024:09:52:13] ENGINE Bus EXITED
[25/Dec/2024:09:52:18] ENGINE Bus STARTING
[25/Dec/2024:09:52:18] ENGINE Started monitor thread 'Autoreloader'.
[25/Dec/2024:09:52:18] ENGINE Serving on http://0.0.0.0:8008
[25/Dec/2024:09:52:18] ENGINE Bus STARTED
[25/Dec/2024:09:54:53] ENGINE Bus STOPPING
[25/Dec/2024:09:54:53] ENGINE HTTP Server cherrypy._cpwsgi_server.CPWSGIServer(('0.0.0.0', 8008)) shut down
[25/Dec/2024:09:54:53] ENGINE Stopped thread 'Autoreloader'.
[25/Dec/2024:09:54:53] ENGINE Bus STOPPED
[25/Dec/2024:09:54:53] ENGINE Bus EXITING
[25/Dec/2024:09:54:53] ENGINE Bus EXITED
[25/Dec/2024:09:54:58] ENGINE Bus STARTING
[25/Dec/2024:09:54:58] ENGINE Started monitor thread 'Autoreloader'.
[25/Dec/2024:09:54:58] ENGINE Serving on http://0.0.0.0:8008
[25/Dec/2024:09:54:58] ENGINE Bus STARTED
[25/Dec/2024:09:57:19] ENGINE Bus STOPPING
[25/Dec/2024:09:57:19] ENGINE HTTP Server cherrypy._cpwsgi_server.CPWSGIServer(('0.0.0.0', 8008)) shut down
[25/Dec/2024:09:57:19] ENGINE Stopped thread 'Autoreloader'.
[25/Dec/2024:09:57:19] ENGINE Bus STOPPED
[25/Dec/2024:09:57:19] ENGINE Bus EXITING
[25/Dec/2024:09:57:19] ENGINE Bus EXITED
[25/Dec/2024:09:57:25] ENGINE Bus STARTING
[25/Dec/2024:09:57:25] ENGINE Started monitor thread 'Autoreloader'.
[25/Dec/2024:09:57:25] ENGINE Serving on http://0.0.0.0:8008
[25/Dec/2024:09:57:25] ENGINE Bus STARTED
[25/Dec/2024:09:59:53] ENGINE Bus STARTING
[25/Dec/2024:09:59:53] ENGINE Started monitor thread 'Autoreloader'.
[25/Dec/2024:09:59:53] ENGINE Serving on http://0.0.0.0:8008
[25/Dec/2024:09:59:53] ENGINE Bus STARTED
[25/Dec/2024:10:00:18] ENGINE Bus STOPPING
[25/Dec/2024:10:00:19] ENGINE HTTP Server cherrypy._cpwsgi_server.CPWSGIServer(('0.0.0.0', 8008)) shut down
[25/Dec/2024:10:00:19] ENGINE Stopped thread 'Autoreloader'.
[25/Dec/2024:10:00:19] ENGINE Bus STOPPED
[25/Dec/2024:10:00:19] ENGINE Bus EXITING
[25/Dec/2024:10:00:19] ENGINE Bus EXITED
[25/Dec/2024:10:00:37] ENGINE Bus STARTING
[25/Dec/2024:10:00:37] ENGINE Started monitor thread 'Autoreloader'.
[25/Dec/2024:10:00:37] ENGINE Serving on http://0.0.0.0:8008
[25/Dec/2024:10:00:37] ENGINE Bus STARTED
[25/Dec/2024:10:02:42] ENGINE Bus STOPPING
[25/Dec/2024:10:02:43] ENGINE HTTP Server cherrypy._cpwsgi_server.CPWSGIServer(('0.0.0.0', 8008)) shut down
[25/Dec/2024:10:02:43] ENGINE Stopped thread 'Autoreloader'.
[25/Dec/2024:10:02:43] ENGINE Bus STOPPED
[25/Dec/2024:10:02:43] ENGINE Bus EXITING
[25/Dec/2024:10:02:43] ENGINE Bus EXITED
[25/Dec/2024:10:02:49] ENGINE Bus STARTING
[25/Dec/2024:10:02:49] ENGINE Started monitor thread 'Autoreloader'.
[25/Dec/2024:10:02:49] ENGINE Serving on http://0.0.0.0:8008
[25/Dec/2024:10:02:49] ENGINE Bus STARTED
[25/Dec/2024:10:03:59] ENGINE Bus STOPPING
[25/Dec/2024:10:03:59] ENGINE HTTP Server cherrypy._cpwsgi_server.CPWSGIServer(('0.0.0.0', 8008)) shut down
[25/Dec/2024:10:03:59] ENGINE Stopped thread 'Autoreloader'.
[25/Dec/2024:10:03:59] ENGINE Bus STOPPED
[25/Dec/2024:10:03:59] ENGINE Bus EXITING
[25/Dec/2024:10:03:59] ENGINE Bus EXITED
[25/Dec/2024:10:04:04] ENGINE Bus STARTING
[25/Dec/2024:10:04:04] ENGINE Started monitor thread 'Autoreloader'.
[25/Dec/2024:10:04:04] ENGINE Serving on http://0.0.0.0:8008
[25/Dec/2024:10:04:04] ENGINE Bus STARTED
[25/Dec/2024:10:05:14] ENGINE Bus STOPPING
[25/Dec/2024:10:05:14] ENGINE HTTP Server cherrypy._cpwsgi_server.CPWSGIServer(('0.0.0.0', 8008)) shut down
[25/Dec/2024:10:05:14] ENGINE Stopped thread 'Autoreloader'.
[25/Dec/2024:10:05:14] ENGINE Bus STOPPED
[25/Dec/2024:10:05:14] ENGINE Bus EXITING
[25/Dec/2024:10:05:14] ENGINE Bus EXITED
[25/Dec/2024:10:05:19] ENGINE Bus STARTING
[25/Dec/2024:10:05:19] ENGINE Started monitor thread 'Autoreloader'.
[25/Dec/2024:10:05:19] ENGINE Serving on http://0.0.0.0:8008
[25/Dec/2024:10:05:19] ENGINE Bus STARTED
[25/Dec/2024:10:06:10] ENGINE Bus STARTING
[25/Dec/2024:10:06:10] ENGINE Started monitor thread 'Autoreloader'.
[25/Dec/2024:10:06:10] ENGINE Serving on http://0.0.0.0:8008
[25/Dec/2024:10:06:10] ENGINE Bus STARTED
[25/Dec/2024:10:11:39] ENGINE Bus STARTING
[25/Dec/2024:10:11:39] ENGINE Started monitor thread 'Autoreloader'.
[25/Dec/2024:10:11:39] ENGINE Serving on http://0.0.0.0:8008
[25/Dec/2024:10:11:39] ENGINE Bus STARTED
[25/Dec/2024:10:12:07] ENGINE Bus STOPPING
[25/Dec/2024:10:12:07] ENGINE HTTP Server cherrypy._cpwsgi_server.CPWSGIServer(('0.0.0.0', 8008)) shut down
[25/Dec/2024:10:12:07] ENGINE Stopped thread 'Autoreloader'.
[25/Dec/2024:10:12:07] ENGINE Bus STOPPED
[25/Dec/2024:10:12:07] ENGINE Bus EXITING
[25/Dec/2024:10:12:07] ENGINE Bus EXITED
[25/Dec/2024:10:12:12] ENGINE Bus STARTING
[25/Dec/2024:10:12:12] ENGINE Started monitor thread 'Autoreloader'.
[25/Dec/2024:10:12:12] ENGINE Serving on http://0.0.0.0:8008
[25/Dec/2024:10:12:12] ENGINE Bus STARTED
[25/Dec/2024:10:12:36] ENGINE Bus STOPPING
[25/Dec/2024:10:12:36] ENGINE HTTP Server cherrypy._cpwsgi_server.CPWSGIServer(('0.0.0.0', 8008)) shut down
[25/Dec/2024:10:12:36] ENGINE Stopped thread 'Autoreloader'.
[25/Dec/2024:10:12:36] ENGINE Bus STOPPED
[25/Dec/2024:10:12:36] ENGINE Bus EXITING
[25/Dec/2024:10:12:36] ENGINE Bus EXITED
[25/Dec/2024:10:12:41] ENGINE Bus STARTING
[25/Dec/2024:10:12:41] ENGINE Started monitor thread 'Autoreloader'.
[25/Dec/2024:10:12:42] ENGINE Serving on http://0.0.0.0:8008
[25/Dec/2024:10:12:42] ENGINE Bus STARTED
[25/Dec/2024:10:13:48] ENGINE Bus STOPPING
[25/Dec/2024:10:13:48] ENGINE HTTP Server cherrypy._cpwsgi_server.CPWSGIServer(('0.0.0.0', 8008)) shut down
[25/Dec/2024:10:13:48] ENGINE Stopped thread 'Autoreloader'.
[25/Dec/2024:10:13:48] ENGINE Bus STOPPED
[25/Dec/2024:10:13:48] ENGINE Bus EXITING
[25/Dec/2024:10:13:48] ENGINE Bus EXITED
[25/Dec/2024:10:14:21] ENGINE Bus STARTING
[25/Dec/2024:10:14:21] ENGINE Started monitor thread 'Autoreloader'.
[25/Dec/2024:10:14:21] ENGINE Serving on http://0.0.0.0:8008
[25/Dec/2024:10:14:21] ENGINE Bus STARTED
[25/Dec/2024:10:15:23] ENGINE Bus STOPPING
[25/Dec/2024:10:15:23] ENGINE HTTP Server cherrypy._cpwsgi_server.CPWSGIServer(('0.0.0.0', 8008)) shut down
[25/Dec/2024:10:15:23] ENGINE Stopped thread 'Autoreloader'.
[25/Dec/2024:10:15:23] ENGINE Bus STOPPED
[25/Dec/2024:10:15:23] ENGINE Bus EXITING
[25/Dec/2024:10:15:23] ENGINE Bus EXITED
[25/Dec/2024:10:15:29] ENGINE Bus STARTING
[25/Dec/2024:10:15:29] ENGINE Started monitor thread 'Autoreloader'.
[25/Dec/2024:10:15:29] ENGINE Serving on http://0.0.0.0:8008
[25/Dec/2024:10:15:29] ENGINE Bus STARTED
[25/Dec/2024:10:17:18] ENGINE Bus STARTING
[25/Dec/2024:10:17:18] ENGINE Started monitor thread 'Autoreloader'.
[25/Dec/2024:10:17:18] ENGINE Serving on http://0.0.0.0:8008
[25/Dec/2024:10:17:18] ENGINE Bus STARTED
[25/Dec/2024:10:18:39] ENGINE Bus STARTING
[25/Dec/2024:10:18:39] ENGINE Started monitor thread 'Autoreloader'.
[25/Dec/2024:10:18:39] ENGINE Serving on http://0.0.0.0:8008
[25/Dec/2024:10:18:39] ENGINE Bus STARTED
[25/Dec/2024:10:19:30] ENGINE Bus STARTING
[25/Dec/2024:10:19:30] ENGINE Started monitor thread 'Autoreloader'.
[25/Dec/2024:10:19:30] ENGINE Serving on http://0.0.0.0:8008
[25/Dec/2024:10:19:30] ENGINE Bus STARTED
[25/Dec/2024:10:25:47] ENGINE Bus STARTING
[25/Dec/2024:10:25:47] ENGINE Started monitor thread 'Autoreloader'.
[25/Dec/2024:10:25:47] ENGINE Serving on http://0.0.0.0:8008
[25/Dec/2024:10:25:47] ENGINE Bus STARTED
[25/Dec/2024:10:27:40] ENGINE Bus STARTING
[25/Dec/2024:10:27:40] ENGINE Started monitor thread 'Autoreloader'.
[25/Dec/2024:10:27:40] ENGINE Serving on http://0.0.0.0:8008
[25/Dec/2024:10:27:40] ENGINE Bus STARTED
[25/Dec/2024:10:30:59] ENGINE Bus STARTING
[25/Dec/2024:10:30:59] ENGINE Started monitor thread 'Autoreloader'.
[25/Dec/2024:10:30:59] ENGINE Serving on http://0.0.0.0:8008
[25/Dec/2024:10:30:59] ENGINE Bus STARTED
[25/Dec/2024:10:32:27] ENGINE Bus STARTING
[25/Dec/2024:10:32:27] ENGINE Started monitor thread 'Autoreloader'.
[25/Dec/2024:10:32:27] ENGINE Serving on http://0.0.0.0:8008
[25/Dec/2024:10:32:27] ENGINE Bus STARTED
[25/Dec/2024:10:34:14] ENGINE Bus STARTING
[25/Dec/2024:10:34:14] ENGINE Started monitor thread 'Autoreloader'.
[25/Dec/2024:10:34:14] ENGINE Serving on http://0.0.0.0:8008
[25/Dec/2024:10:34:14] ENGINE Bus STARTED
[25/Dec/2024:10:36:25] ENGINE Bus STARTING
[25/Dec/2024:10:36:25] ENGINE Started monitor thread 'Autoreloader'.
[25/Dec/2024:10:36:25] ENGINE Serving on http://0.0.0.0:8008
[25/Dec/2024:10:36:25] ENGINE Bus STARTED
[25/Dec/2024:10:36:37] ENGINE Bus STOPPING
[25/Dec/2024:10:36:37] ENGINE HTTP Server cherrypy._cpwsgi_server.CPWSGIServer(('0.0.0.0', 8008)) shut down
[25/Dec/2024:10:36:37] ENGINE Stopped thread 'Autoreloader'.
[25/Dec/2024:10:36:37] ENGINE Bus STOPPED
[25/Dec/2024:10:36:37] ENGINE Bus EXITING
[25/Dec/2024:10:36:37] ENGINE Bus EXITED
[25/Dec/2024:10:36:43] ENGINE Bus STARTING
[25/Dec/2024:10:36:43] ENGINE Started monitor thread 'Autoreloader'.
[25/Dec/2024:10:36:43] ENGINE Serving on http://0.0.0.0:8008
[25/Dec/2024:10:36:43] ENGINE Bus STARTED
[25/Dec/2024:10:40:25] ENGINE Bus STARTING
[25/Dec/2024:10:40:25] ENGINE Started monitor thread 'Autoreloader'.
[25/Dec/2024:10:40:25] ENGINE Serving on http://0.0.0.0:8008
[25/Dec/2024:10:40:25] ENGINE Bus STARTED
[25/Dec/2024:10:46:21] ENGINE Bus STARTING
[25/Dec/2024:10:46:21] ENGINE Started monitor thread 'Autoreloader'.
[25/Dec/2024:10:46:21] ENGINE Serving on http://0.0.0.0:8008
[25/Dec/2024:10:46:21] ENGINE Bus STARTED
[25/Dec/2024:10:48:20] ENGINE Bus STARTING
[25/Dec/2024:10:48:20] ENGINE Started monitor thread 'Autoreloader'.
[25/Dec/2024:10:48:20] ENGINE Serving on http://0.0.0.0:8008
[25/Dec/2024:10:48:20] ENGINE Bus STARTED
[25/Dec/2024:10:50:10] ENGINE Bus STARTING
[25/Dec/2024:10:50:10] ENGINE Started monitor thread 'Autoreloader'.
[25/Dec/2024:10:50:10] ENGINE Serving on http://0.0.0.0:8008
[25/Dec/2024:10:50:10] ENGINE Bus STARTED
[25/Dec/2024:10:52:13] ENGINE Bus STARTING
[25/Dec/2024:10:52:13] ENGINE Started monitor thread 'Autoreloader'.
[25/Dec/2024:10:52:13] ENGINE Serving on http://0.0.0.0:8008
[25/Dec/2024:10:52:13] ENGINE Bus STARTED
[25/Dec/2024:10:53:08] ENGINE Bus STARTING
[25/Dec/2024:10:53:08] ENGINE Started monitor thread 'Autoreloader'.
[25/Dec/2024:10:53:08] ENGINE Serving on http://0.0.0.0:8008
[25/Dec/2024:10:53:08] ENGINE Bus STARTED
[25/Dec/2024:10:54:50] ENGINE Bus STARTING
[25/Dec/2024:10:54:50] ENGINE Started monitor thread 'Autoreloader'.
[25/Dec/2024:10:54:50] ENGINE Serving on http://0.0.0.0:8008
[25/Dec/2024:10:54:50] ENGINE Bus STARTED
[25/Dec/2024:10:57:06] ENGINE Bus STARTING
[25/Dec/2024:10:57:06] ENGINE Started monitor thread 'Autoreloader'.
[25/Dec/2024:10:57:06] ENGINE Serving on http://0.0.0.0:8008
[25/Dec/2024:10:57:06] ENGINE Bus STARTED
[25/Dec/2024:11:00:16] ENGINE Bus STARTING
[25/Dec/2024:11:00:16] ENGINE Started monitor thread 'Autoreloader'.
[25/Dec/2024:11:00:17] ENGINE Serving on http://0.0.0.0:8008
[25/Dec/2024:11:00:17] ENGINE Bus STARTED
[25/Dec/2024:11:01:50] ENGINE Bus STARTING
[25/Dec/2024:11:01:50] ENGINE Started monitor thread 'Autoreloader'.
[25/Dec/2024:11:01:50] ENGINE Serving on http://0.0.0.0:8008
[25/Dec/2024:11:01:50] ENGINE Bus STARTED
[25/Dec/2024:11:04:16] ENGINE Bus STARTING
[25/Dec/2024:11:04:16] ENGINE Started monitor thread 'Autoreloader'.
[25/Dec/2024:11:04:16] ENGINE Serving on http://0.0.0.0:8008
[25/Dec/2024:11:04:16] ENGINE Bus STARTED
[25/Dec/2024:11:07:01] ENGINE Bus STARTING
[25/Dec/2024:11:07:01] ENGINE Started monitor thread 'Autoreloader'.
[25/Dec/2024:11:07:01] ENGINE Serving on http://0.0.0.0:8008
[25/Dec/2024:11:07:01] ENGINE Bus STARTED
[25/Dec/2024:11:10:51] ENGINE Bus STARTING
[25/Dec/2024:11:10:51] ENGINE Started monitor thread 'Autoreloader'.
[25/Dec/2024:11:10:51] ENGINE Serving on http://0.0.0.0:8008
[25/Dec/2024:11:10:51] ENGINE Bus STARTED
[25/Dec/2024:11:22:31] ENGINE Bus STARTING
[25/Dec/2024:11:22:31] ENGINE Started monitor thread 'Autoreloader'.
[25/Dec/2024:11:22:32] ENGINE Serving on http://0.0.0.0:8008
[25/Dec/2024:11:22:32] ENGINE Bus STARTED
[25/Dec/2024:11:24:55] ENGINE Bus STOPPING
[25/Dec/2024:11:24:55] ENGINE HTTP Server cherrypy._cpwsgi_server.CPWSGIServer(('0.0.0.0', 8008)) shut down
[25/Dec/2024:11:24:55] ENGINE Stopped thread 'Autoreloader'.
[25/Dec/2024:11:24:55] ENGINE Bus STOPPED
[25/Dec/2024:11:24:55] ENGINE Bus EXITING
[25/Dec/2024:11:24:55] ENGINE Bus EXITED
[25/Dec/2024:11:25:00] ENGINE Bus STARTING
[25/Dec/2024:11:25:00] ENGINE Started monitor thread 'Autoreloader'.
[25/Dec/2024:11:25:00] ENGINE Serving on http://0.0.0.0:8008
[25/Dec/2024:11:25:00] ENGINE Bus STARTED
[25/Dec/2024:11:29:09] ENGINE Bus STOPPING
[25/Dec/2024:11:29:09] ENGINE HTTP Server cherrypy._cpwsgi_server.CPWSGIServer(('0.0.0.0', 8008)) shut down
[25/Dec/2024:11:29:09] ENGINE Stopped thread 'Autoreloader'.
[25/Dec/2024:11:29:09] ENGINE Bus STOPPED
[25/Dec/2024:11:29:09] ENGINE Bus EXITING
[25/Dec/2024:11:29:09] ENGINE Bus EXITED
[25/Dec/2024:11:29:14] ENGINE Bus STARTING
[25/Dec/2024:11:29:14] ENGINE Started monitor thread 'Autoreloader'.
[25/Dec/2024:11:29:14] ENGINE Serving on http://0.0.0.0:8008
[25/Dec/2024:11:29:14] ENGINE Bus STARTED
[25/Dec/2024:11:30:13] ENGINE Bus STARTING
[25/Dec/2024:11:30:13] ENGINE Started monitor thread 'Autoreloader'.
[25/Dec/2024:11:30:13] ENGINE Serving on http://0.0.0.0:8008
[25/Dec/2024:11:30:13] ENGINE Bus STARTED
[25/Dec/2024:11:31:09] ENGINE Bus STARTING
[25/Dec/2024:11:31:09] ENGINE Started monitor thread 'Autoreloader'.
[25/Dec/2024:11:31:09] ENGINE Serving on http://0.0.0.0:8008
[25/Dec/2024:11:31:09] ENGINE Bus STARTED
