/ulstu/ros2_ws/src/install/webots_ros2_suv/lib/python3.10/site-packages/webots_ros2_suv/__init__.py
/ulstu/ros2_ws/src/install/webots_ros2_suv/lib/python3.10/site-packages/webots_ros2_suv/node_ego_controller.py
/ulstu/ros2_ws/src/install/webots_ros2_suv/lib/python3.10/site-packages/webots_ros2_suv/suv_driver.py
/ulstu/ros2_ws/src/install/webots_ros2_suv/lib/python3.10/site-packages/webots_ros2_suv/node_sensors_webots.py
/ulstu/ros2_ws/src/install/webots_ros2_suv/lib/python3.10/site-packages/webots_ros2_suv/lib/timeit.py
/ulstu/ros2_ws/src/install/webots_ros2_suv/lib/python3.10/site-packages/webots_ros2_suv/lib/world_model.py
/ulstu/ros2_ws/src/install/webots_ros2_suv/lib/python3.10/site-packages/webots_ros2_suv/lib/__init__.py
/ulstu/ros2_ws/src/install/webots_ros2_suv/lib/python3.10/site-packages/webots_ros2_suv/lib/car_model.py
/ulstu/ros2_ws/src/install/webots_ros2_suv/lib/python3.10/site-packages/webots_ros2_suv/lib/coords_transformer.py
/ulstu/ros2_ws/src/install/webots_ros2_suv/lib/python3.10/site-packages/webots_ros2_suv/lib/orientation.py
/ulstu/ros2_ws/src/install/webots_ros2_suv/lib/python3.10/site-packages/webots_ros2_suv/lib/map_utils.py
/ulstu/ros2_ws/src/install/webots_ros2_suv/lib/python3.10/site-packages/webots_ros2_suv/lib/map_server.py
/ulstu/ros2_ws/src/install/webots_ros2_suv/lib/python3.10/site-packages/webots_ros2_suv/__pycache__/__init__.cpython-310.pyc
/ulstu/ros2_ws/src/install/webots_ros2_suv/lib/python3.10/site-packages/webots_ros2_suv/__pycache__/node_ego_controller.cpython-310.pyc
/ulstu/ros2_ws/src/install/webots_ros2_suv/lib/python3.10/site-packages/webots_ros2_suv/__pycache__/suv_driver.cpython-310.pyc
/ulstu/ros2_ws/src/install/webots_ros2_suv/lib/python3.10/site-packages/webots_ros2_suv/__pycache__/node_sensors_webots.cpython-310.pyc
/ulstu/ros2_ws/src/install/webots_ros2_suv/lib/python3.10/site-packages/webots_ros2_suv/lib/__pycache__/timeit.cpython-310.pyc
/ulstu/ros2_ws/src/install/webots_ros2_suv/lib/python3.10/site-packages/webots_ros2_suv/lib/__pycache__/world_model.cpython-310.pyc
/ulstu/ros2_ws/src/install/webots_ros2_suv/lib/python3.10/site-packages/webots_ros2_suv/lib/__pycache__/__init__.cpython-310.pyc
/ulstu/ros2_ws/src/install/webots_ros2_suv/lib/python3.10/site-packages/webots_ros2_suv/lib/__pycache__/car_model.cpython-310.pyc
/ulstu/ros2_ws/src/install/webots_ros2_suv/lib/python3.10/site-packages/webots_ros2_suv/lib/__pycache__/coords_transformer.cpython-310.pyc
/ulstu/ros2_ws/src/install/webots_ros2_suv/lib/python3.10/site-packages/webots_ros2_suv/lib/__pycache__/orientation.cpython-310.pyc
/ulstu/ros2_ws/src/install/webots_ros2_suv/lib/python3.10/site-packages/webots_ros2_suv/lib/__pycache__/map_utils.cpython-310.pyc
/ulstu/ros2_ws/src/install/webots_ros2_suv/lib/python3.10/site-packages/webots_ros2_suv/lib/__pycache__/map_server.cpython-310.pyc
/ulstu/ros2_ws/src/install/webots_ros2_suv/share/ament_index/resource_index/packages/webots_ros2_suv
/ulstu/ros2_ws/src/install/webots_ros2_suv/share/webots_ros2_suv/package.xml
/ulstu/ros2_ws/src/install/webots_ros2_suv/share/webots_ros2_suv/map-server/dist/index.html
/ulstu/ros2_ws/src/install/webots_ros2_suv/share/webots_ros2_suv/map-server/dist/assets/index.ba967dfc.css
/ulstu/ros2_ws/src/install/webots_ros2_suv/share/webots_ros2_suv/map-server/dist/assets/index.c7d40b72.js
/ulstu/ros2_ws/src/install/webots_ros2_suv/share/webots_ros2_suv/map-server/dist/assets/index.c7d40b72.js.map
/ulstu/ros2_ws/src/install/webots_ros2_suv/share/webots_ros2_suv/launch/robot_launch.py
/ulstu/ros2_ws/src/install/webots_ros2_suv/share/webots_ros2_suv/worlds/robocross_gazelle.wbt
/ulstu/ros2_ws/src/install/webots_ros2_suv/share/webots_ros2_suv/worlds/ulstu_net/sumo.edg.xml
/ulstu/ros2_ws/src/install/webots_ros2_suv/share/webots_ros2_suv/worlds/ulstu_net/sumo.rou.xml
/ulstu/ros2_ws/src/install/webots_ros2_suv/share/webots_ros2_suv/worlds/ulstu_net/sumo.trip.xml
/ulstu/ros2_ws/src/install/webots_ros2_suv/share/webots_ros2_suv/worlds/ulstu_net/sumo.rou.alt.xml
/ulstu/ros2_ws/src/install/webots_ros2_suv/share/webots_ros2_suv/worlds/ulstu_net/sumo.net.xml
/ulstu/ros2_ws/src/install/webots_ros2_suv/share/webots_ros2_suv/worlds/ulstu_net/sumo.sumocfg
/ulstu/ros2_ws/src/install/webots_ros2_suv/share/webots_ros2_suv/worlds/ulstu_net/sumo.nod.xml
/ulstu/ros2_ws/src/install/webots_ros2_suv/share/webots_ros2_suv/resource/gazelle.urdf
/ulstu/ros2_ws/src/install/webots_ros2_suv/share/webots_ros2_suv/resource/bmw.urdf
/ulstu/ros2_ws/src/install/webots_ros2_suv/share/webots_ros2_suv/resource/tesla_webots.urdf
/ulstu/ros2_ws/src/install/webots_ros2_suv/share/webots_ros2_suv/resource/webots_ros2_suv
/ulstu/ros2_ws/src/install/webots_ros2_suv/share/webots_ros2_suv/resource/suv1.urdf
/ulstu/ros2_ws/src/install/webots_ros2_suv/share/webots_ros2_suv/resource/suv.urdf
/ulstu/ros2_ws/src/install/webots_ros2_suv/share/webots_ros2_suv/resource/lane_line_model/config.yaml
/ulstu/ros2_ws/src/install/webots_ros2_suv/share/webots_ros2_suv/resource/weights
/ulstu/ros2_ws/src/install/webots_ros2_suv/share/webots_ros2_suv/resource/weights/model-ep50-signs16/labels.txt
/ulstu/ros2_ws/src/install/webots_ros2_suv/share/webots_ros2_suv/resource/signs_icon/3_24_n90.jpg
/ulstu/ros2_ws/src/install/webots_ros2_suv/share/webots_ros2_suv/resource/signs_icon/5_19_1.jpg
/ulstu/ros2_ws/src/install/webots_ros2_suv/share/webots_ros2_suv/resource/signs_icon/3_18_1.jpg
/ulstu/ros2_ws/src/install/webots_ros2_suv/share/webots_ros2_suv/resource/signs_icon/3_24_n40.jpg
/ulstu/ros2_ws/src/install/webots_ros2_suv/share/webots_ros2_suv/resource/signs_icon/1_31.jpg
/ulstu/ros2_ws/src/install/webots_ros2_suv/share/webots_ros2_suv/resource/signs_icon/used_signs.txt
/ulstu/ros2_ws/src/install/webots_ros2_suv/share/webots_ros2_suv/resource/signs_icon/2_1.jpg
/ulstu/ros2_ws/src/install/webots_ros2_suv/share/webots_ros2_suv/resource/signs_icon/3_1.jpg
/ulstu/ros2_ws/src/install/webots_ros2_suv/share/webots_ros2_suv/resource/signs_icon/1_22.jpg
/ulstu/ros2_ws/src/install/webots_ros2_suv/share/webots_ros2_suv/resource/signs_icon/3_24_n60.jpg
/ulstu/ros2_ws/src/install/webots_ros2_suv/share/webots_ros2_suv/resource/signs_icon/1_1.jpg
/ulstu/ros2_ws/src/install/webots_ros2_suv/share/webots_ros2_suv/resource/signs_icon/3_28.jpg
/ulstu/ros2_ws/src/install/webots_ros2_suv/share/webots_ros2_suv/resource/signs_icon/4_1_1.jpg
/ulstu/ros2_ws/src/install/webots_ros2_suv/share/webots_ros2_suv/resource/signs_icon/5_5.jpg
/ulstu/ros2_ws/src/install/webots_ros2_suv/share/webots_ros2_suv/resource/signs_icon/4_3.jpg
/ulstu/ros2_ws/src/install/webots_ros2_suv/share/webots_ros2_suv/resource/signs_icon/6_3_2.jpg
/ulstu/ros2_ws/src/install/webots_ros2_suv/share/webots_ros2_suv/resource/signs_icon/2_4.jpg
/ulstu/ros2_ws/src/install/webots_ros2_suv/share/webots_ros2_suv/resource/signs_icon/3_24_n30.jpg
/ulstu/ros2_ws/src/install/webots_ros2_suv/share/webots_ros2_suv/resource/signs_icon/6_4.jpg
/ulstu/ros2_ws/src/install/webots_ros2_suv/share/webots_ros2_suv/resource/signs_icon/7_4.jpg
/ulstu/ros2_ws/src/install/webots_ros2_suv/share/webots_ros2_suv/config/config.rviz
/ulstu/ros2_ws/src/install/webots_ros2_suv/share/webots_ros2_suv/config/main.yaml
/ulstu/ros2_ws/src/install/webots_ros2_suv/share/webots_ros2_suv/config/map_config.yaml
/ulstu/ros2_ws/src/install/webots_ros2_suv/share/webots_ros2_suv/config/project_settings.yaml
/ulstu/ros2_ws/src/install/webots_ros2_suv/share/webots_ros2_suv/config/simulator/global_coords.yaml
/ulstu/ros2_ws/src/install/webots_ros2_suv/share/webots_ros2_suv/config/simulator/map_config.yaml
/ulstu/ros2_ws/src/install/webots_ros2_suv/share/webots_ros2_suv/config/simulator/devices_topics.yaml
/ulstu/ros2_ws/src/install/webots_ros2_suv/share/webots_ros2_suv/config/global_maps/robocross.geojson
/ulstu/ros2_ws/src/install/webots_ros2_suv/share/webots_ros2_suv/config/ego_states/robocross.yaml
/ulstu/ros2_ws/src/install/webots_ros2_suv/share/webots_ros2_suv/maps/suv_world.yaml
/ulstu/ros2_ws/src/install/webots_ros2_suv/share/webots_ros2_suv/maps/suv_world.pgm
/ulstu/ros2_ws/src/install/webots_ros2_suv/share/webots_ros2_suv/map-server/index.html
/ulstu/ros2_ws/src/install/webots_ros2_suv/share/webots_ros2_suv/map-server/style.css
/ulstu/ros2_ws/src/install/webots_ros2_suv/share/webots_ros2_suv/map-server/main.js
/ulstu/ros2_ws/src/install/webots_ros2_suv/share/webots_ros2_suv/map-server/readme.md
/ulstu/ros2_ws/src/install/webots_ros2_suv/share/webots_ros2_suv/map-server/package.json
/ulstu/ros2_ws/src/install/webots_ros2_suv/share/webots_ros2_suv/map-server/package-lock.json
/ulstu/ros2_ws/src/install/webots_ros2_suv/share/webots_ros2_suv/map-server/vite.config.js
/ulstu/ros2_ws/src/install/webots_ros2_suv/share/webots_ros2_suv/map-server/.github/dependabot.yml
/ulstu/ros2_ws/src/install/webots_ros2_suv/share/webots_ros2_suv/map-server/.github/workflows/build.yml
/ulstu/ros2_ws/src/install/webots_ros2_suv/share/webots_ros2_suv/map-server/libs/jquery-ui.min.js
/ulstu/ros2_ws/src/install/webots_ros2_suv/share/webots_ros2_suv/map-server/libs/jquery-3.7.0.min.js
/ulstu/ros2_ws/src/install/webots_ros2_suv/share/webots_ros2_suv/map-server/libs/bootstrap.min.css
/ulstu/ros2_ws/src/install/webots_ros2_suv/share/webots_ros2_suv/map-server/libs/jquery-ui.min.css
/ulstu/ros2_ws/src/install/webots_ros2_suv/share/webots_ros2_suv/map-server/log/latest_build
/ulstu/ros2_ws/src/install/webots_ros2_suv/share/webots_ros2_suv/map-server/log/COLCON_IGNORE
/ulstu/ros2_ws/src/install/webots_ros2_suv/share/webots_ros2_suv/map-server/log/latest
/ulstu/ros2_ws/src/install/webots_ros2_suv/share/webots_ros2_suv/map-server/install/setup.zsh
/ulstu/ros2_ws/src/install/webots_ros2_suv/share/webots_ros2_suv/map-server/install/local_setup.zsh
/ulstu/ros2_ws/src/install/webots_ros2_suv/share/webots_ros2_suv/map-server/install/local_setup.sh
/ulstu/ros2_ws/src/install/webots_ros2_suv/share/webots_ros2_suv/map-server/install/local_setup.ps1
/ulstu/ros2_ws/src/install/webots_ros2_suv/share/webots_ros2_suv/map-server/install/_local_setup_util_sh.py
/ulstu/ros2_ws/src/install/webots_ros2_suv/share/webots_ros2_suv/map-server/install/setup.bash
/ulstu/ros2_ws/src/install/webots_ros2_suv/share/webots_ros2_suv/map-server/install/COLCON_IGNORE
/ulstu/ros2_ws/src/install/webots_ros2_suv/share/webots_ros2_suv/map-server/install/setup.ps1
/ulstu/ros2_ws/src/install/webots_ros2_suv/share/webots_ros2_suv/map-server/install/setup.sh
/ulstu/ros2_ws/src/install/webots_ros2_suv/share/webots_ros2_suv/map-server/install/_local_setup_util_ps1.py
/ulstu/ros2_ws/src/install/webots_ros2_suv/share/webots_ros2_suv/map-server/install/local_setup.bash
/ulstu/ros2_ws/src/install/webots_ros2_suv/share/webots_ros2_suv/protos/UazAvionMesh.proto
/ulstu/ros2_ws/src/install/webots_ros2_suv/share/webots_ros2_suv/protos/AckermannVehicle.proto
/ulstu/ros2_ws/src/install/webots_ros2_suv/share/webots_ros2_suv/protos/Sprayer.proto
/ulstu/ros2_ws/src/install/webots_ros2_suv/share/webots_ros2_suv/protos/Amazon.proto
/ulstu/ros2_ws/src/install/webots_ros2_suv/share/webots_ros2_suv/protos/VehicleWheel.proto
/ulstu/ros2_ws/src/install/webots_ros2_suv/share/webots_ros2_suv/protos/TumanMesh.proto
/ulstu/ros2_ws/src/install/webots_ros2_suv/share/webots_ros2_suv/protos/UazAvionWheel.proto
/ulstu/ros2_ws/src/install/webots_ros2_suv/share/webots_ros2_suv/protos/UazPatriotInterior.proto
/ulstu/ros2_ws/src/install/webots_ros2_suv/share/webots_ros2_suv/protos/TumanInterior.proto
/ulstu/ros2_ws/src/install/webots_ros2_suv/share/webots_ros2_suv/protos/GazelleNextMesh.proto
/ulstu/ros2_ws/src/install/webots_ros2_suv/share/webots_ros2_suv/protos/GiveWaySign.proto
/ulstu/ros2_ws/src/install/webots_ros2_suv/share/webots_ros2_suv/protos/Kamaz.proto
/ulstu/ros2_ws/src/install/webots_ros2_suv/share/webots_ros2_suv/protos/UazAvionInterior.proto
/ulstu/ros2_ws/src/install/webots_ros2_suv/share/webots_ros2_suv/protos/GazelleNextInterior.proto
/ulstu/ros2_ws/src/install/webots_ros2_suv/share/webots_ros2_suv/protos/PlasticBarrel.proto
/ulstu/ros2_ws/src/install/webots_ros2_suv/share/webots_ros2_suv/protos/Car.proto
/ulstu/ros2_ws/src/install/webots_ros2_suv/share/webots_ros2_suv/protos/UazAvionAmazon.proto
/ulstu/ros2_ws/src/install/webots_ros2_suv/share/webots_ros2_suv/protos/TumanWheel.proto
/ulstu/ros2_ws/src/install/webots_ros2_suv/share/webots_ros2_suv/protos/Tuman.proto
/ulstu/ros2_ws/src/install/webots_ros2_suv/share/webots_ros2_suv/protos/UazAvionSprayer.proto
/ulstu/ros2_ws/src/install/webots_ros2_suv/share/webots_ros2_suv/protos/GazelleNextWheel.proto
/ulstu/ros2_ws/src/install/webots_ros2_suv/share/webots_ros2_suv/protos/Cow.proto
/ulstu/ros2_ws/src/install/webots_ros2_suv/share/webots_ros2_suv/protos/UazPatriotMesh.proto
/ulstu/ros2_ws/src/install/webots_ros2_suv/share/webots_ros2_suv/protos/VehicleLights.proto
/ulstu/ros2_ws/src/install/webots_ros2_suv/share/webots_ros2_suv/protos/GazelleNext.proto
/ulstu/ros2_ws/src/install/webots_ros2_suv/share/webots_ros2_suv/protos/Human.proto
/ulstu/ros2_ws/src/install/webots_ros2_suv/share/webots_ros2_suv/protos/UazPatriot.proto
/ulstu/ros2_ws/src/install/webots_ros2_suv/share/webots_ros2_suv/protos/MainRoadSign.proto
/ulstu/ros2_ws/src/install/webots_ros2_suv/share/webots_ros2_suv/protos/UazPatriotWheel.proto
/ulstu/ros2_ws/src/install/webots_ros2_suv/share/webots_ros2_suv/protos/GenericTireAppearance.proto
/ulstu/ros2_ws/src/install/webots_ros2_suv/share/webots_ros2_suv/protos/textures/bmw_dark_plastic_base_color.jpg
/ulstu/ros2_ws/src/install/webots_ros2_suv/share/webots_ros2_suv/protos/textures/bmw_logo_normal.jpg
/ulstu/ros2_ws/src/install/webots_ros2_suv/share/webots_ros2_suv/protos/textures/bmw_interior_speedometer_without_needles.jpg
/ulstu/ros2_ws/src/install/webots_ros2_suv/share/webots_ros2_suv/protos/textures/bmw_interior_speedometer.jpg
/ulstu/ros2_ws/src/install/webots_ros2_suv/share/webots_ros2_suv/protos/textures/bmw_logo_metalness.jpg
/ulstu/ros2_ws/src/install/webots_ros2_suv/share/webots_ros2_suv/protos/textures/bmw_logo_roughness.jpg
/ulstu/ros2_ws/src/install/webots_ros2_suv/share/webots_ros2_suv/protos/textures/uaz_logo.jpg
/ulstu/ros2_ws/src/install/webots_ros2_suv/share/webots_ros2_suv/protos/textures/bmw_plastic_roughness.jpg
/ulstu/ros2_ws/src/install/webots_ros2_suv/share/webots_ros2_suv/protos/textures/bmw_interior_seats.jpg
/ulstu/ros2_ws/src/install/webots_ros2_suv/share/webots_ros2_suv/protos/textures/bmw_interior_windshield_dust.png
/ulstu/ros2_ws/src/install/webots_ros2_suv/share/webots_ros2_suv/protos/textures/bmw_interior_radio_display.jpg
/ulstu/ros2_ws/src/install/webots_ros2_suv/share/webots_ros2_suv/protos/textures/bmw_plastic_occlusion.jpg
/ulstu/ros2_ws/src/install/webots_ros2_suv/share/webots_ros2_suv/protos/textures/bmw_logo_base_color.jpg
/ulstu/ros2_ws/src/install/webots_ros2_suv/share/webots_ros2_suv/protos/textures/bmw_light_plastic_base_color.jpg
/ulstu/ros2_ws/src/install/webots_ros2_suv/share/webots_ros2_suv/protos/textures/bmw_plastic_normal.jpg
/ulstu/ros2_ws/src/install/webots_ros2_suv/share/webots_ros2_suv/protos/icons/BmwX5.png
/ulstu/ros2_ws/src/install/webots_ros2_suv/share/webots_ros2_suv/protos/models/vehiclelights128_PNG_001.jpg
/ulstu/ros2_ws/src/install/webots_ros2_suv/share/webots_ros2_suv/protos/models/bruisermazpokr_PNG.jpg
/ulstu/ros2_ws/src/install/webots_ros2_suv/share/webots_ros2_suv/protos/models/frame_PNG.jpg
/ulstu/ros2_ws/src/install/webots_ros2_suv/share/webots_ros2_suv/protos/models/knopka2_PNG.jpg
/ulstu/ros2_ws/src/install/webots_ros2_suv/share/webots_ros2_suv/protos/models/UazAvionMesh.dae
/ulstu/ros2_ws/src/install/webots_ros2_suv/share/webots_ros2_suv/protos/models/greadddd_PNG.jpg
/ulstu/ros2_ws/src/install/webots_ros2_suv/share/webots_ros2_suv/protos/models/dnishe2_PNG.jpg
/ulstu/ros2_ws/src/install/webots_ros2_suv/share/webots_ros2_suv/protos/models/reshnozh_PNG.jpg
/ulstu/ros2_ws/src/install/webots_ros2_suv/share/webots_ros2_suv/protos/models/podbamp1_PNG.jpg
/ulstu/ros2_ws/src/install/webots_ros2_suv/share/webots_ros2_suv/protos/models/UazAvionLights.dae
/ulstu/ros2_ws/src/install/webots_ros2_suv/share/webots_ros2_suv/protos/models/crome2_PNG.jpg
/ulstu/ros2_ws/src/install/webots_ros2_suv/share/webots_ros2_suv/protos/models/uaz_mesh.dae
/ulstu/ros2_ws/src/install/webots_ros2_suv/share/webots_ros2_suv/protos/models/GazelleNextBody.dae
/ulstu/ros2_ws/src/install/webots_ros2_suv/share/webots_ros2_suv/protos/models/remap_body_PNG.jpg
/ulstu/ros2_ws/src/install/webots_ros2_suv/share/webots_ros2_suv/protos/models/UazAvionInterior.dae
/ulstu/ros2_ws/src/install/webots_ros2_suv/share/webots_ros2_suv/protos/models/TumanInterior.dae
/ulstu/ros2_ws/src/install/webots_ros2_suv/share/webots_ros2_suv/protos/models/UazAvionBody.dae
/ulstu/ros2_ws/src/install/webots_ros2_suv/share/webots_ros2_suv/protos/models/kabina_PNG.jpg
/ulstu/ros2_ws/src/install/webots_ros2_suv/share/webots_ros2_suv/protos/models/_44_PNG.jpg
/ulstu/ros2_ws/src/install/webots_ros2_suv/share/webots_ros2_suv/protos/models/plastikx_PNG.jpg
/ulstu/ros2_ws/src/install/webots_ros2_suv/share/webots_ros2_suv/protos/models/sina2_PNG.jpg
/ulstu/ros2_ws/src/install/webots_ros2_suv/share/webots_ros2_suv/protos/models/vehiclelights128_PNG_002.jpg
/ulstu/ros2_ws/src/install/webots_ros2_suv/share/webots_ros2_suv/protos/models/GazelleNextInterior.dae
/ulstu/ros2_ws/src/install/webots_ros2_suv/share/webots_ros2_suv/protos/models/TumanYellow.dae
/ulstu/ros2_ws/src/install/webots_ros2_suv/share/webots_ros2_suv/protos/models/6_map_4.jpg
/ulstu/ros2_ws/src/install/webots_ros2_suv/share/webots_ros2_suv/protos/models/bruisermazdisk_PNG.jpg
/ulstu/ros2_ws/src/install/webots_ros2_suv/share/webots_ros2_suv/protos/models/podogrevass2_PNG.jpg
/ulstu/ros2_ws/src/install/webots_ros2_suv/share/webots_ros2_suv/protos/models/glass_PNG.jpg
/ulstu/ros2_ws/src/install/webots_ros2_suv/share/webots_ros2_suv/protos/models/6_map_5.jpg
/ulstu/ros2_ws/src/install/webots_ros2_suv/share/webots_ros2_suv/protos/models/parabrisa_PNG.jpg
/ulstu/ros2_ws/src/install/webots_ros2_suv/share/webots_ros2_suv/protos/models/metaleng_PNG.jpg
/ulstu/ros2_ws/src/install/webots_ros2_suv/share/webots_ros2_suv/protos/models/lampasalon_PNG.jpg
/ulstu/ros2_ws/src/install/webots_ros2_suv/share/webots_ros2_suv/protos/models/knopka3_PNG.jpg
/ulstu/ros2_ws/src/install/webots_ros2_suv/share/webots_ros2_suv/protos/models/6_map_0.jpg
/ulstu/ros2_ws/src/install/webots_ros2_suv/share/webots_ros2_suv/protos/models/cats_PNG.jpg
/ulstu/ros2_ws/src/install/webots_ros2_suv/share/webots_ros2_suv/protos/models/TumanBlack.dae
/ulstu/ros2_ws/src/install/webots_ros2_suv/share/webots_ros2_suv/protos/models/shader_rear_PNG.jpg
/ulstu/ros2_ws/src/install/webots_ros2_suv/share/webots_ros2_suv/protos/models/bbasic_PNG.jpg
/ulstu/ros2_ws/src/install/webots_ros2_suv/share/webots_ros2_suv/protos/models/6_map_3.png
/ulstu/ros2_ws/src/install/webots_ros2_suv/share/webots_ros2_suv/protos/models/black_PNG.jpg
/ulstu/ros2_ws/src/install/webots_ros2_suv/share/webots_ros2_suv/protos/models/plastikpatr2_PNG.jpg
/ulstu/ros2_ws/src/install/webots_ros2_suv/share/webots_ros2_suv/protos/models/Cow.dae
/ulstu/ros2_ws/src/install/webots_ros2_suv/share/webots_ros2_suv/protos/models/pribror_PNG.jpg
/ulstu/ros2_ws/src/install/webots_ros2_suv/share/webots_ros2_suv/protos/models/6_map_1.jpg
/ulstu/ros2_ws/src/install/webots_ros2_suv/share/webots_ros2_suv/protos/models/UazAvionPlastic.dae
/ulstu/ros2_ws/src/install/webots_ros2_suv/share/webots_ros2_suv/protos/models/dvigdvig_PNG.jpg
/ulstu/ros2_ws/src/install/webots_ros2_suv/share/webots_ros2_suv/protos/models/GazelleNextLights.dae
/ulstu/ros2_ws/src/install/webots_ros2_suv/share/webots_ros2_suv/protos/models/leftflash_PNG.jpg
/ulstu/ros2_ws/src/install/webots_ros2_suv/share/webots_ros2_suv/protos/models/odezhda3_PNG.jpg
/ulstu/ros2_ws/src/install/webots_ros2_suv/share/webots_ros2_suv/protos/models/6_map_7.jpg
/ulstu/ros2_ws/src/install/webots_ros2_suv/share/webots_ros2_suv/protos/models/chrom_PNG.jpg
/ulstu/ros2_ws/src/install/webots_ros2_suv/share/webots_ros2_suv/protos/models/podogrevass_PNG.jpg
/ulstu/ros2_ws/src/install/webots_ros2_suv/share/webots_ros2_suv/protos/models/bukvy_PNG.jpg
/ulstu/ros2_ws/src/install/webots_ros2_suv/share/webots_ros2_suv/protos/models/fara_PNG.jpg
/ulstu/ros2_ws/src/install/webots_ros2_suv/share/webots_ros2_suv/protos/models/plastik_7_0_PNG.jpg
/ulstu/ros2_ws/src/install/webots_ros2_suv/share/webots_ros2_suv/protos/models/rightflash_PNG.jpg
/ulstu/ros2_ws/src/install/webots_ros2_suv/share/webots_ros2_suv/protos/models/fabric_PNG.jpg
/ulstu/ros2_ws/src/install/webots_ros2_suv/share/webots_ros2_suv/protos/models/6_map_9.jpg
/ulstu/ros2_ws/src/install/webots_ros2_suv/share/webots_ros2_suv/protos/models/2k_1.png.002.png
/ulstu/ros2_ws/src/install/webots_ros2_suv/share/webots_ros2_suv/protos/models/uaz_interior.dae
/ulstu/ros2_ws/src/install/webots_ros2_suv/share/webots_ros2_suv/protos/models/vehiclelights128_PNG.jpg
/ulstu/ros2_ws/src/install/webots_ros2_suv/share/webots_ros2_suv/protos/models/GazelleNextPlastic.dae
/ulstu/ros2_ws/src/install/webots_ros2_suv/share/webots_ros2_suv/protos/models/patrtorpeda_PNG.jpg
/ulstu/ros2_ws/src/install/webots_ros2_suv/share/webots_ros2_suv/protos/models/ElonMusk.dae
/ulstu/ros2_ws/src/install/webots_ros2_suv/share/webots_ros2_suv/protos/models/kovrik2_PNG.jpg
/ulstu/ros2_ws/src/install/webots_ros2_suv/share/webots_ros2_suv/protos/models/knopka1_PNG.jpg
/ulstu/ros2_ws/src/install/webots_ros2_suv/share/webots_ros2_suv/protos/models/intx_PNG.jpg
/ulstu/ros2_ws/src/install/webots_ros2_suv/share/webots_ros2_suv/protos/models/podbamp2_PNG.jpg
/ulstu/ros2_ws/src/install/webots_ros2_suv/share/webots_ros2_suv/protos/models/patrgps_PNG.jpg
/ulstu/ros2_ws/src/install/webots_ros2_suv/share/webots_ros2_suv/protos/models/kovrik_PNG.jpg
/ulstu/ros2_ws/src/install/webots_ros2_suv/share/webots_ros2_suv/protos/models/TumanOrange.dae
/ulstu/ros2_ws/src/install/webots_ros2_suv/share/webots_ros2_suv/protos/models/excv_1_PNG.jpg
/ulstu/ros2_ws/src/install/webots_ros2_suv/share/webots_ros2_suv/protos/models/GazelleNextMesh.dae
/ulstu/ros2_ws/src/install/webots_ros2_suv/share/webots_ros2_suv/protos/models/plastic_barrel/plastic_barrel.dae
/ulstu/ros2_ws/src/install/webots_ros2_suv/share/webots_ros2_suv/protos/models/plastic_barrel/textures/normal_map.png
/ulstu/ros2_ws/src/install/webots_ros2_suv/share/webots_ros2_suv/protos/models/plastic_barrel/textures/base_map.jpg
/ulstu/ros2_ws/src/install/webots_ros2_suv/share/webots_ros2_suv/protos/models/plastic_barrel/textures/metallic_map.jpg
/ulstu/ros2_ws/src/install/webots_ros2_suv/share/webots_ros2_suv/protos/models/plastic_barrel/textures/roughness_map.jpg
/ulstu/ros2_ws/src/install/webots_ros2_suv/share/webots_ros2_suv/protos/models/Sprayer/SprayerBlack.dae
/ulstu/ros2_ws/src/install/webots_ros2_suv/share/webots_ros2_suv/protos/models/Sprayer/SprayerGreen.dae
/ulstu/ros2_ws/src/install/webots_ros2_suv/share/webots_ros2_suv/protos/models/Sprayer/SprayerGlossy.dae
/ulstu/ros2_ws/src/install/webots_ros2_suv/share/webots_ros2_suv/protos/models/Sprayer/SprayerYellow.dae
/ulstu/ros2_ws/src/install/webots_ros2_suv/share/webots_ros2_suv/protos/models/Sprayer/SprayerMesh.dae
/ulstu/ros2_ws/src/install/webots_ros2_suv/share/webots_ros2_suv/protos/models/Sprayer/SprayerRed.dae
/ulstu/ros2_ws/src/install/webots_ros2_suv/share/webots_ros2_suv/protos/models/Amazon/AmazonBlack.dae
/ulstu/ros2_ws/src/install/webots_ros2_suv/share/webots_ros2_suv/protos/models/Amazon/AmazonGlossy.dae
/ulstu/ros2_ws/src/install/webots_ros2_suv/share/webots_ros2_suv/protos/models/Amazon/AmazonGreen.dae
/ulstu/ros2_ws/src/install/webots_ros2_suv/share/webots_ros2_suv/protos/models/Amazon/AmazonOrange.dae
/ulstu/ros2_ws/src/install/webots_ros2_suv/share/webots_ros2_suv/protos/models/signs/main_road_sign.dae
/ulstu/ros2_ws/src/install/webots_ros2_suv/share/webots_ros2_suv/protos/models/signs/give_way_sign.dae
/ulstu/ros2_ws/src/install/webots_ros2_suv/share/webots_ros2_suv/protos/models/signs/textures/normal_map.png
/ulstu/ros2_ws/src/install/webots_ros2_suv/share/webots_ros2_suv/protos/models/signs/textures/base_map.png
/ulstu/ros2_ws/src/install/webots_ros2_suv/share/webots_ros2_suv/protos/models/signs/textures/roughness_map.png
/ulstu/ros2_ws/src/install/webots_ros2_suv/share/webots_ros2_suv/protos/models/signs/textures/metallic_map.png
/ulstu/ros2_ws/src/install/webots_ros2_suv/lib/python3.10/site-packages/webots_ros2_suv-2023.0.1-py3.10.egg-info/SOURCES.txt
/ulstu/ros2_ws/src/install/webots_ros2_suv/lib/python3.10/site-packages/webots_ros2_suv-2023.0.1-py3.10.egg-info/dependency_links.txt
/ulstu/ros2_ws/src/install/webots_ros2_suv/lib/python3.10/site-packages/webots_ros2_suv-2023.0.1-py3.10.egg-info/requires.txt
/ulstu/ros2_ws/src/install/webots_ros2_suv/lib/python3.10/site-packages/webots_ros2_suv-2023.0.1-py3.10.egg-info/top_level.txt
/ulstu/ros2_ws/src/install/webots_ros2_suv/lib/python3.10/site-packages/webots_ros2_suv-2023.0.1-py3.10.egg-info/entry_points.txt
/ulstu/ros2_ws/src/install/webots_ros2_suv/lib/python3.10/site-packages/webots_ros2_suv-2023.0.1-py3.10.egg-info/PKG-INFO
/ulstu/ros2_ws/src/install/webots_ros2_suv/lib/python3.10/site-packages/webots_ros2_suv-2023.0.1-py3.10.egg-info/zip-safe
/ulstu/ros2_ws/src/install/webots_ros2_suv/lib/webots_ros2_suv/node_ego_controller
/ulstu/ros2_ws/src/install/webots_ros2_suv/lib/webots_ros2_suv/node_sensors_webots
