[0.010s] Invoking command in '/ulstu/ros2_ws/build/pcl_tutorial': CMAKE_PREFIX_PATH=${CMAKE_PREFIX_PATH}:/ulstu/ros2_ws/install/webots_ros2_suv:/opt/ros/humble /usr/bin/cmake /ulstu/ros2_ws/pcl_tutorial/pcl_tutorial -DCMAKE_INSTALL_PREFIX=/ulstu/ros2_ws/install/pcl_tutorial
[0.061s] -- The C compiler identification is GNU 11.4.0
[0.116s] -- The CXX compiler identification is GNU 11.4.0
[0.123s] -- Detecting C compiler ABI info
[0.188s] -- Detecting C compiler ABI info - done
[0.194s] -- Check for working C compiler: /usr/bin/cc - skipped
[0.195s] -- Detecting C compile features
[0.195s] -- Detecting C compile features - done
[0.198s] -- Detecting CXX compiler ABI info
[0.273s] -- Detecting CXX compiler ABI info - done
[0.280s] -- Check for working CXX compiler: /usr/bin/c++ - skipped
[0.280s] -- Detecting CXX compile features
[0.280s] -- Detecting CXX compile features - done
[0.284s] -- Found ament_cmake: 1.3.10 (/opt/ros/humble/share/ament_cmake/cmake)
[0.439s] -- Found Python3: /usr/bin/python3 (found version "3.10.12") found components: Interpreter 
[0.563s] -- Found rclcpp: 16.0.10 (/opt/ros/humble/share/rclcpp/cmake)
[0.617s] -- Found rosidl_generator_c: 3.1.5 (/opt/ros/humble/share/rosidl_generator_c/cmake)
[0.625s] -- Found rosidl_adapter: 3.1.5 (/opt/ros/humble/share/rosidl_adapter/cmake)
[0.636s] -- Found rosidl_generator_cpp: 3.1.5 (/opt/ros/humble/share/rosidl_generator_cpp/cmake)
[0.649s] -- Using all available rosidl_typesupport_c: rosidl_typesupport_fastrtps_c;rosidl_typesupport_introspection_c
[0.668s] -- Using all available rosidl_typesupport_cpp: rosidl_typesupport_fastrtps_cpp;rosidl_typesupport_introspection_cpp
[0.746s] -- Found rmw_implementation_cmake: 6.1.2 (/opt/ros/humble/share/rmw_implementation_cmake/cmake)
[0.750s] -- Found rmw_cyclonedds_cpp: 1.3.4 (/opt/ros/humble/share/rmw_cyclonedds_cpp/cmake)
[0.778s] -- Using RMW implementation 'rmw_cyclonedds_cpp' as default
[0.794s] -- Looking for pthread.h
[0.868s] -- Looking for pthread.h - found
[0.868s] -- Performing Test CMAKE_HAVE_LIBC_PTHREAD
[0.942s] -- Performing Test CMAKE_HAVE_LIBC_PTHREAD - Success
[0.943s] -- Found Threads: TRUE  
[1.002s] -- Found sensor_msgs: 4.2.4 (/opt/ros/humble/share/sensor_msgs/cmake)
[1.036s] -- Found visualization_msgs: 4.2.4 (/opt/ros/humble/share/visualization_msgs/cmake)
[1.056s] -- Found vision_msgs: 4.1.1 (/opt/ros/humble/share/vision_msgs/cmake)
[1.073s] -- Found tf2_ros: 0.25.7 (/opt/ros/humble/share/tf2_ros/cmake)
[1.211s] [31mCMake Error at CMakeLists.txt:27 (find_package):
[1.211s]   By not providing "Findpcl_ros.cmake" in CMAKE_MODULE_PATH this project has
[1.211s]   asked CMake to find a package configuration file provided by "pcl_ros", but
[1.211s]   CMake did not find one.
[1.211s] 
[1.212s]   Could not find a package configuration file provided by "pcl_ros" with any
[1.212s]   of the following names:
[1.212s] 
[1.212s]     pcl_rosConfig.cmake
[1.212s]     pcl_ros-config.cmake
[1.212s] 
[1.212s]   Add the installation prefix of "pcl_ros" to CMAKE_PREFIX_PATH or set
[1.212s]   "pcl_ros_DIR" to a directory containing one of the above files.  If
[1.212s]   "pcl_ros" provides a separate development package or SDK, be sure it has
[1.212s]   been installed.
[1.213s] 
[1.213s] [0m
[1.213s] -- Configuring incomplete, errors occurred!
[1.213s] See also "/ulstu/ros2_ws/build/pcl_tutorial/CMakeFiles/CMakeOutput.log".
[1.218s] Invoked command in '/ulstu/ros2_ws/build/pcl_tutorial' returned '1': CMAKE_PREFIX_PATH=${CMAKE_PREFIX_PATH}:/ulstu/ros2_ws/install/webots_ros2_suv:/opt/ros/humble /usr/bin/cmake /ulstu/ros2_ws/pcl_tutorial/pcl_tutorial -DCMAKE_INSTALL_PREFIX=/ulstu/ros2_ws/install/pcl_tutorial
