[0.084s] DEBUG:colcon:Command line arguments: ['/usr/bin/colcon', 'build']
[0.084s] DEBUG:colcon:Parsed command line arguments: Namespace(log_base=None, log_level=None, verb_name='build', build_base='build', install_base='install', merge_install=False, symlink_install=False, test_result_base=None, continue_on_error=False, executor='parallel', parallel_workers=12, event_handlers=None, ignore_user_meta=False, metas=['./colcon.meta'], base_paths=['.'], packages_ignore=None, packages_ignore_regex=None, paths=None, packages_up_to=None, packages_up_to_regex=None, packages_above=None, packages_above_and_dependencies=None, packages_above_depth=None, packages_select_by_dep=None, packages_skip_by_dep=None, packages_skip_up_to=None, packages_select_build_failed=False, packages_skip_build_finished=False, packages_select_test_failures=False, packages_skip_test_passed=False, packages_select=None, packages_skip=None, packages_select_regex=None, packages_skip_regex=None, packages_start=None, packages_end=None, cmake_args=None, cmake_target=None, cmake_target_skip_unavailable=False, cmake_clean_cache=False, cmake_clean_first=False, cmake_force_configure=False, ament_cmake_args=None, catkin_cmake_args=None, catkin_skip_building_tests=False, mixin_files=None, mixin=None, verb_parser=<colcon_mixin.mixin.mixin_argument.MixinArgumentDecorator object at 0x72bf1460a7a0>, verb_extension=<colcon_core.verb.build.BuildVerb object at 0x72bf1460a110>, main=<bound method BuildVerb.main of <colcon_core.verb.build.BuildVerb object at 0x72bf1460a110>>, mixin_verb=('build',))
[0.219s] Level 1:colcon.colcon_core.package_discovery:discover_packages(colcon_meta) check parameters
[0.220s] Level 1:colcon.colcon_core.package_discovery:discover_packages(recursive) check parameters
[0.220s] Level 1:colcon.colcon_core.package_discovery:discover_packages(ignore) check parameters
[0.220s] Level 1:colcon.colcon_core.package_discovery:discover_packages(path) check parameters
[0.220s] Level 1:colcon.colcon_core.package_discovery:discover_packages(colcon_meta) discover
[0.220s] Level 1:colcon.colcon_core.package_discovery:discover_packages(recursive) discover
[0.220s] INFO:colcon.colcon_core.package_discovery:Crawling recursively for packages in '/ulstu/ros2_ws'
[0.220s] Level 1:colcon.colcon_core.package_identification:_identify(.) by extensions ['ignore', 'ignore_ament_install']
[0.220s] Level 1:colcon.colcon_core.package_identification:_identify(.) by extension 'ignore'
[0.220s] Level 1:colcon.colcon_core.package_identification:_identify(.) by extension 'ignore_ament_install'
[0.220s] Level 1:colcon.colcon_core.package_identification:_identify(.) by extensions ['colcon_pkg']
[0.220s] Level 1:colcon.colcon_core.package_identification:_identify(.) by extension 'colcon_pkg'
[0.220s] Level 1:colcon.colcon_core.package_identification:_identify(.) by extensions ['colcon_meta']
[0.220s] Level 1:colcon.colcon_core.package_identification:_identify(.) by extension 'colcon_meta'
[0.220s] Level 1:colcon.colcon_core.package_identification:_identify(.) by extensions ['ros']
[0.220s] Level 1:colcon.colcon_core.package_identification:_identify(.) by extension 'ros'
[0.229s] Level 1:colcon.colcon_core.package_identification:_identify(.) by extensions ['cmake', 'python']
[0.229s] Level 1:colcon.colcon_core.package_identification:_identify(.) by extension 'cmake'
[0.229s] Level 1:colcon.colcon_core.package_identification:_identify(.) by extension 'python'
[0.229s] Level 1:colcon.colcon_core.package_identification:_identify(.) by extensions ['python_setup_py']
[0.229s] Level 1:colcon.colcon_core.package_identification:_identify(.) by extension 'python_setup_py'
[0.229s] Level 1:colcon.colcon_core.package_identification:_identify(build) by extensions ['ignore', 'ignore_ament_install']
[0.229s] Level 1:colcon.colcon_core.package_identification:_identify(build) by extension 'ignore'
[0.229s] Level 1:colcon.colcon_core.package_identification:_identify(build) ignored
[0.229s] Level 1:colcon.colcon_core.package_identification:_identify(install) by extensions ['ignore', 'ignore_ament_install']
[0.229s] Level 1:colcon.colcon_core.package_identification:_identify(install) by extension 'ignore'
[0.229s] Level 1:colcon.colcon_core.package_identification:_identify(install) ignored
[0.229s] Level 1:colcon.colcon_core.package_identification:_identify(log) by extensions ['ignore', 'ignore_ament_install']
[0.229s] Level 1:colcon.colcon_core.package_identification:_identify(log) by extension 'ignore'
[0.229s] Level 1:colcon.colcon_core.package_identification:_identify(log) ignored
[0.229s] Level 1:colcon.colcon_core.package_identification:_identify(pcl_tutorial) by extensions ['ignore', 'ignore_ament_install']
[0.229s] Level 1:colcon.colcon_core.package_identification:_identify(pcl_tutorial) by extension 'ignore'
[0.229s] Level 1:colcon.colcon_core.package_identification:_identify(pcl_tutorial) by extension 'ignore_ament_install'
[0.230s] Level 1:colcon.colcon_core.package_identification:_identify(pcl_tutorial) by extensions ['colcon_pkg']
[0.230s] Level 1:colcon.colcon_core.package_identification:_identify(pcl_tutorial) by extension 'colcon_pkg'
[0.230s] Level 1:colcon.colcon_core.package_identification:_identify(pcl_tutorial) by extensions ['colcon_meta']
[0.230s] Level 1:colcon.colcon_core.package_identification:_identify(pcl_tutorial) by extension 'colcon_meta'
[0.230s] Level 1:colcon.colcon_core.package_identification:_identify(pcl_tutorial) by extensions ['ros']
[0.230s] Level 1:colcon.colcon_core.package_identification:_identify(pcl_tutorial) by extension 'ros'
[0.230s] Level 1:colcon.colcon_core.package_identification:_identify(pcl_tutorial) by extensions ['cmake', 'python']
[0.230s] Level 1:colcon.colcon_core.package_identification:_identify(pcl_tutorial) by extension 'cmake'
[0.230s] Level 1:colcon.colcon_core.package_identification:_identify(pcl_tutorial) by extension 'python'
[0.230s] Level 1:colcon.colcon_core.package_identification:_identify(pcl_tutorial) by extensions ['python_setup_py']
[0.230s] Level 1:colcon.colcon_core.package_identification:_identify(pcl_tutorial) by extension 'python_setup_py'
[0.230s] Level 1:colcon.colcon_core.package_identification:_identify(pcl_tutorial/pcl_tutorial) by extensions ['ignore', 'ignore_ament_install']
[0.230s] Level 1:colcon.colcon_core.package_identification:_identify(pcl_tutorial/pcl_tutorial) by extension 'ignore'
[0.230s] Level 1:colcon.colcon_core.package_identification:_identify(pcl_tutorial/pcl_tutorial) by extension 'ignore_ament_install'
[0.230s] Level 1:colcon.colcon_core.package_identification:_identify(pcl_tutorial/pcl_tutorial) by extensions ['colcon_pkg']
[0.230s] Level 1:colcon.colcon_core.package_identification:_identify(pcl_tutorial/pcl_tutorial) by extension 'colcon_pkg'
[0.230s] Level 1:colcon.colcon_core.package_identification:_identify(pcl_tutorial/pcl_tutorial) by extensions ['colcon_meta']
[0.230s] Level 1:colcon.colcon_core.package_identification:_identify(pcl_tutorial/pcl_tutorial) by extension 'colcon_meta'
[0.230s] Level 1:colcon.colcon_core.package_identification:_identify(pcl_tutorial/pcl_tutorial) by extensions ['ros']
[0.230s] Level 1:colcon.colcon_core.package_identification:_identify(pcl_tutorial/pcl_tutorial) by extension 'ros'
[0.232s] DEBUG:colcon.colcon_core.package_identification:Package 'pcl_tutorial/pcl_tutorial' with type 'ros.ament_cmake' and name 'pcl_tutorial'
[0.233s] Level 1:colcon.colcon_core.package_identification:_identify(src) by extensions ['ignore', 'ignore_ament_install']
[0.233s] Level 1:colcon.colcon_core.package_identification:_identify(src) by extension 'ignore'
[0.233s] Level 1:colcon.colcon_core.package_identification:_identify(src) by extension 'ignore_ament_install'
[0.233s] Level 1:colcon.colcon_core.package_identification:_identify(src) by extensions ['colcon_pkg']
[0.233s] Level 1:colcon.colcon_core.package_identification:_identify(src) by extension 'colcon_pkg'
[0.233s] Level 1:colcon.colcon_core.package_identification:_identify(src) by extensions ['colcon_meta']
[0.233s] Level 1:colcon.colcon_core.package_identification:_identify(src) by extension 'colcon_meta'
[0.233s] Level 1:colcon.colcon_core.package_identification:_identify(src) by extensions ['ros']
[0.233s] Level 1:colcon.colcon_core.package_identification:_identify(src) by extension 'ros'
[0.233s] Level 1:colcon.colcon_core.package_identification:_identify(src) by extensions ['cmake', 'python']
[0.233s] Level 1:colcon.colcon_core.package_identification:_identify(src) by extension 'cmake'
[0.233s] Level 1:colcon.colcon_core.package_identification:_identify(src) by extension 'python'
[0.233s] Level 1:colcon.colcon_core.package_identification:_identify(src) by extensions ['python_setup_py']
[0.233s] Level 1:colcon.colcon_core.package_identification:_identify(src) by extension 'python_setup_py'
[0.233s] Level 1:colcon.colcon_core.package_identification:_identify(src/robot_interfaces) by extensions ['ignore', 'ignore_ament_install']
[0.233s] Level 1:colcon.colcon_core.package_identification:_identify(src/robot_interfaces) by extension 'ignore'
[0.233s] Level 1:colcon.colcon_core.package_identification:_identify(src/robot_interfaces) by extension 'ignore_ament_install'
[0.233s] Level 1:colcon.colcon_core.package_identification:_identify(src/robot_interfaces) by extensions ['colcon_pkg']
[0.233s] Level 1:colcon.colcon_core.package_identification:_identify(src/robot_interfaces) by extension 'colcon_pkg'
[0.233s] Level 1:colcon.colcon_core.package_identification:_identify(src/robot_interfaces) by extensions ['colcon_meta']
[0.233s] Level 1:colcon.colcon_core.package_identification:_identify(src/robot_interfaces) by extension 'colcon_meta'
[0.233s] Level 1:colcon.colcon_core.package_identification:_identify(src/robot_interfaces) by extensions ['ros']
[0.233s] Level 1:colcon.colcon_core.package_identification:_identify(src/robot_interfaces) by extension 'ros'
[0.234s] DEBUG:colcon.colcon_core.package_identification:Package 'src/robot_interfaces' with type 'ros.ament_cmake' and name 'robot_interfaces'
[0.234s] Level 1:colcon.colcon_core.package_identification:_identify(src/webots_ros2_suv) by extensions ['ignore', 'ignore_ament_install']
[0.234s] Level 1:colcon.colcon_core.package_identification:_identify(src/webots_ros2_suv) by extension 'ignore'
[0.234s] Level 1:colcon.colcon_core.package_identification:_identify(src/webots_ros2_suv) by extension 'ignore_ament_install'
[0.234s] Level 1:colcon.colcon_core.package_identification:_identify(src/webots_ros2_suv) by extensions ['colcon_pkg']
[0.234s] Level 1:colcon.colcon_core.package_identification:_identify(src/webots_ros2_suv) by extension 'colcon_pkg'
[0.234s] Level 1:colcon.colcon_core.package_identification:_identify(src/webots_ros2_suv) by extensions ['colcon_meta']
[0.234s] Level 1:colcon.colcon_core.package_identification:_identify(src/webots_ros2_suv) by extension 'colcon_meta'
[0.234s] Level 1:colcon.colcon_core.package_identification:_identify(src/webots_ros2_suv) by extensions ['ros']
[0.234s] Level 1:colcon.colcon_core.package_identification:_identify(src/webots_ros2_suv) by extension 'ros'
[0.235s] DEBUG:colcon.colcon_core.package_identification:Package 'src/webots_ros2_suv' with type 'ros.ament_python' and name 'webots_ros2_suv'
[0.235s] Level 1:colcon.colcon_core.package_discovery:discover_packages(recursive) using defaults
[0.235s] Level 1:colcon.colcon_core.package_discovery:discover_packages(ignore) discover
[0.235s] Level 1:colcon.colcon_core.package_discovery:discover_packages(ignore) using defaults
[0.235s] Level 1:colcon.colcon_core.package_discovery:discover_packages(path) discover
[0.235s] Level 1:colcon.colcon_core.package_discovery:discover_packages(path) using defaults
[0.250s] Level 5:colcon.colcon_core.verb:set package 'pcl_tutorial' build argument 'cmake_args' from command line to 'None'
[0.250s] Level 5:colcon.colcon_core.verb:set package 'pcl_tutorial' build argument 'cmake_target' from command line to 'None'
[0.250s] Level 5:colcon.colcon_core.verb:set package 'pcl_tutorial' build argument 'cmake_target_skip_unavailable' from command line to 'False'
[0.250s] Level 5:colcon.colcon_core.verb:set package 'pcl_tutorial' build argument 'cmake_clean_cache' from command line to 'False'
[0.251s] Level 5:colcon.colcon_core.verb:set package 'pcl_tutorial' build argument 'cmake_clean_first' from command line to 'False'
[0.251s] Level 5:colcon.colcon_core.verb:set package 'pcl_tutorial' build argument 'cmake_force_configure' from command line to 'False'
[0.251s] Level 5:colcon.colcon_core.verb:set package 'pcl_tutorial' build argument 'ament_cmake_args' from command line to 'None'
[0.251s] Level 5:colcon.colcon_core.verb:set package 'pcl_tutorial' build argument 'catkin_cmake_args' from command line to 'None'
[0.251s] Level 5:colcon.colcon_core.verb:set package 'pcl_tutorial' build argument 'catkin_skip_building_tests' from command line to 'False'
[0.251s] DEBUG:colcon.colcon_core.verb:Building package 'pcl_tutorial' with the following arguments: {'ament_cmake_args': None, 'build_base': '/ulstu/ros2_ws/build/pcl_tutorial', 'catkin_cmake_args': None, 'catkin_skip_building_tests': False, 'cmake_args': None, 'cmake_clean_cache': False, 'cmake_clean_first': False, 'cmake_force_configure': False, 'cmake_target': None, 'cmake_target_skip_unavailable': False, 'install_base': '/ulstu/ros2_ws/install/pcl_tutorial', 'merge_install': False, 'path': '/ulstu/ros2_ws/pcl_tutorial/pcl_tutorial', 'symlink_install': False, 'test_result_base': None}
[0.251s] Level 5:colcon.colcon_core.verb:set package 'robot_interfaces' build argument 'cmake_args' from command line to 'None'
[0.251s] Level 5:colcon.colcon_core.verb:set package 'robot_interfaces' build argument 'cmake_target' from command line to 'None'
[0.251s] Level 5:colcon.colcon_core.verb:set package 'robot_interfaces' build argument 'cmake_target_skip_unavailable' from command line to 'False'
[0.251s] Level 5:colcon.colcon_core.verb:set package 'robot_interfaces' build argument 'cmake_clean_cache' from command line to 'False'
[0.251s] Level 5:colcon.colcon_core.verb:set package 'robot_interfaces' build argument 'cmake_clean_first' from command line to 'False'
[0.251s] Level 5:colcon.colcon_core.verb:set package 'robot_interfaces' build argument 'cmake_force_configure' from command line to 'False'
[0.251s] Level 5:colcon.colcon_core.verb:set package 'robot_interfaces' build argument 'ament_cmake_args' from command line to 'None'
[0.251s] Level 5:colcon.colcon_core.verb:set package 'robot_interfaces' build argument 'catkin_cmake_args' from command line to 'None'
[0.251s] Level 5:colcon.colcon_core.verb:set package 'robot_interfaces' build argument 'catkin_skip_building_tests' from command line to 'False'
[0.251s] DEBUG:colcon.colcon_core.verb:Building package 'robot_interfaces' with the following arguments: {'ament_cmake_args': None, 'build_base': '/ulstu/ros2_ws/build/robot_interfaces', 'catkin_cmake_args': None, 'catkin_skip_building_tests': False, 'cmake_args': None, 'cmake_clean_cache': False, 'cmake_clean_first': False, 'cmake_force_configure': False, 'cmake_target': None, 'cmake_target_skip_unavailable': False, 'install_base': '/ulstu/ros2_ws/install/robot_interfaces', 'merge_install': False, 'path': '/ulstu/ros2_ws/src/robot_interfaces', 'symlink_install': False, 'test_result_base': None}
[0.251s] Level 5:colcon.colcon_core.verb:set package 'webots_ros2_suv' build argument 'cmake_args' from command line to 'None'
[0.251s] Level 5:colcon.colcon_core.verb:set package 'webots_ros2_suv' build argument 'cmake_target' from command line to 'None'
[0.251s] Level 5:colcon.colcon_core.verb:set package 'webots_ros2_suv' build argument 'cmake_target_skip_unavailable' from command line to 'False'
[0.251s] Level 5:colcon.colcon_core.verb:set package 'webots_ros2_suv' build argument 'cmake_clean_cache' from command line to 'False'
[0.251s] Level 5:colcon.colcon_core.verb:set package 'webots_ros2_suv' build argument 'cmake_clean_first' from command line to 'False'
[0.251s] Level 5:colcon.colcon_core.verb:set package 'webots_ros2_suv' build argument 'cmake_force_configure' from command line to 'False'
[0.251s] Level 5:colcon.colcon_core.verb:set package 'webots_ros2_suv' build argument 'ament_cmake_args' from command line to 'None'
[0.251s] Level 5:colcon.colcon_core.verb:set package 'webots_ros2_suv' build argument 'catkin_cmake_args' from command line to 'None'
[0.251s] Level 5:colcon.colcon_core.verb:set package 'webots_ros2_suv' build argument 'catkin_skip_building_tests' from command line to 'False'
[0.251s] DEBUG:colcon.colcon_core.verb:Building package 'webots_ros2_suv' with the following arguments: {'ament_cmake_args': None, 'build_base': '/ulstu/ros2_ws/build/webots_ros2_suv', 'catkin_cmake_args': None, 'catkin_skip_building_tests': False, 'cmake_args': None, 'cmake_clean_cache': False, 'cmake_clean_first': False, 'cmake_force_configure': False, 'cmake_target': None, 'cmake_target_skip_unavailable': False, 'install_base': '/ulstu/ros2_ws/install/webots_ros2_suv', 'merge_install': False, 'path': '/ulstu/ros2_ws/src/webots_ros2_suv', 'symlink_install': False, 'test_result_base': None}
[0.252s] INFO:colcon.colcon_core.executor:Executing jobs using 'parallel' executor
[0.252s] DEBUG:colcon.colcon_parallel_executor.executor.parallel:run_until_complete
[0.253s] INFO:colcon.colcon_ros.task.ament_cmake.build:Building ROS package in '/ulstu/ros2_ws/src/robot_interfaces' with build type 'ament_cmake'
[0.253s] INFO:colcon.colcon_cmake.task.cmake.build:Building CMake package in '/ulstu/ros2_ws/src/robot_interfaces'
[0.254s] INFO:colcon.colcon_core.plugin_system:Skipping extension 'colcon_core.shell.bat': Not used on non-Windows systems
[0.255s] INFO:colcon.colcon_core.shell:Skip shell extension 'powershell' for command environment: Not usable outside of PowerShell
[0.255s] DEBUG:colcon.colcon_core.shell:Skip shell extension 'dsv' for command environment
[0.267s] INFO:colcon.colcon_ros.task.ament_cmake.build:Building ROS package in '/ulstu/ros2_ws/pcl_tutorial/pcl_tutorial' with build type 'ament_cmake'
[0.267s] INFO:colcon.colcon_cmake.task.cmake.build:Building CMake package in '/ulstu/ros2_ws/pcl_tutorial/pcl_tutorial'
[0.267s] INFO:colcon.colcon_core.shell:Skip shell extension 'powershell' for command environment: Not usable outside of PowerShell
[0.267s] DEBUG:colcon.colcon_core.shell:Skip shell extension 'dsv' for command environment
[0.274s] DEBUG:colcon.colcon_core.event_handler.log_command:Invoking command in '/ulstu/ros2_ws/build/robot_interfaces': CMAKE_PREFIX_PATH=${CMAKE_PREFIX_PATH}:/ulstu/ros2_ws/install/webots_ros2_suv:/opt/ros/humble /usr/bin/cmake --build /ulstu/ros2_ws/build/robot_interfaces -- -j12 -l12
[0.277s] DEBUG:colcon.colcon_core.event_handler.log_command:Invoking command in '/ulstu/ros2_ws/build/pcl_tutorial': CMAKE_PREFIX_PATH=${CMAKE_PREFIX_PATH}:/ulstu/ros2_ws/install/webots_ros2_suv:/opt/ros/humble /usr/bin/cmake /ulstu/ros2_ws/pcl_tutorial/pcl_tutorial -DCMAKE_INSTALL_PREFIX=/ulstu/ros2_ws/install/pcl_tutorial
[0.587s] DEBUG:colcon.colcon_core.event_handler.log_command:Invoked command in '/ulstu/ros2_ws/build/robot_interfaces' returned '0': CMAKE_PREFIX_PATH=${CMAKE_PREFIX_PATH}:/ulstu/ros2_ws/install/webots_ros2_suv:/opt/ros/humble /usr/bin/cmake --build /ulstu/ros2_ws/build/robot_interfaces -- -j12 -l12
[0.680s] DEBUG:colcon.colcon_core.event_handler.log_command:Invoking command in '/ulstu/ros2_ws/build/robot_interfaces': CMAKE_PREFIX_PATH=${CMAKE_PREFIX_PATH}:/ulstu/ros2_ws/install/webots_ros2_suv:/opt/ros/humble /usr/bin/cmake --install /ulstu/ros2_ws/build/robot_interfaces
[0.734s] Level 1:colcon.colcon_core.environment:create_environment_scripts_only(robot_interfaces)
[0.734s] DEBUG:colcon.colcon_core.event_handler.log_command:Invoked command in '/ulstu/ros2_ws/build/robot_interfaces' returned '0': CMAKE_PREFIX_PATH=${CMAKE_PREFIX_PATH}:/ulstu/ros2_ws/install/webots_ros2_suv:/opt/ros/humble /usr/bin/cmake --install /ulstu/ros2_ws/build/robot_interfaces
[0.737s] Level 1:colcon.colcon_core.environment:checking '/ulstu/ros2_ws/install/robot_interfaces' for CMake module files
[0.739s] Level 1:colcon.colcon_core.environment:checking '/ulstu/ros2_ws/install/robot_interfaces' for CMake config files
[0.740s] Level 1:colcon.colcon_core.shell:create_environment_hook('robot_interfaces', 'cmake_prefix_path')
[0.740s] INFO:colcon.colcon_core.shell:Creating environment hook '/ulstu/ros2_ws/install/robot_interfaces/share/robot_interfaces/hook/cmake_prefix_path.ps1'
[0.741s] INFO:colcon.colcon_core.shell:Creating environment descriptor '/ulstu/ros2_ws/install/robot_interfaces/share/robot_interfaces/hook/cmake_prefix_path.dsv'
[0.742s] INFO:colcon.colcon_core.shell:Creating environment hook '/ulstu/ros2_ws/install/robot_interfaces/share/robot_interfaces/hook/cmake_prefix_path.sh'
[0.743s] Level 1:colcon.colcon_core.environment:checking '/ulstu/ros2_ws/install/robot_interfaces/lib'
[0.743s] Level 1:colcon.colcon_core.shell:create_environment_hook('robot_interfaces', 'ld_library_path_lib')
[0.744s] INFO:colcon.colcon_core.shell:Creating environment hook '/ulstu/ros2_ws/install/robot_interfaces/share/robot_interfaces/hook/ld_library_path_lib.ps1'
[0.744s] INFO:colcon.colcon_core.shell:Creating environment descriptor '/ulstu/ros2_ws/install/robot_interfaces/share/robot_interfaces/hook/ld_library_path_lib.dsv'
[0.745s] INFO:colcon.colcon_core.shell:Creating environment hook '/ulstu/ros2_ws/install/robot_interfaces/share/robot_interfaces/hook/ld_library_path_lib.sh'
[0.745s] Level 1:colcon.colcon_core.environment:checking '/ulstu/ros2_ws/install/robot_interfaces/bin'
[0.745s] Level 1:colcon.colcon_core.environment:checking '/ulstu/ros2_ws/install/robot_interfaces/lib/pkgconfig/robot_interfaces.pc'
[0.748s] Level 1:colcon.colcon_core.environment:checking '/ulstu/ros2_ws/install/robot_interfaces/lib/python3.10/site-packages'
[0.748s] Level 1:colcon.colcon_core.environment:checking '/ulstu/ros2_ws/install/robot_interfaces/bin'
[0.749s] INFO:colcon.colcon_core.shell:Creating package script '/ulstu/ros2_ws/install/robot_interfaces/share/robot_interfaces/package.ps1'
[0.750s] INFO:colcon.colcon_core.shell:Creating package descriptor '/ulstu/ros2_ws/install/robot_interfaces/share/robot_interfaces/package.dsv'
[0.751s] INFO:colcon.colcon_core.shell:Creating package script '/ulstu/ros2_ws/install/robot_interfaces/share/robot_interfaces/package.sh'
[0.752s] INFO:colcon.colcon_core.shell:Creating package script '/ulstu/ros2_ws/install/robot_interfaces/share/robot_interfaces/package.bash'
[0.753s] INFO:colcon.colcon_core.shell:Creating package script '/ulstu/ros2_ws/install/robot_interfaces/share/robot_interfaces/package.zsh'
[0.754s] Level 1:colcon.colcon_core.environment:create_file_with_runtime_dependencies(/ulstu/ros2_ws/install/robot_interfaces/share/colcon-core/packages/robot_interfaces)
[0.836s] Level 1:colcon.colcon_core.environment:create_environment_scripts_only(robot_interfaces)
[0.837s] Level 1:colcon.colcon_core.environment:checking '/ulstu/ros2_ws/install/robot_interfaces' for CMake module files
[0.837s] Level 1:colcon.colcon_core.environment:checking '/ulstu/ros2_ws/install/robot_interfaces' for CMake config files
[0.838s] Level 1:colcon.colcon_core.shell:create_environment_hook('robot_interfaces', 'cmake_prefix_path')
[0.838s] INFO:colcon.colcon_core.shell:Creating environment hook '/ulstu/ros2_ws/install/robot_interfaces/share/robot_interfaces/hook/cmake_prefix_path.ps1'
[0.838s] INFO:colcon.colcon_core.shell:Creating environment descriptor '/ulstu/ros2_ws/install/robot_interfaces/share/robot_interfaces/hook/cmake_prefix_path.dsv'
[0.839s] INFO:colcon.colcon_core.shell:Creating environment hook '/ulstu/ros2_ws/install/robot_interfaces/share/robot_interfaces/hook/cmake_prefix_path.sh'
[0.839s] Level 1:colcon.colcon_core.environment:checking '/ulstu/ros2_ws/install/robot_interfaces/lib'
[0.839s] Level 1:colcon.colcon_core.shell:create_environment_hook('robot_interfaces', 'ld_library_path_lib')
[0.839s] INFO:colcon.colcon_core.shell:Creating environment hook '/ulstu/ros2_ws/install/robot_interfaces/share/robot_interfaces/hook/ld_library_path_lib.ps1'
[0.840s] INFO:colcon.colcon_core.shell:Creating environment descriptor '/ulstu/ros2_ws/install/robot_interfaces/share/robot_interfaces/hook/ld_library_path_lib.dsv'
[0.840s] INFO:colcon.colcon_core.shell:Creating environment hook '/ulstu/ros2_ws/install/robot_interfaces/share/robot_interfaces/hook/ld_library_path_lib.sh'
[0.840s] Level 1:colcon.colcon_core.environment:checking '/ulstu/ros2_ws/install/robot_interfaces/bin'
[0.840s] Level 1:colcon.colcon_core.environment:checking '/ulstu/ros2_ws/install/robot_interfaces/lib/pkgconfig/robot_interfaces.pc'
[0.840s] Level 1:colcon.colcon_core.environment:checking '/ulstu/ros2_ws/install/robot_interfaces/lib/python3.10/site-packages'
[0.840s] Level 1:colcon.colcon_core.environment:checking '/ulstu/ros2_ws/install/robot_interfaces/bin'
[0.841s] INFO:colcon.colcon_core.shell:Creating package script '/ulstu/ros2_ws/install/robot_interfaces/share/robot_interfaces/package.ps1'
[0.841s] INFO:colcon.colcon_core.shell:Creating package descriptor '/ulstu/ros2_ws/install/robot_interfaces/share/robot_interfaces/package.dsv'
[0.841s] INFO:colcon.colcon_core.shell:Creating package script '/ulstu/ros2_ws/install/robot_interfaces/share/robot_interfaces/package.sh'
[0.842s] INFO:colcon.colcon_core.shell:Creating package script '/ulstu/ros2_ws/install/robot_interfaces/share/robot_interfaces/package.bash'
[0.842s] INFO:colcon.colcon_core.shell:Creating package script '/ulstu/ros2_ws/install/robot_interfaces/share/robot_interfaces/package.zsh'
[0.842s] Level 1:colcon.colcon_core.environment:create_file_with_runtime_dependencies(/ulstu/ros2_ws/install/robot_interfaces/share/colcon-core/packages/robot_interfaces)
[0.843s] INFO:colcon.colcon_ros.task.ament_python.build:Building ROS package in '/ulstu/ros2_ws/src/webots_ros2_suv' with build type 'ament_python'
[0.843s] Level 1:colcon.colcon_core.shell:create_environment_hook('webots_ros2_suv', 'ament_prefix_path')
[0.843s] INFO:colcon.colcon_core.shell:Creating environment hook '/ulstu/ros2_ws/install/webots_ros2_suv/share/webots_ros2_suv/hook/ament_prefix_path.ps1'
[0.843s] INFO:colcon.colcon_core.shell:Creating environment descriptor '/ulstu/ros2_ws/install/webots_ros2_suv/share/webots_ros2_suv/hook/ament_prefix_path.dsv'
[0.844s] INFO:colcon.colcon_core.shell:Creating environment hook '/ulstu/ros2_ws/install/webots_ros2_suv/share/webots_ros2_suv/hook/ament_prefix_path.sh'
[0.844s] INFO:colcon.colcon_core.shell:Skip shell extension 'powershell' for command environment: Not usable outside of PowerShell
[0.844s] DEBUG:colcon.colcon_core.shell:Skip shell extension 'dsv' for command environment
[1.061s] WARNING:colcon.colcon_ros.task.ament_python.build:Package 'webots_ros2_suv' doesn't explicitly install a marker in the package index (colcon-ros currently does it implicitly but that fallback will be removed in the future)
[1.062s] INFO:colcon.colcon_core.task.python.build:Building Python package in '/ulstu/ros2_ws/src/webots_ros2_suv'
[1.062s] INFO:colcon.colcon_core.shell:Skip shell extension 'powershell' for command environment: Not usable outside of PowerShell
[1.062s] DEBUG:colcon.colcon_core.shell:Skip shell extension 'dsv' for command environment
[1.359s] DEBUG:colcon.colcon_core.event_handler.log_command:Invoking command in '/ulstu/ros2_ws/src/webots_ros2_suv': PYTHONPATH=/ulstu/ros2_ws/build/webots_ros2_suv/prefix_override:/usr/lib/python3/dist-packages/colcon_core/task/python/colcon_distutils_commands:/ulstu/ros2_ws/install/webots_ros2_suv/lib/python3.10/site-packages:${PYTHONPATH} /usr/bin/python3 -W ignore:setup.py install is deprecated setup.py egg_info --egg-base ../../ros2_ws/build/webots_ros2_suv build --build-base /ulstu/ros2_ws/build/webots_ros2_suv/build install --record /ulstu/ros2_ws/build/webots_ros2_suv/install.log --single-version-externally-managed install_data
[1.486s] DEBUG:colcon.colcon_core.event_handler.log_command:Invoked command in '/ulstu/ros2_ws/build/pcl_tutorial' returned '1': CMAKE_PREFIX_PATH=${CMAKE_PREFIX_PATH}:/ulstu/ros2_ws/install/webots_ros2_suv:/opt/ros/humble /usr/bin/cmake /ulstu/ros2_ws/pcl_tutorial/pcl_tutorial -DCMAKE_INSTALL_PREFIX=/ulstu/ros2_ws/install/pcl_tutorial
[1.498s] Level 1:colcon.colcon_core.environment:create_environment_scripts_only(pcl_tutorial)
[1.499s] Level 1:colcon.colcon_core.environment:checking '/ulstu/ros2_ws/install/pcl_tutorial' for CMake module files
[1.499s] Level 1:colcon.colcon_core.environment:checking '/ulstu/ros2_ws/install/pcl_tutorial' for CMake config files
[1.499s] Level 1:colcon.colcon_core.environment:checking '/ulstu/ros2_ws/install/pcl_tutorial/bin'
[1.499s] Level 1:colcon.colcon_core.environment:checking '/ulstu/ros2_ws/install/pcl_tutorial/lib/pkgconfig/pcl_tutorial.pc'
[1.499s] Level 1:colcon.colcon_core.environment:checking '/ulstu/ros2_ws/install/pcl_tutorial/lib/python3.10/site-packages'
[1.500s] Level 1:colcon.colcon_core.environment:checking '/ulstu/ros2_ws/install/pcl_tutorial/bin'
[1.500s] INFO:colcon.colcon_core.shell:Creating package script '/ulstu/ros2_ws/install/pcl_tutorial/share/pcl_tutorial/package.ps1'
[1.500s] INFO:colcon.colcon_core.shell:Creating package descriptor '/ulstu/ros2_ws/install/pcl_tutorial/share/pcl_tutorial/package.dsv'
[1.501s] INFO:colcon.colcon_core.shell:Creating package script '/ulstu/ros2_ws/install/pcl_tutorial/share/pcl_tutorial/package.sh'
[1.501s] INFO:colcon.colcon_core.shell:Creating package script '/ulstu/ros2_ws/install/pcl_tutorial/share/pcl_tutorial/package.bash'
[1.501s] INFO:colcon.colcon_core.shell:Creating package script '/ulstu/ros2_ws/install/pcl_tutorial/share/pcl_tutorial/package.zsh'
[1.502s] Level 1:colcon.colcon_core.environment:create_file_with_runtime_dependencies(/ulstu/ros2_ws/install/pcl_tutorial/share/colcon-core/packages/pcl_tutorial)
[1.620s] DEBUG:colcon.colcon_parallel_executor.executor.parallel:closing loop
[1.620s] DEBUG:colcon.colcon_parallel_executor.executor.parallel:loop closed
[1.620s] DEBUG:colcon.colcon_parallel_executor.executor.parallel:run_until_complete finished with '1'
[1.620s] DEBUG:colcon.colcon_core.event_reactor:joining thread
[1.628s] INFO:colcon.colcon_core.plugin_system:Skipping extension 'colcon_notification.desktop_notification.notify_send': Could not find 'notify-send'
[1.628s] INFO:colcon.colcon_core.plugin_system:Skipping extension 'colcon_notification.desktop_notification.terminal_notifier': Not used on non-Darwin systems
[1.628s] INFO:colcon.colcon_core.plugin_system:Skipping extension 'colcon_notification.desktop_notification.win32': Not used on non-Windows systems
[1.628s] INFO:colcon.colcon_notification.desktop_notification:Sending desktop notification using 'notify2'
[1.633s] DEBUG:colcon.colcon_notification.desktop_notification.notify2:Failed to initialize notify2: org.freedesktop.DBus.Error.Spawn.ExecFailed: /usr/bin/dbus-launch terminated abnormally without any error message
[1.633s] DEBUG:colcon.colcon_core.event_reactor:joined thread
[1.634s] INFO:colcon.colcon_core.shell:Creating prefix script '/ulstu/ros2_ws/install/local_setup.ps1'
[1.636s] INFO:colcon.colcon_core.shell:Creating prefix util module '/ulstu/ros2_ws/install/_local_setup_util_ps1.py'
[1.638s] INFO:colcon.colcon_core.shell:Creating prefix chain script '/ulstu/ros2_ws/install/setup.ps1'
[1.640s] INFO:colcon.colcon_core.shell:Creating prefix script '/ulstu/ros2_ws/install/local_setup.sh'
[1.640s] INFO:colcon.colcon_core.shell:Creating prefix util module '/ulstu/ros2_ws/install/_local_setup_util_sh.py'
[1.641s] INFO:colcon.colcon_core.shell:Creating prefix chain script '/ulstu/ros2_ws/install/setup.sh'
[1.643s] INFO:colcon.colcon_core.shell:Creating prefix script '/ulstu/ros2_ws/install/local_setup.bash'
[1.643s] INFO:colcon.colcon_core.shell:Creating prefix chain script '/ulstu/ros2_ws/install/setup.bash'
[1.645s] INFO:colcon.colcon_core.shell:Creating prefix script '/ulstu/ros2_ws/install/local_setup.zsh'
[1.646s] INFO:colcon.colcon_core.shell:Creating prefix chain script '/ulstu/ros2_ws/install/setup.zsh'
