[0.010s] Invoking command in '/ulstu/ros2_ws/src/build/pcl_tutorial': CMAKE_PREFIX_PATH=${CMAKE_PREFIX_PATH}:/ulstu/ros2_ws/install/webots_ros2_suv:/opt/ros/humble /usr/bin/cmake /ulstu/ros2_ws/src/pcl_tutorial/pcl_tutorial -DCMAKE_INSTALL_PREFIX=/ulstu/ros2_ws/src/install/pcl_tutorial
[0.060s] -- The C compiler identification is GNU 11.4.0
[0.111s] -- The CXX compiler identification is GNU 11.4.0
[0.118s] -- Detecting C compiler ABI info
[0.181s] -- Detecting C compiler ABI info - done
[0.188s] -- Check for working C compiler: /usr/bin/cc - skipped
[0.188s] -- Detecting C compile features
[0.188s] -- Detecting C compile features - done
[0.191s] -- Detecting CXX compiler ABI info
[0.264s] -- Detecting CXX compiler ABI info - done
[0.272s] -- Check for working CXX compiler: /usr/bin/c++ - skipped
[0.272s] -- Detecting CXX compile features
[0.273s] -- Detecting CXX compile features - done
[0.276s] -- Found ament_cmake: 1.3.10 (/opt/ros/humble/share/ament_cmake/cmake)
[0.418s] -- Found Python3: /usr/bin/python3 (found version "3.10.12") found components: Interpreter 
[0.554s] -- Found rclcpp: 16.0.10 (/opt/ros/humble/share/rclcpp/cmake)
[0.614s] -- Found rosidl_generator_c: 3.1.5 (/opt/ros/humble/share/rosidl_generator_c/cmake)
[0.622s] -- Found rosidl_adapter: 3.1.5 (/opt/ros/humble/share/rosidl_adapter/cmake)
[0.633s] -- Found rosidl_generator_cpp: 3.1.5 (/opt/ros/humble/share/rosidl_generator_cpp/cmake)
[0.647s] -- Using all available rosidl_typesupport_c: rosidl_typesupport_fastrtps_c;rosidl_typesupport_introspection_c
[0.665s] -- Using all available rosidl_typesupport_cpp: rosidl_typesupport_fastrtps_cpp;rosidl_typesupport_introspection_cpp
[0.718s] -- Found rmw_implementation_cmake: 6.1.2 (/opt/ros/humble/share/rmw_implementation_cmake/cmake)
[0.722s] -- Found rmw_cyclonedds_cpp: 1.3.4 (/opt/ros/humble/share/rmw_cyclonedds_cpp/cmake)
[0.745s] -- Using RMW implementation 'rmw_cyclonedds_cpp' as default
[0.757s] -- Looking for pthread.h
[0.828s] -- Looking for pthread.h - found
[0.828s] -- Performing Test CMAKE_HAVE_LIBC_PTHREAD
[0.896s] -- Performing Test CMAKE_HAVE_LIBC_PTHREAD - Success
[0.896s] -- Found Threads: TRUE  
[0.954s] -- Found sensor_msgs: 4.2.4 (/opt/ros/humble/share/sensor_msgs/cmake)
[0.984s] -- Found visualization_msgs: 4.2.4 (/opt/ros/humble/share/visualization_msgs/cmake)
[1.003s] -- Found vision_msgs: 4.1.1 (/opt/ros/humble/share/vision_msgs/cmake)
[1.019s] -- Found tf2_ros: 0.25.7 (/opt/ros/humble/share/tf2_ros/cmake)
[1.142s] [31mCMake Error at CMakeLists.txt:27 (find_package):
[1.142s]   By not providing "Findpcl_ros.cmake" in CMAKE_MODULE_PATH this project has
[1.142s]   asked CMake to find a package configuration file provided by "pcl_ros", but
[1.142s]   CMake did not find one.
[1.142s] 
[1.142s]   Could not find a package configuration file provided by "pcl_ros" with any
[1.142s]   of the following names:
[1.142s] 
[1.142s]     pcl_rosConfig.cmake
[1.142s]     pcl_ros-config.cmake
[1.143s] 
[1.143s]   Add the installation prefix of "pcl_ros" to CMAKE_PREFIX_PATH or set
[1.143s]   "pcl_ros_DIR" to a directory containing one of the above files.  If
[1.143s]   "pcl_ros" provides a separate development package or SDK, be sure it has
[1.143s]   been installed.
[1.143s] 
[1.143s] [0m
[1.143s] -- Configuring incomplete, errors occurred!
[1.143s] See also "/ulstu/ros2_ws/src/build/pcl_tutorial/CMakeFiles/CMakeOutput.log".
[1.149s] Invoked command in '/ulstu/ros2_ws/src/build/pcl_tutorial' returned '1': CMAKE_PREFIX_PATH=${CMAKE_PREFIX_PATH}:/ulstu/ros2_ws/install/webots_ros2_suv:/opt/ros/humble /usr/bin/cmake /ulstu/ros2_ws/src/pcl_tutorial/pcl_tutorial -DCMAKE_INSTALL_PREFIX=/ulstu/ros2_ws/src/install/pcl_tutorial
