running egg_info
creating ../../ros2_ws/build/webots_ros2_suv/webots_ros2_suv.egg-info
writing ../../ros2_ws/build/webots_ros2_suv/webots_ros2_suv.egg-info/PKG-INFO
writing dependency_links to ../../ros2_ws/build/webots_ros2_suv/webots_ros2_suv.egg-info/dependency_links.txt
writing entry points to ../../ros2_ws/build/webots_ros2_suv/webots_ros2_suv.egg-info/entry_points.txt
writing requirements to ../../ros2_ws/build/webots_ros2_suv/webots_ros2_suv.egg-info/requires.txt
writing top-level names to ../../ros2_ws/build/webots_ros2_suv/webots_ros2_suv.egg-info/top_level.txt
writing manifest file '../../ros2_ws/build/webots_ros2_suv/webots_ros2_suv.egg-info/SOURCES.txt'
reading manifest file '../../ros2_ws/build/webots_ros2_suv/webots_ros2_suv.egg-info/SOURCES.txt'
writing manifest file '../../ros2_ws/build/webots_ros2_suv/webots_ros2_suv.egg-info/SOURCES.txt'
running build
running build_py
creating /ulstu/ros2_ws/build/webots_ros2_suv/build
creating /ulstu/ros2_ws/build/webots_ros2_suv/build/lib
creating /ulstu/ros2_ws/build/webots_ros2_suv/build/lib/webots_ros2_suv
copying webots_ros2_suv/__init__.py -> /ulstu/ros2_ws/build/webots_ros2_suv/build/lib/webots_ros2_suv
copying webots_ros2_suv/node_ego_controller.py -> /ulstu/ros2_ws/build/webots_ros2_suv/build/lib/webots_ros2_suv
copying webots_ros2_suv/suv_driver.py -> /ulstu/ros2_ws/build/webots_ros2_suv/build/lib/webots_ros2_suv
copying webots_ros2_suv/node_sensors_webots.py -> /ulstu/ros2_ws/build/webots_ros2_suv/build/lib/webots_ros2_suv
creating /ulstu/ros2_ws/build/webots_ros2_suv/build/lib/webots_ros2_suv/lib
copying webots_ros2_suv/lib/timeit.py -> /ulstu/ros2_ws/build/webots_ros2_suv/build/lib/webots_ros2_suv/lib
copying webots_ros2_suv/lib/world_model.py -> /ulstu/ros2_ws/build/webots_ros2_suv/build/lib/webots_ros2_suv/lib
copying webots_ros2_suv/lib/__init__.py -> /ulstu/ros2_ws/build/webots_ros2_suv/build/lib/webots_ros2_suv/lib
copying webots_ros2_suv/lib/car_model.py -> /ulstu/ros2_ws/build/webots_ros2_suv/build/lib/webots_ros2_suv/lib
copying webots_ros2_suv/lib/coords_transformer.py -> /ulstu/ros2_ws/build/webots_ros2_suv/build/lib/webots_ros2_suv/lib
copying webots_ros2_suv/lib/orientation.py -> /ulstu/ros2_ws/build/webots_ros2_suv/build/lib/webots_ros2_suv/lib
copying webots_ros2_suv/lib/map_utils.py -> /ulstu/ros2_ws/build/webots_ros2_suv/build/lib/webots_ros2_suv/lib
copying webots_ros2_suv/lib/map_server.py -> /ulstu/ros2_ws/build/webots_ros2_suv/build/lib/webots_ros2_suv/lib
running install
running install_lib
creating /ulstu/ros2_ws/install/webots_ros2_suv/lib/python3.10/site-packages/webots_ros2_suv
copying /ulstu/ros2_ws/build/webots_ros2_suv/build/lib/webots_ros2_suv/__init__.py -> /ulstu/ros2_ws/install/webots_ros2_suv/lib/python3.10/site-packages/webots_ros2_suv
copying /ulstu/ros2_ws/build/webots_ros2_suv/build/lib/webots_ros2_suv/node_ego_controller.py -> /ulstu/ros2_ws/install/webots_ros2_suv/lib/python3.10/site-packages/webots_ros2_suv
copying /ulstu/ros2_ws/build/webots_ros2_suv/build/lib/webots_ros2_suv/suv_driver.py -> /ulstu/ros2_ws/install/webots_ros2_suv/lib/python3.10/site-packages/webots_ros2_suv
creating /ulstu/ros2_ws/install/webots_ros2_suv/lib/python3.10/site-packages/webots_ros2_suv/lib
copying /ulstu/ros2_ws/build/webots_ros2_suv/build/lib/webots_ros2_suv/lib/timeit.py -> /ulstu/ros2_ws/install/webots_ros2_suv/lib/python3.10/site-packages/webots_ros2_suv/lib
copying /ulstu/ros2_ws/build/webots_ros2_suv/build/lib/webots_ros2_suv/lib/world_model.py -> /ulstu/ros2_ws/install/webots_ros2_suv/lib/python3.10/site-packages/webots_ros2_suv/lib
copying /ulstu/ros2_ws/build/webots_ros2_suv/build/lib/webots_ros2_suv/lib/__init__.py -> /ulstu/ros2_ws/install/webots_ros2_suv/lib/python3.10/site-packages/webots_ros2_suv/lib
copying /ulstu/ros2_ws/build/webots_ros2_suv/build/lib/webots_ros2_suv/lib/car_model.py -> /ulstu/ros2_ws/install/webots_ros2_suv/lib/python3.10/site-packages/webots_ros2_suv/lib
copying /ulstu/ros2_ws/build/webots_ros2_suv/build/lib/webots_ros2_suv/lib/coords_transformer.py -> /ulstu/ros2_ws/install/webots_ros2_suv/lib/python3.10/site-packages/webots_ros2_suv/lib
copying /ulstu/ros2_ws/build/webots_ros2_suv/build/lib/webots_ros2_suv/lib/orientation.py -> /ulstu/ros2_ws/install/webots_ros2_suv/lib/python3.10/site-packages/webots_ros2_suv/lib
copying /ulstu/ros2_ws/build/webots_ros2_suv/build/lib/webots_ros2_suv/lib/map_utils.py -> /ulstu/ros2_ws/install/webots_ros2_suv/lib/python3.10/site-packages/webots_ros2_suv/lib
copying /ulstu/ros2_ws/build/webots_ros2_suv/build/lib/webots_ros2_suv/lib/map_server.py -> /ulstu/ros2_ws/install/webots_ros2_suv/lib/python3.10/site-packages/webots_ros2_suv/lib
copying /ulstu/ros2_ws/build/webots_ros2_suv/build/lib/webots_ros2_suv/node_sensors_webots.py -> /ulstu/ros2_ws/install/webots_ros2_suv/lib/python3.10/site-packages/webots_ros2_suv
byte-compiling /ulstu/ros2_ws/install/webots_ros2_suv/lib/python3.10/site-packages/webots_ros2_suv/__init__.py to __init__.cpython-310.pyc
byte-compiling /ulstu/ros2_ws/install/webots_ros2_suv/lib/python3.10/site-packages/webots_ros2_suv/node_ego_controller.py to node_ego_controller.cpython-310.pyc
byte-compiling /ulstu/ros2_ws/install/webots_ros2_suv/lib/python3.10/site-packages/webots_ros2_suv/suv_driver.py to suv_driver.cpython-310.pyc
byte-compiling /ulstu/ros2_ws/install/webots_ros2_suv/lib/python3.10/site-packages/webots_ros2_suv/lib/timeit.py to timeit.cpython-310.pyc
byte-compiling /ulstu/ros2_ws/install/webots_ros2_suv/lib/python3.10/site-packages/webots_ros2_suv/lib/world_model.py to world_model.cpython-310.pyc
byte-compiling /ulstu/ros2_ws/install/webots_ros2_suv/lib/python3.10/site-packages/webots_ros2_suv/lib/__init__.py to __init__.cpython-310.pyc
byte-compiling /ulstu/ros2_ws/install/webots_ros2_suv/lib/python3.10/site-packages/webots_ros2_suv/lib/car_model.py to car_model.cpython-310.pyc
byte-compiling /ulstu/ros2_ws/install/webots_ros2_suv/lib/python3.10/site-packages/webots_ros2_suv/lib/coords_transformer.py to coords_transformer.cpython-310.pyc
byte-compiling /ulstu/ros2_ws/install/webots_ros2_suv/lib/python3.10/site-packages/webots_ros2_suv/lib/orientation.py to orientation.cpython-310.pyc
byte-compiling /ulstu/ros2_ws/install/webots_ros2_suv/lib/python3.10/site-packages/webots_ros2_suv/lib/map_utils.py to map_utils.cpython-310.pyc
byte-compiling /ulstu/ros2_ws/install/webots_ros2_suv/lib/python3.10/site-packages/webots_ros2_suv/lib/map_server.py to map_server.cpython-310.pyc
byte-compiling /ulstu/ros2_ws/install/webots_ros2_suv/lib/python3.10/site-packages/webots_ros2_suv/node_sensors_webots.py to node_sensors_webots.cpython-310.pyc
running install_data
copying package.xml -> /ulstu/ros2_ws/install/webots_ros2_suv/share/webots_ros2_suv
creating /ulstu/ros2_ws/install/webots_ros2_suv/share/webots_ros2_suv/map-server
creating /ulstu/ros2_ws/install/webots_ros2_suv/share/webots_ros2_suv/map-server/dist
copying map-server/dist/index.html -> /ulstu/ros2_ws/install/webots_ros2_suv/share/webots_ros2_suv/map-server/dist/
creating /ulstu/ros2_ws/install/webots_ros2_suv/share/webots_ros2_suv/map-server/dist/assets
copying map-server/dist/assets/index.ba967dfc.css -> /ulstu/ros2_ws/install/webots_ros2_suv/share/webots_ros2_suv/map-server/dist/assets
copying map-server/dist/assets/index.c7d40b72.js -> /ulstu/ros2_ws/install/webots_ros2_suv/share/webots_ros2_suv/map-server/dist/assets
copying map-server/dist/assets/index.c7d40b72.js.map -> /ulstu/ros2_ws/install/webots_ros2_suv/share/webots_ros2_suv/map-server/dist/assets
creating /ulstu/ros2_ws/install/webots_ros2_suv/share/webots_ros2_suv/launch
copying launch/robot_launch.py -> /ulstu/ros2_ws/install/webots_ros2_suv/share/webots_ros2_suv/launch/
creating /ulstu/ros2_ws/install/webots_ros2_suv/share/webots_ros2_suv/worlds
copying worlds/robocross_gazelle.wbt -> /ulstu/ros2_ws/install/webots_ros2_suv/share/webots_ros2_suv/worlds/
creating /ulstu/ros2_ws/install/webots_ros2_suv/share/webots_ros2_suv/worlds/ulstu_net
copying worlds/ulstu_net/sumo.edg.xml -> /ulstu/ros2_ws/install/webots_ros2_suv/share/webots_ros2_suv/worlds/ulstu_net
copying worlds/ulstu_net/sumo.rou.xml -> /ulstu/ros2_ws/install/webots_ros2_suv/share/webots_ros2_suv/worlds/ulstu_net
copying worlds/ulstu_net/sumo.trip.xml -> /ulstu/ros2_ws/install/webots_ros2_suv/share/webots_ros2_suv/worlds/ulstu_net
copying worlds/ulstu_net/sumo.rou.alt.xml -> /ulstu/ros2_ws/install/webots_ros2_suv/share/webots_ros2_suv/worlds/ulstu_net
copying worlds/ulstu_net/sumo.net.xml -> /ulstu/ros2_ws/install/webots_ros2_suv/share/webots_ros2_suv/worlds/ulstu_net
copying worlds/ulstu_net/sumo.sumocfg -> /ulstu/ros2_ws/install/webots_ros2_suv/share/webots_ros2_suv/worlds/ulstu_net
copying worlds/ulstu_net/sumo.nod.xml -> /ulstu/ros2_ws/install/webots_ros2_suv/share/webots_ros2_suv/worlds/ulstu_net
creating /ulstu/ros2_ws/install/webots_ros2_suv/share/webots_ros2_suv/resource
copying resource/gazelle.urdf -> /ulstu/ros2_ws/install/webots_ros2_suv/share/webots_ros2_suv/resource/
copying resource/bmw.urdf -> /ulstu/ros2_ws/install/webots_ros2_suv/share/webots_ros2_suv/resource/
copying resource/tesla_webots.urdf -> /ulstu/ros2_ws/install/webots_ros2_suv/share/webots_ros2_suv/resource/
copying resource/webots_ros2_suv -> /ulstu/ros2_ws/install/webots_ros2_suv/share/webots_ros2_suv/resource/
copying resource/suv1.urdf -> /ulstu/ros2_ws/install/webots_ros2_suv/share/webots_ros2_suv/resource/
copying resource/suv.urdf -> /ulstu/ros2_ws/install/webots_ros2_suv/share/webots_ros2_suv/resource/
creating /ulstu/ros2_ws/install/webots_ros2_suv/share/webots_ros2_suv/resource/lane_line_model
copying resource/lane_line_model/config.yaml -> /ulstu/ros2_ws/install/webots_ros2_suv/share/webots_ros2_suv/resource/lane_line_model
creating /ulstu/ros2_ws/install/webots_ros2_suv/share/webots_ros2_suv/resource/weights
creating /ulstu/ros2_ws/install/webots_ros2_suv/share/webots_ros2_suv/resource/weights/model-ep50-signs16
copying resource/weights/model-ep50-signs16/labels.txt -> /ulstu/ros2_ws/install/webots_ros2_suv/share/webots_ros2_suv/resource/weights/model-ep50-signs16
creating /ulstu/ros2_ws/install/webots_ros2_suv/share/webots_ros2_suv/resource/signs_icon
copying resource/signs_icon/3_24_n90.jpg -> /ulstu/ros2_ws/install/webots_ros2_suv/share/webots_ros2_suv/resource/signs_icon
copying resource/signs_icon/5_19_1.jpg -> /ulstu/ros2_ws/install/webots_ros2_suv/share/webots_ros2_suv/resource/signs_icon
copying resource/signs_icon/3_18_1.jpg -> /ulstu/ros2_ws/install/webots_ros2_suv/share/webots_ros2_suv/resource/signs_icon
copying resource/signs_icon/3_24_n40.jpg -> /ulstu/ros2_ws/install/webots_ros2_suv/share/webots_ros2_suv/resource/signs_icon
copying resource/signs_icon/1_31.jpg -> /ulstu/ros2_ws/install/webots_ros2_suv/share/webots_ros2_suv/resource/signs_icon
copying resource/signs_icon/used_signs.txt -> /ulstu/ros2_ws/install/webots_ros2_suv/share/webots_ros2_suv/resource/signs_icon
copying resource/signs_icon/2_1.jpg -> /ulstu/ros2_ws/install/webots_ros2_suv/share/webots_ros2_suv/resource/signs_icon
copying resource/signs_icon/3_1.jpg -> /ulstu/ros2_ws/install/webots_ros2_suv/share/webots_ros2_suv/resource/signs_icon
copying resource/signs_icon/1_22.jpg -> /ulstu/ros2_ws/install/webots_ros2_suv/share/webots_ros2_suv/resource/signs_icon
copying resource/signs_icon/3_24_n60.jpg -> /ulstu/ros2_ws/install/webots_ros2_suv/share/webots_ros2_suv/resource/signs_icon
copying resource/signs_icon/1_1.jpg -> /ulstu/ros2_ws/install/webots_ros2_suv/share/webots_ros2_suv/resource/signs_icon
copying resource/signs_icon/3_28.jpg -> /ulstu/ros2_ws/install/webots_ros2_suv/share/webots_ros2_suv/resource/signs_icon
copying resource/signs_icon/4_1_1.jpg -> /ulstu/ros2_ws/install/webots_ros2_suv/share/webots_ros2_suv/resource/signs_icon
copying resource/signs_icon/5_5.jpg -> /ulstu/ros2_ws/install/webots_ros2_suv/share/webots_ros2_suv/resource/signs_icon
copying resource/signs_icon/4_3.jpg -> /ulstu/ros2_ws/install/webots_ros2_suv/share/webots_ros2_suv/resource/signs_icon
copying resource/signs_icon/6_3_2.jpg -> /ulstu/ros2_ws/install/webots_ros2_suv/share/webots_ros2_suv/resource/signs_icon
copying resource/signs_icon/2_4.jpg -> /ulstu/ros2_ws/install/webots_ros2_suv/share/webots_ros2_suv/resource/signs_icon
copying resource/signs_icon/3_24_n30.jpg -> /ulstu/ros2_ws/install/webots_ros2_suv/share/webots_ros2_suv/resource/signs_icon
copying resource/signs_icon/6_4.jpg -> /ulstu/ros2_ws/install/webots_ros2_suv/share/webots_ros2_suv/resource/signs_icon
copying resource/signs_icon/7_4.jpg -> /ulstu/ros2_ws/install/webots_ros2_suv/share/webots_ros2_suv/resource/signs_icon
creating /ulstu/ros2_ws/install/webots_ros2_suv/share/webots_ros2_suv/config
copying config/config.rviz -> /ulstu/ros2_ws/install/webots_ros2_suv/share/webots_ros2_suv/config/
copying config/main.yaml -> /ulstu/ros2_ws/install/webots_ros2_suv/share/webots_ros2_suv/config/
copying config/map_config.yaml -> /ulstu/ros2_ws/install/webots_ros2_suv/share/webots_ros2_suv/config/
copying config/project_settings.yaml -> /ulstu/ros2_ws/install/webots_ros2_suv/share/webots_ros2_suv/config/
creating /ulstu/ros2_ws/install/webots_ros2_suv/share/webots_ros2_suv/config/simulator
copying config/simulator/global_coords.yaml -> /ulstu/ros2_ws/install/webots_ros2_suv/share/webots_ros2_suv/config/simulator
copying config/simulator/map_config.yaml -> /ulstu/ros2_ws/install/webots_ros2_suv/share/webots_ros2_suv/config/simulator
copying config/simulator/devices_topics.yaml -> /ulstu/ros2_ws/install/webots_ros2_suv/share/webots_ros2_suv/config/simulator
creating /ulstu/ros2_ws/install/webots_ros2_suv/share/webots_ros2_suv/config/global_maps
copying config/global_maps/robocross.geojson -> /ulstu/ros2_ws/install/webots_ros2_suv/share/webots_ros2_suv/config/global_maps
creating /ulstu/ros2_ws/install/webots_ros2_suv/share/webots_ros2_suv/config/ego_states
copying config/ego_states/robocross.yaml -> /ulstu/ros2_ws/install/webots_ros2_suv/share/webots_ros2_suv/config/ego_states
creating /ulstu/ros2_ws/install/webots_ros2_suv/share/webots_ros2_suv/maps
copying maps/suv_world.yaml -> /ulstu/ros2_ws/install/webots_ros2_suv/share/webots_ros2_suv/maps/
copying maps/suv_world.pgm -> /ulstu/ros2_ws/install/webots_ros2_suv/share/webots_ros2_suv/maps/
copying map-server/index.html -> /ulstu/ros2_ws/install/webots_ros2_suv/share/webots_ros2_suv/map-server/
copying map-server/style.css -> /ulstu/ros2_ws/install/webots_ros2_suv/share/webots_ros2_suv/map-server/
copying map-server/main.js -> /ulstu/ros2_ws/install/webots_ros2_suv/share/webots_ros2_suv/map-server/
copying map-server/readme.md -> /ulstu/ros2_ws/install/webots_ros2_suv/share/webots_ros2_suv/map-server/
copying map-server/package.json -> /ulstu/ros2_ws/install/webots_ros2_suv/share/webots_ros2_suv/map-server/
copying map-server/package-lock.json -> /ulstu/ros2_ws/install/webots_ros2_suv/share/webots_ros2_suv/map-server/
copying map-server/vite.config.js -> /ulstu/ros2_ws/install/webots_ros2_suv/share/webots_ros2_suv/map-server/
creating /ulstu/ros2_ws/install/webots_ros2_suv/share/webots_ros2_suv/map-server/.github
copying map-server/.github/dependabot.yml -> /ulstu/ros2_ws/install/webots_ros2_suv/share/webots_ros2_suv/map-server/.github
creating /ulstu/ros2_ws/install/webots_ros2_suv/share/webots_ros2_suv/map-server/.github/workflows
copying map-server/.github/workflows/build.yml -> /ulstu/ros2_ws/install/webots_ros2_suv/share/webots_ros2_suv/map-server/.github/workflows
creating /ulstu/ros2_ws/install/webots_ros2_suv/share/webots_ros2_suv/map-server/libs
copying map-server/libs/jquery-ui.min.js -> /ulstu/ros2_ws/install/webots_ros2_suv/share/webots_ros2_suv/map-server/libs
copying map-server/libs/jquery-3.7.0.min.js -> /ulstu/ros2_ws/install/webots_ros2_suv/share/webots_ros2_suv/map-server/libs
copying map-server/libs/bootstrap.min.css -> /ulstu/ros2_ws/install/webots_ros2_suv/share/webots_ros2_suv/map-server/libs
copying map-server/libs/jquery-ui.min.css -> /ulstu/ros2_ws/install/webots_ros2_suv/share/webots_ros2_suv/map-server/libs
creating /ulstu/ros2_ws/install/webots_ros2_suv/share/webots_ros2_suv/map-server/log
copying map-server/log/latest_build -> /ulstu/ros2_ws/install/webots_ros2_suv/share/webots_ros2_suv/map-server/log
copying map-server/log/COLCON_IGNORE -> /ulstu/ros2_ws/install/webots_ros2_suv/share/webots_ros2_suv/map-server/log
copying map-server/log/latest -> /ulstu/ros2_ws/install/webots_ros2_suv/share/webots_ros2_suv/map-server/log
creating /ulstu/ros2_ws/install/webots_ros2_suv/share/webots_ros2_suv/map-server/install
copying map-server/install/setup.zsh -> /ulstu/ros2_ws/install/webots_ros2_suv/share/webots_ros2_suv/map-server/install
copying map-server/install/local_setup.zsh -> /ulstu/ros2_ws/install/webots_ros2_suv/share/webots_ros2_suv/map-server/install
copying map-server/install/local_setup.sh -> /ulstu/ros2_ws/install/webots_ros2_suv/share/webots_ros2_suv/map-server/install
copying map-server/install/local_setup.ps1 -> /ulstu/ros2_ws/install/webots_ros2_suv/share/webots_ros2_suv/map-server/install
copying map-server/install/_local_setup_util_sh.py -> /ulstu/ros2_ws/install/webots_ros2_suv/share/webots_ros2_suv/map-server/install
copying map-server/install/setup.bash -> /ulstu/ros2_ws/install/webots_ros2_suv/share/webots_ros2_suv/map-server/install
copying map-server/install/COLCON_IGNORE -> /ulstu/ros2_ws/install/webots_ros2_suv/share/webots_ros2_suv/map-server/install
copying map-server/install/setup.ps1 -> /ulstu/ros2_ws/install/webots_ros2_suv/share/webots_ros2_suv/map-server/install
copying map-server/install/setup.sh -> /ulstu/ros2_ws/install/webots_ros2_suv/share/webots_ros2_suv/map-server/install
copying map-server/install/_local_setup_util_ps1.py -> /ulstu/ros2_ws/install/webots_ros2_suv/share/webots_ros2_suv/map-server/install
copying map-server/install/local_setup.bash -> /ulstu/ros2_ws/install/webots_ros2_suv/share/webots_ros2_suv/map-server/install
creating /ulstu/ros2_ws/install/webots_ros2_suv/share/webots_ros2_suv/protos
copying protos/UazAvionMesh.proto -> /ulstu/ros2_ws/install/webots_ros2_suv/share/webots_ros2_suv/protos/
copying protos/AckermannVehicle.proto -> /ulstu/ros2_ws/install/webots_ros2_suv/share/webots_ros2_suv/protos/
copying protos/Sprayer.proto -> /ulstu/ros2_ws/install/webots_ros2_suv/share/webots_ros2_suv/protos/
copying protos/Amazon.proto -> /ulstu/ros2_ws/install/webots_ros2_suv/share/webots_ros2_suv/protos/
copying protos/VehicleWheel.proto -> /ulstu/ros2_ws/install/webots_ros2_suv/share/webots_ros2_suv/protos/
copying protos/TumanMesh.proto -> /ulstu/ros2_ws/install/webots_ros2_suv/share/webots_ros2_suv/protos/
copying protos/UazAvionWheel.proto -> /ulstu/ros2_ws/install/webots_ros2_suv/share/webots_ros2_suv/protos/
copying protos/UazPatriotInterior.proto -> /ulstu/ros2_ws/install/webots_ros2_suv/share/webots_ros2_suv/protos/
copying protos/TumanInterior.proto -> /ulstu/ros2_ws/install/webots_ros2_suv/share/webots_ros2_suv/protos/
copying protos/GazelleNextMesh.proto -> /ulstu/ros2_ws/install/webots_ros2_suv/share/webots_ros2_suv/protos/
copying protos/GiveWaySign.proto -> /ulstu/ros2_ws/install/webots_ros2_suv/share/webots_ros2_suv/protos/
copying protos/Kamaz.proto -> /ulstu/ros2_ws/install/webots_ros2_suv/share/webots_ros2_suv/protos/
copying protos/UazAvionInterior.proto -> /ulstu/ros2_ws/install/webots_ros2_suv/share/webots_ros2_suv/protos/
copying protos/GazelleNextInterior.proto -> /ulstu/ros2_ws/install/webots_ros2_suv/share/webots_ros2_suv/protos/
copying protos/PlasticBarrel.proto -> /ulstu/ros2_ws/install/webots_ros2_suv/share/webots_ros2_suv/protos/
copying protos/Car.proto -> /ulstu/ros2_ws/install/webots_ros2_suv/share/webots_ros2_suv/protos/
copying protos/UazAvionAmazon.proto -> /ulstu/ros2_ws/install/webots_ros2_suv/share/webots_ros2_suv/protos/
copying protos/TumanWheel.proto -> /ulstu/ros2_ws/install/webots_ros2_suv/share/webots_ros2_suv/protos/
copying protos/Tuman.proto -> /ulstu/ros2_ws/install/webots_ros2_suv/share/webots_ros2_suv/protos/
copying protos/UazAvionSprayer.proto -> /ulstu/ros2_ws/install/webots_ros2_suv/share/webots_ros2_suv/protos/
copying protos/GazelleNextWheel.proto -> /ulstu/ros2_ws/install/webots_ros2_suv/share/webots_ros2_suv/protos/
copying protos/Cow.proto -> /ulstu/ros2_ws/install/webots_ros2_suv/share/webots_ros2_suv/protos/
copying protos/UazPatriotMesh.proto -> /ulstu/ros2_ws/install/webots_ros2_suv/share/webots_ros2_suv/protos/
copying protos/VehicleLights.proto -> /ulstu/ros2_ws/install/webots_ros2_suv/share/webots_ros2_suv/protos/
copying protos/GazelleNext.proto -> /ulstu/ros2_ws/install/webots_ros2_suv/share/webots_ros2_suv/protos/
copying protos/Human.proto -> /ulstu/ros2_ws/install/webots_ros2_suv/share/webots_ros2_suv/protos/
copying protos/UazPatriot.proto -> /ulstu/ros2_ws/install/webots_ros2_suv/share/webots_ros2_suv/protos/
copying protos/MainRoadSign.proto -> /ulstu/ros2_ws/install/webots_ros2_suv/share/webots_ros2_suv/protos/
copying protos/UazPatriotWheel.proto -> /ulstu/ros2_ws/install/webots_ros2_suv/share/webots_ros2_suv/protos/
copying protos/GenericTireAppearance.proto -> /ulstu/ros2_ws/install/webots_ros2_suv/share/webots_ros2_suv/protos/
creating /ulstu/ros2_ws/install/webots_ros2_suv/share/webots_ros2_suv/protos/textures
copying protos/textures/bmw_dark_plastic_base_color.jpg -> /ulstu/ros2_ws/install/webots_ros2_suv/share/webots_ros2_suv/protos/textures
copying protos/textures/bmw_logo_normal.jpg -> /ulstu/ros2_ws/install/webots_ros2_suv/share/webots_ros2_suv/protos/textures
copying protos/textures/bmw_interior_speedometer_without_needles.jpg -> /ulstu/ros2_ws/install/webots_ros2_suv/share/webots_ros2_suv/protos/textures
copying protos/textures/bmw_interior_speedometer.jpg -> /ulstu/ros2_ws/install/webots_ros2_suv/share/webots_ros2_suv/protos/textures
copying protos/textures/bmw_logo_metalness.jpg -> /ulstu/ros2_ws/install/webots_ros2_suv/share/webots_ros2_suv/protos/textures
copying protos/textures/bmw_logo_roughness.jpg -> /ulstu/ros2_ws/install/webots_ros2_suv/share/webots_ros2_suv/protos/textures
copying protos/textures/uaz_logo.jpg -> /ulstu/ros2_ws/install/webots_ros2_suv/share/webots_ros2_suv/protos/textures
copying protos/textures/bmw_plastic_roughness.jpg -> /ulstu/ros2_ws/install/webots_ros2_suv/share/webots_ros2_suv/protos/textures
copying protos/textures/bmw_interior_seats.jpg -> /ulstu/ros2_ws/install/webots_ros2_suv/share/webots_ros2_suv/protos/textures
copying protos/textures/bmw_interior_windshield_dust.png -> /ulstu/ros2_ws/install/webots_ros2_suv/share/webots_ros2_suv/protos/textures
copying protos/textures/bmw_interior_radio_display.jpg -> /ulstu/ros2_ws/install/webots_ros2_suv/share/webots_ros2_suv/protos/textures
copying protos/textures/bmw_plastic_occlusion.jpg -> /ulstu/ros2_ws/install/webots_ros2_suv/share/webots_ros2_suv/protos/textures
copying protos/textures/bmw_logo_base_color.jpg -> /ulstu/ros2_ws/install/webots_ros2_suv/share/webots_ros2_suv/protos/textures
copying protos/textures/bmw_light_plastic_base_color.jpg -> /ulstu/ros2_ws/install/webots_ros2_suv/share/webots_ros2_suv/protos/textures
copying protos/textures/bmw_plastic_normal.jpg -> /ulstu/ros2_ws/install/webots_ros2_suv/share/webots_ros2_suv/protos/textures
creating /ulstu/ros2_ws/install/webots_ros2_suv/share/webots_ros2_suv/protos/icons
copying protos/icons/BmwX5.png -> /ulstu/ros2_ws/install/webots_ros2_suv/share/webots_ros2_suv/protos/icons
creating /ulstu/ros2_ws/install/webots_ros2_suv/share/webots_ros2_suv/protos/models
copying protos/models/vehiclelights128_PNG_001.jpg -> /ulstu/ros2_ws/install/webots_ros2_suv/share/webots_ros2_suv/protos/models
copying protos/models/bruisermazpokr_PNG.jpg -> /ulstu/ros2_ws/install/webots_ros2_suv/share/webots_ros2_suv/protos/models
copying protos/models/frame_PNG.jpg -> /ulstu/ros2_ws/install/webots_ros2_suv/share/webots_ros2_suv/protos/models
copying protos/models/knopka2_PNG.jpg -> /ulstu/ros2_ws/install/webots_ros2_suv/share/webots_ros2_suv/protos/models
copying protos/models/UazAvionMesh.dae -> /ulstu/ros2_ws/install/webots_ros2_suv/share/webots_ros2_suv/protos/models
copying protos/models/greadddd_PNG.jpg -> /ulstu/ros2_ws/install/webots_ros2_suv/share/webots_ros2_suv/protos/models
copying protos/models/dnishe2_PNG.jpg -> /ulstu/ros2_ws/install/webots_ros2_suv/share/webots_ros2_suv/protos/models
copying protos/models/reshnozh_PNG.jpg -> /ulstu/ros2_ws/install/webots_ros2_suv/share/webots_ros2_suv/protos/models
copying protos/models/podbamp1_PNG.jpg -> /ulstu/ros2_ws/install/webots_ros2_suv/share/webots_ros2_suv/protos/models
copying protos/models/UazAvionLights.dae -> /ulstu/ros2_ws/install/webots_ros2_suv/share/webots_ros2_suv/protos/models
copying protos/models/crome2_PNG.jpg -> /ulstu/ros2_ws/install/webots_ros2_suv/share/webots_ros2_suv/protos/models
copying protos/models/uaz_mesh.dae -> /ulstu/ros2_ws/install/webots_ros2_suv/share/webots_ros2_suv/protos/models
copying protos/models/GazelleNextBody.dae -> /ulstu/ros2_ws/install/webots_ros2_suv/share/webots_ros2_suv/protos/models
copying protos/models/remap_body_PNG.jpg -> /ulstu/ros2_ws/install/webots_ros2_suv/share/webots_ros2_suv/protos/models
copying protos/models/UazAvionInterior.dae -> /ulstu/ros2_ws/install/webots_ros2_suv/share/webots_ros2_suv/protos/models
copying protos/models/TumanInterior.dae -> /ulstu/ros2_ws/install/webots_ros2_suv/share/webots_ros2_suv/protos/models
copying protos/models/UazAvionBody.dae -> /ulstu/ros2_ws/install/webots_ros2_suv/share/webots_ros2_suv/protos/models
copying protos/models/kabina_PNG.jpg -> /ulstu/ros2_ws/install/webots_ros2_suv/share/webots_ros2_suv/protos/models
copying protos/models/_44_PNG.jpg -> /ulstu/ros2_ws/install/webots_ros2_suv/share/webots_ros2_suv/protos/models
copying protos/models/plastikx_PNG.jpg -> /ulstu/ros2_ws/install/webots_ros2_suv/share/webots_ros2_suv/protos/models
copying protos/models/sina2_PNG.jpg -> /ulstu/ros2_ws/install/webots_ros2_suv/share/webots_ros2_suv/protos/models
copying protos/models/vehiclelights128_PNG_002.jpg -> /ulstu/ros2_ws/install/webots_ros2_suv/share/webots_ros2_suv/protos/models
copying protos/models/GazelleNextInterior.dae -> /ulstu/ros2_ws/install/webots_ros2_suv/share/webots_ros2_suv/protos/models
copying protos/models/TumanYellow.dae -> /ulstu/ros2_ws/install/webots_ros2_suv/share/webots_ros2_suv/protos/models
copying protos/models/6_map_4.jpg -> /ulstu/ros2_ws/install/webots_ros2_suv/share/webots_ros2_suv/protos/models
copying protos/models/bruisermazdisk_PNG.jpg -> /ulstu/ros2_ws/install/webots_ros2_suv/share/webots_ros2_suv/protos/models
copying protos/models/podogrevass2_PNG.jpg -> /ulstu/ros2_ws/install/webots_ros2_suv/share/webots_ros2_suv/protos/models
copying protos/models/glass_PNG.jpg -> /ulstu/ros2_ws/install/webots_ros2_suv/share/webots_ros2_suv/protos/models
copying protos/models/6_map_5.jpg -> /ulstu/ros2_ws/install/webots_ros2_suv/share/webots_ros2_suv/protos/models
copying protos/models/parabrisa_PNG.jpg -> /ulstu/ros2_ws/install/webots_ros2_suv/share/webots_ros2_suv/protos/models
copying protos/models/metaleng_PNG.jpg -> /ulstu/ros2_ws/install/webots_ros2_suv/share/webots_ros2_suv/protos/models
copying protos/models/lampasalon_PNG.jpg -> /ulstu/ros2_ws/install/webots_ros2_suv/share/webots_ros2_suv/protos/models
copying protos/models/knopka3_PNG.jpg -> /ulstu/ros2_ws/install/webots_ros2_suv/share/webots_ros2_suv/protos/models
copying protos/models/6_map_0.jpg -> /ulstu/ros2_ws/install/webots_ros2_suv/share/webots_ros2_suv/protos/models
copying protos/models/cats_PNG.jpg -> /ulstu/ros2_ws/install/webots_ros2_suv/share/webots_ros2_suv/protos/models
copying protos/models/TumanBlack.dae -> /ulstu/ros2_ws/install/webots_ros2_suv/share/webots_ros2_suv/protos/models
copying protos/models/shader_rear_PNG.jpg -> /ulstu/ros2_ws/install/webots_ros2_suv/share/webots_ros2_suv/protos/models
copying protos/models/bbasic_PNG.jpg -> /ulstu/ros2_ws/install/webots_ros2_suv/share/webots_ros2_suv/protos/models
copying protos/models/6_map_3.png -> /ulstu/ros2_ws/install/webots_ros2_suv/share/webots_ros2_suv/protos/models
copying protos/models/black_PNG.jpg -> /ulstu/ros2_ws/install/webots_ros2_suv/share/webots_ros2_suv/protos/models
copying protos/models/plastikpatr2_PNG.jpg -> /ulstu/ros2_ws/install/webots_ros2_suv/share/webots_ros2_suv/protos/models
copying protos/models/Cow.dae -> /ulstu/ros2_ws/install/webots_ros2_suv/share/webots_ros2_suv/protos/models
copying protos/models/pribror_PNG.jpg -> /ulstu/ros2_ws/install/webots_ros2_suv/share/webots_ros2_suv/protos/models
copying protos/models/6_map_1.jpg -> /ulstu/ros2_ws/install/webots_ros2_suv/share/webots_ros2_suv/protos/models
copying protos/models/UazAvionPlastic.dae -> /ulstu/ros2_ws/install/webots_ros2_suv/share/webots_ros2_suv/protos/models
copying protos/models/dvigdvig_PNG.jpg -> /ulstu/ros2_ws/install/webots_ros2_suv/share/webots_ros2_suv/protos/models
copying protos/models/GazelleNextLights.dae -> /ulstu/ros2_ws/install/webots_ros2_suv/share/webots_ros2_suv/protos/models
copying protos/models/leftflash_PNG.jpg -> /ulstu/ros2_ws/install/webots_ros2_suv/share/webots_ros2_suv/protos/models
copying protos/models/odezhda3_PNG.jpg -> /ulstu/ros2_ws/install/webots_ros2_suv/share/webots_ros2_suv/protos/models
copying protos/models/6_map_7.jpg -> /ulstu/ros2_ws/install/webots_ros2_suv/share/webots_ros2_suv/protos/models
copying protos/models/chrom_PNG.jpg -> /ulstu/ros2_ws/install/webots_ros2_suv/share/webots_ros2_suv/protos/models
copying protos/models/podogrevass_PNG.jpg -> /ulstu/ros2_ws/install/webots_ros2_suv/share/webots_ros2_suv/protos/models
copying protos/models/bukvy_PNG.jpg -> /ulstu/ros2_ws/install/webots_ros2_suv/share/webots_ros2_suv/protos/models
copying protos/models/fara_PNG.jpg -> /ulstu/ros2_ws/install/webots_ros2_suv/share/webots_ros2_suv/protos/models
copying protos/models/plastik_7_0_PNG.jpg -> /ulstu/ros2_ws/install/webots_ros2_suv/share/webots_ros2_suv/protos/models
copying protos/models/rightflash_PNG.jpg -> /ulstu/ros2_ws/install/webots_ros2_suv/share/webots_ros2_suv/protos/models
copying protos/models/fabric_PNG.jpg -> /ulstu/ros2_ws/install/webots_ros2_suv/share/webots_ros2_suv/protos/models
copying protos/models/6_map_9.jpg -> /ulstu/ros2_ws/install/webots_ros2_suv/share/webots_ros2_suv/protos/models
copying protos/models/2k_1.png.002.png -> /ulstu/ros2_ws/install/webots_ros2_suv/share/webots_ros2_suv/protos/models
copying protos/models/uaz_interior.dae -> /ulstu/ros2_ws/install/webots_ros2_suv/share/webots_ros2_suv/protos/models
copying protos/models/vehiclelights128_PNG.jpg -> /ulstu/ros2_ws/install/webots_ros2_suv/share/webots_ros2_suv/protos/models
copying protos/models/GazelleNextPlastic.dae -> /ulstu/ros2_ws/install/webots_ros2_suv/share/webots_ros2_suv/protos/models
copying protos/models/patrtorpeda_PNG.jpg -> /ulstu/ros2_ws/install/webots_ros2_suv/share/webots_ros2_suv/protos/models
copying protos/models/ElonMusk.dae -> /ulstu/ros2_ws/install/webots_ros2_suv/share/webots_ros2_suv/protos/models
copying protos/models/kovrik2_PNG.jpg -> /ulstu/ros2_ws/install/webots_ros2_suv/share/webots_ros2_suv/protos/models
copying protos/models/knopka1_PNG.jpg -> /ulstu/ros2_ws/install/webots_ros2_suv/share/webots_ros2_suv/protos/models
copying protos/models/intx_PNG.jpg -> /ulstu/ros2_ws/install/webots_ros2_suv/share/webots_ros2_suv/protos/models
copying protos/models/podbamp2_PNG.jpg -> /ulstu/ros2_ws/install/webots_ros2_suv/share/webots_ros2_suv/protos/models
copying protos/models/patrgps_PNG.jpg -> /ulstu/ros2_ws/install/webots_ros2_suv/share/webots_ros2_suv/protos/models
copying protos/models/kovrik_PNG.jpg -> /ulstu/ros2_ws/install/webots_ros2_suv/share/webots_ros2_suv/protos/models
copying protos/models/TumanOrange.dae -> /ulstu/ros2_ws/install/webots_ros2_suv/share/webots_ros2_suv/protos/models
copying protos/models/excv_1_PNG.jpg -> /ulstu/ros2_ws/install/webots_ros2_suv/share/webots_ros2_suv/protos/models
copying protos/models/GazelleNextMesh.dae -> /ulstu/ros2_ws/install/webots_ros2_suv/share/webots_ros2_suv/protos/models
creating /ulstu/ros2_ws/install/webots_ros2_suv/share/webots_ros2_suv/protos/models/plastic_barrel
copying protos/models/plastic_barrel/plastic_barrel.dae -> /ulstu/ros2_ws/install/webots_ros2_suv/share/webots_ros2_suv/protos/models/plastic_barrel
creating /ulstu/ros2_ws/install/webots_ros2_suv/share/webots_ros2_suv/protos/models/plastic_barrel/textures
copying protos/models/plastic_barrel/textures/normal_map.png -> /ulstu/ros2_ws/install/webots_ros2_suv/share/webots_ros2_suv/protos/models/plastic_barrel/textures
copying protos/models/plastic_barrel/textures/base_map.jpg -> /ulstu/ros2_ws/install/webots_ros2_suv/share/webots_ros2_suv/protos/models/plastic_barrel/textures
copying protos/models/plastic_barrel/textures/metallic_map.jpg -> /ulstu/ros2_ws/install/webots_ros2_suv/share/webots_ros2_suv/protos/models/plastic_barrel/textures
copying protos/models/plastic_barrel/textures/roughness_map.jpg -> /ulstu/ros2_ws/install/webots_ros2_suv/share/webots_ros2_suv/protos/models/plastic_barrel/textures
creating /ulstu/ros2_ws/install/webots_ros2_suv/share/webots_ros2_suv/protos/models/Sprayer
copying protos/models/Sprayer/SprayerBlack.dae -> /ulstu/ros2_ws/install/webots_ros2_suv/share/webots_ros2_suv/protos/models/Sprayer
copying protos/models/Sprayer/SprayerGreen.dae -> /ulstu/ros2_ws/install/webots_ros2_suv/share/webots_ros2_suv/protos/models/Sprayer
copying protos/models/Sprayer/SprayerGlossy.dae -> /ulstu/ros2_ws/install/webots_ros2_suv/share/webots_ros2_suv/protos/models/Sprayer
copying protos/models/Sprayer/SprayerYellow.dae -> /ulstu/ros2_ws/install/webots_ros2_suv/share/webots_ros2_suv/protos/models/Sprayer
copying protos/models/Sprayer/SprayerMesh.dae -> /ulstu/ros2_ws/install/webots_ros2_suv/share/webots_ros2_suv/protos/models/Sprayer
copying protos/models/Sprayer/SprayerRed.dae -> /ulstu/ros2_ws/install/webots_ros2_suv/share/webots_ros2_suv/protos/models/Sprayer
creating /ulstu/ros2_ws/install/webots_ros2_suv/share/webots_ros2_suv/protos/models/Amazon
copying protos/models/Amazon/AmazonBlack.dae -> /ulstu/ros2_ws/install/webots_ros2_suv/share/webots_ros2_suv/protos/models/Amazon
copying protos/models/Amazon/AmazonGlossy.dae -> /ulstu/ros2_ws/install/webots_ros2_suv/share/webots_ros2_suv/protos/models/Amazon
copying protos/models/Amazon/AmazonGreen.dae -> /ulstu/ros2_ws/install/webots_ros2_suv/share/webots_ros2_suv/protos/models/Amazon
copying protos/models/Amazon/AmazonOrange.dae -> /ulstu/ros2_ws/install/webots_ros2_suv/share/webots_ros2_suv/protos/models/Amazon
creating /ulstu/ros2_ws/install/webots_ros2_suv/share/webots_ros2_suv/protos/models/signs
copying protos/models/signs/main_road_sign.dae -> /ulstu/ros2_ws/install/webots_ros2_suv/share/webots_ros2_suv/protos/models/signs
copying protos/models/signs/give_way_sign.dae -> /ulstu/ros2_ws/install/webots_ros2_suv/share/webots_ros2_suv/protos/models/signs
creating /ulstu/ros2_ws/install/webots_ros2_suv/share/webots_ros2_suv/protos/models/signs/textures
copying protos/models/signs/textures/normal_map.png -> /ulstu/ros2_ws/install/webots_ros2_suv/share/webots_ros2_suv/protos/models/signs/textures
copying protos/models/signs/textures/base_map.png -> /ulstu/ros2_ws/install/webots_ros2_suv/share/webots_ros2_suv/protos/models/signs/textures
copying protos/models/signs/textures/roughness_map.png -> /ulstu/ros2_ws/install/webots_ros2_suv/share/webots_ros2_suv/protos/models/signs/textures
copying protos/models/signs/textures/metallic_map.png -> /ulstu/ros2_ws/install/webots_ros2_suv/share/webots_ros2_suv/protos/models/signs/textures
running install_egg_info
Copying ../../ros2_ws/build/webots_ros2_suv/webots_ros2_suv.egg-info to /ulstu/ros2_ws/install/webots_ros2_suv/lib/python3.10/site-packages/webots_ros2_suv-2023.0.1-py3.10.egg-info
running install_scripts
Installing node_ego_controller script to /ulstu/ros2_ws/install/webots_ros2_suv/lib/webots_ros2_suv
Installing node_sensors_webots script to /ulstu/ros2_ws/install/webots_ros2_suv/lib/webots_ros2_suv
writing list of installed files to '/ulstu/ros2_ws/build/webots_ros2_suv/install.log'
