[0.527s] Invoking command in '/ulstu/ros2_ws/src/webots_ros2_suv': AMENT_PREFIX_PATH=/ulstu/ros2_ws/install/robot_interfaces:${AMENT_PREFIX_PATH} CMAKE_PREFIX_PATH=/ulstu/ros2_ws/install/robot_interfaces LD_LIBRARY_PATH=/ulstu/ros2_ws/install/robot_interfaces/lib:${LD_LIBRARY_PATH} PYTHONPATH=/ulstu/ros2_ws/build/webots_ros2_suv/prefix_override:/usr/lib/python3/dist-packages/colcon_core/task/python/colcon_distutils_commands:/ulstu/ros2_ws/install/webots_ros2_suv/lib/python3.10/site-packages:/ulstu/ros2_ws/install/robot_interfaces/local/lib/python3.10/dist-packages:${PYTHONPATH} /usr/bin/python3 -W ignore:setup.py install is deprecated setup.py egg_info --egg-base ../../ros2_ws/build/webots_ros2_suv build --build-base /ulstu/ros2_ws/build/webots_ros2_suv/build install --record /ulstu/ros2_ws/build/webots_ros2_suv/install.log --single-version-externally-managed install_data
[0.722s] running egg_info
[0.722s] creating ../../ros2_ws/build/webots_ros2_suv/webots_ros2_suv.egg-info
[0.722s] writing ../../ros2_ws/build/webots_ros2_suv/webots_ros2_suv.egg-info/PKG-INFO
[0.722s] writing dependency_links to ../../ros2_ws/build/webots_ros2_suv/webots_ros2_suv.egg-info/dependency_links.txt
[0.722s] writing entry points to ../../ros2_ws/build/webots_ros2_suv/webots_ros2_suv.egg-info/entry_points.txt
[0.723s] writing requirements to ../../ros2_ws/build/webots_ros2_suv/webots_ros2_suv.egg-info/requires.txt
[0.723s] writing top-level names to ../../ros2_ws/build/webots_ros2_suv/webots_ros2_suv.egg-info/top_level.txt
[0.723s] writing manifest file '../../ros2_ws/build/webots_ros2_suv/webots_ros2_suv.egg-info/SOURCES.txt'
[0.725s] reading manifest file '../../ros2_ws/build/webots_ros2_suv/webots_ros2_suv.egg-info/SOURCES.txt'
[0.727s] writing manifest file '../../ros2_ws/build/webots_ros2_suv/webots_ros2_suv.egg-info/SOURCES.txt'
[0.727s] running build
[0.727s] running build_py
[0.727s] creating /ulstu/ros2_ws/build/webots_ros2_suv/build
[0.728s] creating /ulstu/ros2_ws/build/webots_ros2_suv/build/lib
[0.728s] creating /ulstu/ros2_ws/build/webots_ros2_suv/build/lib/webots_ros2_suv
[0.728s] copying webots_ros2_suv/__init__.py -> /ulstu/ros2_ws/build/webots_ros2_suv/build/lib/webots_ros2_suv
[0.728s] copying webots_ros2_suv/node_ego_controller.py -> /ulstu/ros2_ws/build/webots_ros2_suv/build/lib/webots_ros2_suv
[0.728s] copying webots_ros2_suv/suv_driver.py -> /ulstu/ros2_ws/build/webots_ros2_suv/build/lib/webots_ros2_suv
[0.728s] copying webots_ros2_suv/node_sensors_webots.py -> /ulstu/ros2_ws/build/webots_ros2_suv/build/lib/webots_ros2_suv
[0.728s] creating /ulstu/ros2_ws/build/webots_ros2_suv/build/lib/webots_ros2_suv/lib
[0.728s] copying webots_ros2_suv/lib/timeit.py -> /ulstu/ros2_ws/build/webots_ros2_suv/build/lib/webots_ros2_suv/lib
[0.728s] copying webots_ros2_suv/lib/world_model.py -> /ulstu/ros2_ws/build/webots_ros2_suv/build/lib/webots_ros2_suv/lib
[0.728s] copying webots_ros2_suv/lib/__init__.py -> /ulstu/ros2_ws/build/webots_ros2_suv/build/lib/webots_ros2_suv/lib
[0.729s] copying webots_ros2_suv/lib/car_model.py -> /ulstu/ros2_ws/build/webots_ros2_suv/build/lib/webots_ros2_suv/lib
[0.729s] copying webots_ros2_suv/lib/coords_transformer.py -> /ulstu/ros2_ws/build/webots_ros2_suv/build/lib/webots_ros2_suv/lib
[0.729s] copying webots_ros2_suv/lib/orientation.py -> /ulstu/ros2_ws/build/webots_ros2_suv/build/lib/webots_ros2_suv/lib
[0.729s] copying webots_ros2_suv/lib/map_utils.py -> /ulstu/ros2_ws/build/webots_ros2_suv/build/lib/webots_ros2_suv/lib
[0.729s] copying webots_ros2_suv/lib/map_server.py -> /ulstu/ros2_ws/build/webots_ros2_suv/build/lib/webots_ros2_suv/lib
[0.729s] running install
[0.729s] running install_lib
[0.730s] creating /ulstu/ros2_ws/install/webots_ros2_suv/lib/python3.10/site-packages/webots_ros2_suv
[0.730s] copying /ulstu/ros2_ws/build/webots_ros2_suv/build/lib/webots_ros2_suv/__init__.py -> /ulstu/ros2_ws/install/webots_ros2_suv/lib/python3.10/site-packages/webots_ros2_suv
[0.730s] copying /ulstu/ros2_ws/build/webots_ros2_suv/build/lib/webots_ros2_suv/node_ego_controller.py -> /ulstu/ros2_ws/install/webots_ros2_suv/lib/python3.10/site-packages/webots_ros2_suv
[0.730s] copying /ulstu/ros2_ws/build/webots_ros2_suv/build/lib/webots_ros2_suv/suv_driver.py -> /ulstu/ros2_ws/install/webots_ros2_suv/lib/python3.10/site-packages/webots_ros2_suv
[0.730s] creating /ulstu/ros2_ws/install/webots_ros2_suv/lib/python3.10/site-packages/webots_ros2_suv/lib
[0.730s] copying /ulstu/ros2_ws/build/webots_ros2_suv/build/lib/webots_ros2_suv/lib/timeit.py -> /ulstu/ros2_ws/install/webots_ros2_suv/lib/python3.10/site-packages/webots_ros2_suv/lib
[0.730s] copying /ulstu/ros2_ws/build/webots_ros2_suv/build/lib/webots_ros2_suv/lib/world_model.py -> /ulstu/ros2_ws/install/webots_ros2_suv/lib/python3.10/site-packages/webots_ros2_suv/lib
[0.731s] copying /ulstu/ros2_ws/build/webots_ros2_suv/build/lib/webots_ros2_suv/lib/__init__.py -> /ulstu/ros2_ws/install/webots_ros2_suv/lib/python3.10/site-packages/webots_ros2_suv/lib
[0.731s] copying /ulstu/ros2_ws/build/webots_ros2_suv/build/lib/webots_ros2_suv/lib/car_model.py -> /ulstu/ros2_ws/install/webots_ros2_suv/lib/python3.10/site-packages/webots_ros2_suv/lib
[0.731s] copying /ulstu/ros2_ws/build/webots_ros2_suv/build/lib/webots_ros2_suv/lib/coords_transformer.py -> /ulstu/ros2_ws/install/webots_ros2_suv/lib/python3.10/site-packages/webots_ros2_suv/lib
[0.731s] copying /ulstu/ros2_ws/build/webots_ros2_suv/build/lib/webots_ros2_suv/lib/orientation.py -> /ulstu/ros2_ws/install/webots_ros2_suv/lib/python3.10/site-packages/webots_ros2_suv/lib
[0.731s] copying /ulstu/ros2_ws/build/webots_ros2_suv/build/lib/webots_ros2_suv/lib/map_utils.py -> /ulstu/ros2_ws/install/webots_ros2_suv/lib/python3.10/site-packages/webots_ros2_suv/lib
[0.731s] copying /ulstu/ros2_ws/build/webots_ros2_suv/build/lib/webots_ros2_suv/lib/map_server.py -> /ulstu/ros2_ws/install/webots_ros2_suv/lib/python3.10/site-packages/webots_ros2_suv/lib
[0.731s] copying /ulstu/ros2_ws/build/webots_ros2_suv/build/lib/webots_ros2_suv/node_sensors_webots.py -> /ulstu/ros2_ws/install/webots_ros2_suv/lib/python3.10/site-packages/webots_ros2_suv
[0.732s] byte-compiling /ulstu/ros2_ws/install/webots_ros2_suv/lib/python3.10/site-packages/webots_ros2_suv/__init__.py to __init__.cpython-310.pyc
[0.732s] byte-compiling /ulstu/ros2_ws/install/webots_ros2_suv/lib/python3.10/site-packages/webots_ros2_suv/node_ego_controller.py to node_ego_controller.cpython-310.pyc
[0.733s] byte-compiling /ulstu/ros2_ws/install/webots_ros2_suv/lib/python3.10/site-packages/webots_ros2_suv/suv_driver.py to suv_driver.cpython-310.pyc
[0.733s] byte-compiling /ulstu/ros2_ws/install/webots_ros2_suv/lib/python3.10/site-packages/webots_ros2_suv/lib/timeit.py to timeit.cpython-310.pyc
[0.733s] byte-compiling /ulstu/ros2_ws/install/webots_ros2_suv/lib/python3.10/site-packages/webots_ros2_suv/lib/world_model.py to world_model.cpython-310.pyc
[0.734s] byte-compiling /ulstu/ros2_ws/install/webots_ros2_suv/lib/python3.10/site-packages/webots_ros2_suv/lib/__init__.py to __init__.cpython-310.pyc
[0.734s] byte-compiling /ulstu/ros2_ws/install/webots_ros2_suv/lib/python3.10/site-packages/webots_ros2_suv/lib/car_model.py to car_model.cpython-310.pyc
[0.734s] byte-compiling /ulstu/ros2_ws/install/webots_ros2_suv/lib/python3.10/site-packages/webots_ros2_suv/lib/coords_transformer.py to coords_transformer.cpython-310.pyc
[0.735s] byte-compiling /ulstu/ros2_ws/install/webots_ros2_suv/lib/python3.10/site-packages/webots_ros2_suv/lib/orientation.py to orientation.cpython-310.pyc
[0.736s] byte-compiling /ulstu/ros2_ws/install/webots_ros2_suv/lib/python3.10/site-packages/webots_ros2_suv/lib/map_utils.py to map_utils.cpython-310.pyc
[0.737s] byte-compiling /ulstu/ros2_ws/install/webots_ros2_suv/lib/python3.10/site-packages/webots_ros2_suv/lib/map_server.py to map_server.cpython-310.pyc
[0.738s] byte-compiling /ulstu/ros2_ws/install/webots_ros2_suv/lib/python3.10/site-packages/webots_ros2_suv/node_sensors_webots.py to node_sensors_webots.cpython-310.pyc
[0.738s] running install_data
[0.738s] copying package.xml -> /ulstu/ros2_ws/install/webots_ros2_suv/share/webots_ros2_suv
[0.739s] creating /ulstu/ros2_ws/install/webots_ros2_suv/share/webots_ros2_suv/map-server
[0.739s] creating /ulstu/ros2_ws/install/webots_ros2_suv/share/webots_ros2_suv/map-server/dist
[0.739s] copying map-server/dist/index.html -> /ulstu/ros2_ws/install/webots_ros2_suv/share/webots_ros2_suv/map-server/dist/
[0.739s] creating /ulstu/ros2_ws/install/webots_ros2_suv/share/webots_ros2_suv/map-server/dist/assets
[0.739s] copying map-server/dist/assets/index.ba967dfc.css -> /ulstu/ros2_ws/install/webots_ros2_suv/share/webots_ros2_suv/map-server/dist/assets
[0.739s] copying map-server/dist/assets/index.c7d40b72.js -> /ulstu/ros2_ws/install/webots_ros2_suv/share/webots_ros2_suv/map-server/dist/assets
[0.739s] copying map-server/dist/assets/index.c7d40b72.js.map -> /ulstu/ros2_ws/install/webots_ros2_suv/share/webots_ros2_suv/map-server/dist/assets
[0.741s] creating /ulstu/ros2_ws/install/webots_ros2_suv/share/webots_ros2_suv/launch
[0.741s] copying launch/robot_launch.py -> /ulstu/ros2_ws/install/webots_ros2_suv/share/webots_ros2_suv/launch/
[0.741s] creating /ulstu/ros2_ws/install/webots_ros2_suv/share/webots_ros2_suv/worlds
[0.742s] copying worlds/robocross_gazelle.wbt -> /ulstu/ros2_ws/install/webots_ros2_suv/share/webots_ros2_suv/worlds/
[0.742s] creating /ulstu/ros2_ws/install/webots_ros2_suv/share/webots_ros2_suv/worlds/ulstu_net
[0.742s] copying worlds/ulstu_net/sumo.edg.xml -> /ulstu/ros2_ws/install/webots_ros2_suv/share/webots_ros2_suv/worlds/ulstu_net
[0.742s] copying worlds/ulstu_net/sumo.rou.xml -> /ulstu/ros2_ws/install/webots_ros2_suv/share/webots_ros2_suv/worlds/ulstu_net
[0.742s] copying worlds/ulstu_net/sumo.trip.xml -> /ulstu/ros2_ws/install/webots_ros2_suv/share/webots_ros2_suv/worlds/ulstu_net
[0.742s] copying worlds/ulstu_net/sumo.rou.alt.xml -> /ulstu/ros2_ws/install/webots_ros2_suv/share/webots_ros2_suv/worlds/ulstu_net
[0.743s] copying worlds/ulstu_net/sumo.net.xml -> /ulstu/ros2_ws/install/webots_ros2_suv/share/webots_ros2_suv/worlds/ulstu_net
[0.743s] copying worlds/ulstu_net/sumo.sumocfg -> /ulstu/ros2_ws/install/webots_ros2_suv/share/webots_ros2_suv/worlds/ulstu_net
[0.743s] copying worlds/ulstu_net/sumo.nod.xml -> /ulstu/ros2_ws/install/webots_ros2_suv/share/webots_ros2_suv/worlds/ulstu_net
[0.743s] creating /ulstu/ros2_ws/install/webots_ros2_suv/share/webots_ros2_suv/resource
[0.743s] copying resource/gazelle.urdf -> /ulstu/ros2_ws/install/webots_ros2_suv/share/webots_ros2_suv/resource/
[0.744s] copying resource/bmw.urdf -> /ulstu/ros2_ws/install/webots_ros2_suv/share/webots_ros2_suv/resource/
[0.744s] copying resource/tesla_webots.urdf -> /ulstu/ros2_ws/install/webots_ros2_suv/share/webots_ros2_suv/resource/
[0.744s] copying resource/webots_ros2_suv -> /ulstu/ros2_ws/install/webots_ros2_suv/share/webots_ros2_suv/resource/
[0.744s] copying resource/suv1.urdf -> /ulstu/ros2_ws/install/webots_ros2_suv/share/webots_ros2_suv/resource/
[0.744s] copying resource/suv.urdf -> /ulstu/ros2_ws/install/webots_ros2_suv/share/webots_ros2_suv/resource/
[0.744s] creating /ulstu/ros2_ws/install/webots_ros2_suv/share/webots_ros2_suv/resource/lane_line_model
[0.744s] copying resource/lane_line_model/config.yaml -> /ulstu/ros2_ws/install/webots_ros2_suv/share/webots_ros2_suv/resource/lane_line_model
[0.744s] creating /ulstu/ros2_ws/install/webots_ros2_suv/share/webots_ros2_suv/resource/weights
[0.744s] creating /ulstu/ros2_ws/install/webots_ros2_suv/share/webots_ros2_suv/resource/weights/model-ep50-signs16
[0.745s] copying resource/weights/model-ep50-signs16/labels.txt -> /ulstu/ros2_ws/install/webots_ros2_suv/share/webots_ros2_suv/resource/weights/model-ep50-signs16
[0.745s] creating /ulstu/ros2_ws/install/webots_ros2_suv/share/webots_ros2_suv/resource/signs_icon
[0.745s] copying resource/signs_icon/3_24_n90.jpg -> /ulstu/ros2_ws/install/webots_ros2_suv/share/webots_ros2_suv/resource/signs_icon
[0.745s] copying resource/signs_icon/5_19_1.jpg -> /ulstu/ros2_ws/install/webots_ros2_suv/share/webots_ros2_suv/resource/signs_icon
[0.745s] copying resource/signs_icon/3_18_1.jpg -> /ulstu/ros2_ws/install/webots_ros2_suv/share/webots_ros2_suv/resource/signs_icon
[0.745s] copying resource/signs_icon/3_24_n40.jpg -> /ulstu/ros2_ws/install/webots_ros2_suv/share/webots_ros2_suv/resource/signs_icon
[0.745s] copying resource/signs_icon/1_31.jpg -> /ulstu/ros2_ws/install/webots_ros2_suv/share/webots_ros2_suv/resource/signs_icon
[0.745s] copying resource/signs_icon/used_signs.txt -> /ulstu/ros2_ws/install/webots_ros2_suv/share/webots_ros2_suv/resource/signs_icon
[0.745s] copying resource/signs_icon/2_1.jpg -> /ulstu/ros2_ws/install/webots_ros2_suv/share/webots_ros2_suv/resource/signs_icon
[0.746s] copying resource/signs_icon/3_1.jpg -> /ulstu/ros2_ws/install/webots_ros2_suv/share/webots_ros2_suv/resource/signs_icon
[0.746s] copying resource/signs_icon/1_22.jpg -> /ulstu/ros2_ws/install/webots_ros2_suv/share/webots_ros2_suv/resource/signs_icon
[0.746s] copying resource/signs_icon/3_24_n60.jpg -> /ulstu/ros2_ws/install/webots_ros2_suv/share/webots_ros2_suv/resource/signs_icon
[0.746s] copying resource/signs_icon/1_1.jpg -> /ulstu/ros2_ws/install/webots_ros2_suv/share/webots_ros2_suv/resource/signs_icon
[0.746s] copying resource/signs_icon/3_28.jpg -> /ulstu/ros2_ws/install/webots_ros2_suv/share/webots_ros2_suv/resource/signs_icon
[0.746s] copying resource/signs_icon/4_1_1.jpg -> /ulstu/ros2_ws/install/webots_ros2_suv/share/webots_ros2_suv/resource/signs_icon
[0.746s] copying resource/signs_icon/5_5.jpg -> /ulstu/ros2_ws/install/webots_ros2_suv/share/webots_ros2_suv/resource/signs_icon
[0.746s] copying resource/signs_icon/4_3.jpg -> /ulstu/ros2_ws/install/webots_ros2_suv/share/webots_ros2_suv/resource/signs_icon
[0.746s] copying resource/signs_icon/6_3_2.jpg -> /ulstu/ros2_ws/install/webots_ros2_suv/share/webots_ros2_suv/resource/signs_icon
[0.747s] copying resource/signs_icon/2_4.jpg -> /ulstu/ros2_ws/install/webots_ros2_suv/share/webots_ros2_suv/resource/signs_icon
[0.747s] copying resource/signs_icon/3_24_n30.jpg -> /ulstu/ros2_ws/install/webots_ros2_suv/share/webots_ros2_suv/resource/signs_icon
[0.747s] copying resource/signs_icon/6_4.jpg -> /ulstu/ros2_ws/install/webots_ros2_suv/share/webots_ros2_suv/resource/signs_icon
[0.747s] copying resource/signs_icon/7_4.jpg -> /ulstu/ros2_ws/install/webots_ros2_suv/share/webots_ros2_suv/resource/signs_icon
[0.747s] creating /ulstu/ros2_ws/install/webots_ros2_suv/share/webots_ros2_suv/config
[0.747s] copying config/config.rviz -> /ulstu/ros2_ws/install/webots_ros2_suv/share/webots_ros2_suv/config/
[0.747s] copying config/main.yaml -> /ulstu/ros2_ws/install/webots_ros2_suv/share/webots_ros2_suv/config/
[0.747s] copying config/map_config.yaml -> /ulstu/ros2_ws/install/webots_ros2_suv/share/webots_ros2_suv/config/
[0.748s] copying config/project_settings.yaml -> /ulstu/ros2_ws/install/webots_ros2_suv/share/webots_ros2_suv/config/
[0.748s] creating /ulstu/ros2_ws/install/webots_ros2_suv/share/webots_ros2_suv/config/simulator
[0.748s] copying config/simulator/global_coords.yaml -> /ulstu/ros2_ws/install/webots_ros2_suv/share/webots_ros2_suv/config/simulator
[0.748s] copying config/simulator/map_config.yaml -> /ulstu/ros2_ws/install/webots_ros2_suv/share/webots_ros2_suv/config/simulator
[0.748s] copying config/simulator/devices_topics.yaml -> /ulstu/ros2_ws/install/webots_ros2_suv/share/webots_ros2_suv/config/simulator
[0.748s] creating /ulstu/ros2_ws/install/webots_ros2_suv/share/webots_ros2_suv/config/global_maps
[0.748s] copying config/global_maps/robocross.geojson -> /ulstu/ros2_ws/install/webots_ros2_suv/share/webots_ros2_suv/config/global_maps
[0.748s] creating /ulstu/ros2_ws/install/webots_ros2_suv/share/webots_ros2_suv/config/ego_states
[0.748s] copying config/ego_states/robocross.yaml -> /ulstu/ros2_ws/install/webots_ros2_suv/share/webots_ros2_suv/config/ego_states
[0.749s] creating /ulstu/ros2_ws/install/webots_ros2_suv/share/webots_ros2_suv/maps
[0.749s] copying maps/suv_world.yaml -> /ulstu/ros2_ws/install/webots_ros2_suv/share/webots_ros2_suv/maps/
[0.749s] copying maps/suv_world.pgm -> /ulstu/ros2_ws/install/webots_ros2_suv/share/webots_ros2_suv/maps/
[0.752s] copying map-server/index.html -> /ulstu/ros2_ws/install/webots_ros2_suv/share/webots_ros2_suv/map-server/
[0.752s] copying map-server/style.css -> /ulstu/ros2_ws/install/webots_ros2_suv/share/webots_ros2_suv/map-server/
[0.752s] copying map-server/main.js -> /ulstu/ros2_ws/install/webots_ros2_suv/share/webots_ros2_suv/map-server/
[0.752s] copying map-server/readme.md -> /ulstu/ros2_ws/install/webots_ros2_suv/share/webots_ros2_suv/map-server/
[0.752s] copying map-server/package.json -> /ulstu/ros2_ws/install/webots_ros2_suv/share/webots_ros2_suv/map-server/
[0.752s] copying map-server/package-lock.json -> /ulstu/ros2_ws/install/webots_ros2_suv/share/webots_ros2_suv/map-server/
[0.753s] copying map-server/vite.config.js -> /ulstu/ros2_ws/install/webots_ros2_suv/share/webots_ros2_suv/map-server/
[0.753s] creating /ulstu/ros2_ws/install/webots_ros2_suv/share/webots_ros2_suv/map-server/.github
[0.753s] copying map-server/.github/dependabot.yml -> /ulstu/ros2_ws/install/webots_ros2_suv/share/webots_ros2_suv/map-server/.github
[0.753s] creating /ulstu/ros2_ws/install/webots_ros2_suv/share/webots_ros2_suv/map-server/.github/workflows
[0.753s] copying map-server/.github/workflows/build.yml -> /ulstu/ros2_ws/install/webots_ros2_suv/share/webots_ros2_suv/map-server/.github/workflows
[0.753s] creating /ulstu/ros2_ws/install/webots_ros2_suv/share/webots_ros2_suv/map-server/libs
[0.753s] copying map-server/libs/jquery-ui.min.js -> /ulstu/ros2_ws/install/webots_ros2_suv/share/webots_ros2_suv/map-server/libs
[0.754s] copying map-server/libs/jquery-3.7.0.min.js -> /ulstu/ros2_ws/install/webots_ros2_suv/share/webots_ros2_suv/map-server/libs
[0.754s] copying map-server/libs/bootstrap.min.css -> /ulstu/ros2_ws/install/webots_ros2_suv/share/webots_ros2_suv/map-server/libs
[0.754s] copying map-server/libs/jquery-ui.min.css -> /ulstu/ros2_ws/install/webots_ros2_suv/share/webots_ros2_suv/map-server/libs
[0.754s] creating /ulstu/ros2_ws/install/webots_ros2_suv/share/webots_ros2_suv/map-server/log
[0.754s] copying map-server/log/latest_build -> /ulstu/ros2_ws/install/webots_ros2_suv/share/webots_ros2_suv/map-server/log
[0.754s] copying map-server/log/COLCON_IGNORE -> /ulstu/ros2_ws/install/webots_ros2_suv/share/webots_ros2_suv/map-server/log
[0.755s] copying map-server/log/latest -> /ulstu/ros2_ws/install/webots_ros2_suv/share/webots_ros2_suv/map-server/log
[0.755s] creating /ulstu/ros2_ws/install/webots_ros2_suv/share/webots_ros2_suv/map-server/install
[0.755s] copying map-server/install/setup.zsh -> /ulstu/ros2_ws/install/webots_ros2_suv/share/webots_ros2_suv/map-server/install
[0.755s] copying map-server/install/local_setup.zsh -> /ulstu/ros2_ws/install/webots_ros2_suv/share/webots_ros2_suv/map-server/install
[0.755s] copying map-server/install/local_setup.sh -> /ulstu/ros2_ws/install/webots_ros2_suv/share/webots_ros2_suv/map-server/install
[0.755s] copying map-server/install/local_setup.ps1 -> /ulstu/ros2_ws/install/webots_ros2_suv/share/webots_ros2_suv/map-server/install
[0.755s] copying map-server/install/_local_setup_util_sh.py -> /ulstu/ros2_ws/install/webots_ros2_suv/share/webots_ros2_suv/map-server/install
[0.755s] copying map-server/install/setup.bash -> /ulstu/ros2_ws/install/webots_ros2_suv/share/webots_ros2_suv/map-server/install
[0.755s] copying map-server/install/COLCON_IGNORE -> /ulstu/ros2_ws/install/webots_ros2_suv/share/webots_ros2_suv/map-server/install
[0.756s] copying map-server/install/setup.ps1 -> /ulstu/ros2_ws/install/webots_ros2_suv/share/webots_ros2_suv/map-server/install
[0.756s] copying map-server/install/setup.sh -> /ulstu/ros2_ws/install/webots_ros2_suv/share/webots_ros2_suv/map-server/install
[0.756s] copying map-server/install/_local_setup_util_ps1.py -> /ulstu/ros2_ws/install/webots_ros2_suv/share/webots_ros2_suv/map-server/install
[0.756s] copying map-server/install/local_setup.bash -> /ulstu/ros2_ws/install/webots_ros2_suv/share/webots_ros2_suv/map-server/install
[0.756s] creating /ulstu/ros2_ws/install/webots_ros2_suv/share/webots_ros2_suv/protos
[0.756s] copying protos/UazAvionMesh.proto -> /ulstu/ros2_ws/install/webots_ros2_suv/share/webots_ros2_suv/protos/
[0.756s] copying protos/AckermannVehicle.proto -> /ulstu/ros2_ws/install/webots_ros2_suv/share/webots_ros2_suv/protos/
[0.756s] copying protos/Sprayer.proto -> /ulstu/ros2_ws/install/webots_ros2_suv/share/webots_ros2_suv/protos/
[0.756s] copying protos/Amazon.proto -> /ulstu/ros2_ws/install/webots_ros2_suv/share/webots_ros2_suv/protos/
[0.756s] copying protos/VehicleWheel.proto -> /ulstu/ros2_ws/install/webots_ros2_suv/share/webots_ros2_suv/protos/
[0.757s] copying protos/TumanMesh.proto -> /ulstu/ros2_ws/install/webots_ros2_suv/share/webots_ros2_suv/protos/
[0.757s] copying protos/UazAvionWheel.proto -> /ulstu/ros2_ws/install/webots_ros2_suv/share/webots_ros2_suv/protos/
[0.757s] copying protos/UazPatriotInterior.proto -> /ulstu/ros2_ws/install/webots_ros2_suv/share/webots_ros2_suv/protos/
[0.757s] copying protos/TumanInterior.proto -> /ulstu/ros2_ws/install/webots_ros2_suv/share/webots_ros2_suv/protos/
[0.757s] copying protos/GazelleNextMesh.proto -> /ulstu/ros2_ws/install/webots_ros2_suv/share/webots_ros2_suv/protos/
[0.757s] copying protos/GiveWaySign.proto -> /ulstu/ros2_ws/install/webots_ros2_suv/share/webots_ros2_suv/protos/
[0.757s] copying protos/Kamaz.proto -> /ulstu/ros2_ws/install/webots_ros2_suv/share/webots_ros2_suv/protos/
[0.757s] copying protos/UazAvionInterior.proto -> /ulstu/ros2_ws/install/webots_ros2_suv/share/webots_ros2_suv/protos/
[0.757s] copying protos/GazelleNextInterior.proto -> /ulstu/ros2_ws/install/webots_ros2_suv/share/webots_ros2_suv/protos/
[0.758s] copying protos/PlasticBarrel.proto -> /ulstu/ros2_ws/install/webots_ros2_suv/share/webots_ros2_suv/protos/
[0.758s] copying protos/Car.proto -> /ulstu/ros2_ws/install/webots_ros2_suv/share/webots_ros2_suv/protos/
[0.758s] copying protos/UazAvionAmazon.proto -> /ulstu/ros2_ws/install/webots_ros2_suv/share/webots_ros2_suv/protos/
[0.758s] copying protos/TumanWheel.proto -> /ulstu/ros2_ws/install/webots_ros2_suv/share/webots_ros2_suv/protos/
[0.758s] copying protos/Tuman.proto -> /ulstu/ros2_ws/install/webots_ros2_suv/share/webots_ros2_suv/protos/
[0.758s] copying protos/UazAvionSprayer.proto -> /ulstu/ros2_ws/install/webots_ros2_suv/share/webots_ros2_suv/protos/
[0.758s] copying protos/GazelleNextWheel.proto -> /ulstu/ros2_ws/install/webots_ros2_suv/share/webots_ros2_suv/protos/
[0.758s] copying protos/Cow.proto -> /ulstu/ros2_ws/install/webots_ros2_suv/share/webots_ros2_suv/protos/
[0.758s] copying protos/UazPatriotMesh.proto -> /ulstu/ros2_ws/install/webots_ros2_suv/share/webots_ros2_suv/protos/
[0.759s] copying protos/VehicleLights.proto -> /ulstu/ros2_ws/install/webots_ros2_suv/share/webots_ros2_suv/protos/
[0.759s] copying protos/GazelleNext.proto -> /ulstu/ros2_ws/install/webots_ros2_suv/share/webots_ros2_suv/protos/
[0.759s] copying protos/Human.proto -> /ulstu/ros2_ws/install/webots_ros2_suv/share/webots_ros2_suv/protos/
[0.759s] copying protos/UazPatriot.proto -> /ulstu/ros2_ws/install/webots_ros2_suv/share/webots_ros2_suv/protos/
[0.759s] copying protos/MainRoadSign.proto -> /ulstu/ros2_ws/install/webots_ros2_suv/share/webots_ros2_suv/protos/
[0.759s] copying protos/UazPatriotWheel.proto -> /ulstu/ros2_ws/install/webots_ros2_suv/share/webots_ros2_suv/protos/
[0.759s] copying protos/GenericTireAppearance.proto -> /ulstu/ros2_ws/install/webots_ros2_suv/share/webots_ros2_suv/protos/
[0.759s] creating /ulstu/ros2_ws/install/webots_ros2_suv/share/webots_ros2_suv/protos/textures
[0.759s] copying protos/textures/bmw_dark_plastic_base_color.jpg -> /ulstu/ros2_ws/install/webots_ros2_suv/share/webots_ros2_suv/protos/textures
[0.759s] copying protos/textures/bmw_logo_normal.jpg -> /ulstu/ros2_ws/install/webots_ros2_suv/share/webots_ros2_suv/protos/textures
[0.760s] copying protos/textures/bmw_interior_speedometer_without_needles.jpg -> /ulstu/ros2_ws/install/webots_ros2_suv/share/webots_ros2_suv/protos/textures
[0.760s] copying protos/textures/bmw_interior_speedometer.jpg -> /ulstu/ros2_ws/install/webots_ros2_suv/share/webots_ros2_suv/protos/textures
[0.760s] copying protos/textures/bmw_logo_metalness.jpg -> /ulstu/ros2_ws/install/webots_ros2_suv/share/webots_ros2_suv/protos/textures
[0.760s] copying protos/textures/bmw_logo_roughness.jpg -> /ulstu/ros2_ws/install/webots_ros2_suv/share/webots_ros2_suv/protos/textures
[0.760s] copying protos/textures/uaz_logo.jpg -> /ulstu/ros2_ws/install/webots_ros2_suv/share/webots_ros2_suv/protos/textures
[0.760s] copying protos/textures/bmw_plastic_roughness.jpg -> /ulstu/ros2_ws/install/webots_ros2_suv/share/webots_ros2_suv/protos/textures
[0.761s] copying protos/textures/bmw_interior_seats.jpg -> /ulstu/ros2_ws/install/webots_ros2_suv/share/webots_ros2_suv/protos/textures
[0.762s] copying protos/textures/bmw_interior_windshield_dust.png -> /ulstu/ros2_ws/install/webots_ros2_suv/share/webots_ros2_suv/protos/textures
[0.763s] copying protos/textures/bmw_interior_radio_display.jpg -> /ulstu/ros2_ws/install/webots_ros2_suv/share/webots_ros2_suv/protos/textures
[0.763s] copying protos/textures/bmw_plastic_occlusion.jpg -> /ulstu/ros2_ws/install/webots_ros2_suv/share/webots_ros2_suv/protos/textures
[0.763s] copying protos/textures/bmw_logo_base_color.jpg -> /ulstu/ros2_ws/install/webots_ros2_suv/share/webots_ros2_suv/protos/textures
[0.763s] copying protos/textures/bmw_light_plastic_base_color.jpg -> /ulstu/ros2_ws/install/webots_ros2_suv/share/webots_ros2_suv/protos/textures
[0.764s] copying protos/textures/bmw_plastic_normal.jpg -> /ulstu/ros2_ws/install/webots_ros2_suv/share/webots_ros2_suv/protos/textures
[0.765s] creating /ulstu/ros2_ws/install/webots_ros2_suv/share/webots_ros2_suv/protos/icons
[0.765s] copying protos/icons/BmwX5.png -> /ulstu/ros2_ws/install/webots_ros2_suv/share/webots_ros2_suv/protos/icons
[0.765s] creating /ulstu/ros2_ws/install/webots_ros2_suv/share/webots_ros2_suv/protos/models
[0.765s] copying protos/models/vehiclelights128_PNG_001.jpg -> /ulstu/ros2_ws/install/webots_ros2_suv/share/webots_ros2_suv/protos/models
[0.765s] copying protos/models/bruisermazpokr_PNG.jpg -> /ulstu/ros2_ws/install/webots_ros2_suv/share/webots_ros2_suv/protos/models
[0.765s] copying protos/models/frame_PNG.jpg -> /ulstu/ros2_ws/install/webots_ros2_suv/share/webots_ros2_suv/protos/models
[0.765s] copying protos/models/knopka2_PNG.jpg -> /ulstu/ros2_ws/install/webots_ros2_suv/share/webots_ros2_suv/protos/models
[0.765s] copying protos/models/UazAvionMesh.dae -> /ulstu/ros2_ws/install/webots_ros2_suv/share/webots_ros2_suv/protos/models
[0.772s] copying protos/models/greadddd_PNG.jpg -> /ulstu/ros2_ws/install/webots_ros2_suv/share/webots_ros2_suv/protos/models
[0.773s] copying protos/models/dnishe2_PNG.jpg -> /ulstu/ros2_ws/install/webots_ros2_suv/share/webots_ros2_suv/protos/models
[0.773s] copying protos/models/reshnozh_PNG.jpg -> /ulstu/ros2_ws/install/webots_ros2_suv/share/webots_ros2_suv/protos/models
[0.773s] copying protos/models/podbamp1_PNG.jpg -> /ulstu/ros2_ws/install/webots_ros2_suv/share/webots_ros2_suv/protos/models
[0.773s] copying protos/models/UazAvionLights.dae -> /ulstu/ros2_ws/install/webots_ros2_suv/share/webots_ros2_suv/protos/models
[0.773s] copying protos/models/crome2_PNG.jpg -> /ulstu/ros2_ws/install/webots_ros2_suv/share/webots_ros2_suv/protos/models
[0.773s] copying protos/models/uaz_mesh.dae -> /ulstu/ros2_ws/install/webots_ros2_suv/share/webots_ros2_suv/protos/models
[0.778s] copying protos/models/GazelleNextBody.dae -> /ulstu/ros2_ws/install/webots_ros2_suv/share/webots_ros2_suv/protos/models
[0.782s] copying protos/models/remap_body_PNG.jpg -> /ulstu/ros2_ws/install/webots_ros2_suv/share/webots_ros2_suv/protos/models
[0.782s] copying protos/models/UazAvionInterior.dae -> /ulstu/ros2_ws/install/webots_ros2_suv/share/webots_ros2_suv/protos/models
[0.785s] copying protos/models/TumanInterior.dae -> /ulstu/ros2_ws/install/webots_ros2_suv/share/webots_ros2_suv/protos/models
[0.786s] copying protos/models/UazAvionBody.dae -> /ulstu/ros2_ws/install/webots_ros2_suv/share/webots_ros2_suv/protos/models
[0.789s] copying protos/models/kabina_PNG.jpg -> /ulstu/ros2_ws/install/webots_ros2_suv/share/webots_ros2_suv/protos/models
[0.789s] copying protos/models/_44_PNG.jpg -> /ulstu/ros2_ws/install/webots_ros2_suv/share/webots_ros2_suv/protos/models
[0.789s] copying protos/models/plastikx_PNG.jpg -> /ulstu/ros2_ws/install/webots_ros2_suv/share/webots_ros2_suv/protos/models
[0.789s] copying protos/models/sina2_PNG.jpg -> /ulstu/ros2_ws/install/webots_ros2_suv/share/webots_ros2_suv/protos/models
[0.789s] copying protos/models/vehiclelights128_PNG_002.jpg -> /ulstu/ros2_ws/install/webots_ros2_suv/share/webots_ros2_suv/protos/models
[0.789s] copying protos/models/GazelleNextInterior.dae -> /ulstu/ros2_ws/install/webots_ros2_suv/share/webots_ros2_suv/protos/models
[0.798s] copying protos/models/TumanYellow.dae -> /ulstu/ros2_ws/install/webots_ros2_suv/share/webots_ros2_suv/protos/models
[0.798s] copying protos/models/6_map_4.jpg -> /ulstu/ros2_ws/install/webots_ros2_suv/share/webots_ros2_suv/protos/models
[0.798s] copying protos/models/bruisermazdisk_PNG.jpg -> /ulstu/ros2_ws/install/webots_ros2_suv/share/webots_ros2_suv/protos/models
[0.798s] copying protos/models/podogrevass2_PNG.jpg -> /ulstu/ros2_ws/install/webots_ros2_suv/share/webots_ros2_suv/protos/models
[0.799s] copying protos/models/glass_PNG.jpg -> /ulstu/ros2_ws/install/webots_ros2_suv/share/webots_ros2_suv/protos/models
[0.799s] copying protos/models/6_map_5.jpg -> /ulstu/ros2_ws/install/webots_ros2_suv/share/webots_ros2_suv/protos/models
[0.799s] copying protos/models/parabrisa_PNG.jpg -> /ulstu/ros2_ws/install/webots_ros2_suv/share/webots_ros2_suv/protos/models
[0.799s] copying protos/models/metaleng_PNG.jpg -> /ulstu/ros2_ws/install/webots_ros2_suv/share/webots_ros2_suv/protos/models
[0.799s] copying protos/models/lampasalon_PNG.jpg -> /ulstu/ros2_ws/install/webots_ros2_suv/share/webots_ros2_suv/protos/models
[0.799s] copying protos/models/knopka3_PNG.jpg -> /ulstu/ros2_ws/install/webots_ros2_suv/share/webots_ros2_suv/protos/models
[0.799s] copying protos/models/6_map_0.jpg -> /ulstu/ros2_ws/install/webots_ros2_suv/share/webots_ros2_suv/protos/models
[0.800s] copying protos/models/cats_PNG.jpg -> /ulstu/ros2_ws/install/webots_ros2_suv/share/webots_ros2_suv/protos/models
[0.800s] copying protos/models/TumanBlack.dae -> /ulstu/ros2_ws/install/webots_ros2_suv/share/webots_ros2_suv/protos/models
[0.807s] copying protos/models/shader_rear_PNG.jpg -> /ulstu/ros2_ws/install/webots_ros2_suv/share/webots_ros2_suv/protos/models
[0.807s] copying protos/models/bbasic_PNG.jpg -> /ulstu/ros2_ws/install/webots_ros2_suv/share/webots_ros2_suv/protos/models
[0.807s] copying protos/models/6_map_3.png -> /ulstu/ros2_ws/install/webots_ros2_suv/share/webots_ros2_suv/protos/models
[0.808s] copying protos/models/black_PNG.jpg -> /ulstu/ros2_ws/install/webots_ros2_suv/share/webots_ros2_suv/protos/models
[0.808s] copying protos/models/plastikpatr2_PNG.jpg -> /ulstu/ros2_ws/install/webots_ros2_suv/share/webots_ros2_suv/protos/models
[0.808s] copying protos/models/Cow.dae -> /ulstu/ros2_ws/install/webots_ros2_suv/share/webots_ros2_suv/protos/models
[0.809s] copying protos/models/pribror_PNG.jpg -> /ulstu/ros2_ws/install/webots_ros2_suv/share/webots_ros2_suv/protos/models
[0.809s] copying protos/models/6_map_1.jpg -> /ulstu/ros2_ws/install/webots_ros2_suv/share/webots_ros2_suv/protos/models
[0.809s] copying protos/models/UazAvionPlastic.dae -> /ulstu/ros2_ws/install/webots_ros2_suv/share/webots_ros2_suv/protos/models
[0.810s] copying protos/models/dvigdvig_PNG.jpg -> /ulstu/ros2_ws/install/webots_ros2_suv/share/webots_ros2_suv/protos/models
[0.811s] copying protos/models/GazelleNextLights.dae -> /ulstu/ros2_ws/install/webots_ros2_suv/share/webots_ros2_suv/protos/models
[0.812s] copying protos/models/leftflash_PNG.jpg -> /ulstu/ros2_ws/install/webots_ros2_suv/share/webots_ros2_suv/protos/models
[0.812s] copying protos/models/odezhda3_PNG.jpg -> /ulstu/ros2_ws/install/webots_ros2_suv/share/webots_ros2_suv/protos/models
[0.812s] copying protos/models/6_map_7.jpg -> /ulstu/ros2_ws/install/webots_ros2_suv/share/webots_ros2_suv/protos/models
[0.812s] copying protos/models/chrom_PNG.jpg -> /ulstu/ros2_ws/install/webots_ros2_suv/share/webots_ros2_suv/protos/models
[0.812s] copying protos/models/podogrevass_PNG.jpg -> /ulstu/ros2_ws/install/webots_ros2_suv/share/webots_ros2_suv/protos/models
[0.812s] copying protos/models/bukvy_PNG.jpg -> /ulstu/ros2_ws/install/webots_ros2_suv/share/webots_ros2_suv/protos/models
[0.812s] copying protos/models/fara_PNG.jpg -> /ulstu/ros2_ws/install/webots_ros2_suv/share/webots_ros2_suv/protos/models
[0.813s] copying protos/models/plastik_7_0_PNG.jpg -> /ulstu/ros2_ws/install/webots_ros2_suv/share/webots_ros2_suv/protos/models
[0.813s] copying protos/models/rightflash_PNG.jpg -> /ulstu/ros2_ws/install/webots_ros2_suv/share/webots_ros2_suv/protos/models
[0.813s] copying protos/models/fabric_PNG.jpg -> /ulstu/ros2_ws/install/webots_ros2_suv/share/webots_ros2_suv/protos/models
[0.813s] copying protos/models/6_map_9.jpg -> /ulstu/ros2_ws/install/webots_ros2_suv/share/webots_ros2_suv/protos/models
[0.813s] copying protos/models/2k_1.png.002.png -> /ulstu/ros2_ws/install/webots_ros2_suv/share/webots_ros2_suv/protos/models
[0.816s] copying protos/models/uaz_interior.dae -> /ulstu/ros2_ws/install/webots_ros2_suv/share/webots_ros2_suv/protos/models
[0.819s] copying protos/models/vehiclelights128_PNG.jpg -> /ulstu/ros2_ws/install/webots_ros2_suv/share/webots_ros2_suv/protos/models
[0.819s] copying protos/models/GazelleNextPlastic.dae -> /ulstu/ros2_ws/install/webots_ros2_suv/share/webots_ros2_suv/protos/models
[0.828s] copying protos/models/patrtorpeda_PNG.jpg -> /ulstu/ros2_ws/install/webots_ros2_suv/share/webots_ros2_suv/protos/models
[0.828s] copying protos/models/ElonMusk.dae -> /ulstu/ros2_ws/install/webots_ros2_suv/share/webots_ros2_suv/protos/models
[0.832s] copying protos/models/kovrik2_PNG.jpg -> /ulstu/ros2_ws/install/webots_ros2_suv/share/webots_ros2_suv/protos/models
[0.832s] copying protos/models/knopka1_PNG.jpg -> /ulstu/ros2_ws/install/webots_ros2_suv/share/webots_ros2_suv/protos/models
[0.832s] copying protos/models/intx_PNG.jpg -> /ulstu/ros2_ws/install/webots_ros2_suv/share/webots_ros2_suv/protos/models
[0.832s] copying protos/models/podbamp2_PNG.jpg -> /ulstu/ros2_ws/install/webots_ros2_suv/share/webots_ros2_suv/protos/models
[0.833s] copying protos/models/patrgps_PNG.jpg -> /ulstu/ros2_ws/install/webots_ros2_suv/share/webots_ros2_suv/protos/models
[0.833s] copying protos/models/kovrik_PNG.jpg -> /ulstu/ros2_ws/install/webots_ros2_suv/share/webots_ros2_suv/protos/models
[0.833s] copying protos/models/TumanOrange.dae -> /ulstu/ros2_ws/install/webots_ros2_suv/share/webots_ros2_suv/protos/models
[0.834s] copying protos/models/excv_1_PNG.jpg -> /ulstu/ros2_ws/install/webots_ros2_suv/share/webots_ros2_suv/protos/models
[0.834s] copying protos/models/GazelleNextMesh.dae -> /ulstu/ros2_ws/install/webots_ros2_suv/share/webots_ros2_suv/protos/models
[0.849s] creating /ulstu/ros2_ws/install/webots_ros2_suv/share/webots_ros2_suv/protos/models/plastic_barrel
[0.849s] copying protos/models/plastic_barrel/plastic_barrel.dae -> /ulstu/ros2_ws/install/webots_ros2_suv/share/webots_ros2_suv/protos/models/plastic_barrel
[0.849s] creating /ulstu/ros2_ws/install/webots_ros2_suv/share/webots_ros2_suv/protos/models/plastic_barrel/textures
[0.850s] copying protos/models/plastic_barrel/textures/normal_map.png -> /ulstu/ros2_ws/install/webots_ros2_suv/share/webots_ros2_suv/protos/models/plastic_barrel/textures
[0.854s] copying protos/models/plastic_barrel/textures/base_map.jpg -> /ulstu/ros2_ws/install/webots_ros2_suv/share/webots_ros2_suv/protos/models/plastic_barrel/textures
[0.855s] copying protos/models/plastic_barrel/textures/metallic_map.jpg -> /ulstu/ros2_ws/install/webots_ros2_suv/share/webots_ros2_suv/protos/models/plastic_barrel/textures
[0.855s] copying protos/models/plastic_barrel/textures/roughness_map.jpg -> /ulstu/ros2_ws/install/webots_ros2_suv/share/webots_ros2_suv/protos/models/plastic_barrel/textures
[0.856s] creating /ulstu/ros2_ws/install/webots_ros2_suv/share/webots_ros2_suv/protos/models/Sprayer
[0.857s] copying protos/models/Sprayer/SprayerBlack.dae -> /ulstu/ros2_ws/install/webots_ros2_suv/share/webots_ros2_suv/protos/models/Sprayer
[0.857s] copying protos/models/Sprayer/SprayerGreen.dae -> /ulstu/ros2_ws/install/webots_ros2_suv/share/webots_ros2_suv/protos/models/Sprayer
[0.857s] copying protos/models/Sprayer/SprayerGlossy.dae -> /ulstu/ros2_ws/install/webots_ros2_suv/share/webots_ros2_suv/protos/models/Sprayer
[0.857s] copying protos/models/Sprayer/SprayerYellow.dae -> /ulstu/ros2_ws/install/webots_ros2_suv/share/webots_ros2_suv/protos/models/Sprayer
[0.857s] copying protos/models/Sprayer/SprayerMesh.dae -> /ulstu/ros2_ws/install/webots_ros2_suv/share/webots_ros2_suv/protos/models/Sprayer
[0.858s] copying protos/models/Sprayer/SprayerRed.dae -> /ulstu/ros2_ws/install/webots_ros2_suv/share/webots_ros2_suv/protos/models/Sprayer
[0.858s] creating /ulstu/ros2_ws/install/webots_ros2_suv/share/webots_ros2_suv/protos/models/Amazon
[0.858s] copying protos/models/Amazon/AmazonBlack.dae -> /ulstu/ros2_ws/install/webots_ros2_suv/share/webots_ros2_suv/protos/models/Amazon
[0.858s] copying protos/models/Amazon/AmazonGlossy.dae -> /ulstu/ros2_ws/install/webots_ros2_suv/share/webots_ros2_suv/protos/models/Amazon
[0.858s] copying protos/models/Amazon/AmazonGreen.dae -> /ulstu/ros2_ws/install/webots_ros2_suv/share/webots_ros2_suv/protos/models/Amazon
[0.858s] copying protos/models/Amazon/AmazonOrange.dae -> /ulstu/ros2_ws/install/webots_ros2_suv/share/webots_ros2_suv/protos/models/Amazon
[0.858s] creating /ulstu/ros2_ws/install/webots_ros2_suv/share/webots_ros2_suv/protos/models/signs
[0.858s] copying protos/models/signs/main_road_sign.dae -> /ulstu/ros2_ws/install/webots_ros2_suv/share/webots_ros2_suv/protos/models/signs
[0.859s] copying protos/models/signs/give_way_sign.dae -> /ulstu/ros2_ws/install/webots_ros2_suv/share/webots_ros2_suv/protos/models/signs
[0.859s] creating /ulstu/ros2_ws/install/webots_ros2_suv/share/webots_ros2_suv/protos/models/signs/textures
[0.859s] copying protos/models/signs/textures/normal_map.png -> /ulstu/ros2_ws/install/webots_ros2_suv/share/webots_ros2_suv/protos/models/signs/textures
[0.867s] copying protos/models/signs/textures/base_map.png -> /ulstu/ros2_ws/install/webots_ros2_suv/share/webots_ros2_suv/protos/models/signs/textures
[0.868s] copying protos/models/signs/textures/roughness_map.png -> /ulstu/ros2_ws/install/webots_ros2_suv/share/webots_ros2_suv/protos/models/signs/textures
[0.869s] copying protos/models/signs/textures/metallic_map.png -> /ulstu/ros2_ws/install/webots_ros2_suv/share/webots_ros2_suv/protos/models/signs/textures
[0.869s] running install_egg_info
[0.871s] Copying ../../ros2_ws/build/webots_ros2_suv/webots_ros2_suv.egg-info to /ulstu/ros2_ws/install/webots_ros2_suv/lib/python3.10/site-packages/webots_ros2_suv-2023.0.1-py3.10.egg-info
[0.872s] running install_scripts
[0.887s] Installing node_ego_controller script to /ulstu/ros2_ws/install/webots_ros2_suv/lib/webots_ros2_suv
[0.887s] Installing node_sensors_webots script to /ulstu/ros2_ws/install/webots_ros2_suv/lib/webots_ros2_suv
[0.888s] writing list of installed files to '/ulstu/ros2_ws/build/webots_ros2_suv/install.log'
[0.904s] Invoked command in '/ulstu/ros2_ws/src/webots_ros2_suv' returned '0': AMENT_PREFIX_PATH=/ulstu/ros2_ws/install/robot_interfaces:${AMENT_PREFIX_PATH} CMAKE_PREFIX_PATH=/ulstu/ros2_ws/install/robot_interfaces LD_LIBRARY_PATH=/ulstu/ros2_ws/install/robot_interfaces/lib:${LD_LIBRARY_PATH} PYTHONPATH=/ulstu/ros2_ws/build/webots_ros2_suv/prefix_override:/usr/lib/python3/dist-packages/colcon_core/task/python/colcon_distutils_commands:/ulstu/ros2_ws/install/webots_ros2_suv/lib/python3.10/site-packages:/ulstu/ros2_ws/install/robot_interfaces/local/lib/python3.10/dist-packages:${PYTHONPATH} /usr/bin/python3 -W ignore:setup.py install is deprecated setup.py egg_info --egg-base ../../ros2_ws/build/webots_ros2_suv build --build-base /ulstu/ros2_ws/build/webots_ros2_suv/build install --record /ulstu/ros2_ws/build/webots_ros2_suv/install.log --single-version-externally-managed install_data
