[0.508s] Invoking command in '/ulstu/ros2_ws/src/webots_ros2_suv': PYTHONPATH=/ulstu/ros2_ws/build/webots_ros2_suv/prefix_override:/usr/lib/python3/dist-packages/colcon_core/task/python/colcon_distutils_commands:/ulstu/ros2_ws/install/webots_ros2_suv/lib/python3.10/site-packages:${PYTHONPATH} /usr/bin/python3 -W ignore:setup.py install is deprecated setup.py egg_info --egg-base ../../ros2_ws/build/webots_ros2_suv build --build-base /ulstu/ros2_ws/build/webots_ros2_suv/build install --record /ulstu/ros2_ws/build/webots_ros2_suv/install.log --single-version-externally-managed install_data
[0.703s] running egg_info
[0.704s] writing ../../ros2_ws/build/webots_ros2_suv/webots_ros2_suv.egg-info/PKG-INFO
[0.704s] writing dependency_links to ../../ros2_ws/build/webots_ros2_suv/webots_ros2_suv.egg-info/dependency_links.txt
[0.704s] writing entry points to ../../ros2_ws/build/webots_ros2_suv/webots_ros2_suv.egg-info/entry_points.txt
[0.704s] writing requirements to ../../ros2_ws/build/webots_ros2_suv/webots_ros2_suv.egg-info/requires.txt
[0.704s] writing top-level names to ../../ros2_ws/build/webots_ros2_suv/webots_ros2_suv.egg-info/top_level.txt
[0.707s] reading manifest file '../../ros2_ws/build/webots_ros2_suv/webots_ros2_suv.egg-info/SOURCES.txt'
[0.710s] writing manifest file '../../ros2_ws/build/webots_ros2_suv/webots_ros2_suv.egg-info/SOURCES.txt'
[0.710s] running build
[0.710s] running build_py
[0.711s] running install
[0.711s] running install_lib
[0.712s] running install_data
[0.718s] running install_egg_info
[0.719s] removing '/ulstu/ros2_ws/install/webots_ros2_suv/lib/python3.10/site-packages/webots_ros2_suv-2023.0.1-py3.10.egg-info' (and everything under it)
[0.720s] Copying ../../ros2_ws/build/webots_ros2_suv/webots_ros2_suv.egg-info to /ulstu/ros2_ws/install/webots_ros2_suv/lib/python3.10/site-packages/webots_ros2_suv-2023.0.1-py3.10.egg-info
[0.721s] running install_scripts
[0.736s] Installing node_ego_controller script to /ulstu/ros2_ws/install/webots_ros2_suv/lib/webots_ros2_suv
[0.736s] Installing node_sensors_webots script to /ulstu/ros2_ws/install/webots_ros2_suv/lib/webots_ros2_suv
[0.736s] writing list of installed files to '/ulstu/ros2_ws/build/webots_ros2_suv/install.log'
[0.753s] Invoked command in '/ulstu/ros2_ws/src/webots_ros2_suv' returned '0': PYTHONPATH=/ulstu/ros2_ws/build/webots_ros2_suv/prefix_override:/usr/lib/python3/dist-packages/colcon_core/task/python/colcon_distutils_commands:/ulstu/ros2_ws/install/webots_ros2_suv/lib/python3.10/site-packages:${PYTHONPATH} /usr/bin/python3 -W ignore:setup.py install is deprecated setup.py egg_info --egg-base ../../ros2_ws/build/webots_ros2_suv build --build-base /ulstu/ros2_ws/build/webots_ros2_suv/build install --record /ulstu/ros2_ws/build/webots_ros2_suv/install.log --single-version-externally-managed install_data
