[0.021s] Invoking command in '/ulstu/ros2_ws/build/robot_interfaces': CMAKE_PREFIX_PATH=${CMAKE_PREFIX_PATH}:/ulstu/ros2_ws/install/webots_ros2_suv:/opt/ros/humble /usr/bin/cmake --build /ulstu/ros2_ws/build/robot_interfaces -- -j12 -l12
[0.074s] [  2%] Built target robot_interfaces__cpp
[0.075s] [ 12%] Built target robot_interfaces__rosidl_generator_c
[0.089s] [ 12%] Built target ament_cmake_python_copy_robot_interfaces
[0.098s] [ 23%] Built target robot_interfaces__rosidl_typesupport_c
[0.099s] [ 33%] Built target robot_interfaces__rosidl_typesupport_cpp
[0.100s] [ 43%] Built target robot_interfaces__rosidl_typesupport_introspection_c
[0.102s] [ 53%] Built target robot_interfaces__rosidl_typesupport_introspection_cpp
[0.103s] [ 74%] Built target robot_interfaces__rosidl_typesupport_fastrtps_cpp
[0.103s] [ 74%] Built target robot_interfaces__rosidl_typesupport_fastrtps_c
[0.124s] [ 74%] Built target robot_interfaces
[0.144s] [ 76%] Built target robot_interfaces__py
[0.166s] [ 84%] Built target robot_interfaces__rosidl_generator_py
[0.190s] [ 94%] Built target robot_interfaces__rosidl_typesupport_c__pyext
[0.190s] [ 94%] Built target robot_interfaces__rosidl_typesupport_fastrtps_c__pyext
[0.190s] [100%] Built target robot_interfaces__rosidl_typesupport_introspection_c__pyext
[0.303s] running egg_info
[0.304s] writing robot_interfaces.egg-info/PKG-INFO
[0.304s] writing dependency_links to robot_interfaces.egg-info/dependency_links.txt
[0.304s] writing top-level names to robot_interfaces.egg-info/top_level.txt
[0.306s] reading manifest file 'robot_interfaces.egg-info/SOURCES.txt'
[0.306s] writing manifest file 'robot_interfaces.egg-info/SOURCES.txt'
[0.328s] [100%] Built target ament_cmake_python_build_robot_interfaces_egg
[0.341s] Invoked command in '/ulstu/ros2_ws/build/robot_interfaces' returned '0': CMAKE_PREFIX_PATH=${CMAKE_PREFIX_PATH}:/ulstu/ros2_ws/install/webots_ros2_suv:/opt/ros/humble /usr/bin/cmake --build /ulstu/ros2_ws/build/robot_interfaces -- -j12 -l12
[0.434s] Invoking command in '/ulstu/ros2_ws/build/robot_interfaces': CMAKE_PREFIX_PATH=${CMAKE_PREFIX_PATH}:/ulstu/ros2_ws/install/webots_ros2_suv:/opt/ros/humble /usr/bin/cmake --install /ulstu/ros2_ws/build/robot_interfaces
[0.443s] -- Install configuration: ""
[0.443s] -- Up-to-date: /ulstu/ros2_ws/install/robot_interfaces/share/ament_index/resource_index/rosidl_interfaces/robot_interfaces
[0.443s] -- Up-to-date: /ulstu/ros2_ws/install/robot_interfaces/include/robot_interfaces/robot_interfaces
[0.443s] -- Up-to-date: /ulstu/ros2_ws/install/robot_interfaces/include/robot_interfaces/robot_interfaces/srv
[0.443s] -- Up-to-date: /ulstu/ros2_ws/install/robot_interfaces/include/robot_interfaces/robot_interfaces/srv/pose_service.h
[0.443s] -- Up-to-date: /ulstu/ros2_ws/install/robot_interfaces/include/robot_interfaces/robot_interfaces/srv/detail
[0.443s] -- Up-to-date: /ulstu/ros2_ws/install/robot_interfaces/include/robot_interfaces/robot_interfaces/srv/detail/pose_service__type_support.h
[0.443s] -- Up-to-date: /ulstu/ros2_ws/install/robot_interfaces/include/robot_interfaces/robot_interfaces/srv/detail/pose_service__struct.h
[0.443s] -- Up-to-date: /ulstu/ros2_ws/install/robot_interfaces/include/robot_interfaces/robot_interfaces/srv/detail/pose_service__functions.h
[0.443s] -- Up-to-date: /ulstu/ros2_ws/install/robot_interfaces/include/robot_interfaces/robot_interfaces/srv/detail/pose_service__functions.c
[0.443s] -- Up-to-date: /ulstu/ros2_ws/install/robot_interfaces/include/robot_interfaces/robot_interfaces/msg
[0.443s] -- Up-to-date: /ulstu/ros2_ws/install/robot_interfaces/include/robot_interfaces/robot_interfaces/msg/detail
[0.443s] -- Up-to-date: /ulstu/ros2_ws/install/robot_interfaces/include/robot_interfaces/robot_interfaces/msg/detail/ego_pose__functions.c
[0.444s] -- Up-to-date: /ulstu/ros2_ws/install/robot_interfaces/include/robot_interfaces/robot_interfaces/msg/detail/ego_pose__type_support.h
[0.444s] -- Up-to-date: /ulstu/ros2_ws/install/robot_interfaces/include/robot_interfaces/robot_interfaces/msg/detail/ego_pose__functions.h
[0.444s] -- Up-to-date: /ulstu/ros2_ws/install/robot_interfaces/include/robot_interfaces/robot_interfaces/msg/detail/ego_pose__struct.h
[0.444s] -- Up-to-date: /ulstu/ros2_ws/install/robot_interfaces/include/robot_interfaces/robot_interfaces/msg/ego_pose.h
[0.444s] -- Up-to-date: /ulstu/ros2_ws/install/robot_interfaces/include/robot_interfaces/robot_interfaces/msg/rosidl_generator_c__visibility_control.h
[0.444s] -- Up-to-date: /ulstu/ros2_ws/install/robot_interfaces/share/robot_interfaces/environment/library_path.sh
[0.444s] -- Up-to-date: /ulstu/ros2_ws/install/robot_interfaces/share/robot_interfaces/environment/library_path.dsv
[0.444s] -- Up-to-date: /ulstu/ros2_ws/install/robot_interfaces/lib/librobot_interfaces__rosidl_generator_c.so
[0.444s] -- Up-to-date: /ulstu/ros2_ws/install/robot_interfaces/include/robot_interfaces/robot_interfaces
[0.444s] -- Up-to-date: /ulstu/ros2_ws/install/robot_interfaces/include/robot_interfaces/robot_interfaces/srv
[0.444s] -- Up-to-date: /ulstu/ros2_ws/install/robot_interfaces/include/robot_interfaces/robot_interfaces/srv/detail
[0.444s] -- Up-to-date: /ulstu/ros2_ws/install/robot_interfaces/include/robot_interfaces/robot_interfaces/srv/detail/pose_service__rosidl_typesupport_fastrtps_c.h
[0.444s] -- Up-to-date: /ulstu/ros2_ws/install/robot_interfaces/include/robot_interfaces/robot_interfaces/msg
[0.444s] -- Up-to-date: /ulstu/ros2_ws/install/robot_interfaces/include/robot_interfaces/robot_interfaces/msg/detail
[0.444s] -- Up-to-date: /ulstu/ros2_ws/install/robot_interfaces/include/robot_interfaces/robot_interfaces/msg/detail/ego_pose__rosidl_typesupport_fastrtps_c.h
[0.444s] -- Up-to-date: /ulstu/ros2_ws/install/robot_interfaces/include/robot_interfaces/robot_interfaces/msg/rosidl_typesupport_fastrtps_c__visibility_control.h
[0.445s] -- Up-to-date: /ulstu/ros2_ws/install/robot_interfaces/lib/librobot_interfaces__rosidl_typesupport_fastrtps_c.so
[0.445s] -- Up-to-date: /ulstu/ros2_ws/install/robot_interfaces/include/robot_interfaces/robot_interfaces
[0.445s] -- Up-to-date: /ulstu/ros2_ws/install/robot_interfaces/include/robot_interfaces/robot_interfaces/srv
[0.445s] -- Up-to-date: /ulstu/ros2_ws/install/robot_interfaces/include/robot_interfaces/robot_interfaces/srv/detail
[0.445s] -- Up-to-date: /ulstu/ros2_ws/install/robot_interfaces/include/robot_interfaces/robot_interfaces/srv/detail/pose_service__struct.hpp
[0.445s] -- Up-to-date: /ulstu/ros2_ws/install/robot_interfaces/include/robot_interfaces/robot_interfaces/srv/detail/pose_service__builder.hpp
[0.445s] -- Up-to-date: /ulstu/ros2_ws/install/robot_interfaces/include/robot_interfaces/robot_interfaces/srv/detail/pose_service__traits.hpp
[0.445s] -- Up-to-date: /ulstu/ros2_ws/install/robot_interfaces/include/robot_interfaces/robot_interfaces/srv/pose_service.hpp
[0.445s] -- Up-to-date: /ulstu/ros2_ws/install/robot_interfaces/include/robot_interfaces/robot_interfaces/msg
[0.445s] -- Up-to-date: /ulstu/ros2_ws/install/robot_interfaces/include/robot_interfaces/robot_interfaces/msg/ego_pose.hpp
[0.445s] -- Up-to-date: /ulstu/ros2_ws/install/robot_interfaces/include/robot_interfaces/robot_interfaces/msg/detail
[0.445s] -- Up-to-date: /ulstu/ros2_ws/install/robot_interfaces/include/robot_interfaces/robot_interfaces/msg/detail/ego_pose__struct.hpp
[0.445s] -- Up-to-date: /ulstu/ros2_ws/install/robot_interfaces/include/robot_interfaces/robot_interfaces/msg/detail/ego_pose__builder.hpp
[0.446s] -- Up-to-date: /ulstu/ros2_ws/install/robot_interfaces/include/robot_interfaces/robot_interfaces/msg/detail/ego_pose__traits.hpp
[0.446s] -- Up-to-date: /ulstu/ros2_ws/install/robot_interfaces/include/robot_interfaces/robot_interfaces
[0.446s] -- Up-to-date: /ulstu/ros2_ws/install/robot_interfaces/include/robot_interfaces/robot_interfaces/srv
[0.446s] -- Up-to-date: /ulstu/ros2_ws/install/robot_interfaces/include/robot_interfaces/robot_interfaces/srv/detail
[0.446s] -- Up-to-date: /ulstu/ros2_ws/install/robot_interfaces/include/robot_interfaces/robot_interfaces/srv/detail/dds_fastrtps
[0.446s] -- Up-to-date: /ulstu/ros2_ws/install/robot_interfaces/include/robot_interfaces/robot_interfaces/srv/detail/pose_service__rosidl_typesupport_fastrtps_cpp.hpp
[0.446s] -- Up-to-date: /ulstu/ros2_ws/install/robot_interfaces/include/robot_interfaces/robot_interfaces/msg
[0.446s] -- Up-to-date: /ulstu/ros2_ws/install/robot_interfaces/include/robot_interfaces/robot_interfaces/msg/rosidl_typesupport_fastrtps_cpp__visibility_control.h
[0.446s] -- Up-to-date: /ulstu/ros2_ws/install/robot_interfaces/include/robot_interfaces/robot_interfaces/msg/detail
[0.446s] -- Up-to-date: /ulstu/ros2_ws/install/robot_interfaces/include/robot_interfaces/robot_interfaces/msg/detail/ego_pose__rosidl_typesupport_fastrtps_cpp.hpp
[0.446s] -- Up-to-date: /ulstu/ros2_ws/install/robot_interfaces/include/robot_interfaces/robot_interfaces/msg/detail/dds_fastrtps
[0.446s] -- Up-to-date: /ulstu/ros2_ws/install/robot_interfaces/lib/librobot_interfaces__rosidl_typesupport_fastrtps_cpp.so
[0.446s] -- Up-to-date: /ulstu/ros2_ws/install/robot_interfaces/include/robot_interfaces/robot_interfaces
[0.447s] -- Up-to-date: /ulstu/ros2_ws/install/robot_interfaces/include/robot_interfaces/robot_interfaces/srv
[0.447s] -- Up-to-date: /ulstu/ros2_ws/install/robot_interfaces/include/robot_interfaces/robot_interfaces/srv/detail
[0.447s] -- Up-to-date: /ulstu/ros2_ws/install/robot_interfaces/include/robot_interfaces/robot_interfaces/srv/detail/pose_service__rosidl_typesupport_introspection_c.h
[0.447s] -- Up-to-date: /ulstu/ros2_ws/install/robot_interfaces/include/robot_interfaces/robot_interfaces/srv/detail/pose_service__type_support.c
[0.447s] -- Up-to-date: /ulstu/ros2_ws/install/robot_interfaces/include/robot_interfaces/robot_interfaces/msg
[0.447s] -- Up-to-date: /ulstu/ros2_ws/install/robot_interfaces/include/robot_interfaces/robot_interfaces/msg/rosidl_typesupport_introspection_c__visibility_control.h
[0.447s] -- Up-to-date: /ulstu/ros2_ws/install/robot_interfaces/include/robot_interfaces/robot_interfaces/msg/detail
[0.447s] -- Up-to-date: /ulstu/ros2_ws/install/robot_interfaces/include/robot_interfaces/robot_interfaces/msg/detail/ego_pose__type_support.c
[0.447s] -- Up-to-date: /ulstu/ros2_ws/install/robot_interfaces/include/robot_interfaces/robot_interfaces/msg/detail/ego_pose__rosidl_typesupport_introspection_c.h
[0.447s] -- Up-to-date: /ulstu/ros2_ws/install/robot_interfaces/lib/librobot_interfaces__rosidl_typesupport_introspection_c.so
[0.447s] -- Up-to-date: /ulstu/ros2_ws/install/robot_interfaces/lib/librobot_interfaces__rosidl_typesupport_c.so
[0.448s] -- Up-to-date: /ulstu/ros2_ws/install/robot_interfaces/include/robot_interfaces/robot_interfaces
[0.448s] -- Up-to-date: /ulstu/ros2_ws/install/robot_interfaces/include/robot_interfaces/robot_interfaces/srv
[0.448s] -- Up-to-date: /ulstu/ros2_ws/install/robot_interfaces/include/robot_interfaces/robot_interfaces/srv/detail
[0.448s] -- Up-to-date: /ulstu/ros2_ws/install/robot_interfaces/include/robot_interfaces/robot_interfaces/srv/detail/pose_service__rosidl_typesupport_introspection_cpp.hpp
[0.448s] -- Up-to-date: /ulstu/ros2_ws/install/robot_interfaces/include/robot_interfaces/robot_interfaces/srv/detail/pose_service__type_support.cpp
[0.448s] -- Up-to-date: /ulstu/ros2_ws/install/robot_interfaces/include/robot_interfaces/robot_interfaces/msg
[0.448s] -- Up-to-date: /ulstu/ros2_ws/install/robot_interfaces/include/robot_interfaces/robot_interfaces/msg/detail
[0.448s] -- Up-to-date: /ulstu/ros2_ws/install/robot_interfaces/include/robot_interfaces/robot_interfaces/msg/detail/ego_pose__type_support.cpp
[0.448s] -- Up-to-date: /ulstu/ros2_ws/install/robot_interfaces/include/robot_interfaces/robot_interfaces/msg/detail/ego_pose__rosidl_typesupport_introspection_cpp.hpp
[0.448s] -- Up-to-date: /ulstu/ros2_ws/install/robot_interfaces/lib/librobot_interfaces__rosidl_typesupport_introspection_cpp.so
[0.449s] -- Up-to-date: /ulstu/ros2_ws/install/robot_interfaces/lib/librobot_interfaces__rosidl_typesupport_cpp.so
[0.449s] -- Up-to-date: /ulstu/ros2_ws/install/robot_interfaces/share/robot_interfaces/environment/pythonpath.sh
[0.449s] -- Up-to-date: /ulstu/ros2_ws/install/robot_interfaces/share/robot_interfaces/environment/pythonpath.dsv
[0.449s] -- Up-to-date: /ulstu/ros2_ws/install/robot_interfaces/local/lib/python3.10/dist-packages/robot_interfaces-0.0.0-py3.10.egg-info
[0.449s] -- Installing: /ulstu/ros2_ws/install/robot_interfaces/local/lib/python3.10/dist-packages/robot_interfaces-0.0.0-py3.10.egg-info/SOURCES.txt
[0.449s] -- Installing: /ulstu/ros2_ws/install/robot_interfaces/local/lib/python3.10/dist-packages/robot_interfaces-0.0.0-py3.10.egg-info/dependency_links.txt
[0.449s] -- Installing: /ulstu/ros2_ws/install/robot_interfaces/local/lib/python3.10/dist-packages/robot_interfaces-0.0.0-py3.10.egg-info/top_level.txt
[0.450s] -- Installing: /ulstu/ros2_ws/install/robot_interfaces/local/lib/python3.10/dist-packages/robot_interfaces-0.0.0-py3.10.egg-info/PKG-INFO
[0.450s] -- Up-to-date: /ulstu/ros2_ws/install/robot_interfaces/local/lib/python3.10/dist-packages/robot_interfaces
[0.450s] -- Up-to-date: /ulstu/ros2_ws/install/robot_interfaces/local/lib/python3.10/dist-packages/robot_interfaces/__init__.py
[0.450s] -- Up-to-date: /ulstu/ros2_ws/install/robot_interfaces/local/lib/python3.10/dist-packages/robot_interfaces/_robot_interfaces_s.ep.rosidl_typesupport_c.c
[0.450s] -- Up-to-date: /ulstu/ros2_ws/install/robot_interfaces/local/lib/python3.10/dist-packages/robot_interfaces/srv
[0.450s] -- Up-to-date: /ulstu/ros2_ws/install/robot_interfaces/local/lib/python3.10/dist-packages/robot_interfaces/srv/__init__.py
[0.450s] -- Up-to-date: /ulstu/ros2_ws/install/robot_interfaces/local/lib/python3.10/dist-packages/robot_interfaces/srv/_pose_service.py
[0.450s] -- Up-to-date: /ulstu/ros2_ws/install/robot_interfaces/local/lib/python3.10/dist-packages/robot_interfaces/srv/_pose_service_s.c
[0.451s] -- Up-to-date: /ulstu/ros2_ws/install/robot_interfaces/local/lib/python3.10/dist-packages/robot_interfaces/robot_interfaces_s__rosidl_typesupport_introspection_c.cpython-310-x86_64-linux-gnu.so
[0.451s] -- Up-to-date: /ulstu/ros2_ws/install/robot_interfaces/local/lib/python3.10/dist-packages/robot_interfaces/robot_interfaces_s__rosidl_typesupport_fastrtps_c.cpython-310-x86_64-linux-gnu.so
[0.451s] -- Up-to-date: /ulstu/ros2_ws/install/robot_interfaces/local/lib/python3.10/dist-packages/robot_interfaces/msg
[0.451s] -- Up-to-date: /ulstu/ros2_ws/install/robot_interfaces/local/lib/python3.10/dist-packages/robot_interfaces/msg/__init__.py
[0.451s] -- Up-to-date: /ulstu/ros2_ws/install/robot_interfaces/local/lib/python3.10/dist-packages/robot_interfaces/msg/_ego_pose.py
[0.451s] -- Up-to-date: /ulstu/ros2_ws/install/robot_interfaces/local/lib/python3.10/dist-packages/robot_interfaces/msg/_ego_pose_s.c
[0.451s] -- Up-to-date: /ulstu/ros2_ws/install/robot_interfaces/local/lib/python3.10/dist-packages/robot_interfaces/librobot_interfaces__rosidl_generator_py.so
[0.451s] -- Up-to-date: /ulstu/ros2_ws/install/robot_interfaces/local/lib/python3.10/dist-packages/robot_interfaces/_robot_interfaces_s.ep.rosidl_typesupport_introspection_c.c
[0.451s] -- Up-to-date: /ulstu/ros2_ws/install/robot_interfaces/local/lib/python3.10/dist-packages/robot_interfaces/_robot_interfaces_s.ep.rosidl_typesupport_fastrtps_c.c
[0.451s] -- Up-to-date: /ulstu/ros2_ws/install/robot_interfaces/local/lib/python3.10/dist-packages/robot_interfaces/robot_interfaces_s__rosidl_typesupport_c.cpython-310-x86_64-linux-gnu.so
[0.477s] Listing '/ulstu/ros2_ws/install/robot_interfaces/local/lib/python3.10/dist-packages/robot_interfaces'...
[0.477s] Listing '/ulstu/ros2_ws/install/robot_interfaces/local/lib/python3.10/dist-packages/robot_interfaces/msg'...
[0.478s] Listing '/ulstu/ros2_ws/install/robot_interfaces/local/lib/python3.10/dist-packages/robot_interfaces/srv'...
[0.480s] -- Up-to-date: /ulstu/ros2_ws/install/robot_interfaces/local/lib/python3.10/dist-packages/robot_interfaces/robot_interfaces_s__rosidl_typesupport_fastrtps_c.cpython-310-x86_64-linux-gnu.so
[0.481s] -- Up-to-date: /ulstu/ros2_ws/install/robot_interfaces/local/lib/python3.10/dist-packages/robot_interfaces/robot_interfaces_s__rosidl_typesupport_introspection_c.cpython-310-x86_64-linux-gnu.so
[0.481s] -- Up-to-date: /ulstu/ros2_ws/install/robot_interfaces/local/lib/python3.10/dist-packages/robot_interfaces/robot_interfaces_s__rosidl_typesupport_c.cpython-310-x86_64-linux-gnu.so
[0.482s] -- Up-to-date: /ulstu/ros2_ws/install/robot_interfaces/lib/librobot_interfaces__rosidl_generator_py.so
[0.482s] -- Up-to-date: /ulstu/ros2_ws/install/robot_interfaces/share/robot_interfaces/msg/EgoPose.idl
[0.482s] -- Up-to-date: /ulstu/ros2_ws/install/robot_interfaces/share/robot_interfaces/srv/PoseService.idl
[0.482s] -- Up-to-date: /ulstu/ros2_ws/install/robot_interfaces/share/robot_interfaces/msg/EgoPose.msg
[0.482s] -- Up-to-date: /ulstu/ros2_ws/install/robot_interfaces/share/robot_interfaces/srv/PoseService.srv
[0.482s] -- Up-to-date: /ulstu/ros2_ws/install/robot_interfaces/share/robot_interfaces/srv/PoseService_Request.msg
[0.482s] -- Up-to-date: /ulstu/ros2_ws/install/robot_interfaces/share/robot_interfaces/srv/PoseService_Response.msg
[0.483s] -- Up-to-date: /ulstu/ros2_ws/install/robot_interfaces/share/ament_index/resource_index/package_run_dependencies/robot_interfaces
[0.483s] -- Up-to-date: /ulstu/ros2_ws/install/robot_interfaces/share/ament_index/resource_index/parent_prefix_path/robot_interfaces
[0.483s] -- Up-to-date: /ulstu/ros2_ws/install/robot_interfaces/share/robot_interfaces/environment/ament_prefix_path.sh
[0.483s] -- Up-to-date: /ulstu/ros2_ws/install/robot_interfaces/share/robot_interfaces/environment/ament_prefix_path.dsv
[0.483s] -- Up-to-date: /ulstu/ros2_ws/install/robot_interfaces/share/robot_interfaces/environment/path.sh
[0.483s] -- Up-to-date: /ulstu/ros2_ws/install/robot_interfaces/share/robot_interfaces/environment/path.dsv
[0.483s] -- Up-to-date: /ulstu/ros2_ws/install/robot_interfaces/share/robot_interfaces/local_setup.bash
[0.483s] -- Up-to-date: /ulstu/ros2_ws/install/robot_interfaces/share/robot_interfaces/local_setup.sh
[0.483s] -- Up-to-date: /ulstu/ros2_ws/install/robot_interfaces/share/robot_interfaces/local_setup.zsh
[0.484s] -- Up-to-date: /ulstu/ros2_ws/install/robot_interfaces/share/robot_interfaces/local_setup.dsv
[0.484s] -- Installing: /ulstu/ros2_ws/install/robot_interfaces/share/robot_interfaces/package.dsv
[0.484s] -- Up-to-date: /ulstu/ros2_ws/install/robot_interfaces/share/ament_index/resource_index/packages/robot_interfaces
[0.484s] -- Up-to-date: /ulstu/ros2_ws/install/robot_interfaces/share/robot_interfaces/cmake/export_robot_interfaces__rosidl_generator_cExport.cmake
[0.484s] -- Up-to-date: /ulstu/ros2_ws/install/robot_interfaces/share/robot_interfaces/cmake/export_robot_interfaces__rosidl_generator_cExport-noconfig.cmake
[0.485s] -- Up-to-date: /ulstu/ros2_ws/install/robot_interfaces/share/robot_interfaces/cmake/export_robot_interfaces__rosidl_typesupport_fastrtps_cExport.cmake
[0.485s] -- Up-to-date: /ulstu/ros2_ws/install/robot_interfaces/share/robot_interfaces/cmake/export_robot_interfaces__rosidl_typesupport_fastrtps_cExport-noconfig.cmake
[0.485s] -- Up-to-date: /ulstu/ros2_ws/install/robot_interfaces/share/robot_interfaces/cmake/export_robot_interfaces__rosidl_generator_cppExport.cmake
[0.485s] -- Up-to-date: /ulstu/ros2_ws/install/robot_interfaces/share/robot_interfaces/cmake/export_robot_interfaces__rosidl_typesupport_fastrtps_cppExport.cmake
[0.485s] -- Up-to-date: /ulstu/ros2_ws/install/robot_interfaces/share/robot_interfaces/cmake/export_robot_interfaces__rosidl_typesupport_fastrtps_cppExport-noconfig.cmake
[0.486s] -- Up-to-date: /ulstu/ros2_ws/install/robot_interfaces/share/robot_interfaces/cmake/robot_interfaces__rosidl_typesupport_introspection_cExport.cmake
[0.486s] -- Up-to-date: /ulstu/ros2_ws/install/robot_interfaces/share/robot_interfaces/cmake/robot_interfaces__rosidl_typesupport_introspection_cExport-noconfig.cmake
[0.486s] -- Up-to-date: /ulstu/ros2_ws/install/robot_interfaces/share/robot_interfaces/cmake/robot_interfaces__rosidl_typesupport_cExport.cmake
[0.486s] -- Up-to-date: /ulstu/ros2_ws/install/robot_interfaces/share/robot_interfaces/cmake/robot_interfaces__rosidl_typesupport_cExport-noconfig.cmake
[0.486s] -- Up-to-date: /ulstu/ros2_ws/install/robot_interfaces/share/robot_interfaces/cmake/robot_interfaces__rosidl_typesupport_introspection_cppExport.cmake
[0.486s] -- Up-to-date: /ulstu/ros2_ws/install/robot_interfaces/share/robot_interfaces/cmake/robot_interfaces__rosidl_typesupport_introspection_cppExport-noconfig.cmake
[0.486s] -- Up-to-date: /ulstu/ros2_ws/install/robot_interfaces/share/robot_interfaces/cmake/robot_interfaces__rosidl_typesupport_cppExport.cmake
[0.487s] -- Up-to-date: /ulstu/ros2_ws/install/robot_interfaces/share/robot_interfaces/cmake/robot_interfaces__rosidl_typesupport_cppExport-noconfig.cmake
[0.487s] -- Up-to-date: /ulstu/ros2_ws/install/robot_interfaces/share/robot_interfaces/cmake/export_robot_interfaces__rosidl_generator_pyExport.cmake
[0.487s] -- Up-to-date: /ulstu/ros2_ws/install/robot_interfaces/share/robot_interfaces/cmake/export_robot_interfaces__rosidl_generator_pyExport-noconfig.cmake
[0.487s] -- Up-to-date: /ulstu/ros2_ws/install/robot_interfaces/share/robot_interfaces/cmake/rosidl_cmake-extras.cmake
[0.487s] -- Up-to-date: /ulstu/ros2_ws/install/robot_interfaces/share/robot_interfaces/cmake/ament_cmake_export_dependencies-extras.cmake
[0.488s] -- Up-to-date: /ulstu/ros2_ws/install/robot_interfaces/share/robot_interfaces/cmake/ament_cmake_export_include_directories-extras.cmake
[0.489s] -- Up-to-date: /ulstu/ros2_ws/install/robot_interfaces/share/robot_interfaces/cmake/ament_cmake_export_libraries-extras.cmake
[0.489s] -- Up-to-date: /ulstu/ros2_ws/install/robot_interfaces/share/robot_interfaces/cmake/ament_cmake_export_targets-extras.cmake
[0.489s] -- Up-to-date: /ulstu/ros2_ws/install/robot_interfaces/share/robot_interfaces/cmake/rosidl_cmake_export_typesupport_targets-extras.cmake
[0.489s] -- Up-to-date: /ulstu/ros2_ws/install/robot_interfaces/share/robot_interfaces/cmake/rosidl_cmake_export_typesupport_libraries-extras.cmake
[0.489s] -- Up-to-date: /ulstu/ros2_ws/install/robot_interfaces/share/robot_interfaces/cmake/robot_interfacesConfig.cmake
[0.489s] -- Up-to-date: /ulstu/ros2_ws/install/robot_interfaces/share/robot_interfaces/cmake/robot_interfacesConfig-version.cmake
[0.489s] -- Up-to-date: /ulstu/ros2_ws/install/robot_interfaces/share/robot_interfaces/package.xml
[0.489s] Invoked command in '/ulstu/ros2_ws/build/robot_interfaces' returned '0': CMAKE_PREFIX_PATH=${CMAKE_PREFIX_PATH}:/ulstu/ros2_ws/install/webots_ros2_suv:/opt/ros/humble /usr/bin/cmake --install /ulstu/ros2_ws/build/robot_interfaces
