running egg_info
writing ../../ros2_ws/build/webots_ros2_suv/webots_ros2_suv.egg-info/PKG-INFO
writing dependency_links to ../../ros2_ws/build/webots_ros2_suv/webots_ros2_suv.egg-info/dependency_links.txt
writing entry points to ../../ros2_ws/build/webots_ros2_suv/webots_ros2_suv.egg-info/entry_points.txt
writing requirements to ../../ros2_ws/build/webots_ros2_suv/webots_ros2_suv.egg-info/requires.txt
writing top-level names to ../../ros2_ws/build/webots_ros2_suv/webots_ros2_suv.egg-info/top_level.txt
reading manifest file '../../ros2_ws/build/webots_ros2_suv/webots_ros2_suv.egg-info/SOURCES.txt'
writing manifest file '../../ros2_ws/build/webots_ros2_suv/webots_ros2_suv.egg-info/SOURCES.txt'
running build
running build_py
copying webots_ros2_suv/node_ego_controller.py -> /ulstu/ros2_ws/build/webots_ros2_suv/build/lib/webots_ros2_suv
running install
running install_lib
copying /ulstu/ros2_ws/build/webots_ros2_suv/build/lib/webots_ros2_suv/node_ego_controller.py -> /ulstu/ros2_ws/install/webots_ros2_suv/lib/python3.10/site-packages/webots_ros2_suv
byte-compiling /ulstu/ros2_ws/install/webots_ros2_suv/lib/python3.10/site-packages/webots_ros2_suv/node_ego_controller.py to node_ego_controller.cpython-310.pyc
Sorry: IndentationError: unexpected indent (node_ego_controller.py, line 73)
running install_data
running install_egg_info
removing '/ulstu/ros2_ws/install/webots_ros2_suv/lib/python3.10/site-packages/webots_ros2_suv-2023.0.1-py3.10.egg-info' (and everything under it)
Copying ../../ros2_ws/build/webots_ros2_suv/webots_ros2_suv.egg-info to /ulstu/ros2_ws/install/webots_ros2_suv/lib/python3.10/site-packages/webots_ros2_suv-2023.0.1-py3.10.egg-info
running install_scripts
Installing node_ego_controller script to /ulstu/ros2_ws/install/webots_ros2_suv/lib/webots_ros2_suv
Installing node_sensors_webots script to /ulstu/ros2_ws/install/webots_ros2_suv/lib/webots_ros2_suv
writing list of installed files to '/ulstu/ros2_ws/build/webots_ros2_suv/install.log'
