[0.019s] Invoking command in '/ulstu/ros2_ws/build/robot_interfaces': CMAKE_PREFIX_PATH=${CMAKE_PREFIX_PATH}:/ulstu/ros2_ws/install/webots_ros2_suv:/opt/ros/humble /usr/bin/cmake --build /ulstu/ros2_ws/build/robot_interfaces -- -j12 -l12
[0.066s] [  2%] Built target robot_interfaces__cpp
[0.069s] [ 12%] Built target robot_interfaces__rosidl_generator_c
[0.077s] [ 12%] Built target ament_cmake_python_copy_robot_interfaces
[0.088s] [ 33%] Built target robot_interfaces__rosidl_typesupport_cpp
[0.088s] [ 33%] Built target robot_interfaces__rosidl_typesupport_introspection_cpp
[0.092s] [ 53%] Built target robot_interfaces__rosidl_typesupport_fastrtps_cpp
[0.092s] [ 53%] Built target robot_interfaces__rosidl_typesupport_c
[0.092s] [ 64%] Built target robot_interfaces__rosidl_typesupport_fastrtps_c
[0.093s] [ 74%] Built target robot_interfaces__rosidl_typesupport_introspection_c
[0.113s] [ 74%] Built target robot_interfaces
[0.133s] [ 76%] Built target robot_interfaces__py
[0.154s] [ 84%] Built target robot_interfaces__rosidl_generator_py
[0.176s] [ 94%] Built target robot_interfaces__rosidl_typesupport_fastrtps_c__pyext
[0.176s] [ 94%] Built target robot_interfaces__rosidl_typesupport_introspection_c__pyext
[0.177s] [100%] Built target robot_interfaces__rosidl_typesupport_c__pyext
[0.279s] running egg_info
[0.279s] writing robot_interfaces.egg-info/PKG-INFO
[0.280s] writing dependency_links to robot_interfaces.egg-info/dependency_links.txt
[0.280s] writing top-level names to robot_interfaces.egg-info/top_level.txt
[0.281s] reading manifest file 'robot_interfaces.egg-info/SOURCES.txt'
[0.282s] writing manifest file 'robot_interfaces.egg-info/SOURCES.txt'
[0.303s] [100%] Built target ament_cmake_python_build_robot_interfaces_egg
[0.315s] Invoked command in '/ulstu/ros2_ws/build/robot_interfaces' returned '0': CMAKE_PREFIX_PATH=${CMAKE_PREFIX_PATH}:/ulstu/ros2_ws/install/webots_ros2_suv:/opt/ros/humble /usr/bin/cmake --build /ulstu/ros2_ws/build/robot_interfaces -- -j12 -l12
[0.406s] Invoking command in '/ulstu/ros2_ws/build/robot_interfaces': CMAKE_PREFIX_PATH=${CMAKE_PREFIX_PATH}:/ulstu/ros2_ws/install/webots_ros2_suv:/opt/ros/humble /usr/bin/cmake --install /ulstu/ros2_ws/build/robot_interfaces
[0.413s] -- Install configuration: ""
[0.413s] -- Up-to-date: /ulstu/ros2_ws/install/robot_interfaces/share/ament_index/resource_index/rosidl_interfaces/robot_interfaces
[0.413s] -- Up-to-date: /ulstu/ros2_ws/install/robot_interfaces/include/robot_interfaces/robot_interfaces
[0.413s] -- Up-to-date: /ulstu/ros2_ws/install/robot_interfaces/include/robot_interfaces/robot_interfaces/srv
[0.414s] -- Up-to-date: /ulstu/ros2_ws/install/robot_interfaces/include/robot_interfaces/robot_interfaces/srv/pose_service.h
[0.414s] -- Up-to-date: /ulstu/ros2_ws/install/robot_interfaces/include/robot_interfaces/robot_interfaces/srv/detail
[0.414s] -- Up-to-date: /ulstu/ros2_ws/install/robot_interfaces/include/robot_interfaces/robot_interfaces/srv/detail/pose_service__type_support.h
[0.414s] -- Up-to-date: /ulstu/ros2_ws/install/robot_interfaces/include/robot_interfaces/robot_interfaces/srv/detail/pose_service__struct.h
[0.414s] -- Up-to-date: /ulstu/ros2_ws/install/robot_interfaces/include/robot_interfaces/robot_interfaces/srv/detail/pose_service__functions.h
[0.414s] -- Up-to-date: /ulstu/ros2_ws/install/robot_interfaces/include/robot_interfaces/robot_interfaces/srv/detail/pose_service__functions.c
[0.414s] -- Up-to-date: /ulstu/ros2_ws/install/robot_interfaces/include/robot_interfaces/robot_interfaces/msg
[0.414s] -- Up-to-date: /ulstu/ros2_ws/install/robot_interfaces/include/robot_interfaces/robot_interfaces/msg/detail
[0.414s] -- Up-to-date: /ulstu/ros2_ws/install/robot_interfaces/include/robot_interfaces/robot_interfaces/msg/detail/ego_pose__functions.c
[0.414s] -- Up-to-date: /ulstu/ros2_ws/install/robot_interfaces/include/robot_interfaces/robot_interfaces/msg/detail/ego_pose__type_support.h
[0.414s] -- Up-to-date: /ulstu/ros2_ws/install/robot_interfaces/include/robot_interfaces/robot_interfaces/msg/detail/ego_pose__functions.h
[0.415s] -- Up-to-date: /ulstu/ros2_ws/install/robot_interfaces/include/robot_interfaces/robot_interfaces/msg/detail/ego_pose__struct.h
[0.415s] -- Up-to-date: /ulstu/ros2_ws/install/robot_interfaces/include/robot_interfaces/robot_interfaces/msg/ego_pose.h
[0.415s] -- Up-to-date: /ulstu/ros2_ws/install/robot_interfaces/include/robot_interfaces/robot_interfaces/msg/rosidl_generator_c__visibility_control.h
[0.415s] -- Up-to-date: /ulstu/ros2_ws/install/robot_interfaces/share/robot_interfaces/environment/library_path.sh
[0.415s] -- Up-to-date: /ulstu/ros2_ws/install/robot_interfaces/share/robot_interfaces/environment/library_path.dsv
[0.415s] -- Up-to-date: /ulstu/ros2_ws/install/robot_interfaces/lib/librobot_interfaces__rosidl_generator_c.so
[0.415s] -- Up-to-date: /ulstu/ros2_ws/install/robot_interfaces/include/robot_interfaces/robot_interfaces
[0.415s] -- Up-to-date: /ulstu/ros2_ws/install/robot_interfaces/include/robot_interfaces/robot_interfaces/srv
[0.415s] -- Up-to-date: /ulstu/ros2_ws/install/robot_interfaces/include/robot_interfaces/robot_interfaces/srv/detail
[0.415s] -- Up-to-date: /ulstu/ros2_ws/install/robot_interfaces/include/robot_interfaces/robot_interfaces/srv/detail/pose_service__rosidl_typesupport_fastrtps_c.h
[0.415s] -- Up-to-date: /ulstu/ros2_ws/install/robot_interfaces/include/robot_interfaces/robot_interfaces/msg
[0.415s] -- Up-to-date: /ulstu/ros2_ws/install/robot_interfaces/include/robot_interfaces/robot_interfaces/msg/detail
[0.416s] -- Up-to-date: /ulstu/ros2_ws/install/robot_interfaces/include/robot_interfaces/robot_interfaces/msg/detail/ego_pose__rosidl_typesupport_fastrtps_c.h
[0.416s] -- Up-to-date: /ulstu/ros2_ws/install/robot_interfaces/include/robot_interfaces/robot_interfaces/msg/rosidl_typesupport_fastrtps_c__visibility_control.h
[0.416s] -- Up-to-date: /ulstu/ros2_ws/install/robot_interfaces/lib/librobot_interfaces__rosidl_typesupport_fastrtps_c.so
[0.416s] -- Up-to-date: /ulstu/ros2_ws/install/robot_interfaces/include/robot_interfaces/robot_interfaces
[0.416s] -- Up-to-date: /ulstu/ros2_ws/install/robot_interfaces/include/robot_interfaces/robot_interfaces/srv
[0.416s] -- Up-to-date: /ulstu/ros2_ws/install/robot_interfaces/include/robot_interfaces/robot_interfaces/srv/detail
[0.416s] -- Up-to-date: /ulstu/ros2_ws/install/robot_interfaces/include/robot_interfaces/robot_interfaces/srv/detail/pose_service__struct.hpp
[0.416s] -- Up-to-date: /ulstu/ros2_ws/install/robot_interfaces/include/robot_interfaces/robot_interfaces/srv/detail/pose_service__builder.hpp
[0.417s] -- Up-to-date: /ulstu/ros2_ws/install/robot_interfaces/include/robot_interfaces/robot_interfaces/srv/detail/pose_service__traits.hpp
[0.417s] -- Up-to-date: /ulstu/ros2_ws/install/robot_interfaces/include/robot_interfaces/robot_interfaces/srv/pose_service.hpp
[0.417s] -- Up-to-date: /ulstu/ros2_ws/install/robot_interfaces/include/robot_interfaces/robot_interfaces/msg
[0.417s] -- Up-to-date: /ulstu/ros2_ws/install/robot_interfaces/include/robot_interfaces/robot_interfaces/msg/ego_pose.hpp
[0.417s] -- Up-to-date: /ulstu/ros2_ws/install/robot_interfaces/include/robot_interfaces/robot_interfaces/msg/detail
[0.417s] -- Up-to-date: /ulstu/ros2_ws/install/robot_interfaces/include/robot_interfaces/robot_interfaces/msg/detail/ego_pose__struct.hpp
[0.417s] -- Up-to-date: /ulstu/ros2_ws/install/robot_interfaces/include/robot_interfaces/robot_interfaces/msg/detail/ego_pose__builder.hpp
[0.417s] -- Up-to-date: /ulstu/ros2_ws/install/robot_interfaces/include/robot_interfaces/robot_interfaces/msg/detail/ego_pose__traits.hpp
[0.417s] -- Up-to-date: /ulstu/ros2_ws/install/robot_interfaces/include/robot_interfaces/robot_interfaces
[0.417s] -- Up-to-date: /ulstu/ros2_ws/install/robot_interfaces/include/robot_interfaces/robot_interfaces/srv
[0.417s] -- Up-to-date: /ulstu/ros2_ws/install/robot_interfaces/include/robot_interfaces/robot_interfaces/srv/detail
[0.418s] -- Up-to-date: /ulstu/ros2_ws/install/robot_interfaces/include/robot_interfaces/robot_interfaces/srv/detail/dds_fastrtps
[0.418s] -- Up-to-date: /ulstu/ros2_ws/install/robot_interfaces/include/robot_interfaces/robot_interfaces/srv/detail/pose_service__rosidl_typesupport_fastrtps_cpp.hpp
[0.418s] -- Up-to-date: /ulstu/ros2_ws/install/robot_interfaces/include/robot_interfaces/robot_interfaces/msg
[0.418s] -- Up-to-date: /ulstu/ros2_ws/install/robot_interfaces/include/robot_interfaces/robot_interfaces/msg/rosidl_typesupport_fastrtps_cpp__visibility_control.h
[0.418s] -- Up-to-date: /ulstu/ros2_ws/install/robot_interfaces/include/robot_interfaces/robot_interfaces/msg/detail
[0.418s] -- Up-to-date: /ulstu/ros2_ws/install/robot_interfaces/include/robot_interfaces/robot_interfaces/msg/detail/ego_pose__rosidl_typesupport_fastrtps_cpp.hpp
[0.418s] -- Up-to-date: /ulstu/ros2_ws/install/robot_interfaces/include/robot_interfaces/robot_interfaces/msg/detail/dds_fastrtps
[0.418s] -- Up-to-date: /ulstu/ros2_ws/install/robot_interfaces/lib/librobot_interfaces__rosidl_typesupport_fastrtps_cpp.so
[0.418s] -- Up-to-date: /ulstu/ros2_ws/install/robot_interfaces/include/robot_interfaces/robot_interfaces
[0.418s] -- Up-to-date: /ulstu/ros2_ws/install/robot_interfaces/include/robot_interfaces/robot_interfaces/srv
[0.418s] -- Up-to-date: /ulstu/ros2_ws/install/robot_interfaces/include/robot_interfaces/robot_interfaces/srv/detail
[0.418s] -- Up-to-date: /ulstu/ros2_ws/install/robot_interfaces/include/robot_interfaces/robot_interfaces/srv/detail/pose_service__rosidl_typesupport_introspection_c.h
[0.419s] -- Up-to-date: /ulstu/ros2_ws/install/robot_interfaces/include/robot_interfaces/robot_interfaces/srv/detail/pose_service__type_support.c
[0.419s] -- Up-to-date: /ulstu/ros2_ws/install/robot_interfaces/include/robot_interfaces/robot_interfaces/msg
[0.419s] -- Up-to-date: /ulstu/ros2_ws/install/robot_interfaces/include/robot_interfaces/robot_interfaces/msg/rosidl_typesupport_introspection_c__visibility_control.h
[0.419s] -- Up-to-date: /ulstu/ros2_ws/install/robot_interfaces/include/robot_interfaces/robot_interfaces/msg/detail
[0.419s] -- Up-to-date: /ulstu/ros2_ws/install/robot_interfaces/include/robot_interfaces/robot_interfaces/msg/detail/ego_pose__type_support.c
[0.419s] -- Up-to-date: /ulstu/ros2_ws/install/robot_interfaces/include/robot_interfaces/robot_interfaces/msg/detail/ego_pose__rosidl_typesupport_introspection_c.h
[0.419s] -- Up-to-date: /ulstu/ros2_ws/install/robot_interfaces/lib/librobot_interfaces__rosidl_typesupport_introspection_c.so
[0.419s] -- Up-to-date: /ulstu/ros2_ws/install/robot_interfaces/lib/librobot_interfaces__rosidl_typesupport_c.so
[0.420s] -- Up-to-date: /ulstu/ros2_ws/install/robot_interfaces/include/robot_interfaces/robot_interfaces
[0.420s] -- Up-to-date: /ulstu/ros2_ws/install/robot_interfaces/include/robot_interfaces/robot_interfaces/srv
[0.420s] -- Up-to-date: /ulstu/ros2_ws/install/robot_interfaces/include/robot_interfaces/robot_interfaces/srv/detail
[0.420s] -- Up-to-date: /ulstu/ros2_ws/install/robot_interfaces/include/robot_interfaces/robot_interfaces/srv/detail/pose_service__rosidl_typesupport_introspection_cpp.hpp
[0.420s] -- Up-to-date: /ulstu/ros2_ws/install/robot_interfaces/include/robot_interfaces/robot_interfaces/srv/detail/pose_service__type_support.cpp
[0.420s] -- Up-to-date: /ulstu/ros2_ws/install/robot_interfaces/include/robot_interfaces/robot_interfaces/msg
[0.420s] -- Up-to-date: /ulstu/ros2_ws/install/robot_interfaces/include/robot_interfaces/robot_interfaces/msg/detail
[0.420s] -- Up-to-date: /ulstu/ros2_ws/install/robot_interfaces/include/robot_interfaces/robot_interfaces/msg/detail/ego_pose__type_support.cpp
[0.420s] -- Up-to-date: /ulstu/ros2_ws/install/robot_interfaces/include/robot_interfaces/robot_interfaces/msg/detail/ego_pose__rosidl_typesupport_introspection_cpp.hpp
[0.420s] -- Up-to-date: /ulstu/ros2_ws/install/robot_interfaces/lib/librobot_interfaces__rosidl_typesupport_introspection_cpp.so
[0.421s] -- Up-to-date: /ulstu/ros2_ws/install/robot_interfaces/lib/librobot_interfaces__rosidl_typesupport_cpp.so
[0.421s] -- Up-to-date: /ulstu/ros2_ws/install/robot_interfaces/share/robot_interfaces/environment/pythonpath.sh
[0.421s] -- Up-to-date: /ulstu/ros2_ws/install/robot_interfaces/share/robot_interfaces/environment/pythonpath.dsv
[0.421s] -- Up-to-date: /ulstu/ros2_ws/install/robot_interfaces/local/lib/python3.10/dist-packages/robot_interfaces-0.0.0-py3.10.egg-info
[0.421s] -- Installing: /ulstu/ros2_ws/install/robot_interfaces/local/lib/python3.10/dist-packages/robot_interfaces-0.0.0-py3.10.egg-info/SOURCES.txt
[0.422s] -- Installing: /ulstu/ros2_ws/install/robot_interfaces/local/lib/python3.10/dist-packages/robot_interfaces-0.0.0-py3.10.egg-info/dependency_links.txt
[0.422s] -- Installing: /ulstu/ros2_ws/install/robot_interfaces/local/lib/python3.10/dist-packages/robot_interfaces-0.0.0-py3.10.egg-info/top_level.txt
[0.422s] -- Installing: /ulstu/ros2_ws/install/robot_interfaces/local/lib/python3.10/dist-packages/robot_interfaces-0.0.0-py3.10.egg-info/PKG-INFO
[0.423s] -- Up-to-date: /ulstu/ros2_ws/install/robot_interfaces/local/lib/python3.10/dist-packages/robot_interfaces
[0.423s] -- Up-to-date: /ulstu/ros2_ws/install/robot_interfaces/local/lib/python3.10/dist-packages/robot_interfaces/__init__.py
[0.423s] -- Up-to-date: /ulstu/ros2_ws/install/robot_interfaces/local/lib/python3.10/dist-packages/robot_interfaces/_robot_interfaces_s.ep.rosidl_typesupport_c.c
[0.423s] -- Up-to-date: /ulstu/ros2_ws/install/robot_interfaces/local/lib/python3.10/dist-packages/robot_interfaces/srv
[0.423s] -- Up-to-date: /ulstu/ros2_ws/install/robot_interfaces/local/lib/python3.10/dist-packages/robot_interfaces/srv/__init__.py
[0.423s] -- Up-to-date: /ulstu/ros2_ws/install/robot_interfaces/local/lib/python3.10/dist-packages/robot_interfaces/srv/_pose_service.py
[0.423s] -- Up-to-date: /ulstu/ros2_ws/install/robot_interfaces/local/lib/python3.10/dist-packages/robot_interfaces/srv/_pose_service_s.c
[0.423s] -- Up-to-date: /ulstu/ros2_ws/install/robot_interfaces/local/lib/python3.10/dist-packages/robot_interfaces/robot_interfaces_s__rosidl_typesupport_introspection_c.cpython-310-x86_64-linux-gnu.so
[0.423s] -- Up-to-date: /ulstu/ros2_ws/install/robot_interfaces/local/lib/python3.10/dist-packages/robot_interfaces/robot_interfaces_s__rosidl_typesupport_fastrtps_c.cpython-310-x86_64-linux-gnu.so
[0.423s] -- Up-to-date: /ulstu/ros2_ws/install/robot_interfaces/local/lib/python3.10/dist-packages/robot_interfaces/msg
[0.423s] -- Up-to-date: /ulstu/ros2_ws/install/robot_interfaces/local/lib/python3.10/dist-packages/robot_interfaces/msg/__init__.py
[0.424s] -- Up-to-date: /ulstu/ros2_ws/install/robot_interfaces/local/lib/python3.10/dist-packages/robot_interfaces/msg/_ego_pose.py
[0.424s] -- Up-to-date: /ulstu/ros2_ws/install/robot_interfaces/local/lib/python3.10/dist-packages/robot_interfaces/msg/_ego_pose_s.c
[0.424s] -- Up-to-date: /ulstu/ros2_ws/install/robot_interfaces/local/lib/python3.10/dist-packages/robot_interfaces/librobot_interfaces__rosidl_generator_py.so
[0.424s] -- Up-to-date: /ulstu/ros2_ws/install/robot_interfaces/local/lib/python3.10/dist-packages/robot_interfaces/_robot_interfaces_s.ep.rosidl_typesupport_introspection_c.c
[0.424s] -- Up-to-date: /ulstu/ros2_ws/install/robot_interfaces/local/lib/python3.10/dist-packages/robot_interfaces/_robot_interfaces_s.ep.rosidl_typesupport_fastrtps_c.c
[0.424s] -- Up-to-date: /ulstu/ros2_ws/install/robot_interfaces/local/lib/python3.10/dist-packages/robot_interfaces/robot_interfaces_s__rosidl_typesupport_c.cpython-310-x86_64-linux-gnu.so
[0.449s] Listing '/ulstu/ros2_ws/install/robot_interfaces/local/lib/python3.10/dist-packages/robot_interfaces'...
[0.449s] Listing '/ulstu/ros2_ws/install/robot_interfaces/local/lib/python3.10/dist-packages/robot_interfaces/msg'...
[0.449s] Listing '/ulstu/ros2_ws/install/robot_interfaces/local/lib/python3.10/dist-packages/robot_interfaces/srv'...
[0.452s] -- Up-to-date: /ulstu/ros2_ws/install/robot_interfaces/local/lib/python3.10/dist-packages/robot_interfaces/robot_interfaces_s__rosidl_typesupport_fastrtps_c.cpython-310-x86_64-linux-gnu.so
[0.453s] -- Up-to-date: /ulstu/ros2_ws/install/robot_interfaces/local/lib/python3.10/dist-packages/robot_interfaces/robot_interfaces_s__rosidl_typesupport_introspection_c.cpython-310-x86_64-linux-gnu.so
[0.453s] -- Up-to-date: /ulstu/ros2_ws/install/robot_interfaces/local/lib/python3.10/dist-packages/robot_interfaces/robot_interfaces_s__rosidl_typesupport_c.cpython-310-x86_64-linux-gnu.so
[0.454s] -- Up-to-date: /ulstu/ros2_ws/install/robot_interfaces/lib/librobot_interfaces__rosidl_generator_py.so
[0.454s] -- Up-to-date: /ulstu/ros2_ws/install/robot_interfaces/share/robot_interfaces/msg/EgoPose.idl
[0.454s] -- Up-to-date: /ulstu/ros2_ws/install/robot_interfaces/share/robot_interfaces/srv/PoseService.idl
[0.454s] -- Up-to-date: /ulstu/ros2_ws/install/robot_interfaces/share/robot_interfaces/msg/EgoPose.msg
[0.454s] -- Up-to-date: /ulstu/ros2_ws/install/robot_interfaces/share/robot_interfaces/srv/PoseService.srv
[0.454s] -- Up-to-date: /ulstu/ros2_ws/install/robot_interfaces/share/robot_interfaces/srv/PoseService_Request.msg
[0.455s] -- Up-to-date: /ulstu/ros2_ws/install/robot_interfaces/share/robot_interfaces/srv/PoseService_Response.msg
[0.455s] -- Up-to-date: /ulstu/ros2_ws/install/robot_interfaces/share/ament_index/resource_index/package_run_dependencies/robot_interfaces
[0.455s] -- Up-to-date: /ulstu/ros2_ws/install/robot_interfaces/share/ament_index/resource_index/parent_prefix_path/robot_interfaces
[0.455s] -- Up-to-date: /ulstu/ros2_ws/install/robot_interfaces/share/robot_interfaces/environment/ament_prefix_path.sh
[0.455s] -- Up-to-date: /ulstu/ros2_ws/install/robot_interfaces/share/robot_interfaces/environment/ament_prefix_path.dsv
[0.455s] -- Up-to-date: /ulstu/ros2_ws/install/robot_interfaces/share/robot_interfaces/environment/path.sh
[0.455s] -- Up-to-date: /ulstu/ros2_ws/install/robot_interfaces/share/robot_interfaces/environment/path.dsv
[0.455s] -- Up-to-date: /ulstu/ros2_ws/install/robot_interfaces/share/robot_interfaces/local_setup.bash
[0.455s] -- Up-to-date: /ulstu/ros2_ws/install/robot_interfaces/share/robot_interfaces/local_setup.sh
[0.455s] -- Up-to-date: /ulstu/ros2_ws/install/robot_interfaces/share/robot_interfaces/local_setup.zsh
[0.456s] -- Up-to-date: /ulstu/ros2_ws/install/robot_interfaces/share/robot_interfaces/local_setup.dsv
[0.456s] -- Installing: /ulstu/ros2_ws/install/robot_interfaces/share/robot_interfaces/package.dsv
[0.456s] -- Up-to-date: /ulstu/ros2_ws/install/robot_interfaces/share/ament_index/resource_index/packages/robot_interfaces
[0.456s] -- Up-to-date: /ulstu/ros2_ws/install/robot_interfaces/share/robot_interfaces/cmake/export_robot_interfaces__rosidl_generator_cExport.cmake
[0.456s] -- Up-to-date: /ulstu/ros2_ws/install/robot_interfaces/share/robot_interfaces/cmake/export_robot_interfaces__rosidl_generator_cExport-noconfig.cmake
[0.456s] -- Up-to-date: /ulstu/ros2_ws/install/robot_interfaces/share/robot_interfaces/cmake/export_robot_interfaces__rosidl_typesupport_fastrtps_cExport.cmake
[0.456s] -- Up-to-date: /ulstu/ros2_ws/install/robot_interfaces/share/robot_interfaces/cmake/export_robot_interfaces__rosidl_typesupport_fastrtps_cExport-noconfig.cmake
[0.456s] -- Up-to-date: /ulstu/ros2_ws/install/robot_interfaces/share/robot_interfaces/cmake/export_robot_interfaces__rosidl_generator_cppExport.cmake
[0.456s] -- Up-to-date: /ulstu/ros2_ws/install/robot_interfaces/share/robot_interfaces/cmake/export_robot_interfaces__rosidl_typesupport_fastrtps_cppExport.cmake
[0.457s] -- Up-to-date: /ulstu/ros2_ws/install/robot_interfaces/share/robot_interfaces/cmake/export_robot_interfaces__rosidl_typesupport_fastrtps_cppExport-noconfig.cmake
[0.457s] -- Up-to-date: /ulstu/ros2_ws/install/robot_interfaces/share/robot_interfaces/cmake/robot_interfaces__rosidl_typesupport_introspection_cExport.cmake
[0.457s] -- Up-to-date: /ulstu/ros2_ws/install/robot_interfaces/share/robot_interfaces/cmake/robot_interfaces__rosidl_typesupport_introspection_cExport-noconfig.cmake
[0.457s] -- Up-to-date: /ulstu/ros2_ws/install/robot_interfaces/share/robot_interfaces/cmake/robot_interfaces__rosidl_typesupport_cExport.cmake
[0.457s] -- Up-to-date: /ulstu/ros2_ws/install/robot_interfaces/share/robot_interfaces/cmake/robot_interfaces__rosidl_typesupport_cExport-noconfig.cmake
[0.457s] -- Up-to-date: /ulstu/ros2_ws/install/robot_interfaces/share/robot_interfaces/cmake/robot_interfaces__rosidl_typesupport_introspection_cppExport.cmake
[0.457s] -- Up-to-date: /ulstu/ros2_ws/install/robot_interfaces/share/robot_interfaces/cmake/robot_interfaces__rosidl_typesupport_introspection_cppExport-noconfig.cmake
[0.457s] -- Up-to-date: /ulstu/ros2_ws/install/robot_interfaces/share/robot_interfaces/cmake/robot_interfaces__rosidl_typesupport_cppExport.cmake
[0.458s] -- Up-to-date: /ulstu/ros2_ws/install/robot_interfaces/share/robot_interfaces/cmake/robot_interfaces__rosidl_typesupport_cppExport-noconfig.cmake
[0.458s] -- Up-to-date: /ulstu/ros2_ws/install/robot_interfaces/share/robot_interfaces/cmake/export_robot_interfaces__rosidl_generator_pyExport.cmake
[0.458s] -- Up-to-date: /ulstu/ros2_ws/install/robot_interfaces/share/robot_interfaces/cmake/export_robot_interfaces__rosidl_generator_pyExport-noconfig.cmake
[0.458s] -- Up-to-date: /ulstu/ros2_ws/install/robot_interfaces/share/robot_interfaces/cmake/rosidl_cmake-extras.cmake
[0.458s] -- Up-to-date: /ulstu/ros2_ws/install/robot_interfaces/share/robot_interfaces/cmake/ament_cmake_export_dependencies-extras.cmake
[0.458s] -- Up-to-date: /ulstu/ros2_ws/install/robot_interfaces/share/robot_interfaces/cmake/ament_cmake_export_include_directories-extras.cmake
[0.458s] -- Up-to-date: /ulstu/ros2_ws/install/robot_interfaces/share/robot_interfaces/cmake/ament_cmake_export_libraries-extras.cmake
[0.458s] -- Up-to-date: /ulstu/ros2_ws/install/robot_interfaces/share/robot_interfaces/cmake/ament_cmake_export_targets-extras.cmake
[0.458s] -- Up-to-date: /ulstu/ros2_ws/install/robot_interfaces/share/robot_interfaces/cmake/rosidl_cmake_export_typesupport_targets-extras.cmake
[0.458s] -- Up-to-date: /ulstu/ros2_ws/install/robot_interfaces/share/robot_interfaces/cmake/rosidl_cmake_export_typesupport_libraries-extras.cmake
[0.459s] -- Up-to-date: /ulstu/ros2_ws/install/robot_interfaces/share/robot_interfaces/cmake/robot_interfacesConfig.cmake
[0.459s] -- Up-to-date: /ulstu/ros2_ws/install/robot_interfaces/share/robot_interfaces/cmake/robot_interfacesConfig-version.cmake
[0.459s] -- Up-to-date: /ulstu/ros2_ws/install/robot_interfaces/share/robot_interfaces/package.xml
[0.460s] Invoked command in '/ulstu/ros2_ws/build/robot_interfaces' returned '0': CMAKE_PREFIX_PATH=${CMAKE_PREFIX_PATH}:/ulstu/ros2_ws/install/webots_ros2_suv:/opt/ros/humble /usr/bin/cmake --install /ulstu/ros2_ws/build/robot_interfaces
